<?xml version="1.0" encoding="UTF-8"?>
<coverage generated="1645729216266" clover="3.2.0">
  <project timestamp="1645729216267" name="All files">
    <metrics statements="1220" coveredstatements="1044" conditionals="458" coveredconditionals="335" methods="383" coveredmethods="314" elements="2061" coveredelements="1693" complexity="0" loc="1220" ncloc="1220" packages="89" files="140" classes="140"/>
    <package name="components.AcceptCookies">
      <metrics statements="8" coveredstatements="0" conditionals="2" coveredconditionals="0" methods="3" coveredmethods="0"/>
      <file name="AcceptCookies.tsx" path="C:\dev\portal-Consignado\src\components\AcceptCookies\AcceptCookies.tsx">
        <metrics statements="8" coveredstatements="0" conditionals="2" coveredconditionals="0" methods="3" coveredmethods="0"/>
        <line num="13" count="0" type="stmt"/>
        <line num="14" count="0" type="stmt"/>
        <line num="15" count="0" type="stmt"/>
        <line num="17" count="0" type="stmt"/>
        <line num="20" count="0" type="stmt"/>
        <line num="21" count="0" type="stmt"/>
        <line num="22" count="0" type="stmt"/>
        <line num="25" count="0" type="cond" truecount="0" falsecount="2"/>
      </file>
    </package>
    <package name="components.Autocomplete">
      <metrics statements="17" coveredstatements="17" conditionals="10" coveredconditionals="10" methods="9" coveredmethods="9"/>
      <file name="Autocomplete.tsx" path="C:\dev\portal-Consignado\src\components\Autocomplete\Autocomplete.tsx">
        <metrics statements="17" coveredstatements="17" conditionals="10" coveredconditionals="10" methods="9" coveredmethods="9"/>
        <line num="12" count="3" type="stmt"/>
        <line num="22" count="254" type="stmt"/>
        <line num="27" count="254" type="stmt"/>
        <line num="29" count="254" type="stmt"/>
        <line num="31" count="16" type="stmt"/>
        <line num="35" count="254" type="stmt"/>
        <line num="36" count="16" type="stmt"/>
        <line num="41" count="254" type="stmt"/>
        <line num="43" count="4" type="stmt"/>
        <line num="48" count="254" type="stmt"/>
        <line num="49" count="25" type="stmt"/>
        <line num="51" count="25" type="cond" truecount="2" falsecount="0"/>
        <line num="52" count="20" type="stmt"/>
        <line num="55" count="254" type="stmt"/>
        <line num="63" count="538" type="stmt"/>
        <line num="71" count="259" type="stmt"/>
        <line num="77" count="4" type="stmt"/>
      </file>
      <file name="index.tsx" path="C:\dev\portal-Consignado\src\components\Autocomplete\index.tsx">
        <metrics statements="0" coveredstatements="0" conditionals="0" coveredconditionals="0" methods="0" coveredmethods="0"/>
      </file>
    </package>
    <package name="components.Buttons.Button">
      <metrics statements="4" coveredstatements="4" conditionals="0" coveredconditionals="0" methods="1" coveredmethods="1"/>
      <file name="Button.tsx" path="C:\dev\portal-Consignado\src\components\Buttons\Button\Button.tsx">
        <metrics statements="4" coveredstatements="4" conditionals="0" coveredconditionals="0" methods="1" coveredmethods="1"/>
        <line num="6" count="20" type="stmt"/>
        <line num="8" count="1561" type="stmt"/>
        <line num="10" count="1561" type="stmt"/>
        <line num="24" count="20" type="stmt"/>
      </file>
      <file name="index.tsx" path="C:\dev\portal-Consignado\src\components\Buttons\Button\index.tsx">
        <metrics statements="0" coveredstatements="0" conditionals="0" coveredconditionals="0" methods="0" coveredmethods="0"/>
      </file>
    </package>
    <package name="components.Buttons.SubmitButton">
      <metrics statements="5" coveredstatements="5" conditionals="2" coveredconditionals="2" methods="2" coveredmethods="2"/>
      <file name="SubmitButton.tsx" path="C:\dev\portal-Consignado\src\components\Buttons\SubmitButton\SubmitButton.tsx">
        <metrics statements="5" coveredstatements="5" conditionals="2" coveredconditionals="2" methods="2" coveredmethods="2"/>
        <line num="7" count="2" type="stmt"/>
        <line num="10" count="89" type="stmt"/>
        <line num="11" count="89" type="stmt"/>
        <line num="12" count="25" type="cond" truecount="2" falsecount="0"/>
        <line num="16" count="89" type="stmt"/>
      </file>
      <file name="index.tsx" path="C:\dev\portal-Consignado\src\components\Buttons\SubmitButton\index.tsx">
        <metrics statements="0" coveredstatements="0" conditionals="0" coveredconditionals="0" methods="0" coveredmethods="0"/>
      </file>
    </package>
    <package name="components.Card">
      <metrics statements="3" coveredstatements="3" conditionals="0" coveredconditionals="0" methods="1" coveredmethods="1"/>
      <file name="Card.tsx" path="C:\dev\portal-Consignado\src\components\Card\Card.tsx">
        <metrics statements="3" coveredstatements="3" conditionals="0" coveredconditionals="0" methods="1" coveredmethods="1"/>
        <line num="5" count="1" type="stmt"/>
        <line num="6" count="1" type="stmt"/>
        <line num="8" count="1" type="stmt"/>
      </file>
      <file name="index.tsx" path="C:\dev\portal-Consignado\src\components\Card\index.tsx">
        <metrics statements="0" coveredstatements="0" conditionals="0" coveredconditionals="0" methods="0" coveredmethods="0"/>
      </file>
    </package>
    <package name="components.CardWithCloseIcon">
      <metrics statements="2" coveredstatements="2" conditionals="0" coveredconditionals="0" methods="1" coveredmethods="1"/>
      <file name="CardWithCloseIcon.tsx" path="C:\dev\portal-Consignado\src\components\CardWithCloseIcon\CardWithCloseIcon.tsx">
        <metrics statements="2" coveredstatements="2" conditionals="0" coveredconditionals="0" methods="1" coveredmethods="1"/>
        <line num="7" count="1" type="stmt"/>
        <line num="11" count="6" type="stmt"/>
      </file>
      <file name="index.tsx" path="C:\dev\portal-Consignado\src\components\CardWithCloseIcon\index.tsx">
        <metrics statements="0" coveredstatements="0" conditionals="0" coveredconditionals="0" methods="0" coveredmethods="0"/>
      </file>
    </package>
    <package name="components.DatePicker">
      <metrics statements="12" coveredstatements="10" conditionals="9" coveredconditionals="7" methods="5" coveredmethods="4"/>
      <file name="DatePicker.tsx" path="C:\dev\portal-Consignado\src\components\DatePicker\DatePicker.tsx">
        <metrics statements="12" coveredstatements="10" conditionals="9" coveredconditionals="7" methods="5" coveredmethods="4"/>
        <line num="9" count="2" type="stmt"/>
        <line num="11" count="154" type="stmt"/>
        <line num="16" count="154" type="stmt"/>
        <line num="17" count="36" type="cond" truecount="1" falsecount="1"/>
        <line num="18" count="0" type="stmt"/>
        <line num="24" count="36" type="cond" truecount="4" falsecount="0"/>
        <line num="25" count="11" type="stmt"/>
        <line num="31" count="25" type="stmt"/>
        <line num="34" count="154" type="stmt"/>
        <line num="37" count="308" type="stmt"/>
        <line num="40" count="0" type="stmt"/>
        <line num="50" count="154" type="stmt"/>
      </file>
    </package>
    <package name="components.Error500">
      <metrics statements="2" coveredstatements="2" conditionals="0" coveredconditionals="0" methods="1" coveredmethods="1"/>
      <file name="Error500.tsx" path="C:\dev\portal-Consignado\src\components\Error500\Error500.tsx">
        <metrics statements="2" coveredstatements="2" conditionals="0" coveredconditionals="0" methods="1" coveredmethods="1"/>
        <line num="5" count="1" type="stmt"/>
        <line num="6" count="5" type="stmt"/>
      </file>
      <file name="index.tsx" path="C:\dev\portal-Consignado\src\components\Error500\index.tsx">
        <metrics statements="0" coveredstatements="0" conditionals="0" coveredconditionals="0" methods="0" coveredmethods="0"/>
      </file>
    </package>
    <package name="components.Formik">
      <metrics statements="6" coveredstatements="6" conditionals="3" coveredconditionals="3" methods="2" coveredmethods="2"/>
      <file name="Formik.tsx" path="C:\dev\portal-Consignado\src\components\Formik\Formik.tsx">
        <metrics statements="6" coveredstatements="6" conditionals="3" coveredconditionals="3" methods="2" coveredmethods="2"/>
        <line num="18" count="811" type="cond" truecount="1" falsecount="0"/>
        <line num="20" count="807" type="stmt"/>
        <line num="22" count="807" type="stmt"/>
        <line num="23" count="113" type="cond" truecount="2" falsecount="0"/>
        <line num="24" count="102" type="stmt"/>
        <line num="28" count="807" type="stmt"/>
      </file>
      <file name="index.tsx" path="C:\dev\portal-Consignado\src\components\Formik\index.tsx">
        <metrics statements="0" coveredstatements="0" conditionals="0" coveredconditionals="0" methods="0" coveredmethods="0"/>
      </file>
    </package>
    <package name="components.Inputs.Input">
      <metrics statements="17" coveredstatements="15" conditionals="13" coveredconditionals="11" methods="4" coveredmethods="4"/>
      <file name="Input.tsx" path="C:\dev\portal-Consignado\src\components\Inputs\Input\Input.tsx">
        <metrics statements="17" coveredstatements="15" conditionals="13" coveredconditionals="11" methods="4" coveredmethods="4"/>
        <line num="10" count="12" type="stmt"/>
        <line num="27" count="4563" type="stmt"/>
        <line num="29" count="4562" type="stmt"/>
        <line num="37" count="4562" type="stmt"/>
        <line num="39" count="12" type="stmt"/>
        <line num="40" count="12" type="cond" truecount="1" falsecount="1"/>
        <line num="41" count="0" type="stmt"/>
        <line num="44" count="12" type="cond" truecount="2" falsecount="0"/>
        <line num="45" count="9" type="stmt"/>
        <line num="51" count="4562" type="stmt"/>
        <line num="52" count="667" type="cond" truecount="1" falsecount="1"/>
        <line num="53" count="0" type="stmt"/>
        <line num="59" count="667" type="cond" truecount="4" falsecount="0"/>
        <line num="60" count="124" type="stmt"/>
        <line num="66" count="543" type="stmt"/>
        <line num="69" count="4562" type="stmt"/>
        <line num="104" count="4544" type="stmt"/>
      </file>
      <file name="index.tsx" path="C:\dev\portal-Consignado\src\components\Inputs\Input\index.tsx">
        <metrics statements="0" coveredstatements="0" conditionals="0" coveredconditionals="0" methods="0" coveredmethods="0"/>
      </file>
    </package>
    <package name="components.Interceptors">
      <metrics statements="3" coveredstatements="3" conditionals="0" coveredconditionals="0" methods="1" coveredmethods="1"/>
      <file name="Interceptors.tsx" path="C:\dev\portal-Consignado\src\components\Interceptors\Interceptors.tsx">
        <metrics statements="3" coveredstatements="3" conditionals="0" coveredconditionals="0" methods="1" coveredmethods="1"/>
        <line num="4" count="1" type="stmt"/>
        <line num="5" count="17" type="stmt"/>
        <line num="7" count="17" type="stmt"/>
      </file>
    </package>
    <package name="components.Layout">
      <metrics statements="17" coveredstatements="15" conditionals="6" coveredconditionals="6" methods="6" coveredmethods="3"/>
      <file name="Layout.tsx" path="C:\dev\portal-Consignado\src\components\Layout\Layout.tsx">
        <metrics statements="17" coveredstatements="15" conditionals="6" coveredconditionals="6" methods="6" coveredmethods="3"/>
        <line num="23" count="9" type="stmt"/>
        <line num="24" count="277" type="stmt"/>
        <line num="25" count="277" type="stmt"/>
        <line num="26" count="277" type="stmt"/>
        <line num="28" count="277" type="stmt"/>
        <line num="29" count="277" type="stmt"/>
        <line num="31" count="277" type="stmt"/>
        <line num="32" count="1" type="stmt"/>
        <line num="33" count="1" type="stmt"/>
        <line num="34" count="1" type="stmt"/>
        <line num="37" count="277" type="stmt"/>
        <line num="38" count="0" type="stmt"/>
        <line num="41" count="277" type="stmt"/>
        <line num="42" count="1" type="stmt"/>
        <line num="43" count="1" type="stmt"/>
        <line num="46" count="277" type="stmt"/>
        <line num="170" count="0" type="stmt"/>
      </file>
    </package>
    <package name="components.Layout.LeftMenu">
      <metrics statements="7" coveredstatements="5" conditionals="0" coveredconditionals="0" methods="2" coveredmethods="1"/>
      <file name="LeftMenu.tsx" path="C:\dev\portal-Consignado\src\components\Layout\LeftMenu\LeftMenu.tsx">
        <metrics statements="7" coveredstatements="5" conditionals="0" coveredconditionals="0" methods="2" coveredmethods="1"/>
        <line num="9" count="9" type="stmt"/>
        <line num="10" count="288" type="stmt"/>
        <line num="11" count="279" type="stmt"/>
        <line num="13" count="279" type="stmt"/>
        <line num="14" count="0" type="stmt"/>
        <line num="15" count="0" type="stmt"/>
        <line num="18" count="279" type="stmt"/>
      </file>
      <file name="index.tsx" path="C:\dev\portal-Consignado\src\components\Layout\LeftMenu\index.tsx">
        <metrics statements="0" coveredstatements="0" conditionals="0" coveredconditionals="0" methods="0" coveredmethods="0"/>
      </file>
    </package>
    <package name="components.Modal">
      <metrics statements="3" coveredstatements="2" conditionals="6" coveredconditionals="6" methods="2" coveredmethods="1"/>
      <file name="Modal.tsx" path="C:\dev\portal-Consignado\src\components\Modal\Modal.tsx">
        <metrics statements="3" coveredstatements="2" conditionals="6" coveredconditionals="6" methods="2" coveredmethods="1"/>
        <line num="7" count="14" type="stmt"/>
        <line num="14" count="1142" type="cond" truecount="2" falsecount="0"/>
        <line num="20" count="0" type="stmt"/>
      </file>
    </package>
    <package name="components.ModalMessage">
      <metrics statements="2" coveredstatements="2" conditionals="6" coveredconditionals="5" methods="1" coveredmethods="1"/>
      <file name="ModalMessage.tsx" path="C:\dev\portal-Consignado\src\components\ModalMessage\ModalMessage.tsx">
        <metrics statements="2" coveredstatements="2" conditionals="6" coveredconditionals="5" methods="1" coveredmethods="1"/>
        <line num="8" count="9" type="stmt"/>
        <line num="16" count="407" type="stmt"/>
      </file>
      <file name="index.tsx" path="C:\dev\portal-Consignado\src\components\ModalMessage\index.tsx">
        <metrics statements="0" coveredstatements="0" conditionals="0" coveredconditionals="0" methods="0" coveredmethods="0"/>
      </file>
    </package>
    <package name="components.NoDataTable">
      <metrics statements="2" coveredstatements="2" conditionals="2" coveredconditionals="2" methods="1" coveredmethods="1"/>
      <file name="NoDataTable.tsx" path="C:\dev\portal-Consignado\src\components\NoDataTable\NoDataTable.tsx">
        <metrics statements="2" coveredstatements="2" conditionals="2" coveredconditionals="2" methods="1" coveredmethods="1"/>
        <line num="5" count="4" type="stmt"/>
        <line num="6" count="11" type="stmt"/>
      </file>
      <file name="index.tsx" path="C:\dev\portal-Consignado\src\components\NoDataTable\index.tsx">
        <metrics statements="0" coveredstatements="0" conditionals="0" coveredconditionals="0" methods="0" coveredmethods="0"/>
      </file>
    </package>
    <package name="components.PasswordRules">
      <metrics statements="2" coveredstatements="2" conditionals="0" coveredconditionals="0" methods="1" coveredmethods="1"/>
      <file name="PasswordRules.tsx" path="C:\dev\portal-Consignado\src\components\PasswordRules\PasswordRules.tsx">
        <metrics statements="2" coveredstatements="2" conditionals="0" coveredconditionals="0" methods="1" coveredmethods="1"/>
        <line num="6" count="4" type="stmt"/>
        <line num="7" count="109" type="stmt"/>
      </file>
    </package>
    <package name="components.RouteAccess">
      <metrics statements="16" coveredstatements="0" conditionals="14" coveredconditionals="0" methods="4" coveredmethods="0"/>
      <file name="RouteAccess.tsx" path="C:\dev\portal-Consignado\src\components\RouteAccess\RouteAccess.tsx">
        <metrics statements="16" coveredstatements="0" conditionals="14" coveredconditionals="0" methods="4" coveredmethods="0"/>
        <line num="11" count="0" type="stmt"/>
        <line num="12" count="0" type="stmt"/>
        <line num="13" count="0" type="stmt"/>
        <line num="14" count="0" type="stmt"/>
        <line num="16" count="0" type="stmt"/>
        <line num="17" count="0" type="cond" truecount="0" falsecount="2"/>
        <line num="18" count="0" type="stmt"/>
        <line num="20" count="0" type="stmt"/>
        <line num="21" count="0" type="stmt"/>
        <line num="25" count="0" type="stmt"/>
        <line num="26" count="0" type="cond" truecount="0" falsecount="4"/>
        <line num="27" count="0" type="cond" truecount="0" falsecount="4"/>
        <line num="28" count="0" type="stmt"/>
        <line num="30" count="0" type="stmt"/>
        <line num="33" count="0" type="cond" truecount="0" falsecount="2"/>
        <line num="35" count="0" type="stmt"/>
      </file>
      <file name="index.tsx" path="C:\dev\portal-Consignado\src\components\RouteAccess\index.tsx">
        <metrics statements="0" coveredstatements="0" conditionals="0" coveredconditionals="0" methods="0" coveredmethods="0"/>
      </file>
    </package>
    <package name="components.Select">
      <metrics statements="11" coveredstatements="11" conditionals="8" coveredconditionals="7" methods="4" coveredmethods="4"/>
      <file name="Select.tsx" path="C:\dev\portal-Consignado\src\components\Select\Select.tsx">
        <metrics statements="11" coveredstatements="11" conditionals="8" coveredconditionals="7" methods="4" coveredmethods="4"/>
        <line num="8" count="3" type="stmt"/>
        <line num="10" count="260" type="stmt"/>
        <line num="11" count="260" type="stmt"/>
        <line num="13" count="260" type="stmt"/>
        <line num="15" count="12" type="stmt"/>
        <line num="16" count="299" type="stmt"/>
        <line num="23" count="260" type="stmt"/>
        <line num="25" count="1" type="stmt"/>
        <line num="26" count="1" type="stmt"/>
        <line num="28" count="1" type="cond" truecount="1" falsecount="1"/>
        <line num="33" count="260" type="stmt"/>
      </file>
      <file name="index.tsx" path="C:\dev\portal-Consignado\src\components\Select\index.tsx">
        <metrics statements="0" coveredstatements="0" conditionals="0" coveredconditionals="0" methods="0" coveredmethods="0"/>
      </file>
    </package>
    <package name="components.SessionExpired">
      <metrics statements="5" coveredstatements="5" conditionals="0" coveredconditionals="0" methods="2" coveredmethods="2"/>
      <file name="SessionExpired.tsx" path="C:\dev\portal-Consignado\src\components\SessionExpired\SessionExpired.tsx">
        <metrics statements="5" coveredstatements="5" conditionals="0" coveredconditionals="0" methods="2" coveredmethods="2"/>
        <line num="9" count="11" type="stmt"/>
        <line num="10" count="5" type="stmt"/>
        <line num="11" count="1" type="stmt"/>
        <line num="12" count="1" type="stmt"/>
        <line num="15" count="5" type="stmt"/>
      </file>
      <file name="index.tsx" path="C:\dev\portal-Consignado\src\components\SessionExpired\index.tsx">
        <metrics statements="0" coveredstatements="0" conditionals="0" coveredconditionals="0" methods="0" coveredmethods="0"/>
      </file>
    </package>
    <package name="components.SessionModal">
      <metrics statements="12" coveredstatements="12" conditionals="2" coveredconditionals="2" methods="3" coveredmethods="3"/>
      <file name="SessionModal.tsx" path="C:\dev\portal-Consignado\src\components\SessionModal\SessionModal.tsx">
        <metrics statements="12" coveredstatements="12" conditionals="2" coveredconditionals="2" methods="3" coveredmethods="3"/>
        <line num="9" count="10" type="stmt"/>
        <line num="11" count="10" type="stmt"/>
        <line num="12" count="7" type="stmt"/>
        <line num="13" count="7" type="stmt"/>
        <line num="14" count="7" type="stmt"/>
        <line num="15" count="6" type="stmt"/>
        <line num="19" count="7" type="stmt"/>
        <line num="20" count="13" type="cond" truecount="2" falsecount="0"/>
        <line num="21" count="4" type="stmt"/>
        <line num="23" count="4" type="stmt"/>
        <line num="26" count="9" type="stmt"/>
        <line num="29" count="7" type="stmt"/>
      </file>
    </package>
    <package name="components.Slider">
      <metrics statements="5" coveredstatements="5" conditionals="0" coveredconditionals="0" methods="2" coveredmethods="2"/>
      <file name="Slider.tsx" path="C:\dev\portal-Consignado\src\components\Slider\Slider.tsx">
        <metrics statements="5" coveredstatements="5" conditionals="0" coveredconditionals="0" methods="2" coveredmethods="2"/>
        <line num="8" count="2" type="stmt"/>
        <line num="9" count="25" type="stmt"/>
        <line num="16" count="26" type="stmt"/>
        <line num="17" count="26" type="stmt"/>
        <line num="25" count="25" type="stmt"/>
      </file>
      <file name="index.tsx" path="C:\dev\portal-Consignado\src\components\Slider\index.tsx">
        <metrics statements="0" coveredstatements="0" conditionals="0" coveredconditionals="0" methods="0" coveredmethods="0"/>
      </file>
    </package>
    <package name="components.Table">
      <metrics statements="3" coveredstatements="3" conditionals="8" coveredconditionals="8" methods="1" coveredmethods="1"/>
      <file name="Table.tsx" path="C:\dev\portal-Consignado\src\components\Table\Table.tsx">
        <metrics statements="3" coveredstatements="3" conditionals="8" coveredconditionals="8" methods="1" coveredmethods="1"/>
        <line num="10" count="4" type="stmt"/>
        <line num="24" count="51" type="stmt"/>
        <line num="26" count="51" type="stmt"/>
      </file>
    </package>
    <package name="components.Tooltip">
      <metrics statements="4" coveredstatements="4" conditionals="0" coveredconditionals="0" methods="1" coveredmethods="1"/>
      <file name="Tooltip.tsx" path="C:\dev\portal-Consignado\src\components\Tooltip\Tooltip.tsx">
        <metrics statements="4" coveredstatements="4" conditionals="0" coveredconditionals="0" methods="1" coveredmethods="1"/>
        <line num="8" count="1" type="stmt"/>
        <line num="9" count="8" type="stmt"/>
        <line num="11" count="8" type="stmt"/>
        <line num="13" count="8" type="stmt"/>
      </file>
      <file name="index.tsx" path="C:\dev\portal-Consignado\src\components\Tooltip\index.tsx">
        <metrics statements="0" coveredstatements="0" conditionals="0" coveredconditionals="0" methods="0" coveredmethods="0"/>
      </file>
    </package>
    <package name="hooks">
      <metrics statements="80" coveredstatements="73" conditionals="24" coveredconditionals="19" methods="27" coveredmethods="24"/>
      <file name="appInsights.ts" path="C:\dev\portal-Consignado\src\hooks\appInsights.ts">
        <metrics statements="4" coveredstatements="4" conditionals="2" coveredconditionals="2" methods="0" coveredmethods="0"/>
        <line num="5" count="10" type="stmt"/>
        <line num="6" count="10" type="stmt"/>
        <line num="7" count="10" type="stmt"/>
        <line num="16" count="10" type="stmt"/>
      </file>
      <file name="props.ts" path="C:\dev\portal-Consignado\src\hooks\props.ts">
        <metrics statements="0" coveredstatements="0" conditionals="0" coveredconditionals="0" methods="0" coveredmethods="0"/>
      </file>
      <file name="useInterceptors.tsx" path="C:\dev\portal-Consignado\src\hooks\useInterceptors.tsx">
        <metrics statements="37" coveredstatements="35" conditionals="10" coveredconditionals="9" methods="11" coveredmethods="11"/>
        <line num="12" count="1" type="stmt"/>
        <line num="13" count="17" type="stmt"/>
        <line num="14" count="17" type="stmt"/>
        <line num="15" count="17" type="stmt"/>
        <line num="17" count="17" type="stmt"/>
        <line num="18" count="17" type="stmt"/>
        <line num="20" count="17" type="stmt"/>
        <line num="21" count="3" type="stmt"/>
        <line num="23" count="7" type="stmt"/>
        <line num="25" count="7" type="stmt"/>
        <line num="27" count="7" type="cond" truecount="2" falsecount="0"/>
        <line num="28" count="1" type="stmt"/>
        <line num="29" count="1" type="stmt"/>
        <line num="33" count="1" type="stmt"/>
        <line num="37" count="1" type="stmt"/>
        <line num="39" count="1" type="stmt"/>
        <line num="40" count="1" type="stmt"/>
        <line num="42" count="0" type="stmt"/>
        <line num="46" count="6" type="stmt"/>
        <line num="47" count="6" type="stmt"/>
        <line num="50" count="1" type="stmt"/>
        <line num="52" count="1" type="stmt"/>
        <line num="55" count="6" type="stmt"/>
        <line num="62" count="6" type="cond" truecount="2" falsecount="0"/>
        <line num="67" count="1" type="stmt"/>
        <line num="69" count="1" type="stmt"/>
        <line num="72" count="5" type="cond" truecount="3" falsecount="1"/>
        <line num="73" count="5" type="stmt"/>
        <line num="75" count="5" type="stmt"/>
        <line num="78" count="0" type="stmt"/>
        <line num="84" count="17" type="stmt"/>
        <line num="85" count="3" type="stmt"/>
        <line num="90" count="3" type="stmt"/>
        <line num="95" count="3" type="stmt"/>
        <line num="96" count="3" type="stmt"/>
        <line num="97" count="3" type="stmt"/>
        <line num="101" count="17" type="stmt"/>
      </file>
      <file name="useModal.ts" path="C:\dev\portal-Consignado\src\hooks\useModal.ts">
        <metrics statements="4" coveredstatements="4" conditionals="0" coveredconditionals="0" methods="3" coveredmethods="3"/>
        <line num="8" count="12" type="stmt"/>
        <line num="9" count="1109" type="stmt"/>
        <line num="12" count="32" type="stmt"/>
        <line num="15" count="1109" type="stmt"/>
      </file>
      <file name="useViaCEP.tsx" path="C:\dev\portal-Consignado\src\hooks\useViaCEP.tsx">
        <metrics statements="21" coveredstatements="18" conditionals="6" coveredconditionals="5" methods="7" coveredmethods="6"/>
        <line num="22" count="4" type="stmt"/>
        <line num="23" count="167" type="stmt"/>
        <line num="30" count="167" type="stmt"/>
        <line num="31" count="167" type="stmt"/>
        <line num="32" count="167" type="stmt"/>
        <line num="35" count="20" type="stmt"/>
        <line num="36" count="20" type="stmt"/>
        <line num="37" count="20" type="stmt"/>
        <line num="38" count="20" type="stmt"/>
        <line num="42" count="20" type="stmt"/>
        <line num="52" count="20" type="stmt"/>
        <line num="54" count="20" type="cond" truecount="4" falsecount="0"/>
        <line num="56" count="6" type="stmt"/>
        <line num="58" count="6" type="stmt"/>
        <line num="61" count="5" type="cond" truecount="1" falsecount="1"/>
        <line num="62" count="0" type="stmt"/>
        <line num="63" count="0" type="stmt"/>
        <line num="64" count="5" type="stmt"/>
        <line num="66" count="0" type="stmt"/>
        <line num="67" count="5" type="stmt"/>
        <line num="70" count="167" type="stmt"/>
      </file>
      <file name="useWindowDimensions.ts" path="C:\dev\portal-Consignado\src\hooks\useWindowDimensions.ts">
        <metrics statements="14" coveredstatements="12" conditionals="6" coveredconditionals="3" methods="6" coveredmethods="4"/>
        <line num="4" count="216" type="stmt"/>
        <line num="6" count="216" type="stmt"/>
        <line num="7" count="215" type="cond" truecount="1" falsecount="1"/>
        <line num="8" count="215" type="cond" truecount="1" falsecount="1"/>
        <line num="10" count="215" type="stmt"/>
        <line num="16" count="215" type="stmt"/>
        <line num="20" count="215" type="stmt"/>
        <line num="21" count="0" type="stmt"/>
        <line num="24" count="215" type="stmt"/>
        <line num="25" count="42" type="cond" truecount="1" falsecount="1"/>
        <line num="26" count="42" type="stmt"/>
        <line num="28" count="42" type="stmt"/>
        <line num="31" count="0" type="stmt"/>
        <line num="34" count="215" type="stmt"/>
      </file>
    </package>
    <package name="hooks.auth">
      <metrics statements="43" coveredstatements="35" conditionals="10" coveredconditionals="7" methods="9" coveredmethods="5"/>
      <file name="index.tsx" path="C:\dev\portal-Consignado\src\hooks\auth\index.tsx">
        <metrics statements="43" coveredstatements="35" conditionals="10" coveredconditionals="7" methods="9" coveredmethods="5"/>
        <line num="26" count="14" type="stmt"/>
        <line num="27" count="14" type="stmt"/>
        <line num="29" count="14" type="stmt"/>
        <line num="30" count="84" type="stmt"/>
        <line num="31" count="76" type="stmt"/>
        <line num="32" count="76" type="stmt"/>
        <line num="33" count="76" type="stmt"/>
        <line num="35" count="76" type="stmt"/>
        <line num="40" count="76" type="cond" truecount="2" falsecount="0"/>
        <line num="44" count="76" type="stmt"/>
        <line num="45" count="64" type="stmt"/>
        <line num="49" count="76" type="stmt"/>
        <line num="51" count="3" type="stmt"/>
        <line num="52" count="3" type="stmt"/>
        <line num="54" count="3" type="stmt"/>
        <line num="56" count="3" type="stmt"/>
        <line num="60" count="1" type="stmt"/>
        <line num="61" count="1" type="stmt"/>
        <line num="62" count="1" type="stmt"/>
        <line num="64" count="1" type="stmt"/>
        <line num="66" count="2" type="stmt"/>
        <line num="67" count="2" type="stmt"/>
        <line num="68" count="2" type="stmt"/>
        <line num="69" count="2" type="stmt"/>
        <line num="70" count="2" type="stmt"/>
        <line num="71" count="2" type="stmt"/>
        <line num="77" count="76" type="stmt"/>
        <line num="78" count="0" type="stmt"/>
        <line num="79" count="0" type="stmt"/>
        <line num="80" count="0" type="stmt"/>
        <line num="83" count="76" type="stmt"/>
        <line num="84" count="0" type="stmt"/>
        <line num="87" count="76" type="stmt"/>
        <line num="88" count="0" type="cond" truecount="0" falsecount="2"/>
        <line num="91" count="76" type="stmt"/>
        <line num="92" count="0" type="stmt"/>
        <line num="93" count="0" type="stmt"/>
        <line num="96" count="76" type="stmt"/>
        <line num="98" count="76" type="stmt"/>
        <line num="119" count="322" type="stmt"/>
        <line num="121" count="322" type="cond" truecount="3" falsecount="1"/>
        <line num="122" count="0" type="stmt"/>
        <line num="125" count="322" type="stmt"/>
      </file>
    </package>
    <package name="hooks.headerMobile">
      <metrics statements="12" coveredstatements="11" conditionals="4" coveredconditionals="3" methods="4" coveredmethods="4"/>
      <file name="index.tsx" path="C:\dev\portal-Consignado\src\hooks\headerMobile\index.tsx">
        <metrics statements="12" coveredstatements="11" conditionals="4" coveredconditionals="3" methods="4" coveredmethods="4"/>
        <line num="5" count="10" type="stmt"/>
        <line num="7" count="10" type="stmt"/>
        <line num="9" count="10" type="stmt"/>
        <line num="10" count="67" type="stmt"/>
        <line num="12" count="59" type="stmt"/>
        <line num="14" count="59" type="stmt"/>
        <line num="15" count="1" type="stmt"/>
        <line num="18" count="59" type="stmt"/>
        <line num="26" count="279" type="stmt"/>
        <line num="28" count="279" type="cond" truecount="3" falsecount="1"/>
        <line num="29" count="0" type="stmt"/>
        <line num="34" count="279" type="stmt"/>
      </file>
    </package>
    <package name="hooks.session">
      <metrics statements="14" coveredstatements="13" conditionals="4" coveredconditionals="2" methods="4" coveredmethods="4"/>
      <file name="index.tsx" path="C:\dev\portal-Consignado\src\hooks\session\index.tsx">
        <metrics statements="14" coveredstatements="13" conditionals="4" coveredconditionals="2" methods="4" coveredmethods="4"/>
        <line num="5" count="12" type="stmt"/>
        <line num="7" count="12" type="stmt"/>
        <line num="8" count="59" type="stmt"/>
        <line num="9" count="58" type="stmt"/>
        <line num="11" count="58" type="cond" truecount="1" falsecount="1"/>
        <line num="13" count="58" type="stmt"/>
        <line num="16" count="59" type="stmt"/>
        <line num="17" count="1" type="stmt"/>
        <line num="18" count="1" type="stmt"/>
        <line num="21" count="59" type="stmt"/>
        <line num="29" count="26" type="stmt"/>
        <line num="31" count="26" type="cond" truecount="1" falsecount="1"/>
        <line num="32" count="0" type="stmt"/>
        <line num="35" count="26" type="stmt"/>
      </file>
    </package>
    <package name="hooks.simulate">
      <metrics statements="30" coveredstatements="26" conditionals="4" coveredconditionals="3" methods="4" coveredmethods="4"/>
      <file name="index.tsx" path="C:\dev\portal-Consignado\src\hooks\simulate\index.tsx">
        <metrics statements="30" coveredstatements="26" conditionals="4" coveredconditionals="3" methods="4" coveredmethods="4"/>
        <line num="11" count="3" type="stmt"/>
        <line num="13" count="3" type="stmt"/>
        <line num="15" count="3" type="stmt"/>
        <line num="16" count="35" type="stmt"/>
        <line num="17" count="35" type="stmt"/>
        <line num="18" count="35" type="stmt"/>
        <line num="20" count="35" type="stmt"/>
        <line num="21" count="35" type="stmt"/>
        <line num="22" count="35" type="stmt"/>
        <line num="23" count="35" type="stmt"/>
        <line num="29" count="35" type="stmt"/>
        <line num="30" count="3" type="stmt"/>
        <line num="31" count="3" type="stmt"/>
        <line num="39" count="3" type="stmt"/>
        <line num="44" count="0" type="stmt"/>
        <line num="46" count="0" type="stmt"/>
        <line num="52" count="0" type="stmt"/>
        <line num="54" count="3" type="stmt"/>
        <line num="56" count="3" type="stmt"/>
        <line num="57" count="3" type="stmt"/>
        <line num="58" count="3" type="stmt"/>
        <line num="59" count="3" type="stmt"/>
        <line num="60" count="3" type="stmt"/>
        <line num="69" count="35" type="stmt"/>
        <line num="70" count="2" type="stmt"/>
        <line num="73" count="35" type="stmt"/>
        <line num="90" count="199" type="stmt"/>
        <line num="92" count="197" type="cond" truecount="3" falsecount="1"/>
        <line num="93" count="0" type="stmt"/>
        <line num="98" count="197" type="stmt"/>
      </file>
    </package>
    <package name="hooks.simulateRealtime">
      <metrics statements="38" coveredstatements="33" conditionals="14" coveredconditionals="9" methods="8" coveredmethods="8"/>
      <file name="index.tsx" path="C:\dev\portal-Consignado\src\hooks\simulateRealtime\index.tsx">
        <metrics statements="38" coveredstatements="33" conditionals="14" coveredconditionals="9" methods="8" coveredmethods="8"/>
        <line num="16" count="4" type="stmt"/>
        <line num="18" count="4" type="stmt"/>
        <line num="20" count="4" type="stmt"/>
        <line num="21" count="6" type="stmt"/>
        <line num="22" count="6" type="stmt"/>
        <line num="23" count="6" type="cond" truecount="1" falsecount="1"/>
        <line num="27" count="6" type="stmt"/>
        <line num="32" count="6" type="stmt"/>
        <line num="34" count="4" type="stmt"/>
        <line num="36" count="4" type="cond" truecount="1" falsecount="1"/>
        <line num="38" count="4" type="stmt"/>
        <line num="41" count="6" type="stmt"/>
        <line num="42" count="4" type="stmt"/>
        <line num="44" count="4" type="cond" truecount="2" falsecount="0"/>
        <line num="46" count="3" type="stmt"/>
        <line num="48" count="6" type="stmt"/>
        <line num="49" count="4" type="stmt"/>
        <line num="51" count="4" type="cond" truecount="1" falsecount="1"/>
        <line num="53" count="4" type="stmt"/>
        <line num="56" count="6" type="stmt"/>
        <line num="57" count="1" type="stmt"/>
        <line num="58" count="1" type="cond" truecount="1" falsecount="1"/>
        <line num="61" count="0" type="stmt"/>
        <line num="63" count="0" type="stmt"/>
        <line num="64" count="0" type="stmt"/>
        <line num="67" count="0" type="stmt"/>
        <line num="71" count="6" type="stmt"/>
        <line num="72" count="1" type="stmt"/>
        <line num="73" count="1" type="stmt"/>
        <line num="76" count="6" type="stmt"/>
        <line num="77" count="1" type="stmt"/>
        <line num="78" count="1" type="stmt"/>
        <line num="79" count="1" type="stmt"/>
        <line num="82" count="6" type="stmt"/>
        <line num="100" count="208" type="stmt"/>
        <line num="102" count="208" type="cond" truecount="3" falsecount="1"/>
        <line num="103" count="0" type="stmt"/>
        <line num="108" count="208" type="stmt"/>
      </file>
    </package>
    <package name="pages.Accompaniment">
      <metrics statements="57" coveredstatements="53" conditionals="32" coveredconditionals="29" methods="15" coveredmethods="14"/>
      <file name="index.tsx" path="C:\dev\portal-Consignado\src\pages\Accompaniment\index.tsx">
        <metrics statements="57" coveredstatements="53" conditionals="32" coveredconditionals="29" methods="15" coveredmethods="14"/>
        <line num="33" count="1" type="stmt"/>
        <line num="51" count="1" type="stmt"/>
        <line num="52" count="42" type="stmt"/>
        <line num="54" count="42" type="stmt"/>
        <line num="65" count="1" type="stmt"/>
        <line num="66" count="60" type="stmt"/>
        <line num="67" count="59" type="stmt"/>
        <line num="68" count="59" type="stmt"/>
        <line num="69" count="59" type="stmt"/>
        <line num="70" count="59" type="stmt"/>
        <line num="71" count="59" type="stmt"/>
        <line num="73" count="59" type="stmt"/>
        <line num="74" count="10" type="stmt"/>
        <line num="89" count="59" type="stmt"/>
        <line num="90" count="10" type="stmt"/>
        <line num="92" count="10" type="stmt"/>
        <line num="94" count="10" type="cond" truecount="1" falsecount="1"/>
        <line num="98" count="10" type="stmt"/>
        <line num="99" count="10" type="stmt"/>
        <line num="101" count="10" type="stmt"/>
        <line num="103" count="0" type="stmt"/>
        <line num="106" count="10" type="stmt"/>
        <line num="107" count="0" type="stmt"/>
        <line num="110" count="59" type="stmt"/>
        <line num="111" count="20" type="stmt"/>
        <line num="130" count="59" type="stmt"/>
        <line num="131" count="10" type="stmt"/>
        <line num="167" count="59" type="stmt"/>
        <line num="168" count="42" type="cond" truecount="2" falsecount="0"/>
        <line num="169" count="7" type="stmt"/>
        <line num="172" count="35" type="stmt"/>
        <line num="175" count="59" type="stmt"/>
        <line num="176" count="49" type="stmt"/>
        <line num="181" count="49" type="cond" truecount="2" falsecount="0"/>
        <line num="182" count="14" type="cond" truecount="1" falsecount="1"/>
        <line num="183" count="0" type="stmt"/>
        <line num="185" count="14" type="cond" truecount="2" falsecount="0"/>
        <line num="186" count="2" type="stmt"/>
        <line num="188" count="12" type="cond" truecount="2" falsecount="0"/>
        <line num="189" count="2" type="stmt"/>
        <line num="191" count="10" type="cond" truecount="2" falsecount="0"/>
        <line num="192" count="2" type="stmt"/>
        <line num="194" count="8" type="cond" truecount="1" falsecount="1"/>
        <line num="195" count="0" type="stmt"/>
        <line num="197" count="8" type="cond" truecount="2" falsecount="0"/>
        <line num="201" count="59" type="stmt"/>
        <line num="202" count="42" type="cond" truecount="2" falsecount="0"/>
        <line num="203" count="7" type="stmt"/>
        <line num="206" count="35" type="stmt"/>
        <line num="209" count="59" type="stmt"/>
        <line num="210" count="29" type="cond" truecount="2" falsecount="0"/>
        <line num="211" count="19" type="stmt"/>
        <line num="217" count="10" type="stmt"/>
        <line num="227" count="42" type="stmt"/>
        <line num="247" count="59" type="stmt"/>
        <line num="248" count="10" type="stmt"/>
        <line num="251" count="59" type="stmt"/>
      </file>
    </package>
    <package name="pages.Accompaniment.CardMobile">
      <metrics statements="59" coveredstatements="50" conditionals="26" coveredconditionals="15" methods="15" coveredmethods="14"/>
      <file name="CardMobile.tsx" path="C:\dev\portal-Consignado\src\pages\Accompaniment\CardMobile\CardMobile.tsx">
        <metrics statements="59" coveredstatements="50" conditionals="26" coveredconditionals="15" methods="15" coveredmethods="14"/>
        <line num="16" count="1" type="stmt"/>
        <line num="18" count="1" type="stmt"/>
        <line num="27" count="1" type="stmt"/>
        <line num="28" count="4" type="stmt"/>
        <line num="29" count="3" type="stmt"/>
        <line num="30" count="3" type="stmt"/>
        <line num="31" count="3" type="stmt"/>
        <line num="33" count="3" type="stmt"/>
        <line num="35" count="3" type="stmt"/>
        <line num="36" count="3" type="stmt"/>
        <line num="50" count="3" type="stmt"/>
        <line num="51" count="3" type="stmt"/>
        <line num="65" count="3" type="stmt"/>
        <line num="66" count="3" type="stmt"/>
        <line num="81" count="3" type="stmt"/>
        <line num="82" count="3" type="stmt"/>
        <line num="97" count="3" type="stmt"/>
        <line num="98" count="21" type="stmt"/>
        <line num="103" count="21" type="cond" truecount="2" falsecount="0"/>
        <line num="104" count="6" type="cond" truecount="1" falsecount="1"/>
        <line num="105" count="0" type="stmt"/>
        <line num="107" count="6" type="cond" truecount="1" falsecount="1"/>
        <line num="108" count="0" type="stmt"/>
        <line num="110" count="6" type="cond" truecount="1" falsecount="1"/>
        <line num="111" count="6" type="stmt"/>
        <line num="113" count="0" type="cond" truecount="0" falsecount="2"/>
        <line num="114" count="0" type="stmt"/>
        <line num="116" count="0" type="cond" truecount="0" falsecount="2"/>
        <line num="117" count="0" type="stmt"/>
        <line num="119" count="0" type="cond" truecount="0" falsecount="2"/>
        <line num="123" count="3" type="stmt"/>
        <line num="124" count="18" type="cond" truecount="2" falsecount="0"/>
        <line num="125" count="3" type="stmt"/>
        <line num="128" count="15" type="stmt"/>
        <line num="131" count="3" type="stmt"/>
        <line num="132" count="18" type="cond" truecount="2" falsecount="0"/>
        <line num="133" count="3" type="stmt"/>
        <line num="136" count="15" type="stmt"/>
        <line num="139" count="3" type="stmt"/>
        <line num="140" count="18" type="cond" truecount="2" falsecount="0"/>
        <line num="141" count="3" type="stmt"/>
        <line num="144" count="15" type="stmt"/>
        <line num="147" count="3" type="stmt"/>
        <line num="148" count="3" type="stmt"/>
        <line num="149" count="3" type="stmt"/>
        <line num="152" count="3" type="stmt"/>
        <line num="153" count="3" type="cond" truecount="1" falsecount="1"/>
        <line num="154" count="0" type="stmt"/>
        <line num="156" count="3" type="stmt"/>
        <line num="159" count="3" type="stmt"/>
        <line num="160" count="3" type="cond" truecount="1" falsecount="1"/>
        <line num="161" count="0" type="stmt"/>
        <line num="163" count="3" type="stmt"/>
        <line num="166" count="3" type="stmt"/>
        <line num="167" count="18" type="cond" truecount="2" falsecount="0"/>
        <line num="168" count="3" type="stmt"/>
        <line num="177" count="15" type="stmt"/>
        <line num="187" count="3" type="stmt"/>
        <line num="206" count="18" type="stmt"/>
      </file>
      <file name="index.tsx" path="C:\dev\portal-Consignado\src\pages\Accompaniment\CardMobile\index.tsx">
        <metrics statements="0" coveredstatements="0" conditionals="0" coveredconditionals="0" methods="0" coveredmethods="0"/>
      </file>
    </package>
    <package name="pages.Accompaniment.components.ApprovedLoan">
      <metrics statements="113" coveredstatements="98" conditionals="35" coveredconditionals="30" methods="36" coveredmethods="32"/>
      <file name="ApprovedLoan.tsx" path="C:\dev\portal-Consignado\src\pages\Accompaniment\components\ApprovedLoan\ApprovedLoan.tsx">
        <metrics statements="113" coveredstatements="98" conditionals="35" coveredconditionals="30" methods="36" coveredmethods="32"/>
        <line num="35" count="1" type="stmt"/>
        <line num="36" count="40" type="stmt"/>
        <line num="38" count="40" type="stmt"/>
        <line num="39" count="40" type="stmt"/>
        <line num="40" count="40" type="stmt"/>
        <line num="41" count="40" type="stmt"/>
        <line num="43" count="40" type="stmt"/>
        <line num="44" count="40" type="stmt"/>
        <line num="45" count="40" type="stmt"/>
        <line num="46" count="40" type="stmt"/>
        <line num="47" count="40" type="stmt"/>
        <line num="48" count="40" type="stmt"/>
        <line num="49" count="40" type="stmt"/>
        <line num="50" count="40" type="stmt"/>
        <line num="51" count="40" type="stmt"/>
        <line num="52" count="40" type="stmt"/>
        <line num="53" count="40" type="stmt"/>
        <line num="54" count="40" type="stmt"/>
        <line num="58" count="40" type="stmt"/>
        <line num="59" count="40" type="stmt"/>
        <line num="61" count="40" type="stmt"/>
        <line num="63" count="40" type="stmt"/>
        <line num="64" count="4" type="stmt"/>
        <line num="66" count="4" type="stmt"/>
        <line num="86" count="40" type="stmt"/>
        <line num="87" count="6" type="cond" truecount="2" falsecount="0"/>
        <line num="88" count="2" type="stmt"/>
        <line num="93" count="40" type="stmt"/>
        <line num="94" count="0" type="stmt"/>
        <line num="95" count="0" type="stmt"/>
        <line num="98" count="40" type="stmt"/>
        <line num="99" count="1" type="stmt"/>
        <line num="103" count="1" type="cond" truecount="1" falsecount="1"/>
        <line num="106" count="40" type="stmt"/>
        <line num="107" count="0" type="stmt"/>
        <line num="110" count="40" type="stmt"/>
        <line num="115" count="1" type="stmt"/>
        <line num="117" count="2" type="stmt"/>
        <line num="118" count="1" type="stmt"/>
        <line num="121" count="40" type="stmt"/>
        <line num="122" count="128" type="cond" truecount="2" falsecount="0"/>
        <line num="124" count="104" type="stmt"/>
        <line num="127" count="40" type="stmt"/>
        <line num="128" count="16" type="cond" truecount="2" falsecount="0"/>
        <line num="130" count="40" type="stmt"/>
        <line num="131" count="8" type="cond" truecount="2" falsecount="0"/>
        <line num="132" count="4" type="stmt"/>
        <line num="135" count="40" type="stmt"/>
        <line num="136" count="4" type="stmt"/>
        <line num="138" count="4" type="stmt"/>
        <line num="142" count="4" type="stmt"/>
        <line num="143" count="4" type="stmt"/>
        <line num="144" count="2" type="stmt"/>
        <line num="153" count="40" type="stmt"/>
        <line num="154" count="8" type="stmt"/>
        <line num="170" count="8" type="stmt"/>
        <line num="173" count="40" type="stmt"/>
        <line num="174" count="4" type="stmt"/>
        <line num="175" count="4" type="stmt"/>
        <line num="176" count="1" type="stmt"/>
        <line num="184" count="40" type="stmt"/>
        <line num="185" count="4" type="stmt"/>
        <line num="189" count="40" type="stmt"/>
        <line num="190" count="1" type="stmt"/>
        <line num="191" count="1" type="stmt"/>
        <line num="193" count="1" type="stmt"/>
        <line num="210" count="1" type="stmt"/>
        <line num="212" count="1" type="stmt"/>
        <line num="214" count="0" type="stmt"/>
        <line num="216" count="0" type="stmt"/>
        <line num="217" count="0" type="stmt"/>
        <line num="218" count="0" type="stmt"/>
        <line num="220" count="1" type="stmt"/>
        <line num="224" count="40" type="stmt"/>
        <line num="225" count="1" type="stmt"/>
        <line num="226" count="1" type="stmt"/>
        <line num="229" count="40" type="stmt"/>
        <line num="230" count="1" type="cond" truecount="3" falsecount="1"/>
        <line num="232" count="1" type="stmt"/>
        <line num="235" count="40" type="stmt"/>
        <line num="236" count="1" type="stmt"/>
        <line num="237" count="1" type="stmt"/>
        <line num="239" count="1" type="stmt"/>
        <line num="244" count="1" type="stmt"/>
        <line num="245" count="1" type="stmt"/>
        <line num="247" count="0" type="stmt"/>
        <line num="248" count="0" type="stmt"/>
        <line num="249" count="0" type="stmt"/>
        <line num="250" count="0" type="stmt"/>
        <line num="252" count="1" type="stmt"/>
        <line num="256" count="40" type="stmt"/>
        <line num="257" count="0" type="stmt"/>
        <line num="258" count="0" type="stmt"/>
        <line num="261" count="40" type="stmt"/>
        <line num="262" count="0" type="stmt"/>
        <line num="263" count="0" type="stmt"/>
        <line num="266" count="40" type="stmt"/>
        <line num="267" count="4" type="stmt"/>
        <line num="304" count="40" type="stmt"/>
        <line num="305" count="40" type="cond" truecount="4" falsecount="0"/>
        <line num="316" count="40" type="stmt"/>
        <line num="317" count="40" type="cond" truecount="1" falsecount="1"/>
        <line num="319" count="40" type="stmt"/>
        <line num="320" count="160" type="cond" truecount="1" falsecount="2"/>
        <line num="322" count="40" type="stmt"/>
        <line num="323" count="80" type="cond" truecount="2" falsecount="0"/>
        <line num="325" count="40" type="stmt"/>
        <line num="326" count="40" type="cond" truecount="2" falsecount="0"/>
        <line num="330" count="40" type="cond" truecount="2" falsecount="0"/>
        <line num="332" count="40" type="stmt"/>
        <line num="333" count="40" type="cond" truecount="4" falsecount="0"/>
        <line num="337" count="40" type="stmt"/>
        <line num="619" count="1" type="stmt"/>
      </file>
      <file name="index.tsx" path="C:\dev\portal-Consignado\src\pages\Accompaniment\components\ApprovedLoan\index.tsx">
        <metrics statements="0" coveredstatements="0" conditionals="0" coveredconditionals="0" methods="0" coveredmethods="0"/>
      </file>
    </package>
    <package name="pages.Accompaniment.components.ApprovedLoan.components.InstallmentCard">
      <metrics statements="2" coveredstatements="2" conditionals="0" coveredconditionals="0" methods="1" coveredmethods="1"/>
      <file name="InstallmentCard.tsx" path="C:\dev\portal-Consignado\src\pages\Accompaniment\components\ApprovedLoan\components\InstallmentCard\InstallmentCard.tsx">
        <metrics statements="2" coveredstatements="2" conditionals="0" coveredconditionals="0" methods="1" coveredmethods="1"/>
        <line num="6" count="1" type="stmt"/>
        <line num="7" count="33" type="stmt"/>
      </file>
    </package>
    <package name="pages.Accompaniment.components.AwaitingSubmissionOfDocumentation">
      <metrics statements="2" coveredstatements="2" conditionals="0" coveredconditionals="0" methods="1" coveredmethods="1"/>
      <file name="AwaitingSubmissionOfDocumentation.tsx" path="C:\dev\portal-Consignado\src\pages\Accompaniment\components\AwaitingSubmissionOfDocumentation\AwaitingSubmissionOfDocumentation.tsx">
        <metrics statements="2" coveredstatements="2" conditionals="0" coveredconditionals="0" methods="1" coveredmethods="1"/>
        <line num="7" count="1" type="stmt"/>
        <line num="8" count="2" type="stmt"/>
      </file>
    </package>
    <package name="pages.Accompaniment.components.ContractSigning">
      <metrics statements="2" coveredstatements="2" conditionals="0" coveredconditionals="0" methods="1" coveredmethods="1"/>
      <file name="ContractSigning.tsx" path="C:\dev\portal-Consignado\src\pages\Accompaniment\components\ContractSigning\ContractSigning.tsx">
        <metrics statements="2" coveredstatements="2" conditionals="0" coveredconditionals="0" methods="1" coveredmethods="1"/>
        <line num="7" count="1" type="stmt"/>
        <line num="8" count="1" type="stmt"/>
      </file>
    </package>
    <package name="pages.Accompaniment.components.DocumentationSent">
      <metrics statements="2" coveredstatements="2" conditionals="0" coveredconditionals="0" methods="1" coveredmethods="1"/>
      <file name="DocumentationSent.tsx" path="C:\dev\portal-Consignado\src\pages\Accompaniment\components\DocumentationSent\DocumentationSent.tsx">
        <metrics statements="2" coveredstatements="2" conditionals="0" coveredconditionals="0" methods="1" coveredmethods="1"/>
        <line num="7" count="1" type="stmt"/>
        <line num="8" count="1" type="stmt"/>
      </file>
    </package>
    <package name="pages.Accompaniment.components.ReleasedCredit">
      <metrics statements="2" coveredstatements="2" conditionals="10" coveredconditionals="6" methods="1" coveredmethods="1"/>
      <file name="ReleasedCredit.tsx" path="C:\dev\portal-Consignado\src\pages\Accompaniment\components\ReleasedCredit\ReleasedCredit.tsx">
        <metrics statements="2" coveredstatements="2" conditionals="10" coveredconditionals="6" methods="1" coveredmethods="1"/>
        <line num="10" count="1" type="stmt"/>
        <line num="11" count="1" type="stmt"/>
      </file>
    </package>
    <package name="pages.Accompaniment.components.ReprovidedLoan">
      <metrics statements="4" coveredstatements="3" conditionals="0" coveredconditionals="0" methods="2" coveredmethods="1"/>
      <file name="ReprovidedLoan.tsx" path="C:\dev\portal-Consignado\src\pages\Accompaniment\components\ReprovidedLoan\ReprovidedLoan.tsx">
        <metrics statements="4" coveredstatements="3" conditionals="0" coveredconditionals="0" methods="2" coveredmethods="1"/>
        <line num="8" count="1" type="stmt"/>
        <line num="9" count="1" type="stmt"/>
        <line num="11" count="1" type="stmt"/>
        <line num="24" count="0" type="stmt"/>
      </file>
      <file name="index.tsx" path="C:\dev\portal-Consignado\src\pages\Accompaniment\components\ReprovidedLoan\index.tsx">
        <metrics statements="0" coveredstatements="0" conditionals="0" coveredconditionals="0" methods="0" coveredmethods="0"/>
      </file>
    </package>
    <package name="pages.Accompaniment.components.RequestUnderAnalysis">
      <metrics statements="2" coveredstatements="2" conditionals="0" coveredconditionals="0" methods="1" coveredmethods="1"/>
      <file name="RequestUnderAnalysis.tsx" path="C:\dev\portal-Consignado\src\pages\Accompaniment\components\RequestUnderAnalysis\RequestUnderAnalysis.tsx">
        <metrics statements="2" coveredstatements="2" conditionals="0" coveredconditionals="0" methods="1" coveredmethods="1"/>
        <line num="7" count="1" type="stmt"/>
        <line num="8" count="1" type="stmt"/>
      </file>
      <file name="index.tsx" path="C:\dev\portal-Consignado\src\pages\Accompaniment\components\RequestUnderAnalysis\index.tsx">
        <metrics statements="0" coveredstatements="0" conditionals="0" coveredconditionals="0" methods="0" coveredmethods="0"/>
      </file>
    </package>
    <package name="pages.AccountConfirmation">
      <metrics statements="23" coveredstatements="22" conditionals="8" coveredconditionals="6" methods="4" coveredmethods="3"/>
      <file name="index.tsx" path="C:\dev\portal-Consignado\src\pages\AccountConfirmation\index.tsx">
        <metrics statements="23" coveredstatements="22" conditionals="8" coveredconditionals="6" methods="4" coveredmethods="3"/>
        <line num="20" count="1" type="stmt"/>
        <line num="21" count="12" type="stmt"/>
        <line num="22" count="11" type="stmt"/>
        <line num="23" count="11" type="stmt"/>
        <line num="25" count="11" type="stmt"/>
        <line num="26" count="11" type="stmt"/>
        <line num="28" count="11" type="stmt"/>
        <line num="29" count="11" type="stmt"/>
        <line num="31" count="11" type="stmt"/>
        <line num="32" count="2" type="cond" truecount="1" falsecount="1"/>
        <line num="34" count="2" type="stmt"/>
        <line num="35" count="2" type="stmt"/>
        <line num="36" count="2" type="stmt"/>
        <line num="38" count="1" type="stmt"/>
        <line num="40" count="1" type="stmt"/>
        <line num="42" count="1" type="cond" truecount="1" falsecount="1"/>
        <line num="43" count="1" type="stmt"/>
        <line num="45" count="2" type="stmt"/>
        <line num="49" count="11" type="stmt"/>
        <line num="50" count="0" type="stmt"/>
        <line num="53" count="11" type="stmt"/>
        <line num="54" count="3" type="cond" truecount="2" falsecount="0"/>
        <line num="57" count="11" type="stmt"/>
      </file>
    </package>
    <package name="pages.ChangePassword">
      <metrics statements="27" coveredstatements="24" conditionals="8" coveredconditionals="6" methods="7" coveredmethods="4"/>
      <file name="index.tsx" path="C:\dev\portal-Consignado\src\pages\ChangePassword\index.tsx">
        <metrics statements="27" coveredstatements="24" conditionals="8" coveredconditionals="6" methods="7" coveredmethods="4"/>
        <line num="27" count="1" type="stmt"/>
        <line num="28" count="16" type="stmt"/>
        <line num="30" count="15" type="stmt"/>
        <line num="31" count="15" type="stmt"/>
        <line num="32" count="15" type="stmt"/>
        <line num="33" count="15" type="stmt"/>
        <line num="34" count="15" type="stmt"/>
        <line num="36" count="15" type="stmt"/>
        <line num="37" count="0" type="stmt"/>
        <line num="41" count="15" type="stmt"/>
        <line num="42" count="8" type="cond" truecount="1" falsecount="1"/>
        <line num="46" count="15" type="stmt"/>
        <line num="47" count="8" type="cond" truecount="1" falsecount="1"/>
        <line num="51" count="15" type="stmt"/>
        <line num="52" count="0" type="stmt"/>
        <line num="53" count="0" type="stmt"/>
        <line num="56" count="15" type="stmt"/>
        <line num="57" count="2" type="stmt"/>
        <line num="58" count="2" type="stmt"/>
        <line num="59" count="2" type="stmt"/>
        <line num="60" count="2" type="stmt"/>
        <line num="61" count="1" type="stmt"/>
        <line num="63" count="1" type="stmt"/>
        <line num="65" count="1" type="cond" truecount="2" falsecount="0"/>
        <line num="66" count="1" type="stmt"/>
        <line num="68" count="2" type="stmt"/>
        <line num="72" count="15" type="stmt"/>
      </file>
    </package>
    <package name="pages.ContractInstallments">
      <metrics statements="52" coveredstatements="48" conditionals="28" coveredconditionals="24" methods="21" coveredmethods="17"/>
      <file name="index.tsx" path="C:\dev\portal-Consignado\src\pages\ContractInstallments\index.tsx">
        <metrics statements="52" coveredstatements="48" conditionals="28" coveredconditionals="24" methods="21" coveredmethods="17"/>
        <line num="32" count="1" type="stmt"/>
        <line num="33" count="23" type="stmt"/>
        <line num="35" count="23" type="stmt"/>
        <line num="36" count="22" type="stmt"/>
        <line num="37" count="22" type="stmt"/>
        <line num="38" count="22" type="stmt"/>
        <line num="39" count="22" type="stmt"/>
        <line num="40" count="22" type="stmt"/>
        <line num="42" count="22" type="stmt"/>
        <line num="43" count="5" type="cond" truecount="1" falsecount="1"/>
        <line num="45" count="5" type="stmt"/>
        <line num="48" count="22" type="stmt"/>
        <line num="49" count="30" type="stmt"/>
        <line num="50" count="30" type="stmt"/>
        <line num="52" count="30" type="stmt"/>
        <line num="57" count="22" type="stmt"/>
        <line num="58" count="6" type="stmt"/>
        <line num="92" count="0" type="stmt"/>
        <line num="99" count="22" type="stmt"/>
        <line num="100" count="0" type="stmt"/>
        <line num="103" count="22" type="stmt"/>
        <line num="104" count="22" type="cond" truecount="4" falsecount="0"/>
        <line num="108" count="22" type="stmt"/>
        <line num="109" count="22" type="cond" truecount="4" falsecount="0"/>
        <line num="110" count="15" type="stmt"/>
        <line num="112" count="15" type="stmt"/>
        <line num="114" count="7" type="stmt"/>
        <line num="117" count="22" type="stmt"/>
        <line num="118" count="22" type="cond" truecount="2" falsecount="0"/>
        <line num="120" count="15" type="stmt"/>
        <line num="122" count="15" type="cond" truecount="1" falsecount="1"/>
        <line num="124" count="0" type="stmt"/>
        <line num="127" count="22" type="stmt"/>
        <line num="130" count="176" type="cond" truecount="2" falsecount="0"/>
        <line num="132" count="48" type="cond" truecount="2" falsecount="0"/>
        <line num="134" count="46" type="stmt"/>
        <line num="137" count="22" type="cond" truecount="1" falsecount="1"/>
        <line num="139" count="22" type="stmt"/>
        <line num="140" count="14" type="cond" truecount="2" falsecount="0"/>
        <line num="142" count="22" type="stmt"/>
        <line num="143" count="22" type="cond" truecount="4" falsecount="0"/>
        <line num="160" count="6" type="stmt"/>
        <line num="170" count="22" type="stmt"/>
        <line num="171" count="6" type="cond" truecount="1" falsecount="1"/>
        <line num="172" count="6" type="stmt"/>
        <line num="174" count="5" type="stmt"/>
        <line num="176" count="5" type="stmt"/>
        <line num="177" count="5" type="stmt"/>
        <line num="187" count="1" type="stmt"/>
        <line num="189" count="6" type="stmt"/>
        <line num="192" count="22" type="stmt"/>
        <line num="277" count="0" type="stmt"/>
      </file>
    </package>
    <package name="pages.ContractInstallments.components.InstallmentsCard">
      <metrics statements="2" coveredstatements="2" conditionals="0" coveredconditionals="0" methods="1" coveredmethods="1"/>
      <file name="InstallmentsCard.tsx" path="C:\dev\portal-Consignado\src\pages\ContractInstallments\components\InstallmentsCard\InstallmentsCard.tsx">
        <metrics statements="2" coveredstatements="2" conditionals="0" coveredconditionals="0" methods="1" coveredmethods="1"/>
        <line num="6" count="1" type="stmt"/>
        <line num="10" count="6" type="stmt"/>
      </file>
      <file name="index.tsx" path="C:\dev\portal-Consignado\src\pages\ContractInstallments\components\InstallmentsCard\index.tsx">
        <metrics statements="0" coveredstatements="0" conditionals="0" coveredconditionals="0" methods="0" coveredmethods="0"/>
      </file>
    </package>
    <package name="pages.Contracts">
      <metrics statements="32" coveredstatements="29" conditionals="14" coveredconditionals="12" methods="16" coveredmethods="15"/>
      <file name="index.tsx" path="C:\dev\portal-Consignado\src\pages\Contracts\index.tsx">
        <metrics statements="32" coveredstatements="29" conditionals="14" coveredconditionals="12" methods="16" coveredmethods="15"/>
        <line num="25" count="1" type="stmt"/>
        <line num="26" count="28" type="stmt"/>
        <line num="27" count="28" type="stmt"/>
        <line num="28" count="27" type="stmt"/>
        <line num="29" count="27" type="stmt"/>
        <line num="30" count="27" type="stmt"/>
        <line num="32" count="27" type="stmt"/>
        <line num="34" count="2" type="stmt"/>
        <line num="39" count="27" type="stmt"/>
        <line num="40" count="27" type="stmt"/>
        <line num="91" count="8" type="stmt"/>
        <line num="105" count="8" type="stmt"/>
        <line num="107" count="1" type="stmt"/>
        <line num="119" count="27" type="stmt"/>
        <line num="120" count="1" type="stmt"/>
        <line num="123" count="27" type="stmt"/>
        <line num="124" count="9" type="stmt"/>
        <line num="126" count="9" type="stmt"/>
        <line num="127" count="10" type="stmt"/>
        <line num="137" count="9" type="stmt"/>
        <line num="140" count="27" type="stmt"/>
        <line num="141" count="6" type="stmt"/>
        <line num="144" count="27" type="stmt"/>
        <line num="146" count="0" type="stmt"/>
        <line num="149" count="0" type="cond" truecount="0" falsecount="2"/>
        <line num="150" count="0" type="stmt"/>
        <line num="153" count="27" type="stmt"/>
        <line num="154" count="9" type="stmt"/>
        <line num="158" count="9" type="stmt"/>
        <line num="159" count="9" type="stmt"/>
        <line num="163" count="27" type="stmt"/>
        <line num="208" count="12" type="stmt"/>
      </file>
    </package>
    <package name="pages.Contracts.components.ContractCard">
      <metrics statements="3" coveredstatements="3" conditionals="0" coveredconditionals="0" methods="2" coveredmethods="2"/>
      <file name="ContractCard.tsx" path="C:\dev\portal-Consignado\src\pages\Contracts\components\ContractCard\ContractCard.tsx">
        <metrics statements="3" coveredstatements="3" conditionals="0" coveredconditionals="0" methods="2" coveredmethods="2"/>
        <line num="8" count="1" type="stmt"/>
        <line num="9" count="12" type="stmt"/>
        <line num="42" count="1" type="stmt"/>
      </file>
    </package>
    <package name="pages.FAQ">
      <metrics statements="6" coveredstatements="0" conditionals="4" coveredconditionals="0" methods="4" coveredmethods="0"/>
      <file name="index.tsx" path="C:\dev\portal-Consignado\src\pages\FAQ\index.tsx">
        <metrics statements="6" coveredstatements="0" conditionals="4" coveredconditionals="0" methods="4" coveredmethods="0"/>
        <line num="13" count="0" type="stmt"/>
        <line num="14" count="0" type="stmt"/>
        <line num="17" count="0" type="stmt"/>
        <line num="18" count="0" type="cond" truecount="0" falsecount="2"/>
        <line num="21" count="0" type="stmt"/>
        <line num="36" count="0" type="stmt"/>
      </file>
    </package>
    <package name="pages.ForgotPassword">
      <metrics statements="25" coveredstatements="0" conditionals="11" coveredconditionals="0" methods="6" coveredmethods="0"/>
      <file name="index.tsx" path="C:\dev\portal-Consignado\src\pages\ForgotPassword\index.tsx">
        <metrics statements="25" coveredstatements="0" conditionals="11" coveredconditionals="0" methods="6" coveredmethods="0"/>
        <line num="30" count="0" type="stmt"/>
        <line num="31" count="0" type="stmt"/>
        <line num="32" count="0" type="stmt"/>
        <line num="33" count="0" type="stmt"/>
        <line num="34" count="0" type="stmt"/>
        <line num="35" count="0" type="stmt"/>
        <line num="36" count="0" type="stmt"/>
        <line num="38" count="0" type="cond" truecount="0" falsecount="1"/>
        <line num="39" count="0" type="stmt"/>
        <line num="40" count="0" type="stmt"/>
        <line num="42" count="0" type="stmt"/>
        <line num="44" count="0" type="cond" truecount="0" falsecount="2"/>
        <line num="46" count="0" type="stmt"/>
        <line num="48" count="0" type="cond" truecount="0" falsecount="2"/>
        <line num="49" count="0" type="stmt"/>
        <line num="51" count="0" type="stmt"/>
        <line num="55" count="0" type="stmt"/>
        <line num="56" count="0" type="cond" truecount="0" falsecount="2"/>
        <line num="59" count="0" type="stmt"/>
        <line num="60" count="0" type="stmt"/>
        <line num="61" count="0" type="stmt"/>
        <line num="64" count="0" type="stmt"/>
        <line num="65" count="0" type="stmt"/>
        <line num="68" count="0" type="stmt"/>
        <line num="73" count="0" type="stmt"/>
      </file>
    </package>
    <package name="pages.LoggedArea">
      <metrics statements="11" coveredstatements="11" conditionals="4" coveredconditionals="4" methods="4" coveredmethods="4"/>
      <file name="index.tsx" path="C:\dev\portal-Consignado\src\pages\LoggedArea\index.tsx">
        <metrics statements="11" coveredstatements="11" conditionals="4" coveredconditionals="4" methods="4" coveredmethods="4"/>
        <line num="19" count="1" type="stmt"/>
        <line num="21" count="13" type="stmt"/>
        <line num="22" count="12" type="stmt"/>
        <line num="23" count="12" type="stmt"/>
        <line num="25" count="12" type="stmt"/>
        <line num="26" count="6" type="stmt"/>
        <line num="30" count="12" type="stmt"/>
        <line num="31" count="8" type="cond" truecount="4" falsecount="0"/>
        <line num="32" count="7" type="stmt"/>
        <line num="33" count="7" type="stmt"/>
        <line num="38" count="12" type="stmt"/>
      </file>
    </package>
    <package name="pages.LoggedArea.components.CardMarginAvailable">
      <metrics statements="7" coveredstatements="6" conditionals="4" coveredconditionals="2" methods="2" coveredmethods="2"/>
      <file name="CardMarginAvailable.tsx" path="C:\dev\portal-Consignado\src\pages\LoggedArea\components\CardMarginAvailable\CardMarginAvailable.tsx">
        <metrics statements="7" coveredstatements="6" conditionals="4" coveredconditionals="2" methods="2" coveredmethods="2"/>
        <line num="12" count="1" type="stmt"/>
        <line num="13" count="6" type="stmt"/>
        <line num="15" count="6" type="stmt"/>
        <line num="16" count="6" type="cond" truecount="1" falsecount="1"/>
        <line num="17" count="6" type="stmt"/>
        <line num="19" count="0" type="stmt"/>
        <line num="22" count="6" type="stmt"/>
      </file>
      <file name="index.tsx" path="C:\dev\portal-Consignado\src\pages\LoggedArea\components\CardMarginAvailable\index.tsx">
        <metrics statements="0" coveredstatements="0" conditionals="0" coveredconditionals="0" methods="0" coveredmethods="0"/>
      </file>
    </package>
    <package name="pages.LoggedArea.components.CardSimulateLoan">
      <metrics statements="21" coveredstatements="21" conditionals="12" coveredconditionals="8" methods="7" coveredmethods="7"/>
      <file name="CardSimulateLoan.tsx" path="C:\dev\portal-Consignado\src\pages\LoggedArea\components\CardSimulateLoan\CardSimulateLoan.tsx">
        <metrics statements="21" coveredstatements="21" conditionals="12" coveredconditionals="8" methods="7" coveredmethods="7"/>
        <line num="12" count="1" type="stmt"/>
        <line num="14" count="1" type="stmt"/>
        <line num="15" count="21" type="stmt"/>
        <line num="16" count="20" type="stmt"/>
        <line num="18" count="20" type="stmt"/>
        <line num="22" count="20" type="stmt"/>
        <line num="24" count="2" type="stmt"/>
        <line num="29" count="20" type="stmt"/>
        <line num="30" count="1" type="stmt"/>
        <line num="38" count="1" type="stmt"/>
        <line num="39" count="1" type="stmt"/>
        <line num="40" count="1" type="stmt"/>
        <line num="44" count="20" type="stmt"/>
        <line num="45" count="6" type="stmt"/>
        <line num="49" count="20" type="stmt"/>
        <line num="50" count="6" type="cond" truecount="1" falsecount="1"/>
        <line num="54" count="20" type="stmt"/>
        <line num="55" count="6" type="cond" truecount="1" falsecount="1"/>
        <line num="59" count="20" type="stmt"/>
        <line num="60" count="6" type="stmt"/>
        <line num="65" count="20" type="stmt"/>
      </file>
      <file name="index.tsx" path="C:\dev\portal-Consignado\src\pages\LoggedArea\components\CardSimulateLoan\index.tsx">
        <metrics statements="0" coveredstatements="0" conditionals="0" coveredconditionals="0" methods="0" coveredmethods="0"/>
      </file>
    </package>
    <package name="pages.LoggedArea.components.CreditUnderAnalysis">
      <metrics statements="15" coveredstatements="14" conditionals="10" coveredconditionals="8" methods="6" coveredmethods="6"/>
      <file name="CreditUnderAnalysis.tsx" path="C:\dev\portal-Consignado\src\pages\LoggedArea\components\CreditUnderAnalysis\CreditUnderAnalysis.tsx">
        <metrics statements="15" coveredstatements="14" conditionals="10" coveredconditionals="8" methods="6" coveredmethods="6"/>
        <line num="11" count="1" type="stmt"/>
        <line num="12" count="19" type="stmt"/>
        <line num="13" count="18" type="stmt"/>
        <line num="15" count="18" type="stmt"/>
        <line num="16" count="6" type="stmt"/>
        <line num="53" count="18" type="stmt"/>
        <line num="54" count="1" type="stmt"/>
        <line num="55" count="1" type="cond" truecount="1" falsecount="1"/>
        <line num="59" count="0" type="stmt"/>
        <line num="61" count="1" type="stmt"/>
        <line num="65" count="18" type="stmt"/>
        <line num="66" count="6" type="stmt"/>
        <line num="67" count="6" type="stmt"/>
        <line num="71" count="18" type="cond" truecount="6" falsecount="0"/>
        <line num="76" count="1" type="stmt"/>
      </file>
    </package>
    <package name="pages.LoggedArea.components.ModalSimulateLoan">
      <metrics statements="4" coveredstatements="4" conditionals="0" coveredconditionals="0" methods="1" coveredmethods="1"/>
      <file name="ModalSimulateLoan.tsx" path="C:\dev\portal-Consignado\src\pages\LoggedArea\components\ModalSimulateLoan\ModalSimulateLoan.tsx">
        <metrics statements="4" coveredstatements="4" conditionals="0" coveredconditionals="0" methods="1" coveredmethods="1"/>
        <line num="7" count="2" type="stmt"/>
        <line num="8" count="29" type="stmt"/>
        <line num="9" count="29" type="stmt"/>
        <line num="11" count="29" type="stmt"/>
      </file>
      <file name="index.tsx" path="C:\dev\portal-Consignado\src\pages\LoggedArea\components\ModalSimulateLoan\index.tsx">
        <metrics statements="0" coveredstatements="0" conditionals="0" coveredconditionals="0" methods="0" coveredmethods="0"/>
      </file>
    </package>
    <package name="pages.LoggedArea.components.ModalSimulateLoan.context">
      <metrics statements="8" coveredstatements="8" conditionals="0" coveredconditionals="0" methods="4" coveredmethods="4"/>
      <file name="index.tsx" path="C:\dev\portal-Consignado\src\pages\LoggedArea\components\ModalSimulateLoan\context\index.tsx">
        <metrics statements="8" coveredstatements="8" conditionals="0" coveredconditionals="0" methods="4" coveredmethods="4"/>
        <line num="11" count="2" type="stmt"/>
        <line num="15" count="2" type="stmt"/>
        <line num="16" count="33" type="stmt"/>
        <line num="18" count="29" type="stmt"/>
        <line num="20" count="29" type="stmt"/>
        <line num="21" count="2" type="stmt"/>
        <line num="24" count="29" type="stmt"/>
        <line num="31" count="106" type="stmt"/>
      </file>
    </package>
    <package name="pages.Login">
      <metrics statements="2" coveredstatements="2" conditionals="0" coveredconditionals="0" methods="1" coveredmethods="1"/>
      <file name="index.tsx" path="C:\dev\portal-Consignado\src\pages\Login\index.tsx">
        <metrics statements="2" coveredstatements="2" conditionals="0" coveredconditionals="0" methods="1" coveredmethods="1"/>
        <line num="17" count="1" type="stmt"/>
        <line num="20" count="1" type="stmt"/>
      </file>
    </package>
    <package name="pages.Login.components.Form">
      <metrics statements="29" coveredstatements="24" conditionals="14" coveredconditionals="7" methods="10" coveredmethods="8"/>
      <file name="Form.tsx" path="C:\dev\portal-Consignado\src\pages\Login\components\Form\Form.tsx">
        <metrics statements="29" coveredstatements="24" conditionals="14" coveredconditionals="7" methods="10" coveredmethods="8"/>
        <line num="17" count="1" type="stmt"/>
        <line num="18" count="1" type="stmt"/>
        <line num="19" count="1" type="stmt"/>
        <line num="27" count="1" type="stmt"/>
        <line num="28" count="1" type="stmt"/>
        <line num="29" count="1" type="stmt"/>
        <line num="31" count="1" type="stmt"/>
        <line num="36" count="1" type="stmt"/>
        <line num="37" count="0" type="stmt"/>
        <line num="41" count="1" type="stmt"/>
        <line num="42" count="1" type="cond" truecount="1" falsecount="1"/>
        <line num="46" count="1" type="stmt"/>
        <line num="47" count="1" type="cond" truecount="1" falsecount="1"/>
        <line num="51" count="1" type="stmt"/>
        <line num="52" count="1" type="cond" truecount="1" falsecount="1"/>
        <line num="54" count="0" type="stmt"/>
        <line num="56" count="0" type="stmt"/>
        <line num="59" count="1" type="stmt"/>
        <line num="61" count="1" type="stmt"/>
        <line num="63" count="1" type="cond" truecount="1" falsecount="1"/>
        <line num="65" count="0" type="stmt"/>
        <line num="66" count="0" type="stmt"/>
        <line num="71" count="1" type="stmt"/>
        <line num="72" count="1" type="cond" truecount="2" falsecount="2"/>
        <line num="73" count="1" type="stmt"/>
        <line num="74" count="1" type="stmt"/>
        <line num="78" count="1" type="stmt"/>
        <line num="79" count="1" type="cond" truecount="1" falsecount="1"/>
        <line num="82" count="1" type="stmt"/>
      </file>
      <file name="index.tsx" path="C:\dev\portal-Consignado\src\pages\Login\components\Form\index.tsx">
        <metrics statements="0" coveredstatements="0" conditionals="0" coveredconditionals="0" methods="0" coveredmethods="0"/>
      </file>
    </package>
    <package name="pages.Login.components.ModalLogin">
      <metrics statements="4" coveredstatements="4" conditionals="0" coveredconditionals="0" methods="1" coveredmethods="1"/>
      <file name="ModalLogin.tsx" path="C:\dev\portal-Consignado\src\pages\Login\components\ModalLogin\ModalLogin.tsx">
        <metrics statements="4" coveredstatements="4" conditionals="0" coveredconditionals="0" methods="1" coveredmethods="1"/>
        <line num="10" count="1" type="stmt"/>
        <line num="11" count="1" type="stmt"/>
        <line num="12" count="1" type="stmt"/>
        <line num="14" count="1" type="stmt"/>
      </file>
      <file name="index.tsx" path="C:\dev\portal-Consignado\src\pages\Login\components\ModalLogin\index.tsx">
        <metrics statements="0" coveredstatements="0" conditionals="0" coveredconditionals="0" methods="0" coveredmethods="0"/>
      </file>
    </package>
[...]
        <line num="30" count="125" type="stmt"/>
        <line num="31" count="125" type="stmt"/>
        <line num="48" count="125" type="stmt"/>
        <line num="49" count="3" type="stmt"/>
        <line num="51" count="3" type="stmt"/>
        <line num="54" count="125" type="stmt"/>
        <line num="55" count="4" type="stmt"/>
        <line num="57" count="4" type="stmt"/>
        <line num="67" count="125" type="stmt"/>
        <line num="68" count="10" type="cond" truecount="0" falsecount="1"/>
        <line num="69" count="10" type="stmt"/>
        <line num="70" count="10" type="stmt"/>
        <line num="78" count="125" type="stmt"/>
        <line num="79" count="13" type="stmt"/>
        <line num="83" count="125" type="stmt"/>
        <line num="84" count="26" type="stmt"/>
        <line num="90" count="125" type="stmt"/>
      </file>
    </package>
    <package name="pages.Registration.components.BirthDateForm">
      <metrics statements="2" coveredstatements="2" conditionals="0" coveredconditionals="0" methods="1" coveredmethods="1"/>
      <file name="BirthDateForm.tsx" path="C:\dev\portal-Consignado\src\pages\Registration\components\BirthDateForm\BirthDateForm.tsx">
        <metrics statements="2" coveredstatements="2" conditionals="0" coveredconditionals="0" methods="1" coveredmethods="1"/>
        <line num="12" count="2" type="stmt"/>
        <line num="13" count="77" type="stmt"/>
      </file>
    </package>
    <package name="pages.Registration.components.CNPJForm">
      <metrics statements="2" coveredstatements="2" conditionals="0" coveredconditionals="0" methods="1" coveredmethods="1"/>
      <file name="CNPJForm.tsx" path="C:\dev\portal-Consignado\src\pages\Registration\components\CNPJForm\CNPJForm.tsx">
        <metrics statements="2" coveredstatements="2" conditionals="0" coveredconditionals="0" methods="1" coveredmethods="1"/>
        <line num="12" count="2" type="stmt"/>
        <line num="13" count="77" type="stmt"/>
      </file>
    </package>
    <package name="pages.Registration.components.CPFForm">
      <metrics statements="2" coveredstatements="2" conditionals="0" coveredconditionals="0" methods="1" coveredmethods="1"/>
      <file name="CPFForm.tsx" path="C:\dev\portal-Consignado\src\pages\Registration\components\CPFForm\CPFForm.tsx">
        <metrics statements="2" coveredstatements="2" conditionals="0" coveredconditionals="0" methods="1" coveredmethods="1"/>
        <line num="12" count="2" type="stmt"/>
        <line num="13" count="77" type="stmt"/>
      </file>
    </package>
    <package name="pages.Registration.components.CompleteNameForm">
      <metrics statements="2" coveredstatements="2" conditionals="0" coveredconditionals="0" methods="1" coveredmethods="1"/>
      <file name="CompleteNameForm.tsx" path="C:\dev\portal-Consignado\src\pages\Registration\components\CompleteNameForm\CompleteNameForm.tsx">
        <metrics statements="2" coveredstatements="2" conditionals="0" coveredconditionals="0" methods="1" coveredmethods="1"/>
        <line num="12" count="2" type="stmt"/>
        <line num="13" count="75" type="stmt"/>
      </file>
    </package>
    <package name="pages.Registration.components.ContinueButton">
      <metrics statements="4" coveredstatements="4" conditionals="2" coveredconditionals="2" methods="2" coveredmethods="2"/>
      <file name="ContinueButton.tsx" path="C:\dev\portal-Consignado\src\pages\Registration\components\ContinueButton\ContinueButton.tsx">
        <metrics statements="4" coveredstatements="4" conditionals="2" coveredconditionals="2" methods="2" coveredmethods="2"/>
        <line num="8" count="8" type="stmt"/>
        <line num="12" count="1074" type="stmt"/>
        <line num="13" count="1074" type="cond" truecount="2" falsecount="0"/>
        <line num="15" count="1074" type="stmt"/>
      </file>
    </package>
    <package name="pages.Registration.components.EmailForm">
      <metrics statements="2" coveredstatements="2" conditionals="0" coveredconditionals="0" methods="1" coveredmethods="1"/>
      <file name="EmailForm.tsx" path="C:\dev\portal-Consignado\src\pages\Registration\components\EmailForm\EmailForm.tsx">
        <metrics statements="2" coveredstatements="2" conditionals="0" coveredconditionals="0" methods="1" coveredmethods="1"/>
        <line num="12" count="2" type="stmt"/>
        <line num="13" count="78" type="stmt"/>
      </file>
    </package>
    <package name="pages.Registration.components.PasswordForm">
      <metrics statements="2" coveredstatements="2" conditionals="0" coveredconditionals="0" methods="1" coveredmethods="1"/>
      <file name="PasswordForm.tsx" path="C:\dev\portal-Consignado\src\pages\Registration\components\PasswordForm\PasswordForm.tsx">
        <metrics statements="2" coveredstatements="2" conditionals="0" coveredconditionals="0" methods="1" coveredmethods="1"/>
        <line num="12" count="2" type="stmt"/>
        <line num="13" count="78" type="stmt"/>
      </file>
    </package>
    <package name="pages.Registration.components.PhoneNumberForm">
      <metrics statements="2" coveredstatements="2" conditionals="0" coveredconditionals="0" methods="1" coveredmethods="1"/>
      <file name="PhoneNumberForm.tsx" path="C:\dev\portal-Consignado\src\pages\Registration\components\PhoneNumberForm\PhoneNumberForm.tsx">
        <metrics statements="2" coveredstatements="2" conditionals="0" coveredconditionals="0" methods="1" coveredmethods="1"/>
        <line num="12" count="2" type="stmt"/>
        <line num="13" count="76" type="stmt"/>
      </file>
    </package>
    <package name="pages.Registration.components.StepSmallTitle">
      <metrics statements="2" coveredstatements="2" conditionals="0" coveredconditionals="0" methods="1" coveredmethods="1"/>
      <file name="StepSmallTitle.tsx" path="C:\dev\portal-Consignado\src\pages\Registration\components\StepSmallTitle\StepSmallTitle.tsx">
        <metrics statements="2" coveredstatements="2" conditionals="0" coveredconditionals="0" methods="1" coveredmethods="1"/>
        <line num="5" count="7" type="stmt"/>
        <line num="6" count="461" type="stmt"/>
      </file>
    </package>
    <package name="pages.Registration.components.StepTile">
      <metrics statements="2" coveredstatements="2" conditionals="0" coveredconditionals="0" methods="1" coveredmethods="1"/>
      <file name="StepTitle.tsx" path="C:\dev\portal-Consignado\src\pages\Registration\components\StepTile\StepTitle.tsx">
        <metrics statements="2" coveredstatements="2" conditionals="0" coveredconditionals="0" methods="1" coveredmethods="1"/>
        <line num="5" count="2" type="stmt"/>
        <line num="6" count="77" type="stmt"/>
      </file>
      <file name="index.tsx" path="C:\dev\portal-Consignado\src\pages\Registration\components\StepTile\index.tsx">
        <metrics statements="0" coveredstatements="0" conditionals="0" coveredconditionals="0" methods="0" coveredmethods="0"/>
      </file>
    </package>
    <package name="pages.ResetPassword">
      <metrics statements="25" coveredstatements="23" conditionals="6" coveredconditionals="6" methods="3" coveredmethods="2"/>
      <file name="index.tsx" path="C:\dev\portal-Consignado\src\pages\ResetPassword\index.tsx">
        <metrics statements="25" coveredstatements="23" conditionals="6" coveredconditionals="6" methods="3" coveredmethods="2"/>
        <line num="31" count="1" type="stmt"/>
        <line num="32" count="16" type="stmt"/>
        <line num="34" count="16" type="stmt"/>
        <line num="35" count="16" type="stmt"/>
        <line num="37" count="16" type="stmt"/>
        <line num="38" count="16" type="stmt"/>
        <line num="39" count="16" type="stmt"/>
        <line num="40" count="16" type="stmt"/>
        <line num="41" count="16" type="stmt"/>
        <line num="43" count="16" type="stmt"/>
        <line num="44" count="3" type="cond" truecount="2" falsecount="0"/>
        <line num="45" count="1" type="stmt"/>
        <line num="46" count="1" type="stmt"/>
        <line num="49" count="2" type="stmt"/>
        <line num="50" count="2" type="stmt"/>
        <line num="52" count="2" type="stmt"/>
        <line num="53" count="1" type="stmt"/>
        <line num="55" count="1" type="stmt"/>
        <line num="56" count="1" type="cond" truecount="2" falsecount="0"/>
        <line num="57" count="1" type="stmt"/>
        <line num="59" count="2" type="stmt"/>
        <line num="63" count="16" type="stmt"/>
        <line num="64" count="0" type="stmt"/>
        <line num="65" count="0" type="stmt"/>
        <line num="68" count="16" type="stmt"/>
      </file>
    </package>
    <package name="pages.SimulateLoan">
      <metrics statements="91" coveredstatements="83" conditionals="44" coveredconditionals="33" methods="24" coveredmethods="21"/>
      <file name="index.tsx" path="C:\dev\portal-Consignado\src\pages\SimulateLoan\index.tsx">
        <metrics statements="91" coveredstatements="83" conditionals="44" coveredconditionals="33" methods="24" coveredmethods="21"/>
        <line num="37" count="1" type="stmt"/>
        <line num="39" count="66" type="stmt"/>
        <line num="40" count="66" type="stmt"/>
        <line num="41" count="65" type="stmt"/>
        <line num="42" count="65" type="stmt"/>
        <line num="43" count="65" type="stmt"/>
        <line num="44" count="65" type="stmt"/>
        <line num="45" count="65" type="stmt"/>
        <line num="46" count="65" type="stmt"/>
        <line num="47" count="65" type="stmt"/>
        <line num="48" count="65" type="stmt"/>
        <line num="49" count="65" type="stmt"/>
        <line num="50" count="65" type="stmt"/>
        <line num="51" count="65" type="stmt"/>
        <line num="53" count="65" type="stmt"/>
        <line num="54" count="65" type="cond" truecount="2" falsecount="0"/>
        <line num="55" count="2" type="stmt"/>
        <line num="59" count="65" type="stmt"/>
        <line num="60" count="11" type="cond" truecount="1" falsecount="1"/>
        <line num="61" count="0" type="stmt"/>
        <line num="64" count="11" type="stmt"/>
        <line num="72" count="11" type="stmt"/>
        <line num="75" count="65" type="stmt"/>
        <line num="76" count="14" type="cond" truecount="4" falsecount="0"/>
        <line num="77" count="1" type="stmt"/>
        <line num="78" count="1" type="stmt"/>
        <line num="80" count="14" type="stmt"/>
        <line num="81" count="14" type="stmt"/>
        <line num="86" count="65" type="stmt"/>
        <line num="88" count="65" type="stmt"/>
        <line num="89" count="11" type="stmt"/>
        <line num="126" count="65" type="stmt"/>
        <line num="127" count="2" type="stmt"/>
        <line num="130" count="65" type="stmt"/>
        <line num="131" count="3" type="cond" truecount="1" falsecount="1"/>
        <line num="132" count="0" type="stmt"/>
        <line num="133" count="0" type="stmt"/>
        <line num="135" count="0" type="stmt"/>
        <line num="136" count="0" type="stmt"/>
        <line num="138" count="3" type="stmt"/>
        <line num="139" count="3" type="stmt"/>
        <line num="143" count="65" type="stmt"/>
        <line num="144" count="6" type="stmt"/>
        <line num="145" count="6" type="stmt"/>
        <line num="147" count="6" type="stmt"/>
        <line num="153" count="4" type="stmt"/>
        <line num="155" count="2" type="stmt"/>
        <line num="156" count="2" type="stmt"/>
        <line num="160" count="2" type="cond" truecount="3" falsecount="1"/>
        <line num="161" count="2" type="stmt"/>
        <line num="164" count="6" type="stmt"/>
        <line num="168" count="65" type="stmt"/>
        <line num="171" count="6" type="cond" truecount="1" falsecount="1"/>
        <line num="173" count="6" type="stmt"/>
        <line num="174" count="6" type="stmt"/>
        <line num="177" count="65" type="stmt"/>
        <line num="178" count="4" type="cond" truecount="1" falsecount="1"/>
        <line num="180" count="4" type="stmt"/>
        <line num="181" count="4" type="stmt"/>
        <line num="183" count="4" type="stmt"/>
        <line num="189" count="2" type="stmt"/>
        <line num="191" count="2" type="stmt"/>
        <line num="192" count="2" type="cond" truecount="1" falsecount="1"/>
        <line num="194" count="2" type="cond" truecount="3" falsecount="1"/>
        <line num="195" count="2" type="stmt"/>
        <line num="198" count="4" type="stmt"/>
        <line num="202" count="65" type="stmt"/>
        <line num="203" count="3" type="stmt"/>
        <line num="204" count="3" type="stmt"/>
        <line num="207" count="65" type="stmt"/>
        <line num="208" count="19" type="cond" truecount="2" falsecount="0"/>
        <line num="209" count="4" type="stmt"/>
        <line num="211" count="15" type="stmt"/>
        <line num="214" count="65" type="stmt"/>
        <line num="215" count="28" type="cond" truecount="2" falsecount="0"/>
        <line num="217" count="21" type="stmt"/>
        <line num="220" count="65" type="stmt"/>
        <line num="221" count="37" type="cond" truecount="2" falsecount="0"/>
        <line num="222" count="4" type="stmt"/>
        <line num="225" count="33" type="stmt"/>
        <line num="228" count="65" type="stmt"/>
        <line num="229" count="37" type="cond" truecount="2" falsecount="0"/>
        <line num="230" count="33" type="stmt"/>
        <line num="231" count="24" type="stmt"/>
        <line num="240" count="4" type="stmt"/>
        <line num="243" count="65" type="stmt"/>
        <line num="244" count="0" type="cond" truecount="0" falsecount="4"/>
        <line num="245" count="0" type="stmt"/>
        <line num="248" count="0" type="stmt"/>
        <line num="251" count="65" type="stmt"/>
        <line num="286" count="3" type="stmt"/>
      </file>
    </package>
    <package name="pages.SimulateLoan.components.CardSimulateLoan">
      <metrics statements="11" coveredstatements="11" conditionals="0" coveredconditionals="0" methods="3" coveredmethods="3"/>
      <file name="CardSimulateLoan.tsx" path="C:\dev\portal-Consignado\src\pages\SimulateLoan\components\CardSimulateLoan\CardSimulateLoan.tsx">
        <metrics statements="11" coveredstatements="11" conditionals="0" coveredconditionals="0" methods="3" coveredmethods="3"/>
        <line num="11" count="1" type="stmt"/>
        <line num="17" count="65" type="stmt"/>
        <line num="19" count="65" type="stmt"/>
        <line num="21" count="65" type="stmt"/>
        <line num="23" count="1" type="stmt"/>
        <line num="24" count="1" type="stmt"/>
        <line num="30" count="65" type="stmt"/>
        <line num="31" count="1" type="stmt"/>
        <line num="39" count="1" type="stmt"/>
        <line num="40" count="1" type="stmt"/>
        <line num="45" count="65" type="stmt"/>
      </file>
      <file name="index.tsx" path="C:\dev\portal-Consignado\src\pages\SimulateLoan\components\CardSimulateLoan\index.tsx">
        <metrics statements="0" coveredstatements="0" conditionals="0" coveredconditionals="0" methods="0" coveredmethods="0"/>
      </file>
    </package>
    <package name="pages.SimulateLoan.components.InstallmentCard">
      <metrics statements="3" coveredstatements="3" conditionals="2" coveredconditionals="2" methods="2" coveredmethods="2"/>
      <file name="InstallmentCard.tsx" path="C:\dev\portal-Consignado\src\pages\SimulateLoan\components\InstallmentCard\InstallmentCard.tsx">
        <metrics statements="3" coveredstatements="3" conditionals="2" coveredconditionals="2" methods="2" coveredmethods="2"/>
        <line num="7" count="1" type="stmt"/>
        <line num="12" count="24" type="stmt"/>
        <line num="30" count="3" type="stmt"/>
      </file>
    </package>
    <package name="pages.SimulateLoan.components.LoanDetails">
      <metrics statements="2" coveredstatements="2" conditionals="0" coveredconditionals="0" methods="1" coveredmethods="1"/>
      <file name="LoanDetails.tsx" path="C:\dev\portal-Consignado\src\pages\SimulateLoan\components\LoanDetails\LoanDetails.tsx">
        <metrics statements="2" coveredstatements="2" conditionals="0" coveredconditionals="0" methods="1" coveredmethods="1"/>
        <line num="5" count="1" type="stmt"/>
        <line num="6" count="102" type="stmt"/>
      </file>
      <file name="index.tsx" path="C:\dev\portal-Consignado\src\pages\SimulateLoan\components\LoanDetails\index.tsx">
        <metrics statements="0" coveredstatements="0" conditionals="0" coveredconditionals="0" methods="0" coveredmethods="0"/>
      </file>
    </package>
    <package name="utils">
      <metrics statements="31" coveredstatements="31" conditionals="4" coveredconditionals="3" methods="6" coveredmethods="6"/>
      <file name="document.ts" path="C:\dev\portal-Consignado\src\utils\document.ts">
        <metrics statements="1" coveredstatements="1" conditionals="1" coveredconditionals="0" methods="1" coveredmethods="1"/>
        <line num="4" count="76" type="stmt"/>
      </file>
      <file name="formatDate.ts" path="C:\dev\portal-Consignado\src\utils\formatDate.ts">
        <metrics statements="2" coveredstatements="2" conditionals="2" coveredconditionals="2" methods="1" coveredmethods="1"/>
        <line num="2" count="67" type="cond" truecount="2" falsecount="0"/>
        <line num="4" count="44" type="stmt"/>
      </file>
      <file name="formatValue.ts" path="C:\dev\portal-Consignado\src\utils\formatValue.ts">
        <metrics statements="2" coveredstatements="2" conditionals="1" coveredconditionals="1" methods="1" coveredmethods="1"/>
        <line num="2" count="223" type="stmt"/>
        <line num="7" count="223" type="stmt"/>
      </file>
      <file name="generateRandom.ts" path="C:\dev\portal-Consignado\src\utils\generateRandom.ts">
        <metrics statements="3" coveredstatements="3" conditionals="0" coveredconditionals="0" methods="1" coveredmethods="1"/>
        <line num="2" count="2" type="stmt"/>
        <line num="4" count="2" type="stmt"/>
        <line num="6" count="2" type="stmt"/>
      </file>
      <file name="getVersion.ts" path="C:\dev\portal-Consignado\src\utils\getVersion.ts">
        <metrics statements="0" coveredstatements="0" conditionals="0" coveredconditionals="0" methods="0" coveredmethods="0"/>
      </file>
      <file name="routing.ts" path="C:\dev\portal-Consignado\src\utils\routing.ts">
        <metrics statements="13" coveredstatements="13" conditionals="0" coveredconditionals="0" methods="0" coveredmethods="0"/>
        <line num="2" count="12" type="stmt"/>
        <line num="4" count="12" type="stmt"/>
        <line num="6" count="12" type="stmt"/>
        <line num="8" count="12" type="stmt"/>
        <line num="10" count="12" type="stmt"/>
        <line num="12" count="12" type="stmt"/>
        <line num="14" count="12" type="stmt"/>
        <line num="16" count="12" type="stmt"/>
        <line num="18" count="12" type="stmt"/>
        <line num="20" count="12" type="stmt"/>
        <line num="22" count="12" type="stmt"/>
        <line num="24" count="12" type="stmt"/>
        <line num="26" count="12" type="stmt"/>
      </file>
      <file name="storage.ts" path="C:\dev\portal-Consignado\src\utils\storage.ts">
        <metrics statements="10" coveredstatements="10" conditionals="0" coveredconditionals="0" methods="2" coveredmethods="2"/>
        <line num="1" count="15" type="stmt"/>
        <line num="3" count="15" type="stmt"/>
        <line num="5" count="15" type="stmt"/>
        <line num="7" count="15" type="stmt"/>
        <line num="9" count="15" type="stmt"/>
        <line num="11" count="15" type="stmt"/>
        <line num="13" count="15" type="stmt"/>
        <line num="21" count="15" type="stmt"/>
        <line num="22" count="2" type="stmt"/>
        <line num="23" count="10" type="stmt"/>
      </file>
    </package>
  </project>
</coverage>
