{"C:\\dev\\portal-Consignado\\src\\components\\AcceptCookies\\AcceptCookies.tsx": {"path":"C:\\dev\\portal-Consignado\\src\\components\\AcceptCookies\\AcceptCookies.tsx","statementMap":{"0":{"start":{"line":13,"column":32},"end":{"line":42,"column":1}},"1":{"start":{"line":14,"column":48},"end":{"line":18,"column":4}},"2":{"start":{"line":15,"column":21},"end":{"line":15,"column":59}},"3":{"start":{"line":17,"column":4},"end":{"line":17,"column":22}},"4":{"start":{"line":20,"column":27},"end":{"line":23,"column":3}},"5":{"start":{"line":21,"column":4},"end":{"line":21,"column":51}},"6":{"start":{"line":22,"column":4},"end":{"line":22,"column":29}},"7":{"start":{"line":25,"column":2},"end":{"line":41,"column":8}}},"fnMap":{"0":{"name":"(anonymous_0)","decl":{"start":{"line":13,"column":32},"end":{"line":13,"column":33}},"loc":{"start":{"line":13,"column":38},"end":{"line":42,"column":1}},"line":13},"1":{"name":"(anonymous_1)","decl":{"start":{"line":14,"column":66},"end":{"line":14,"column":67}},"loc":{"start":{"line":14,"column":72},"end":{"line":18,"column":3}},"line":14},"2":{"name":"(anonymous_2)","decl":{"start":{"line":20,"column":27},"end":{"line":20,"column":28}},"loc":{"start":{"line":20,"column":33},"end":{"line":23,"column":3}},"line":20}},"branchMap":{"0":{"loc":{"start":{"line":25,"column":9},"end":{"line":41,"column":7}},"type":"cond-expr","locations":[{"start":{"line":26,"column":6},"end":{"line":26,"column":10}},{"start":{"line":27,"column":6},"end":{"line":41,"column":7}}],"line":25}},"s":{"0":0,"1":0,"2":0,"3":0,"4":0,"5":0,"6":0,"7":0},"f":{"0":0,"1":0,"2":0},"b":{"0":[0,0]}}
,"C:\\dev\\portal-Consignado\\src\\components\\Autocomplete\\Autocomplete.tsx": {"path":"C:\\dev\\portal-Consignado\\src\\components\\Autocomplete\\Autocomplete.tsx","statementMap":{"0":{"start":{"line":12,"column":50},"end":{"line":90,"column":1}},"1":{"start":{"line":22,"column":35},"end":{"line":25,"column":6}},"2":{"start":{"line":27,"column":40},"end":{"line":27,"column":74}},"3":{"start":{"line":29,"column":26},"end":{"line":33,"column":6}},"4":{"start":{"line":31,"column":41},"end":{"line":31,"column":52}},"5":{"start":{"line":35,"column":25},"end":{"line":39,"column":5}},"6":{"start":{"line":36,"column":6},"end":{"line":38,"column":12}},"7":{"start":{"line":41,"column":25},"end":{"line":46,"column":5}},"8":{"start":{"line":43,"column":8},"end":{"line":43,"column":47}},"9":{"start":{"line":48,"column":4},"end":{"line":53,"column":31}},"10":{"start":{"line":49,"column":26},"end":{"line":49,"column":78}},"11":{"start":{"line":49,"column":49},"end":{"line":49,"column":77}},"12":{"start":{"line":51,"column":6},"end":{"line":52,"column":36}},"13":{"start":{"line":51,"column":23},"end":{"line":51,"column":50}},"14":{"start":{"line":52,"column":11},"end":{"line":52,"column":36}},"15":{"start":{"line":55,"column":4},"end":{"line":88,"column":6}},"16":{"start":{"line":63,"column":50},"end":{"line":63,"column":61}},"17":{"start":{"line":71,"column":12},"end":{"line":84,"column":14}},"18":{"start":{"line":77,"column":29},"end":{"line":77,"column":30}}},"fnMap":{"0":{"name":"(anonymous_0)","decl":{"start":{"line":13,"column":2},"end":{"line":13,"column":3}},"loc":{"start":{"line":21,"column":8},"end":{"line":89,"column":3}},"line":21},"1":{"name":"(anonymous_1)","decl":{"start":{"line":31,"column":17},"end":{"line":31,"column":18}},"loc":{"start":{"line":31,"column":41},"end":{"line":31,"column":52}},"line":31},"2":{"name":"(anonymous_2)","decl":{"start":{"line":35,"column":25},"end":{"line":35,"column":26}},"loc":{"start":{"line":36,"column":6},"end":{"line":38,"column":12}},"line":36},"3":{"name":"(anonymous_3)","decl":{"start":{"line":42,"column":6},"end":{"line":42,"column":7}},"loc":{"start":{"line":42,"column":47},"end":{"line":44,"column":7}},"line":42},"4":{"name":"(anonymous_4)","decl":{"start":{"line":48,"column":14},"end":{"line":48,"column":15}},"loc":{"start":{"line":48,"column":20},"end":{"line":53,"column":5}},"line":48},"5":{"name":"(anonymous_5)","decl":{"start":{"line":49,"column":39},"end":{"line":49,"column":40}},"loc":{"start":{"line":49,"column":49},"end":{"line":49,"column":77}},"line":49},"6":{"name":"(anonymous_6)","decl":{"start":{"line":63,"column":26},"end":{"line":63,"column":27}},"loc":{"start":{"line":63,"column":50},"end":{"line":63,"column":61}},"line":63},"7":{"name":"(anonymous_7)","decl":{"start":{"line":70,"column":23},"end":{"line":70,"column":24}},"loc":{"start":{"line":71,"column":12},"end":{"line":84,"column":14}},"line":71},"8":{"name":"(anonymous_8)","decl":{"start":{"line":77,"column":24},"end":{"line":77,"column":25}},"loc":{"start":{"line":77,"column":29},"end":{"line":77,"column":30}},"line":77}},"branchMap":{"0":{"loc":{"start":{"line":51,"column":6},"end":{"line":52,"column":36}},"type":"if","locations":[{"start":{"line":51,"column":6},"end":{"line":52,"column":36}},{"start":{"line":51,"column":6},"end":{"line":52,"column":36}}],"line":51},"1":{"loc":{"start":{"line":57,"column":31},"end":{"line":57,"column":59}},"type":"binary-expr","locations":[{"start":{"line":57,"column":31},"end":{"line":57,"column":43}},{"start":{"line":57,"column":47},"end":{"line":57,"column":59}}],"line":57},"2":{"loc":{"start":{"line":66,"column":17},"end":{"line":66,"column":43}},"type":"binary-expr","locations":[{"start":{"line":66,"column":17},"end":{"line":66,"column":27}},{"start":{"line":66,"column":31},"end":{"line":66,"column":43}}],"line":66},"3":{"loc":{"start":{"line":75,"column":21},"end":{"line":75,"column":49}},"type":"binary-expr","locations":[{"start":{"line":75,"column":21},"end":{"line":75,"column":33}},{"start":{"line":75,"column":37},"end":{"line":75,"column":49}}],"line":75},"4":{"loc":{"start":{"line":76,"column":26},"end":{"line":76,"column":63}},"type":"cond-expr","locations":[{"start":{"line":76,"column":41},"end":{"line":76,"column":51}},{"start":{"line":76,"column":54},"end":{"line":76,"column":63}}],"line":76}},"s":{"0":3,"1":259,"2":259,"3":259,"4":16,"5":259,"6":16,"7":259,"8":4,"9":259,"10":25,"11":15,"12":25,"13":5,"14":20,"15":259,"16":548,"17":264,"18":4},"f":{"0":259,"1":16,"2":16,"3":4,"4":25,"5":15,"6":548,"7":264,"8":4},"b":{"0":[5,20],"1":[259,53],"2":[259,184],"3":[264,56],"4":[73,191]},"_coverageSchema":"1a1c01bbd47fc00a2c39e90264f33305004495a9","hash":"00c374a91b6da67e27e90344674dbcbfd58fd34f"}
,"C:\\dev\\portal-Consignado\\src\\components\\Autocomplete\\index.tsx": {"path":"C:\\dev\\portal-Consignado\\src\\components\\Autocomplete\\index.tsx","statementMap":{},"fnMap":{},"branchMap":{},"s":{},"f":{},"b":{},"_coverageSchema":"1a1c01bbd47fc00a2c39e90264f33305004495a9","hash":"65e635c2d89be4844ad0c5df80da8a8e28f36f2b"}
,"C:\\dev\\portal-Consignado\\src\\components\\Buttons\\Button\\Button.tsx": {"path":"C:\\dev\\portal-Consignado\\src\\components\\Buttons\\Button\\Button.tsx","statementMap":{"0":{"start":{"line":6,"column":15},"end":{"line":22,"column":1}},"1":{"start":{"line":8,"column":34},"end":{"line":8,"column":39}},"2":{"start":{"line":10,"column":4},"end":{"line":20,"column":6}},"3":{"start":{"line":24,"column":0},"end":{"line":24,"column":30}}},"fnMap":{"0":{"name":"(anonymous_0)","decl":{"start":{"line":7,"column":45},"end":{"line":7,"column":46}},"loc":{"start":{"line":7,"column":61},"end":{"line":21,"column":3}},"line":7}},"branchMap":{},"s":{"0":21,"1":1564,"2":1564,"3":21},"f":{"0":1564},"b":{},"_coverageSchema":"1a1c01bbd47fc00a2c39e90264f33305004495a9","hash":"f9528143ac28d944315d482f9e9f01f72497addf"}
,"C:\\dev\\portal-Consignado\\src\\components\\Buttons\\Button\\index.tsx": {"path":"C:\\dev\\portal-Consignado\\src\\components\\Buttons\\Button\\index.tsx","statementMap":{},"fnMap":{},"branchMap":{},"s":{},"f":{},"b":{},"_coverageSchema":"1a1c01bbd47fc00a2c39e90264f33305004495a9","hash":"14c789c36ce3dc3b31b2724713e216d41d861bc6"}
,"C:\\dev\\portal-Consignado\\src\\components\\Buttons\\SubmitButton\\SubmitButton.tsx": {"path":"C:\\dev\\portal-Consignado\\src\\components\\Buttons\\SubmitButton\\SubmitButton.tsx","statementMap":{"0":{"start":{"line":7,"column":21},"end":{"line":30,"column":1}},"1":{"start":{"line":10,"column":26},"end":{"line":10,"column":44}},"2":{"start":{"line":11,"column":25},"end":{"line":14,"column":7}},"3":{"start":{"line":12,"column":14},"end":{"line":12,"column":34}},"4":{"start":{"line":16,"column":6},"end":{"line":27,"column":8}}},"fnMap":{"0":{"name":"(anonymous_0)","decl":{"start":{"line":9,"column":4},"end":{"line":9,"column":5}},"loc":{"start":{"line":9,"column":46},"end":{"line":28,"column":5}},"line":9},"1":{"name":"(anonymous_1)","decl":{"start":{"line":12,"column":8},"end":{"line":12,"column":9}},"loc":{"start":{"line":12,"column":14},"end":{"line":12,"column":34}},"line":12}},"branchMap":{"0":{"loc":{"start":{"line":12,"column":14},"end":{"line":12,"column":34}},"type":"binary-expr","locations":[{"start":{"line":12,"column":14},"end":{"line":12,"column":22}},{"start":{"line":12,"column":26},"end":{"line":12,"column":34}}],"line":12}},"s":{"0":2,"1":94,"2":94,"3":25,"4":94},"f":{"0":94,"1":25},"b":{"0":[25,17]},"_coverageSchema":"1a1c01bbd47fc00a2c39e90264f33305004495a9","hash":"c880a556eb8112f3f79c0270b3741954d7a60877"}
,"C:\\dev\\portal-Consignado\\src\\components\\Buttons\\SubmitButton\\index.tsx": {"path":"C:\\dev\\portal-Consignado\\src\\components\\Buttons\\SubmitButton\\index.tsx","statementMap":{},"fnMap":{},"branchMap":{},"s":{},"f":{},"b":{},"_coverageSchema":"1a1c01bbd47fc00a2c39e90264f33305004495a9","hash":"8a0b29b1b4a3eab8e82c5bee0c30ef0131e5a2f2"}
,"C:\\dev\\portal-Consignado\\src\\components\\Card\\Card.tsx": {"path":"C:\\dev\\portal-Consignado\\src\\components\\Card\\Card.tsx","statementMap":{"0":{"start":{"line":5,"column":17},"end":{"line":9,"column":2}},"1":{"start":{"line":6,"column":23},"end":{"line":6,"column":28}},"2":{"start":{"line":8,"column":2},"end":{"line":8,"column":57}}},"fnMap":{"0":{"name":"(anonymous_0)","decl":{"start":{"line":5,"column":22},"end":{"line":5,"column":23}},"loc":{"start":{"line":5,"column":31},"end":{"line":9,"column":1}},"line":5}},"branchMap":{},"s":{"0":1,"1":1,"2":1},"f":{"0":1},"b":{},"_coverageSchema":"1a1c01bbd47fc00a2c39e90264f33305004495a9","hash":"e1672f721c036ef2c6bc5d07f1c918ce0a014b02"}
,"C:\\dev\\portal-Consignado\\src\\components\\Card\\index.tsx": {"path":"C:\\dev\\portal-Consignado\\src\\components\\Card\\index.tsx","statementMap":{},"fnMap":{},"branchMap":{},"s":{},"f":{},"b":{},"_coverageSchema":"1a1c01bbd47fc00a2c39e90264f33305004495a9","hash":"44fbaaefa1742105bc821899cbafb96b97da02c8"}
,"C:\\dev\\portal-Consignado\\src\\components\\CardWithCloseIcon\\CardWithCloseIcon.tsx": {"path":"C:\\dev\\portal-Consignado\\src\\components\\CardWithCloseIcon\\CardWithCloseIcon.tsx","statementMap":{"0":{"start":{"line":7,"column":60},"end":{"line":17,"column":1}},"1":{"start":{"line":11,"column":2},"end":{"line":16,"column":21}}},"fnMap":{"0":{"name":"(anonymous_0)","decl":{"start":{"line":7,"column":60},"end":{"line":7,"column":61}},"loc":{"start":{"line":11,"column":2},"end":{"line":16,"column":21}},"line":11}},"branchMap":{},"s":{"0":1,"1":6},"f":{"0":6},"b":{},"_coverageSchema":"1a1c01bbd47fc00a2c39e90264f33305004495a9","hash":"7a114f3c06481064564de13ea5bcd161c02f25cc"}
,"C:\\dev\\portal-Consignado\\src\\components\\CardWithCloseIcon\\index.tsx": {"path":"C:\\dev\\portal-Consignado\\src\\components\\CardWithCloseIcon\\index.tsx","statementMap":{},"fnMap":{},"branchMap":{},"s":{},"f":{},"b":{},"_coverageSchema":"1a1c01bbd47fc00a2c39e90264f33305004495a9","hash":"4f9e6c1ca2e267543e6e0abd3aa28deefb77e598"}
,"C:\\dev\\portal-Consignado\\src\\components\\DatePicker\\DatePicker.tsx": {"path":"C:\\dev\\portal-Consignado\\src\\components\\DatePicker\\DatePicker.tsx","statementMap":{"0":{"start":{"line":9,"column":19},"end":{"line":66,"column":1}},"1":{"start":{"line":11,"column":35},"end":{"line":14,"column":6}},"2":{"start":{"line":16,"column":19},"end":{"line":32,"column":53}},"3":{"start":{"line":17,"column":6},"end":{"line":22,"column":7}},"4":{"start":{"line":18,"column":8},"end":{"line":21,"column":10}},"5":{"start":{"line":24,"column":6},"end":{"line":29,"column":7}},"6":{"start":{"line":25,"column":8},"end":{"line":28,"column":10}},"7":{"start":{"line":31,"column":6},"end":{"line":31,"column":16}},"8":{"start":{"line":34,"column":4},"end":{"line":64,"column":6}},"9":{"start":{"line":37,"column":21},"end":{"line":37,"column":24}},"10":{"start":{"line":40,"column":29},"end":{"line":40,"column":60}},"11":{"start":{"line":50,"column":12},"end":{"line":60,"column":14}}},"fnMap":{"0":{"name":"(anonymous_0)","decl":{"start":{"line":10,"column":2},"end":{"line":10,"column":3}},"loc":{"start":{"line":10,"column":46},"end":{"line":65,"column":3}},"line":10},"1":{"name":"(anonymous_1)","decl":{"start":{"line":16,"column":27},"end":{"line":16,"column":28}},"loc":{"start":{"line":16,"column":33},"end":{"line":32,"column":5}},"line":16},"2":{"name":"(anonymous_2)","decl":{"start":{"line":37,"column":15},"end":{"line":37,"column":16}},"loc":{"start":{"line":37,"column":21},"end":{"line":37,"column":24}},"line":37},"3":{"name":"(anonymous_3)","decl":{"start":{"line":40,"column":20},"end":{"line":40,"column":21}},"loc":{"start":{"line":40,"column":29},"end":{"line":40,"column":60}},"line":40},"4":{"name":"(anonymous_4)","decl":{"start":{"line":49,"column":23},"end":{"line":49,"column":24}},"loc":{"start":{"line":50,"column":12},"end":{"line":60,"column":14}},"line":50}},"branchMap":{"0":{"loc":{"start":{"line":10,"column":12},"end":{"line":10,"column":25}},"type":"default-arg","locations":[{"start":{"line":10,"column":19},"end":{"line":10,"column":25}}],"line":10},"1":{"loc":{"start":{"line":17,"column":6},"end":{"line":22,"column":7}},"type":"if","locations":[{"start":{"line":17,"column":6},"end":{"line":22,"column":7}},{"start":{"line":17,"column":6},"end":{"line":22,"column":7}}],"line":17},"2":{"loc":{"start":{"line":24,"column":6},"end":{"line":29,"column":7}},"type":"if","locations":[{"start":{"line":24,"column":6},"end":{"line":29,"column":7}},{"start":{"line":24,"column":6},"end":{"line":29,"column":7}}],"line":24},"3":{"loc":{"start":{"line":24,"column":10},"end":{"line":24,"column":36}},"type":"binary-expr","locations":[{"start":{"line":24,"column":10},"end":{"line":24,"column":20}},{"start":{"line":24,"column":24},"end":{"line":24,"column":36}}],"line":24},"4":{"loc":{"start":{"line":39,"column":17},"end":{"line":39,"column":36}},"type":"binary-expr","locations":[{"start":{"line":39,"column":17},"end":{"line":39,"column":28}},{"start":{"line":39,"column":32},"end":{"line":39,"column":36}}],"line":39}},"s":{"0":2,"1":154,"2":154,"3":36,"4":0,"5":36,"6":11,"7":25,"8":154,"9":308,"10":0,"11":154},"f":{"0":154,"1":36,"2":308,"3":0,"4":154},"b":{"0":[0],"1":[0,36],"2":[11,25],"3":[36,16],"4":[154,68]},"_coverageSchema":"1a1c01bbd47fc00a2c39e90264f33305004495a9","hash":"066390e6df491d676ca462df3f385da5228dab69"}
,"C:\\dev\\portal-Consignado\\src\\components\\Error500\\Error500.tsx": {"path":"C:\\dev\\portal-Consignado\\src\\components\\Error500\\Error500.tsx","statementMap":{"0":{"start":{"line":5,"column":27},"end":{"line":10,"column":1}},"1":{"start":{"line":6,"column":2},"end":{"line":9,"column":21}}},"fnMap":{"0":{"name":"(anonymous_0)","decl":{"start":{"line":5,"column":27},"end":{"line":5,"column":28}},"loc":{"start":{"line":6,"column":2},"end":{"line":9,"column":21}},"line":6}},"branchMap":{},"s":{"0":1,"1":5},"f":{"0":5},"b":{},"_coverageSchema":"1a1c01bbd47fc00a2c39e90264f33305004495a9","hash":"a7be1ee74c6509757ae2d7499ac15790bc269a46"}
,"C:\\dev\\portal-Consignado\\src\\components\\Error500\\index.tsx": {"path":"C:\\dev\\portal-Consignado\\src\\components\\Error500\\index.tsx","statementMap":{},"fnMap":{},"branchMap":{},"s":{},"f":{},"b":{},"_coverageSchema":"1a1c01bbd47fc00a2c39e90264f33305004495a9","hash":"785b163e3ff5a5abbb2a5633d7c6ecb62634a08a"}
,"C:\\dev\\portal-Consignado\\src\\components\\Formik\\Formik.tsx": {"path":"C:\\dev\\portal-Consignado\\src\\components\\Formik\\Formik.tsx","statementMap":{"0":{"start":{"line":18,"column":47},"end":{"line":18,"column":52}},"1":{"start":{"line":20,"column":18},"end":{"line":20,"column":58}},"2":{"start":{"line":22,"column":2},"end":{"line":26,"column":9}},"3":{"start":{"line":23,"column":4},"end":{"line":25,"column":5}},"4":{"start":{"line":24,"column":6},"end":{"line":24,"column":37}},"5":{"start":{"line":28,"column":2},"end":{"line":34,"column":4}}},"fnMap":{"0":{"name":"Formik","decl":{"start":{"line":17,"column":16},"end":{"line":17,"column":22}},"loc":{"start":{"line":17,"column":53},"end":{"line":35,"column":1}},"line":17},"1":{"name":"(anonymous_1)","decl":{"start":{"line":22,"column":12},"end":{"line":22,"column":13}},"loc":{"start":{"line":22,"column":18},"end":{"line":26,"column":3}},"line":22}},"branchMap":{"0":{"loc":{"start":{"line":18,"column":10},"end":{"line":18,"column":23}},"type":"default-arg","locations":[{"start":{"line":18,"column":17},"end":{"line":18,"column":23}}],"line":18},"1":{"loc":{"start":{"line":23,"column":4},"end":{"line":25,"column":5}},"type":"if","locations":[{"start":{"line":23,"column":4},"end":{"line":25,"column":5}},{"start":{"line":23,"column":4},"end":{"line":25,"column":5}}],"line":23}},"s":{"0":820,"1":814,"2":814,"3":116,"4":105,"5":814},"f":{"0":820,"1":116},"b":{"0":[194],"1":[105,11]},"_coverageSchema":"1a1c01bbd47fc00a2c39e90264f33305004495a9","hash":"d47aac2baeecb171eaa97f2a5339fa1de83fd1ba"}
,"C:\\dev\\portal-Consignado\\src\\components\\Formik\\index.tsx": {"path":"C:\\dev\\portal-Consignado\\src\\components\\Formik\\index.tsx","statementMap":{},"fnMap":{},"branchMap":{},"s":{},"f":{},"b":{},"_coverageSchema":"1a1c01bbd47fc00a2c39e90264f33305004495a9","hash":"8a02928d7ae099e5f46c256315e106265348bb40"}
,"C:\\dev\\portal-Consignado\\src\\components\\Inputs\\Input\\Input.tsx": {"path":"C:\\dev\\portal-Consignado\\src\\components\\Inputs\\Input\\Input.tsx","statementMap":{"0":{"start":{"line":10,"column":14},"end":{"line":132,"column":1}},"1":{"start":{"line":27,"column":8},"end":{"line":27,"column":13}},"2":{"start":{"line":29,"column":35},"end":{"line":35,"column":6}},"3":{"start":{"line":37,"column":23},"end":{"line":49,"column":5}},"4":{"start":{"line":39,"column":8},"end":{"line":39,"column":28}},"5":{"start":{"line":40,"column":8},"end":{"line":42,"column":9}},"6":{"start":{"line":41,"column":10},"end":{"line":41,"column":24}},"7":{"start":{"line":44,"column":8},"end":{"line":46,"column":9}},"8":{"start":{"line":45,"column":10},"end":{"line":45,"column":53}},"9":{"start":{"line":51,"column":19},"end":{"line":67,"column":53}},"10":{"start":{"line":52,"column":6},"end":{"line":57,"column":7}},"11":{"start":{"line":53,"column":8},"end":{"line":56,"column":10}},"12":{"start":{"line":59,"column":6},"end":{"line":64,"column":7}},"13":{"start":{"line":60,"column":8},"end":{"line":63,"column":10}},"14":{"start":{"line":66,"column":6},"end":{"line":66,"column":16}},"15":{"start":{"line":69,"column":4},"end":{"line":72,"column":16}},"16":{"start":{"line":70,"column":6},"end":{"line":70,"column":61}},"17":{"start":{"line":70,"column":31},"end":{"line":70,"column":61}},"18":{"start":{"line":74,"column":4},"end":{"line":130,"column":6}},"19":{"start":{"line":109,"column":14},"end":{"line":125,"column":16}}},"fnMap":{"0":{"name":"(anonymous_0)","decl":{"start":{"line":11,"column":43},"end":{"line":11,"column":44}},"loc":{"start":{"line":11,"column":59},"end":{"line":131,"column":3}},"line":11},"1":{"name":"(anonymous_1)","decl":{"start":{"line":38,"column":6},"end":{"line":38,"column":7}},"loc":{"start":{"line":38,"column":75},"end":{"line":47,"column":7}},"line":38},"2":{"name":"(anonymous_2)","decl":{"start":{"line":51,"column":27},"end":{"line":51,"column":28}},"loc":{"start":{"line":51,"column":33},"end":{"line":67,"column":5}},"line":51},"3":{"name":"(anonymous_3)","decl":{"start":{"line":69,"column":14},"end":{"line":69,"column":15}},"loc":{"start":{"line":69,"column":20},"end":{"line":72,"column":5}},"line":69},"4":{"name":"(anonymous_4)","decl":{"start":{"line":108,"column":13},"end":{"line":108,"column":14}},"loc":{"start":{"line":109,"column":14},"end":{"line":125,"column":16}},"line":109}},"branchMap":{"0":{"loc":{"start":{"line":18,"column":6},"end":{"line":18,"column":15}},"type":"default-arg","locations":[{"start":{"line":18,"column":13},"end":{"line":18,"column":15}}],"line":18},"1":{"loc":{"start":{"line":40,"column":8},"end":{"line":42,"column":9}},"type":"if","locations":[{"start":{"line":40,"column":8},"end":{"line":42,"column":9}},{"start":{"line":40,"column":8},"end":{"line":42,"column":9}}],"line":40},"2":{"loc":{"start":{"line":44,"column":8},"end":{"line":46,"column":9}},"type":"if","locations":[{"start":{"line":44,"column":8},"end":{"line":46,"column":9}},{"start":{"line":44,"column":8},"end":{"line":46,"column":9}}],"line":44},"3":{"loc":{"start":{"line":52,"column":6},"end":{"line":57,"column":7}},"type":"if","locations":[{"start":{"line":52,"column":6},"end":{"line":57,"column":7}},{"start":{"line":52,"column":6},"end":{"line":57,"column":7}}],"line":52},"4":{"loc":{"start":{"line":59,"column":6},"end":{"line":64,"column":7}},"type":"if","locations":[{"start":{"line":59,"column":6},"end":{"line":64,"column":7}},{"start":{"line":59,"column":6},"end":{"line":64,"column":7}}],"line":59},"5":{"loc":{"start":{"line":59,"column":10},"end":{"line":59,"column":36}},"type":"binary-expr","locations":[{"start":{"line":59,"column":10},"end":{"line":59,"column":20}},{"start":{"line":59,"column":24},"end":{"line":59,"column":36}}],"line":59},"6":{"loc":{"start":{"line":70,"column":6},"end":{"line":70,"column":61}},"type":"if","locations":[{"start":{"line":70,"column":6},"end":{"line":70,"column":61}},{"start":{"line":70,"column":6},"end":{"line":70,"column":61}}],"line":70},"7":{"loc":{"start":{"line":77,"column":9},"end":{"line":128,"column":9}},"type":"cond-expr","locations":[{"start":{"line":78,"column":10},"end":{"line":95,"column":12}},{"start":{"line":97,"column":10},"end":{"line":127,"column":22}}],"line":77}},"s":{"0":13,"1":4649,"2":4648,"3":4648,"4":12,"5":12,"6":0,"7":12,"8":9,"9":4648,"10":672,"11":0,"12":672,"13":124,"14":548,"15":4648,"16":251,"17":3,"18":4648,"19":4628},"f":{"0":4649,"1":12,"2":672,"3":251,"4":4628},"b":{"0":[3921],"1":[0,12],"2":[9,3],"3":[0,672],"4":[124,548],"5":[672,183],"6":[3,248],"7":[20,4628]},"_coverageSchema":"1a1c01bbd47fc00a2c39e90264f33305004495a9","hash":"eb4a3fa9927d97aed9c2aecacefc0f1bda356b83"}
,"C:\\dev\\portal-Consignado\\src\\components\\Inputs\\Input\\index.tsx": {"path":"C:\\dev\\portal-Consignado\\src\\components\\Inputs\\Input\\index.tsx","statementMap":{},"fnMap":{},"branchMap":{},"s":{},"f":{},"b":{},"_coverageSchema":"1a1c01bbd47fc00a2c39e90264f33305004495a9","hash":"da2ceeee50f966375e539bd026b2ebdc209f6185"}
,"C:\\dev\\portal-Consignado\\src\\components\\Interceptors\\Interceptors.tsx": {"path":"C:\\dev\\portal-Consignado\\src\\components\\Interceptors\\Interceptors.tsx","statementMap":{"0":{"start":{"line":4,"column":31},"end":{"line":8,"column":1}},"1":{"start":{"line":5,"column":2},"end":{"line":5,"column":20}},"2":{"start":{"line":7,"column":2},"end":{"line":7,"column":14}}},"fnMap":{"0":{"name":"(anonymous_0)","decl":{"start":{"line":4,"column":31},"end":{"line":4,"column":32}},"loc":{"start":{"line":4,"column":37},"end":{"line":8,"column":1}},"line":4}},"branchMap":{},"s":{"0":1,"1":17,"2":17},"f":{"0":17},"b":{},"_coverageSchema":"1a1c01bbd47fc00a2c39e90264f33305004495a9","hash":"d1f4d8163d4fe0eff0508503afd6a0d39c9311c4"}
,"C:\\dev\\portal-Consignado\\src\\components\\Layout\\Layout.tsx": {"path":"C:\\dev\\portal-Consignado\\src\\components\\Layout\\Layout.tsx","statementMap":{"0":{"start":{"line":23,"column":38},"end":{"line":181,"column":1}},"1":{"start":{"line":24,"column":18},"end":{"line":24,"column":30}},"2":{"start":{"line":25,"column":34},"end":{"line":25,"column":49}},"3":{"start":{"line":26,"column":61},"end":{"line":26,"column":78}},"4":{"start":{"line":28,"column":27},"end":{"line":28,"column":37}},"5":{"start":{"line":29,"column":39},"end":{"line":29,"column":48}},"6":{"start":{"line":31,"column":30},"end":{"line":35,"column":3}},"7":{"start":{"line":32,"column":4},"end":{"line":32,"column":19}},"8":{"start":{"line":33,"column":4},"end":{"line":33,"column":14}},"9":{"start":{"line":34,"column":4},"end":{"line":34,"column":36}},"10":{"start":{"line":37,"column":21},"end":{"line":39,"column":3}},"11":{"start":{"line":38,"column":4},"end":{"line":38,"column":33}},"12":{"start":{"line":38,"column":25},"end":{"line":38,"column":31}},"13":{"start":{"line":41,"column":28},"end":{"line":44,"column":3}},"14":{"start":{"line":42,"column":4},"end":{"line":42,"column":23}},"15":{"start":{"line":43,"column":4},"end":{"line":43,"column":13}},"16":{"start":{"line":46,"column":2},"end":{"line":180,"column":4}},"17":{"start":{"line":170,"column":29},"end":{"line":170,"column":37}}},"fnMap":{"0":{"name":"(anonymous_0)","decl":{"start":{"line":23,"column":38},"end":{"line":23,"column":39}},"loc":{"start":{"line":23,"column":73},"end":{"line":181,"column":1}},"line":23},"1":{"name":"(anonymous_1)","decl":{"start":{"line":31,"column":30},"end":{"line":31,"column":31}},"loc":{"start":{"line":31,"column":36},"end":{"line":35,"column":3}},"line":31},"2":{"name":"(anonymous_2)","decl":{"start":{"line":37,"column":21},"end":{"line":37,"column":22}},"loc":{"start":{"line":37,"column":27},"end":{"line":39,"column":3}},"line":37},"3":{"name":"(anonymous_3)","decl":{"start":{"line":38,"column":16},"end":{"line":38,"column":17}},"loc":{"start":{"line":38,"column":25},"end":{"line":38,"column":31}},"line":38},"4":{"name":"(anonymous_4)","decl":{"start":{"line":41,"column":28},"end":{"line":41,"column":29}},"loc":{"start":{"line":41,"column":34},"end":{"line":44,"column":3}},"line":41},"5":{"name":"(anonymous_5)","decl":{"start":{"line":170,"column":23},"end":{"line":170,"column":24}},"loc":{"start":{"line":170,"column":29},"end":{"line":170,"column":37}},"line":170}},"branchMap":{"0":{"loc":{"start":{"line":54,"column":11},"end":{"line":85,"column":11}},"type":"binary-expr","locations":[{"start":{"line":54,"column":11},"end":{"line":54,"column":26}},{"start":{"line":55,"column":12},"end":{"line":84,"column":15}}],"line":54},"1":{"loc":{"start":{"line":87,"column":11},"end":{"line":99,"column":11}},"type":"cond-expr","locations":[{"start":{"line":88,"column":12},"end":{"line":94,"column":19}},{"start":{"line":96,"column":12},"end":{"line":98,"column":32}}],"line":87},"2":{"loc":{"start":{"line":178,"column":7},"end":{"line":178,"column":42}},"type":"binary-expr","locations":[{"start":{"line":178,"column":7},"end":{"line":178,"column":22}},{"start":{"line":178,"column":26},"end":{"line":178,"column":42}}],"line":178}},"s":{"0":10,"1":282,"2":282,"3":282,"4":282,"5":282,"6":282,"7":1,"8":1,"9":1,"10":282,"11":0,"12":0,"13":282,"14":1,"15":1,"16":282,"17":0},"f":{"0":282,"1":1,"2":0,"3":0,"4":1,"5":0},"b":{"0":[282,4],"1":[278,4],"2":[282,4]},"_coverageSchema":"1a1c01bbd47fc00a2c39e90264f33305004495a9","hash":"36b96cecc1e213fbb6e198d5a331ba82cf224bb4"}
,"C:\\dev\\portal-Consignado\\src\\components\\Layout\\LeftMenu\\LeftMenu.tsx": {"path":"C:\\dev\\portal-Consignado\\src\\components\\Layout\\LeftMenu\\LeftMenu.tsx","statementMap":{"0":{"start":{"line":9,"column":36},"end":{"line":50,"column":1}},"1":{"start":{"line":10,"column":48},"end":{"line":10,"column":53}},"2":{"start":{"line":11,"column":23},"end":{"line":11,"column":36}},"3":{"start":{"line":13,"column":23},"end":{"line":16,"column":3}},"4":{"start":{"line":14,"column":4},"end":{"line":14,"column":21}},"5":{"start":{"line":15,"column":4},"end":{"line":15,"column":18}},"6":{"start":{"line":18,"column":2},"end":{"line":49,"column":4}}},"fnMap":{"0":{"name":"(anonymous_0)","decl":{"start":{"line":9,"column":36},"end":{"line":9,"column":37}},"loc":{"start":{"line":9,"column":45},"end":{"line":50,"column":1}},"line":9},"1":{"name":"(anonymous_1)","decl":{"start":{"line":13,"column":23},"end":{"line":13,"column":24}},"loc":{"start":{"line":13,"column":29},"end":{"line":16,"column":3}},"line":13}},"branchMap":{},"s":{"0":10,"1":294,"2":284,"3":284,"4":0,"5":0,"6":284},"f":{"0":294,"1":0},"b":{},"_coverageSchema":"1a1c01bbd47fc00a2c39e90264f33305004495a9","hash":"4419c19ba85fce2002d56130e243f0dffdb75e92"}
,"C:\\dev\\portal-Consignado\\src\\components\\Layout\\LeftMenu\\index.tsx": {"path":"C:\\dev\\portal-Consignado\\src\\components\\Layout\\LeftMenu\\index.tsx","statementMap":{},"fnMap":{},"branchMap":{},"s":{},"f":{},"b":{},"_coverageSchema":"1a1c01bbd47fc00a2c39e90264f33305004495a9","hash":"0226acc5dd934e16f472a434799d9a2574f06a86"}
,"C:\\dev\\portal-Consignado\\src\\components\\Modal\\Modal.tsx": {"path":"C:\\dev\\portal-Consignado\\src\\components\\Modal\\Modal.tsx","statementMap":{"0":{"start":{"line":7,"column":36},"end":{"line":28,"column":10}},"1":{"start":{"line":14,"column":2},"end":{"line":28,"column":10}},"2":{"start":{"line":20,"column":26},"end":{"line":20,"column":53}}},"fnMap":{"0":{"name":"(anonymous_0)","decl":{"start":{"line":7,"column":36},"end":{"line":7,"column":37}},"loc":{"start":{"line":14,"column":2},"end":{"line":28,"column":10}},"line":14},"1":{"name":"(anonymous_1)","decl":{"start":{"line":20,"column":21},"end":{"line":20,"column":22}},"loc":{"start":{"line":20,"column":26},"end":{"line":20,"column":53}},"line":20}},"branchMap":{"0":{"loc":{"start":{"line":10,"column":2},"end":{"line":10,"column":22}},"type":"default-arg","locations":[{"start":{"line":10,"column":18},"end":{"line":10,"column":22}}],"line":10},"1":{"loc":{"start":{"line":14,"column":2},"end":{"line":28,"column":10}},"type":"cond-expr","locations":[{"start":{"line":15,"column":4},"end":{"line":27,"column":19}},{"start":{"line":28,"column":6},"end":{"line":28,"column":10}}],"line":14},"2":{"loc":{"start":{"line":17,"column":9},"end":{"line":24,"column":9}},"type":"binary-expr","locations":[{"start":{"line":17,"column":9},"end":{"line":17,"column":22}},{"start":{"line":17,"column":26},"end":{"line":17,"column":33}},{"start":{"line":18,"column":10},"end":{"line":23,"column":31}}],"line":17}},"s":{"0":15,"1":1147,"2":0},"f":{"0":1147,"1":0},"b":{"0":[1147],"1":[85,1062],"2":[85,85,77]},"_coverageSchema":"1a1c01bbd47fc00a2c39e90264f33305004495a9","hash":"3d43c3cb81170dc98f84478abfb2d3bf148255b5"}
,"C:\\dev\\portal-Consignado\\src\\components\\ModalMessage\\ModalMessage.tsx": {"path":"C:\\dev\\portal-Consignado\\src\\components\\ModalMessage\\ModalMessage.tsx","statementMap":{"0":{"start":{"line":8,"column":50},"end":{"line":23,"column":1}},"1":{"start":{"line":16,"column":2},"end":{"line":22,"column":10}}},"fnMap":{"0":{"name":"(anonymous_0)","decl":{"start":{"line":8,"column":50},"end":{"line":8,"column":51}},"loc":{"start":{"line":16,"column":2},"end":{"line":22,"column":10}},"line":16}},"branchMap":{"0":{"loc":{"start":{"line":12,"column":2},"end":{"line":12,"column":17}},"type":"default-arg","locations":[{"start":{"line":12,"column":10},"end":{"line":12,"column":17}}],"line":12},"1":{"loc":{"start":{"line":13,"column":2},"end":{"line":13,"column":18}},"type":"default-arg","locations":[{"start":{"line":13,"column":11},"end":{"line":13,"column":18}}],"line":13},"2":{"loc":{"start":{"line":19,"column":7},"end":{"line":19,"column":52}},"type":"binary-expr","locations":[{"start":{"line":19,"column":7},"end":{"line":19,"column":12}},{"start":{"line":19,"column":16},"end":{"line":19,"column":52}}],"line":19},"3":{"loc":{"start":{"line":20,"column":7},"end":{"line":20,"column":48}},"type":"binary-expr","locations":[{"start":{"line":20,"column":7},"end":{"line":20,"column":11}},{"start":{"line":20,"column":15},"end":{"line":20,"column":48}}],"line":20}},"s":{"0":9,"1":407},"f":{"0":407},"b":{"0":[184],"1":[337],"2":[407,0],"3":[407,352]},"_coverageSchema":"1a1c01bbd47fc00a2c39e90264f33305004495a9","hash":"617955f9121708c58a312349c597d878ce65beec"}
,"C:\\dev\\portal-Consignado\\src\\components\\ModalMessage\\index.tsx": {"path":"C:\\dev\\portal-Consignado\\src\\components\\ModalMessage\\index.tsx","statementMap":{},"fnMap":{},"branchMap":{},"s":{},"f":{},"b":{},"_coverageSchema":"1a1c01bbd47fc00a2c39e90264f33305004495a9","hash":"a854b9fc2d5a304e61880a747bed30cdc8d26685"}
,"C:\\dev\\portal-Consignado\\src\\components\\NoDataTable\\NoDataTable.tsx": {"path":"C:\\dev\\portal-Consignado\\src\\components\\NoDataTable\\NoDataTable.tsx","statementMap":{"0":{"start":{"line":5,"column":30},"end":{"line":9,"column":1}},"1":{"start":{"line":6,"column":2},"end":{"line":8,"column":18}}},"fnMap":{"0":{"name":"(anonymous_0)","decl":{"start":{"line":5,"column":30},"end":{"line":5,"column":31}},"loc":{"start":{"line":6,"column":2},"end":{"line":8,"column":18}},"line":6}},"branchMap":{"0":{"loc":{"start":{"line":7,"column":5},"end":{"line":7,"column":41}},"type":"binary-expr","locations":[{"start":{"line":7,"column":5},"end":{"line":7,"column":13}},{"start":{"line":7,"column":17},"end":{"line":7,"column":41}}],"line":7}},"s":{"0":4,"1":11},"f":{"0":11},"b":{"0":[11,5]},"_coverageSchema":"1a1c01bbd47fc00a2c39e90264f33305004495a9","hash":"56e6e837909721179bce1da3b0ca7c5e34b0d685"}
,"C:\\dev\\portal-Consignado\\src\\components\\NoDataTable\\index.tsx": {"path":"C:\\dev\\portal-Consignado\\src\\components\\NoDataTable\\index.tsx","statementMap":{},"fnMap":{},"branchMap":{},"s":{},"f":{},"b":{},"_coverageSchema":"1a1c01bbd47fc00a2c39e90264f33305004495a9","hash":"2628be8a57dbe16a2b8764f2148f3d19f8736c42"}
,"C:\\dev\\portal-Consignado\\src\\components\\PasswordRules\\PasswordRules.tsx": {"path":"C:\\dev\\portal-Consignado\\src\\components\\PasswordRules\\PasswordRules.tsx","statementMap":{"0":{"start":{"line":6,"column":52},"end":{"line":16,"column":1}},"1":{"start":{"line":7,"column":2},"end":{"line":15,"column":21}}},"fnMap":{"0":{"name":"(anonymous_0)","decl":{"start":{"line":6,"column":52},"end":{"line":6,"column":53}},"loc":{"start":{"line":7,"column":2},"end":{"line":15,"column":21}},"line":7}},"branchMap":{},"s":{"0":4,"1":109},"f":{"0":109},"b":{},"_coverageSchema":"1a1c01bbd47fc00a2c39e90264f33305004495a9","hash":"a6619913321e6bf096f04f95d858d1e788293d9a"}
,"C:\\dev\\portal-Consignado\\src\\components\\RouteAccess\\RouteAccess.tsx": {"path":"C:\\dev\\portal-Consignado\\src\\components\\RouteAccess\\RouteAccess.tsx","statementMap":{"0":{"start":{"line":11,"column":42},"end":{"line":41,"column":2}},"1":{"start":{"line":12,"column":38},"end":{"line":12,"column":43}},"2":{"start":{"line":13,"column":48},"end":{"line":13,"column":57}},"3":{"start":{"line":14,"column":18},"end":{"line":14,"column":31}},"4":{"start":{"line":16,"column":2},"end":{"line":23,"column":25}},"5":{"start":{"line":17,"column":4},"end":{"line":19,"column":5}},"6":{"start":{"line":18,"column":6},"end":{"line":18,"column":29}},"7":{"start":{"line":20,"column":4},"end":{"line":22,"column":6}},"8":{"start":{"line":21,"column":6},"end":{"line":21,"column":30}},"9":{"start":{"line":25,"column":25},"end":{"line":31,"column":38}},"10":{"start":{"line":26,"column":4},"end":{"line":26,"column":79}},"11":{"start":{"line":26,"column":54},"end":{"line":26,"column":79}},"12":{"start":{"line":27,"column":4},"end":{"line":28,"column":36}},"13":{"start":{"line":28,"column":6},"end":{"line":28,"column":36}},"14":{"start":{"line":30,"column":4},"end":{"line":30,"column":16}},"15":{"start":{"line":33,"column":2},"end":{"line":33,"column":62}},"16":{"start":{"line":33,"column":22},"end":{"line":33,"column":62}},"17":{"start":{"line":35,"column":2},"end":{"line":40,"column":4}}},"fnMap":{"0":{"name":"(anonymous_0)","decl":{"start":{"line":11,"column":47},"end":{"line":11,"column":48}},"loc":{"start":{"line":11,"column":56},"end":{"line":41,"column":1}},"line":11},"1":{"name":"(anonymous_1)","decl":{"start":{"line":16,"column":12},"end":{"line":16,"column":13}},"loc":{"start":{"line":16,"column":18},"end":{"line":23,"column":3}},"line":16},"2":{"name":"(anonymous_2)","decl":{"start":{"line":20,"column":11},"end":{"line":20,"column":12}},"loc":{"start":{"line":20,"column":17},"end":{"line":22,"column":5}},"line":20},"3":{"name":"(anonymous_3)","decl":{"start":{"line":25,"column":33},"end":{"line":25,"column":34}},"loc":{"start":{"line":25,"column":39},"end":{"line":31,"column":3}},"line":25}},"branchMap":{"0":{"loc":{"start":{"line":17,"column":4},"end":{"line":19,"column":5}},"type":"if","locations":[{"start":{"line":17,"column":4},"end":{"line":19,"column":5}},{"start":{"line":17,"column":4},"end":{"line":19,"column":5}}],"line":17},"1":{"loc":{"start":{"line":26,"column":4},"end":{"line":26,"column":79}},"type":"if","locations":[{"start":{"line":26,"column":4},"end":{"line":26,"column":79}},{"start":{"line":26,"column":4},"end":{"line":26,"column":79}}],"line":26},"2":{"loc":{"start":{"line":26,"column":8},"end":{"line":26,"column":52}},"type":"binary-expr","locations":[{"start":{"line":26,"column":8},"end":{"line":26,"column":32}},{"start":{"line":26,"column":36},"end":{"line":26,"column":52}}],"line":26},"3":{"loc":{"start":{"line":27,"column":4},"end":{"line":28,"column":36}},"type":"if","locations":[{"start":{"line":27,"column":4},"end":{"line":28,"column":36}},{"start":{"line":27,"column":4},"end":{"line":28,"column":36}}],"line":27},"4":{"loc":{"start":{"line":27,"column":8},"end":{"line":27,"column":52}},"type":"binary-expr","locations":[{"start":{"line":27,"column":8},"end":{"line":27,"column":33}},{"start":{"line":27,"column":37},"end":{"line":27,"column":52}}],"line":27},"5":{"loc":{"start":{"line":33,"column":2},"end":{"line":33,"column":62}},"type":"if","locations":[{"start":{"line":33,"column":2},"end":{"line":33,"column":62}},{"start":{"line":33,"column":2},"end":{"line":33,"column":62}}],"line":33},"6":{"loc":{"start":{"line":38,"column":7},"end":{"line":38,"column":42}},"type":"binary-expr","locations":[{"start":{"line":38,"column":7},"end":{"line":38,"column":22}},{"start":{"line":38,"column":26},"end":{"line":38,"column":42}}],"line":38}},"s":{"0":0,"1":0,"2":0,"3":0,"4":0,"5":0,"6":0,"7":0,"8":0,"9":0,"10":0,"11":0,"12":0,"13":0,"14":0,"15":0,"16":0,"17":0},"f":{"0":0,"1":0,"2":0,"3":0},"b":{"0":[0,0],"1":[0,0],"2":[0,0],"3":[0,0],"4":[0,0],"5":[0,0],"6":[0,0]}}
,"C:\\dev\\portal-Consignado\\src\\components\\RouteAccess\\index.tsx": {"path":"C:\\dev\\portal-Consignado\\src\\components\\RouteAccess\\index.tsx","statementMap":{},"fnMap":{},"branchMap":{},"s":{},"f":{},"b":{}}
,"C:\\dev\\portal-Consignado\\src\\components\\Select\\Select.tsx": {"path":"C:\\dev\\portal-Consignado\\src\\components\\Select\\Select.tsx","statementMap":{"0":{"start":{"line":8,"column":32},"end":{"line":70,"column":1}},"1":{"start":{"line":10,"column":21},"end":{"line":10,"column":33}},"2":{"start":{"line":11,"column":35},"end":{"line":11,"column":68}},"3":{"start":{"line":13,"column":23},"end":{"line":21,"column":5}},"4":{"start":{"line":15,"column":8},"end":{"line":19,"column":10}},"5":{"start":{"line":16,"column":10},"end":{"line":18,"column":21}},"6":{"start":{"line":23,"column":25},"end":{"line":31,"column":5}},"7":{"start":{"line":25,"column":8},"end":{"line":25,"column":45}},"8":{"start":{"line":26,"column":8},"end":{"line":26,"column":30}},"9":{"start":{"line":28,"column":8},"end":{"line":28,"column":38}},"10":{"start":{"line":28,"column":22},"end":{"line":28,"column":38}},"11":{"start":{"line":33,"column":4},"end":{"line":36,"column":16}},"12":{"start":{"line":34,"column":6},"end":{"line":34,"column":61}},"13":{"start":{"line":34,"column":31},"end":{"line":34,"column":61}},"14":{"start":{"line":38,"column":4},"end":{"line":68,"column":6}}},"fnMap":{"0":{"name":"(anonymous_0)","decl":{"start":{"line":9,"column":2},"end":{"line":9,"column":3}},"loc":{"start":{"line":9,"column":58},"end":{"line":69,"column":3}},"line":9},"1":{"name":"(anonymous_1)","decl":{"start":{"line":14,"column":6},"end":{"line":14,"column":7}},"loc":{"start":{"line":15,"column":8},"end":{"line":19,"column":10}},"line":15},"2":{"name":"(anonymous_2)","decl":{"start":{"line":15,"column":20},"end":{"line":15,"column":21}},"loc":{"start":{"line":16,"column":10},"end":{"line":18,"column":21}},"line":16},"3":{"name":"(anonymous_3)","decl":{"start":{"line":24,"column":6},"end":{"line":24,"column":7}},"loc":{"start":{"line":24,"column":15},"end":{"line":29,"column":7}},"line":24},"4":{"name":"(anonymous_4)","decl":{"start":{"line":33,"column":14},"end":{"line":33,"column":15}},"loc":{"start":{"line":33,"column":20},"end":{"line":36,"column":5}},"line":33}},"branchMap":{"0":{"loc":{"start":{"line":28,"column":8},"end":{"line":28,"column":38}},"type":"if","locations":[{"start":{"line":28,"column":8},"end":{"line":28,"column":38}},{"start":{"line":28,"column":8},"end":{"line":28,"column":38}}],"line":28},"1":{"loc":{"start":{"line":34,"column":6},"end":{"line":34,"column":61}},"type":"if","locations":[{"start":{"line":34,"column":6},"end":{"line":34,"column":61}},{"start":{"line":34,"column":6},"end":{"line":34,"column":61}}],"line":34},"2":{"loc":{"start":{"line":40,"column":31},"end":{"line":40,"column":59}},"type":"binary-expr","locations":[{"start":{"line":40,"column":31},"end":{"line":40,"column":43}},{"start":{"line":40,"column":47},"end":{"line":40,"column":59}}],"line":40},"3":{"loc":{"start":{"line":59,"column":17},"end":{"line":59,"column":45}},"type":"binary-expr","locations":[{"start":{"line":59,"column":17},"end":{"line":59,"column":29}},{"start":{"line":59,"column":33},"end":{"line":59,"column":45}}],"line":59},"4":{"loc":{"start":{"line":60,"column":22},"end":{"line":60,"column":59}},"type":"cond-expr","locations":[{"start":{"line":60,"column":37},"end":{"line":60,"column":47}},{"start":{"line":60,"column":50},"end":{"line":60,"column":59}}],"line":60}},"s":{"0":3,"1":267,"2":267,"3":267,"4":12,"5":299,"6":267,"7":1,"8":1,"9":1,"10":1,"11":267,"12":12,"13":1,"14":267},"f":{"0":267,"1":12,"2":299,"3":1,"4":12},"b":{"0":[1,0],"1":[1,11],"2":[267,7],"3":[267,7],"4":[85,182]},"_coverageSchema":"1a1c01bbd47fc00a2c39e90264f33305004495a9","hash":"88a82243e698e949d22f6d51142e2a2f9a1c1753"}
,"C:\\dev\\portal-Consignado\\src\\components\\Select\\index.tsx": {"path":"C:\\dev\\portal-Consignado\\src\\components\\Select\\index.tsx","statementMap":{},"fnMap":{},"branchMap":{},"s":{},"f":{},"b":{}}
,"C:\\dev\\portal-Consignado\\src\\components\\SessionExpired\\SessionExpired.tsx": {"path":"C:\\dev\\portal-Consignado\\src\\components\\SessionExpired\\SessionExpired.tsx","statementMap":{"0":{"start":{"line":9,"column":33},"end":{"line":33,"column":1}},"1":{"start":{"line":10,"column":27},"end":{"line":13,"column":3}},"2":{"start":{"line":11,"column":4},"end":{"line":11,"column":19}},"3":{"start":{"line":12,"column":4},"end":{"line":12,"column":31}},"4":{"start":{"line":15,"column":2},"end":{"line":32,"column":4}}},"fnMap":{"0":{"name":"(anonymous_0)","decl":{"start":{"line":9,"column":33},"end":{"line":9,"column":34}},"loc":{"start":{"line":9,"column":39},"end":{"line":33,"column":1}},"line":9},"1":{"name":"(anonymous_1)","decl":{"start":{"line":10,"column":27},"end":{"line":10,"column":28}},"loc":{"start":{"line":10,"column":33},"end":{"line":13,"column":3}},"line":10}},"branchMap":{},"s":{"0":12,"1":5,"2":1,"3":1,"4":5},"f":{"0":5,"1":1},"b":{},"_coverageSchema":"1a1c01bbd47fc00a2c39e90264f33305004495a9","hash":"cffdfbc3034c80ddc4f25674e51d9691fb2e2a64"}
,"C:\\dev\\portal-Consignado\\src\\components\\SessionExpired\\index.tsx": {"path":"C:\\dev\\portal-Consignado\\src\\components\\SessionExpired\\index.tsx","statementMap":{},"fnMap":{},"branchMap":{},"s":{},"f":{},"b":{},"_coverageSchema":"1a1c01bbd47fc00a2c39e90264f33305004495a9","hash":"a3beabab02323bbc7bf45d7efe38a9c6bc069444"}
,"C:\\dev\\portal-Consignado\\src\\components\\SessionModal\\SessionModal.tsx": {"path":"C:\\dev\\portal-Consignado\\src\\components\\SessionModal\\SessionModal.tsx","statementMap":{"0":{"start":{"line":9,"column":24},"end":{"line":9,"column":30}},"1":{"start":{"line":11,"column":31},"end":{"line":30,"column":1}},"2":{"start":{"line":12,"column":26},"end":{"line":12,"column":38}},"3":{"start":{"line":13,"column":31},"end":{"line":13,"column":40}},"4":{"start":{"line":14,"column":15},"end":{"line":17,"column":3}},"5":{"start":{"line":15,"column":10},"end":{"line":15,"column":49}},"6":{"start":{"line":19,"column":19},"end":{"line":27,"column":3}},"7":{"start":{"line":20,"column":4},"end":{"line":24,"column":5}},"8":{"start":{"line":21,"column":6},"end":{"line":21,"column":25}},"9":{"start":{"line":23,"column":6},"end":{"line":23,"column":32}},"10":{"start":{"line":26,"column":4},"end":{"line":26,"column":16}},"11":{"start":{"line":29,"column":2},"end":{"line":29,"column":55}}},"fnMap":{"0":{"name":"(anonymous_0)","decl":{"start":{"line":11,"column":31},"end":{"line":11,"column":32}},"loc":{"start":{"line":11,"column":37},"end":{"line":30,"column":1}},"line":11},"1":{"name":"(anonymous_1)","decl":{"start":{"line":15,"column":4},"end":{"line":15,"column":5}},"loc":{"start":{"line":15,"column":10},"end":{"line":15,"column":49}},"line":15},"2":{"name":"(anonymous_2)","decl":{"start":{"line":19,"column":19},"end":{"line":19,"column":20}},"loc":{"start":{"line":19,"column":38},"end":{"line":27,"column":3}},"line":19}},"branchMap":{"0":{"loc":{"start":{"line":20,"column":4},"end":{"line":24,"column":5}},"type":"if","locations":[{"start":{"line":20,"column":4},"end":{"line":24,"column":5}},{"start":{"line":20,"column":4},"end":{"line":24,"column":5}}],"line":20}},"s":{"0":11,"1":11,"2":7,"3":7,"4":7,"5":6,"6":7,"7":13,"8":4,"9":4,"10":9,"11":7},"f":{"0":7,"1":6,"2":13},"b":{"0":[4,9]},"_coverageSchema":"1a1c01bbd47fc00a2c39e90264f33305004495a9","hash":"4056a140f62633122fb79a5006c7b0b035690ddb"}
,"C:\\dev\\portal-Consignado\\src\\components\\Slider\\Slider.tsx": {"path":"C:\\dev\\portal-Consignado\\src\\components\\Slider\\Slider.tsx","statementMap":{"0":{"start":{"line":8,"column":41},"end":{"line":28,"column":2}},"1":{"start":{"line":9,"column":22},"end":{"line":9,"column":27}},"2":{"start":{"line":16,"column":35},"end":{"line":16,"column":60}},"3":{"start":{"line":17,"column":4},"end":{"line":22,"column":6}},"4":{"start":{"line":25,"column":2},"end":{"line":27,"column":4}}},"fnMap":{"0":{"name":"(anonymous_0)","decl":{"start":{"line":8,"column":46},"end":{"line":8,"column":47}},"loc":{"start":{"line":8,"column":55},"end":{"line":28,"column":1}},"line":8},"1":{"name":"SliderThumbComponent","decl":{"start":{"line":13,"column":11},"end":{"line":13,"column":31}},"loc":{"start":{"line":15,"column":4},"end":{"line":23,"column":3}},"line":15}},"branchMap":{},"s":{"0":2,"1":25,"2":26,"3":26,"4":25},"f":{"0":25,"1":26},"b":{},"_coverageSchema":"1a1c01bbd47fc00a2c39e90264f33305004495a9","hash":"6c7e2b778ae162b8e0b4dc03337a3e62a4f02b2a"}
,"C:\\dev\\portal-Consignado\\src\\components\\Slider\\index.tsx": {"path":"C:\\dev\\portal-Consignado\\src\\components\\Slider\\index.tsx","statementMap":{},"fnMap":{},"branchMap":{},"s":{},"f":{},"b":{},"_coverageSchema":"1a1c01bbd47fc00a2c39e90264f33305004495a9","hash":"706635138869ab4ba4c3d49c64ca4cbb3a610bb9"}
,"C:\\dev\\portal-Consignado\\src\\components\\Table\\Table.tsx": {"path":"C:\\dev\\portal-Consignado\\src\\components\\Table\\Table.tsx","statementMap":{"0":{"start":{"line":10,"column":36},"end":{"line":46,"column":1}},"1":{"start":{"line":24,"column":20},"end":{"line":24,"column":31}},"2":{"start":{"line":26,"column":4},"end":{"line":44,"column":6}}},"fnMap":{"0":{"name":"(anonymous_0)","decl":{"start":{"line":11,"column":2},"end":{"line":11,"column":3}},"loc":{"start":{"line":23,"column":8},"end":{"line":45,"column":3}},"line":23}},"branchMap":{"0":{"loc":{"start":{"line":14,"column":4},"end":{"line":14,"column":31}},"type":"default-arg","locations":[{"start":{"line":14,"column":27},"end":{"line":14,"column":31}}],"line":14},"1":{"loc":{"start":{"line":15,"column":4},"end":{"line":15,"column":21}},"type":"default-arg","locations":[{"start":{"line":15,"column":17},"end":{"line":15,"column":21}}],"line":15},"2":{"loc":{"start":{"line":16,"column":4},"end":{"line":16,"column":21}},"type":"default-arg","locations":[{"start":{"line":16,"column":19},"end":{"line":16,"column":21}}],"line":16},"3":{"loc":{"start":{"line":17,"column":4},"end":{"line":17,"column":18}},"type":"default-arg","locations":[{"start":{"line":17,"column":16},"end":{"line":17,"column":18}}],"line":17},"4":{"loc":{"start":{"line":18,"column":4},"end":{"line":18,"column":21}},"type":"default-arg","locations":[{"start":{"line":18,"column":17},"end":{"line":18,"column":21}}],"line":18},"5":{"loc":{"start":{"line":19,"column":4},"end":{"line":19,"column":34}},"type":"default-arg","locations":[{"start":{"line":19,"column":30},"end":{"line":19,"column":34}}],"line":19},"6":{"loc":{"start":{"line":39,"column":27},"end":{"line":39,"column":48}},"type":"binary-expr","locations":[{"start":{"line":39,"column":27},"end":{"line":39,"column":33}},{"start":{"line":39,"column":37},"end":{"line":39,"column":48}}],"line":39}},"s":{"0":4,"1":51,"2":51},"f":{"0":51},"b":{"0":[51],"1":[51],"2":[51],"3":[31],"4":[51],"5":[51],"6":[51,31]},"_coverageSchema":"1a1c01bbd47fc00a2c39e90264f33305004495a9","hash":"2e1d0b9618af2265320783984b365a066c9a4e15"}
,"C:\\dev\\portal-Consignado\\src\\components\\Tooltip\\Tooltip.tsx": {"path":"C:\\dev\\portal-Consignado\\src\\components\\Tooltip\\Tooltip.tsx","statementMap":{"0":{"start":{"line":8,"column":34},"end":{"line":26,"column":1}},"1":{"start":{"line":9,"column":29},"end":{"line":9,"column":34}},"2":{"start":{"line":11,"column":18},"end":{"line":11,"column":29}},"3":{"start":{"line":13,"column":2},"end":{"line":25,"column":4}}},"fnMap":{"0":{"name":"(anonymous_0)","decl":{"start":{"line":8,"column":34},"end":{"line":8,"column":35}},"loc":{"start":{"line":8,"column":43},"end":{"line":26,"column":1}},"line":8}},"branchMap":{},"s":{"0":1,"1":8,"2":8,"3":8},"f":{"0":8},"b":{},"_coverageSchema":"1a1c01bbd47fc00a2c39e90264f33305004495a9","hash":"37407715ad69e99826e5d0065cf4cf772c17c9d8"}
,"C:\\dev\\portal-Consignado\\src\\components\\Tooltip\\index.tsx": {"path":"C:\\dev\\portal-Consignado\\src\\components\\Tooltip\\index.tsx","statementMap":{},"fnMap":{},"branchMap":{},"s":{},"f":{},"b":{},"_coverageSchema":"1a1c01bbd47fc00a2c39e90264f33305004495a9","hash":"b0d4705de8bdf927f076d987ae9e25ee83062b50"}
,"C:\\dev\\portal-Consignado\\src\\hooks\\appInsights.ts": {"path":"C:\\dev\\portal-Consignado\\src\\hooks\\appInsights.ts","statementMap":{"0":{"start":{"line":5,"column":23},"end":{"line":5,"column":61}},"1":{"start":{"line":6,"column":20},"end":{"line":6,"column":37}},"2":{"start":{"line":7,"column":20},"end":{"line":15,"column":2}},"3":{"start":{"line":16,"column":0},"end":{"line":16,"column":30}}},"fnMap":{},"branchMap":{"0":{"loc":{"start":{"line":9,"column":24},"end":{"line":9,"column":76}},"type":"binary-expr","locations":[{"start":{"line":9,"column":24},"end":{"line":9,"column":70}},{"start":{"line":9,"column":74},"end":{"line":9,"column":76}}],"line":9}},"s":{"0":11,"1":11,"2":11,"3":11},"f":{},"b":{"0":[11,11]},"_coverageSchema":"1a1c01bbd47fc00a2c39e90264f33305004495a9","hash":"0f1495275bc9f23b17cf38371466028c92f46595"}
,"C:\\dev\\portal-Consignado\\src\\hooks\\props.ts": {"path":"C:\\dev\\portal-Consignado\\src\\hooks\\props.ts","statementMap":{},"fnMap":{},"branchMap":{},"s":{},"f":{},"b":{}}
,"C:\\dev\\portal-Consignado\\src\\hooks\\useInterceptors.tsx": {"path":"C:\\dev\\portal-Consignado\\src\\hooks\\useInterceptors.tsx","statementMap":{"0":{"start":{"line":12,"column":24},"end":{"line":102,"column":1}},"1":{"start":{"line":13,"column":32},"end":{"line":13,"column":43}},"2":{"start":{"line":14,"column":28},"end":{"line":14,"column":40}},"3":{"start":{"line":15,"column":27},"end":{"line":15,"column":36}},"4":{"start":{"line":17,"column":14},"end":{"line":17,"column":77}},"5":{"start":{"line":17,"column":32},"end":{"line":17,"column":62}},"6":{"start":{"line":17,"column":52},"end":{"line":17,"column":61}},"7":{"start":{"line":18,"column":14},"end":{"line":18,"column":77}},"8":{"start":{"line":18,"column":32},"end":{"line":18,"column":62}},"9":{"start":{"line":18,"column":52},"end":{"line":18,"column":61}},"10":{"start":{"line":20,"column":23},"end":{"line":82,"column":3}},"11":{"start":{"line":21,"column":11},"end":{"line":80,"column":5}},"12":{"start":{"line":23,"column":8},"end":{"line":23,"column":14}},"13":{"start":{"line":25,"column":28},"end":{"line":25,"column":35}},"14":{"start":{"line":27,"column":8},"end":{"line":44,"column":9}},"15":{"start":{"line":28,"column":10},"end":{"line":43,"column":11}},"16":{"start":{"line":29,"column":12},"end":{"line":29,"column":38}},"17":{"start":{"line":33,"column":16},"end":{"line":35,"column":14}},"18":{"start":{"line":37,"column":12},"end":{"line":37,"column":37}},"19":{"start":{"line":39,"column":12},"end":{"line":39,"column":67}},"20":{"start":{"line":40,"column":12},"end":{"line":40,"column":44}},"21":{"start":{"line":42,"column":12},"end":{"line":42,"column":44}},"22":{"start":{"line":46,"column":8},"end":{"line":46,"column":34}},"23":{"start":{"line":47,"column":8},"end":{"line":47,"column":23}},"24":{"start":{"line":50,"column":8},"end":{"line":50,"column":14}},"25":{"start":{"line":52,"column":8},"end":{"line":52,"column":24}},"26":{"start":{"line":55,"column":8},"end":{"line":55,"column":14}},"27":{"start":{"line":62,"column":8},"end":{"line":70,"column":9}},"28":{"start":{"line":67,"column":10},"end":{"line":67,"column":53}},"29":{"start":{"line":69,"column":10},"end":{"line":69,"column":39}},"30":{"start":{"line":72,"column":8},"end":{"line":76,"column":9}},"31":{"start":{"line":73,"column":10},"end":{"line":73,"column":47}},"32":{"start":{"line":75,"column":10},"end":{"line":75,"column":39}},"33":{"start":{"line":78,"column":8},"end":{"line":78,"column":37}},"34":{"start":{"line":84,"column":2},"end":{"line":99,"column":21}},"35":{"start":{"line":85,"column":27},"end":{"line":88,"column":5}},"36":{"start":{"line":90,"column":27},"end":{"line":93,"column":5}},"37":{"start":{"line":95,"column":4},"end":{"line":98,"column":6}},"38":{"start":{"line":96,"column":6},"end":{"line":96,"column":53}},"39":{"start":{"line":97,"column":6},"end":{"line":97,"column":54}},"40":{"start":{"line":101,"column":2},"end":{"line":101,"column":23}}},"fnMap":{"0":{"name":"(anonymous_0)","decl":{"start":{"line":12,"column":24},"end":{"line":12,"column":25}},"loc":{"start":{"line":12,"column":41},"end":{"line":102,"column":1}},"line":12},"1":{"name":"(anonymous_1)","decl":{"start":{"line":17,"column":26},"end":{"line":17,"column":27}},"loc":{"start":{"line":17,"column":32},"end":{"line":17,"column":62}},"line":17},"2":{"name":"(anonymous_2)","decl":{"start":{"line":17,"column":43},"end":{"line":17,"column":44}},"loc":{"start":{"line":17,"column":52},"end":{"line":17,"column":61}},"line":17},"3":{"name":"(anonymous_3)","decl":{"start":{"line":18,"column":26},"end":{"line":18,"column":27}},"loc":{"start":{"line":18,"column":32},"end":{"line":18,"column":62}},"line":18},"4":{"name":"(anonymous_4)","decl":{"start":{"line":18,"column":43},"end":{"line":18,"column":44}},"loc":{"start":{"line":18,"column":52},"end":{"line":18,"column":61}},"line":18},"5":{"name":"(anonymous_5)","decl":{"start":{"line":21,"column":4},"end":{"line":21,"column":5}},"loc":{"start":{"line":21,"column":11},"end":{"line":80,"column":5}},"line":21},"6":{"name":"(anonymous_6)","decl":{"start":{"line":22,"column":15},"end":{"line":22,"column":16}},"loc":{"start":{"line":22,"column":54},"end":{"line":48,"column":7}},"line":22},"7":{"name":"(anonymous_7)","decl":{"start":{"line":49,"column":16},"end":{"line":49,"column":17}},"loc":{"start":{"line":49,"column":45},"end":{"line":53,"column":7}},"line":49},"8":{"name":"(anonymous_8)","decl":{"start":{"line":54,"column":13},"end":{"line":54,"column":14}},"loc":{"start":{"line":54,"column":36},"end":{"line":79,"column":7}},"line":54},"9":{"name":"(anonymous_9)","decl":{"start":{"line":84,"column":12},"end":{"line":84,"column":13}},"loc":{"start":{"line":84,"column":18},"end":{"line":99,"column":3}},"line":84},"10":{"name":"(anonymous_10)","decl":{"start":{"line":95,"column":11},"end":{"line":95,"column":12}},"loc":{"start":{"line":95,"column":17},"end":{"line":98,"column":5}},"line":95}},"branchMap":{"0":{"loc":{"start":{"line":27,"column":8},"end":{"line":44,"column":9}},"type":"if","locations":[{"start":{"line":27,"column":8},"end":{"line":44,"column":9}},{"start":{"line":27,"column":8},"end":{"line":44,"column":9}}],"line":27},"1":{"loc":{"start":{"line":62,"column":8},"end":{"line":70,"column":9}},"type":"if","locations":[{"start":{"line":62,"column":8},"end":{"line":70,"column":9}},{"start":{"line":62,"column":8},"end":{"line":70,"column":9}}],"line":62},"2":{"loc":{"start":{"line":63,"column":10},"end":{"line":65,"column":51}},"type":"binary-expr","locations":[{"start":{"line":63,"column":10},"end":{"line":63,"column":40}},{"start":{"line":64,"column":10},"end":{"line":65,"column":51}}],"line":63},"3":{"loc":{"start":{"line":72,"column":8},"end":{"line":76,"column":9}},"type":"if","locations":[{"start":{"line":72,"column":8},"end":{"line":76,"column":9}},{"start":{"line":72,"column":8},"end":{"line":76,"column":9}}],"line":72},"4":{"loc":{"start":{"line":72,"column":12},"end":{"line":72,"column":67}},"type":"binary-expr","locations":[{"start":{"line":72,"column":12},"end":{"line":72,"column":34}},{"start":{"line":72,"column":38},"end":{"line":72,"column":67}}],"line":72}},"s":{"0":1,"1":17,"2":17,"3":17,"4":17,"5":7,"6":7,"7":17,"8":7,"9":7,"10":17,"11":3,"12":7,"13":7,"14":7,"15":1,"16":1,"17":1,"18":1,"19":1,"20":1,"21":0,"22":6,"23":6,"24":1,"25":1,"26":6,"27":6,"28":1,"29":1,"30":5,"31":5,"32":5,"33":0,"34":17,"35":3,"36":3,"37":3,"38":3,"39":3,"40":17},"f":{"0":17,"1":7,"2":7,"3":7,"4":7,"5":3,"6":7,"7":1,"8":6,"9":3,"10":3},"b":{"0":[1,6],"1":[1,5],"2":[6,1],"3":[5,0],"4":[5,5]},"_coverageSchema":"1a1c01bbd47fc00a2c39e90264f33305004495a9","hash":"ac80a177317d3f3cab1e52c5611aa4901d7158bc"}
,"C:\\dev\\portal-Consignado\\src\\hooks\\useModal.ts": {"path":"C:\\dev\\portal-Consignado\\src\\hooks\\useModal.ts","statementMap":{"0":{"start":{"line":8,"column":17},"end":{"line":19,"column":1}},"1":{"start":{"line":9,"column":26},"end":{"line":9,"column":41}},"2":{"start":{"line":12,"column":4},"end":{"line":12,"column":29}},"3":{"start":{"line":12,"column":21},"end":{"line":12,"column":27}},"4":{"start":{"line":15,"column":2},"end":{"line":18,"column":4}}},"fnMap":{"0":{"name":"(anonymous_0)","decl":{"start":{"line":8,"column":17},"end":{"line":8,"column":18}},"loc":{"start":{"line":8,"column":30},"end":{"line":19,"column":1}},"line":8},"1":{"name":"toggle","decl":{"start":{"line":11,"column":11},"end":{"line":11,"column":17}},"loc":{"start":{"line":11,"column":26},"end":{"line":13,"column":3}},"line":11},"2":{"name":"(anonymous_2)","decl":{"start":{"line":12,"column":12},"end":{"line":12,"column":13}},"loc":{"start":{"line":12,"column":21},"end":{"line":12,"column":27}},"line":12}},"branchMap":{},"s":{"0":13,"1":1114,"2":32,"3":32,"4":1114},"f":{"0":1114,"1":32,"2":32},"b":{},"_coverageSchema":"1a1c01bbd47fc00a2c39e90264f33305004495a9","hash":"1ee3f1256ff1720aacaee3fdd6e1ef790fcbede5"}
,"C:\\dev\\portal-Consignado\\src\\hooks\\useViaCEP.tsx": {"path":"C:\\dev\\portal-Consignado\\src\\hooks\\useViaCEP.tsx","statementMap":{"0":{"start":{"line":22,"column":18},"end":{"line":77,"column":1}},"1":{"start":{"line":23,"column":32},"end":{"line":29,"column":4}},"2":{"start":{"line":30,"column":34},"end":{"line":30,"column":49}},"3":{"start":{"line":31,"column":32},"end":{"line":31,"column":47}},"4":{"start":{"line":32,"column":34},"end":{"line":32,"column":49}},"5":{"start":{"line":35,"column":4},"end":{"line":35,"column":19}},"6":{"start":{"line":36,"column":4},"end":{"line":36,"column":23}},"7":{"start":{"line":37,"column":4},"end":{"line":37,"column":22}},"8":{"start":{"line":38,"column":4},"end":{"line":38,"column":23}},"9":{"start":{"line":42,"column":4},"end":{"line":48,"column":7}},"10":{"start":{"line":52,"column":4},"end":{"line":52,"column":18}},"11":{"start":{"line":54,"column":4},"end":{"line":54,"column":62}},"12":{"start":{"line":54,"column":55},"end":{"line":54,"column":62}},"13":{"start":{"line":56,"column":4},"end":{"line":56,"column":22}},"14":{"start":{"line":58,"column":4},"end":{"line":67,"column":41}},"15":{"start":{"line":61,"column":8},"end":{"line":64,"column":32}},"16":{"start":{"line":62,"column":10},"end":{"line":62,"column":28}},"17":{"start":{"line":63,"column":10},"end":{"line":63,"column":25}},"18":{"start":{"line":64,"column":15},"end":{"line":64,"column":32}},"19":{"start":{"line":66,"column":19},"end":{"line":66,"column":35}},"20":{"start":{"line":67,"column":21},"end":{"line":67,"column":39}},"21":{"start":{"line":70,"column":2},"end":{"line":76,"column":4}}},"fnMap":{"0":{"name":"(anonymous_0)","decl":{"start":{"line":22,"column":18},"end":{"line":22,"column":19}},"loc":{"start":{"line":22,"column":35},"end":{"line":77,"column":1}},"line":22},"1":{"name":"resetStates","decl":{"start":{"line":34,"column":11},"end":{"line":34,"column":22}},"loc":{"start":{"line":34,"column":25},"end":{"line":39,"column":3}},"line":34},"2":{"name":"resetAddress","decl":{"start":{"line":41,"column":11},"end":{"line":41,"column":23}},"loc":{"start":{"line":41,"column":26},"end":{"line":49,"column":3}},"line":41},"3":{"name":"fetchCEP","decl":{"start":{"line":51,"column":11},"end":{"line":51,"column":19}},"loc":{"start":{"line":51,"column":51},"end":{"line":68,"column":3}},"line":51},"4":{"name":"(anonymous_4)","decl":{"start":{"line":60,"column":12},"end":{"line":60,"column":13}},"loc":{"start":{"line":60,"column":26},"end":{"line":65,"column":7}},"line":60},"5":{"name":"(anonymous_5)","decl":{"start":{"line":66,"column":13},"end":{"line":66,"column":14}},"loc":{"start":{"line":66,"column":19},"end":{"line":66,"column":35}},"line":66},"6":{"name":"(anonymous_6)","decl":{"start":{"line":67,"column":15},"end":{"line":67,"column":16}},"loc":{"start":{"line":67,"column":21},"end":{"line":67,"column":39}},"line":67}},"branchMap":{"0":{"loc":{"start":{"line":54,"column":4},"end":{"line":54,"column":62}},"type":"if","locations":[{"start":{"line":54,"column":4},"end":{"line":54,"column":62}},{"start":{"line":54,"column":4},"end":{"line":54,"column":62}}],"line":54},"1":{"loc":{"start":{"line":54,"column":8},"end":{"line":54,"column":53}},"type":"binary-expr","locations":[{"start":{"line":54,"column":8},"end":{"line":54,"column":12}},{"start":{"line":54,"column":16},"end":{"line":54,"column":53}}],"line":54},"2":{"loc":{"start":{"line":61,"column":8},"end":{"line":64,"column":32}},"type":"if","locations":[{"start":{"line":61,"column":8},"end":{"line":64,"column":32}},{"start":{"line":61,"column":8},"end":{"line":64,"column":32}}],"line":61}},"s":{"0":4,"1":167,"2":167,"3":167,"4":167,"5":20,"6":20,"7":20,"8":20,"9":20,"10":20,"11":20,"12":14,"13":6,"14":6,"15":5,"16":0,"17":0,"18":5,"19":0,"20":5,"21":167},"f":{"0":167,"1":20,"2":20,"3":20,"4":5,"5":0,"6":5},"b":{"0":[14,6],"1":[20,6],"2":[0,5]},"_coverageSchema":"1a1c01bbd47fc00a2c39e90264f33305004495a9","hash":"07814db0b742d6b05acc1b2e937f30fed903c4f2"}
,"C:\\dev\\portal-Consignado\\src\\hooks\\useWindowDimensions.ts": {"path":"C:\\dev\\portal-Consignado\\src\\hooks\\useWindowDimensions.ts","statementMap":{"0":{"start":{"line":4,"column":20},"end":{"line":4,"column":49}},"1":{"start":{"line":6,"column":30},"end":{"line":14,"column":17}},"2":{"start":{"line":7,"column":18},"end":{"line":7,"column":54}},"3":{"start":{"line":8,"column":19},"end":{"line":8,"column":56}},"4":{"start":{"line":10,"column":4},"end":{"line":13,"column":6}},"5":{"start":{"line":16,"column":50},"end":{"line":18,"column":3}},"6":{"start":{"line":20,"column":23},"end":{"line":22,"column":27}},"7":{"start":{"line":21,"column":4},"end":{"line":21,"column":47}},"8":{"start":{"line":24,"column":2},"end":{"line":32,"column":53}},"9":{"start":{"line":25,"column":4},"end":{"line":29,"column":5}},"10":{"start":{"line":26,"column":6},"end":{"line":26,"column":54}},"11":{"start":{"line":28,"column":6},"end":{"line":28,"column":70}},"12":{"start":{"line":28,"column":19},"end":{"line":28,"column":69}},"13":{"start":{"line":31,"column":4},"end":{"line":31,"column":22}},"14":{"start":{"line":31,"column":17},"end":{"line":31,"column":21}},"15":{"start":{"line":34,"column":2},"end":{"line":34,"column":26}}},"fnMap":{"0":{"name":"useWindowDimensions","decl":{"start":{"line":3,"column":24},"end":{"line":3,"column":43}},"loc":{"start":{"line":3,"column":46},"end":{"line":35,"column":1}},"line":3},"1":{"name":"(anonymous_1)","decl":{"start":{"line":6,"column":42},"end":{"line":6,"column":43}},"loc":{"start":{"line":6,"column":48},"end":{"line":14,"column":3}},"line":6},"2":{"name":"(anonymous_2)","decl":{"start":{"line":20,"column":35},"end":{"line":20,"column":36}},"loc":{"start":{"line":20,"column":41},"end":{"line":22,"column":3}},"line":20},"3":{"name":"(anonymous_3)","decl":{"start":{"line":24,"column":12},"end":{"line":24,"column":13}},"loc":{"start":{"line":24,"column":18},"end":{"line":32,"column":3}},"line":24},"4":{"name":"(anonymous_4)","decl":{"start":{"line":28,"column":13},"end":{"line":28,"column":14}},"loc":{"start":{"line":28,"column":19},"end":{"line":28,"column":69}},"line":28},"5":{"name":"(anonymous_5)","decl":{"start":{"line":31,"column":11},"end":{"line":31,"column":12}},"loc":{"start":{"line":31,"column":17},"end":{"line":31,"column":21}},"line":31}},"branchMap":{"0":{"loc":{"start":{"line":7,"column":18},"end":{"line":7,"column":54}},"type":"cond-expr","locations":[{"start":{"line":7,"column":30},"end":{"line":7,"column":47}},{"start":{"line":7,"column":50},"end":{"line":7,"column":54}}],"line":7},"1":{"loc":{"start":{"line":8,"column":19},"end":{"line":8,"column":56}},"type":"cond-expr","locations":[{"start":{"line":8,"column":31},"end":{"line":8,"column":49}},{"start":{"line":8,"column":52},"end":{"line":8,"column":56}}],"line":8},"2":{"loc":{"start":{"line":25,"column":4},"end":{"line":29,"column":5}},"type":"if","locations":[{"start":{"line":25,"column":4},"end":{"line":29,"column":5}},{"start":{"line":25,"column":4},"end":{"line":29,"column":5}}],"line":25}},"s":{"0":216,"1":216,"2":215,"3":215,"4":215,"5":215,"6":215,"7":0,"8":215,"9":42,"10":42,"11":42,"12":42,"13":0,"14":0,"15":215},"f":{"0":216,"1":215,"2":0,"3":42,"4":42,"5":0},"b":{"0":[215,0],"1":[215,0],"2":[42,0]},"_coverageSchema":"1a1c01bbd47fc00a2c39e90264f33305004495a9","hash":"1736c2fb1cfb1bcb3b6b9c267e9918d04d2bd786"}
,"C:\\dev\\portal-Consignado\\src\\hooks\\auth\\index.tsx": {"path":"C:\\dev\\portal-Consignado\\src\\hooks\\auth\\index.tsx","statementMap":{"0":{"start":{"line":26,"column":22},"end":{"line":26,"column":43}},"1":{"start":{"line":27,"column":27},"end":{"line":27,"column":55}},"2":{"start":{"line":29,"column":58},"end":{"line":116,"column":1}},"3":{"start":{"line":30,"column":37},"end":{"line":30,"column":42}},"4":{"start":{"line":31,"column":42},"end":{"line":31,"column":54}},"5":{"start":{"line":32,"column":40},"end":{"line":32,"column":55}},"6":{"start":{"line":33,"column":38},"end":{"line":33,"column":49}},"7":{"start":{"line":35,"column":28},"end":{"line":38,"column":3}},"8":{"start":{"line":40,"column":2},"end":{"line":42,"column":16}},"9":{"start":{"line":44,"column":2},"end":{"line":47,"column":9}},"10":{"start":{"line":45,"column":4},"end":{"line":45,"column":29}},"11":{"start":{"line":49,"column":17},"end":{"line":75,"column":3}},"12":{"start":{"line":51,"column":6},"end":{"line":72,"column":7}},"13":{"start":{"line":52,"column":8},"end":{"line":52,"column":52}},"14":{"start":{"line":54,"column":8},"end":{"line":54,"column":63}},"15":{"start":{"line":56,"column":25},"end":{"line":59,"column":10}},"16":{"start":{"line":60,"column":25},"end":{"line":60,"column":38}},"17":{"start":{"line":61,"column":8},"end":{"line":61,"column":82}},"18":{"start":{"line":62,"column":8},"end":{"line":62,"column":27}},"19":{"start":{"line":64,"column":8},"end":{"line":64,"column":78}},"20":{"start":{"line":66,"column":29},"end":{"line":66,"column":34}},"21":{"start":{"line":67,"column":35},"end":{"line":67,"column":43}},"22":{"start":{"line":68,"column":8},"end":{"line":68,"column":39}},"23":{"start":{"line":69,"column":8},"end":{"line":69,"column":50}},"24":{"start":{"line":70,"column":8},"end":{"line":70,"column":29}},"25":{"start":{"line":71,"column":8},"end":{"line":71,"column":57}},"26":{"start":{"line":77,"column":18},"end":{"line":81,"column":8}},"27":{"start":{"line":78,"column":4},"end":{"line":78,"column":51}},"28":{"start":{"line":79,"column":4},"end":{"line":79,"column":26}},"29":{"start":{"line":80,"column":4},"end":{"line":80,"column":44}},"30":{"start":{"line":83,"column":27},"end":{"line":85,"column":8}},"31":{"start":{"line":84,"column":4},"end":{"line":84,"column":26}},"32":{"start":{"line":87,"column":23},"end":{"line":89,"column":3}},"33":{"start":{"line":88,"column":4},"end":{"line":88,"column":59}},"34":{"start":{"line":88,"column":20},"end":{"line":88,"column":59}},"35":{"start":{"line":91,"column":27},"end":{"line":94,"column":3}},"36":{"start":{"line":92,"column":4},"end":{"line":92,"column":51}},"37":{"start":{"line":93,"column":4},"end":{"line":93,"column":26}},"38":{"start":{"line":96,"column":26},"end":{"line":96,"column":74}},"39":{"start":{"line":96,"column":40},"end":{"line":96,"column":59}},"40":{"start":{"line":98,"column":2},"end":{"line":115,"column":4}},"41":{"start":{"line":119,"column":18},"end":{"line":119,"column":41}},"42":{"start":{"line":121,"column":2},"end":{"line":123,"column":3}},"43":{"start":{"line":122,"column":4},"end":{"line":122,"column":66}},"44":{"start":{"line":125,"column":2},"end":{"line":125,"column":17}}},"fnMap":{"0":{"name":"(anonymous_0)","decl":{"start":{"line":29,"column":58},"end":{"line":29,"column":59}},"loc":{"start":{"line":29,"column":67},"end":{"line":116,"column":1}},"line":29},"1":{"name":"(anonymous_1)","decl":{"start":{"line":44,"column":12},"end":{"line":44,"column":13}},"loc":{"start":{"line":44,"column":18},"end":{"line":47,"column":3}},"line":44},"2":{"name":"(anonymous_2)","decl":{"start":{"line":50,"column":4},"end":{"line":50,"column":5}},"loc":{"start":{"line":50,"column":69},"end":{"line":73,"column":5}},"line":50},"3":{"name":"(anonymous_3)","decl":{"start":{"line":77,"column":30},"end":{"line":77,"column":31}},"loc":{"start":{"line":77,"column":36},"end":{"line":81,"column":3}},"line":77},"4":{"name":"(anonymous_4)","decl":{"start":{"line":83,"column":39},"end":{"line":83,"column":40}},"loc":{"start":{"line":83,"column":45},"end":{"line":85,"column":3}},"line":83},"5":{"name":"(anonymous_5)","decl":{"start":{"line":87,"column":23},"end":{"line":87,"column":24}},"loc":{"start":{"line":87,"column":42},"end":{"line":89,"column":3}},"line":87},"6":{"name":"(anonymous_6)","decl":{"start":{"line":91,"column":27},"end":{"line":91,"column":28}},"loc":{"start":{"line":91,"column":33},"end":{"line":94,"column":3}},"line":91},"7":{"name":"(anonymous_7)","decl":{"start":{"line":96,"column":34},"end":{"line":96,"column":35}},"loc":{"start":{"line":96,"column":40},"end":{"line":96,"column":59}},"line":96},"8":{"name":"useAuth","decl":{"start":{"line":118,"column":16},"end":{"line":118,"column":23}},"loc":{"start":{"line":118,"column":43},"end":{"line":126,"column":1}},"line":118}},"branchMap":{"0":{"loc":{"start":{"line":37,"column":4},"end":{"line":37,"column":32}},"type":"binary-expr","locations":[{"start":{"line":37,"column":4},"end":{"line":37,"column":16}},{"start":{"line":37,"column":20},"end":{"line":37,"column":32}}],"line":37},"1":{"loc":{"start":{"line":40,"column":39},"end":{"line":42,"column":15}},"type":"cond-expr","locations":[{"start":{"line":41,"column":6},"end":{"line":41,"column":34}},{"start":{"line":42,"column":6},"end":{"line":42,"column":15}}],"line":40},"2":{"loc":{"start":{"line":88,"column":4},"end":{"line":88,"column":59}},"type":"if","locations":[{"start":{"line":88,"column":4},"end":{"line":88,"column":59}},{"start":{"line":88,"column":4},"end":{"line":88,"column":59}}],"line":88},"3":{"loc":{"start":{"line":121,"column":2},"end":{"line":123,"column":3}},"type":"if","locations":[{"start":{"line":121,"column":2},"end":{"line":123,"column":3}},{"start":{"line":121,"column":2},"end":{"line":123,"column":3}}],"line":121},"4":{"loc":{"start":{"line":121,"column":6},"end":{"line":121,"column":43}},"type":"binary-expr","locations":[{"start":{"line":121,"column":6},"end":{"line":121,"column":14}},{"start":{"line":121,"column":18},"end":{"line":121,"column":43}}],"line":121}},"s":{"0":15,"1":15,"2":15,"3":88,"4":79,"5":79,"6":79,"7":79,"8":79,"9":79,"10":67,"11":79,"12":3,"13":3,"14":3,"15":3,"16":1,"17":1,"18":1,"19":1,"20":2,"21":2,"22":2,"23":2,"24":2,"25":2,"26":79,"27":0,"28":0,"29":0,"30":79,"31":0,"32":79,"33":0,"34":0,"35":79,"36":0,"37":0,"38":79,"39":68,"40":79,"41":327,"42":327,"43":0,"44":327},"f":{"0":88,"1":67,"2":3,"3":0,"4":0,"5":0,"6":0,"7":68,"8":327},"b":{"0":[79,79],"1":[1,78],"2":[0,0],"3":[0,327],"4":[327,327]},"_coverageSchema":"1a1c01bbd47fc00a2c39e90264f33305004495a9","hash":"e3539b52e1b00067b5a8805446af28a5c3f7f93e"}
,"C:\\dev\\portal-Consignado\\src\\hooks\\headerMobile\\index.tsx": {"path":"C:\\dev\\portal-Consignado\\src\\hooks\\headerMobile\\index.tsx","statementMap":{"0":{"start":{"line":5,"column":21},"end":{"line":5,"column":50}},"1":{"start":{"line":7,"column":35},"end":{"line":7,"column":62}},"2":{"start":{"line":9,"column":40},"end":{"line":23,"column":1}},"3":{"start":{"line":10,"column":23},"end":{"line":10,"column":28}},"4":{"start":{"line":12,"column":26},"end":{"line":12,"column":41}},"5":{"start":{"line":14,"column":17},"end":{"line":16,"column":8}},"6":{"start":{"line":15,"column":4},"end":{"line":15,"column":27}},"7":{"start":{"line":15,"column":20},"end":{"line":15,"column":25}},"8":{"start":{"line":18,"column":2},"end":{"line":22,"column":4}},"9":{"start":{"line":26,"column":18},"end":{"line":26,"column":49}},"10":{"start":{"line":28,"column":2},"end":{"line":32,"column":3}},"11":{"start":{"line":29,"column":4},"end":{"line":31,"column":6}},"12":{"start":{"line":34,"column":2},"end":{"line":34,"column":17}}},"fnMap":{"0":{"name":"(anonymous_0)","decl":{"start":{"line":9,"column":40},"end":{"line":9,"column":41}},"loc":{"start":{"line":9,"column":49},"end":{"line":23,"column":1}},"line":9},"1":{"name":"(anonymous_1)","decl":{"start":{"line":14,"column":29},"end":{"line":14,"column":30}},"loc":{"start":{"line":14,"column":35},"end":{"line":16,"column":3}},"line":14},"2":{"name":"(anonymous_2)","decl":{"start":{"line":15,"column":12},"end":{"line":15,"column":13}},"loc":{"start":{"line":15,"column":20},"end":{"line":15,"column":25}},"line":15},"3":{"name":"useHeaderMobile","decl":{"start":{"line":25,"column":16},"end":{"line":25,"column":31}},"loc":{"start":{"line":25,"column":59},"end":{"line":35,"column":1}},"line":25}},"branchMap":{"0":{"loc":{"start":{"line":28,"column":2},"end":{"line":32,"column":3}},"type":"if","locations":[{"start":{"line":28,"column":2},"end":{"line":32,"column":3}},{"start":{"line":28,"column":2},"end":{"line":32,"column":3}}],"line":28},"1":{"loc":{"start":{"line":28,"column":6},"end":{"line":28,"column":42}},"type":"binary-expr","locations":[{"start":{"line":28,"column":6},"end":{"line":28,"column":14}},{"start":{"line":28,"column":18},"end":{"line":28,"column":42}}],"line":28}},"s":{"0":11,"1":11,"2":11,"3":71,"4":62,"5":62,"6":1,"7":1,"8":62,"9":284,"10":284,"11":0,"12":284},"f":{"0":71,"1":1,"2":1,"3":284},"b":{"0":[0,284],"1":[284,284]},"_coverageSchema":"1a1c01bbd47fc00a2c39e90264f33305004495a9","hash":"5ad36f8f667e50fd855aebb477a28231dee2c072"}
,"C:\\dev\\portal-Consignado\\src\\hooks\\session\\index.tsx": {"path":"C:\\dev\\portal-Consignado\\src\\hooks\\session\\index.tsx","statementMap":{"0":{"start":{"line":5,"column":30},"end":{"line":5,"column":75}},"1":{"start":{"line":7,"column":34},"end":{"line":26,"column":1}},"2":{"start":{"line":8,"column":40},"end":{"line":14,"column":4}},"3":{"start":{"line":9,"column":20},"end":{"line":9,"column":53}},"4":{"start":{"line":11,"column":4},"end":{"line":11,"column":54}},"5":{"start":{"line":11,"column":17},"end":{"line":11,"column":54}},"6":{"start":{"line":13,"column":4},"end":{"line":13,"column":22}},"7":{"start":{"line":16,"column":24},"end":{"line":19,"column":8}},"8":{"start":{"line":17,"column":4},"end":{"line":17,"column":25}},"9":{"start":{"line":18,"column":4},"end":{"line":18,"column":60}},"10":{"start":{"line":21,"column":2},"end":{"line":25,"column":4}},"11":{"start":{"line":29,"column":18},"end":{"line":29,"column":44}},"12":{"start":{"line":31,"column":2},"end":{"line":33,"column":3}},"13":{"start":{"line":32,"column":4},"end":{"line":32,"column":72}},"14":{"start":{"line":35,"column":2},"end":{"line":35,"column":17}}},"fnMap":{"0":{"name":"(anonymous_0)","decl":{"start":{"line":7,"column":34},"end":{"line":7,"column":35}},"loc":{"start":{"line":7,"column":52},"end":{"line":26,"column":1}},"line":7},"1":{"name":"(anonymous_1)","decl":{"start":{"line":8,"column":55},"end":{"line":8,"column":56}},"loc":{"start":{"line":8,"column":61},"end":{"line":14,"column":3}},"line":8},"2":{"name":"(anonymous_2)","decl":{"start":{"line":16,"column":36},"end":{"line":16,"column":37}},"loc":{"start":{"line":16,"column":52},"end":{"line":19,"column":3}},"line":16},"3":{"name":"useSession","decl":{"start":{"line":28,"column":9},"end":{"line":28,"column":19}},"loc":{"start":{"line":28,"column":35},"end":{"line":36,"column":1}},"line":28}},"branchMap":{"0":{"loc":{"start":{"line":11,"column":4},"end":{"line":11,"column":54}},"type":"if","locations":[{"start":{"line":11,"column":4},"end":{"line":11,"column":54}},{"start":{"line":11,"column":4},"end":{"line":11,"column":54}}],"line":11},"1":{"loc":{"start":{"line":31,"column":2},"end":{"line":33,"column":3}},"type":"if","locations":[{"start":{"line":31,"column":2},"end":{"line":33,"column":3}},{"start":{"line":31,"column":2},"end":{"line":33,"column":3}}],"line":31}},"s":{"0":13,"1":13,"2":62,"3":61,"4":61,"5":0,"6":61,"7":62,"8":1,"9":1,"10":62,"11":26,"12":26,"13":0,"14":26},"f":{"0":62,"1":61,"2":1,"3":26},"b":{"0":[0,61],"1":[0,26]},"_coverageSchema":"1a1c01bbd47fc00a2c39e90264f33305004495a9","hash":"aacb011b47702412748b90ad8f9d5ab7d9436f69"}
[...]
":41}},"loc":{"start":{"line":133,"column":45},"end":{"line":133,"column":65}},"line":133},"10":{"name":"(anonymous_10)","decl":{"start":{"line":136,"column":38},"end":{"line":136,"column":39}},"loc":{"start":{"line":136,"column":46},"end":{"line":136,"column":67}},"line":136},"11":{"name":"(anonymous_11)","decl":{"start":{"line":139,"column":38},"end":{"line":139,"column":39}},"loc":{"start":{"line":139,"column":46},"end":{"line":139,"column":70}},"line":139},"12":{"name":"(anonymous_12)","decl":{"start":{"line":143,"column":29},"end":{"line":143,"column":30}},"loc":{"start":{"line":143,"column":72},"end":{"line":166,"column":5}},"line":143},"13":{"name":"(anonymous_13)","decl":{"start":{"line":168,"column":25},"end":{"line":168,"column":26}},"loc":{"start":{"line":170,"column":9},"end":{"line":175,"column":5}},"line":170},"14":{"name":"(anonymous_14)","decl":{"start":{"line":177,"column":31},"end":{"line":177,"column":32}},"loc":{"start":{"line":177,"column":43},"end":{"line":200,"column":5}},"line":177},"15":{"name":"(anonymous_15)","decl":{"start":{"line":202,"column":31},"end":{"line":202,"column":32}},"loc":{"start":{"line":202,"column":53},"end":{"line":205,"column":5}},"line":202},"16":{"name":"(anonymous_16)","decl":{"start":{"line":203,"column":34},"end":{"line":203,"column":35}},"loc":{"start":{"line":203,"column":42},"end":{"line":203,"column":56}},"line":203},"17":{"name":"(anonymous_17)","decl":{"start":{"line":207,"column":39},"end":{"line":207,"column":40}},"loc":{"start":{"line":207,"column":45},"end":{"line":212,"column":5}},"line":207},"18":{"name":"(anonymous_18)","decl":{"start":{"line":214,"column":33},"end":{"line":214,"column":34}},"loc":{"start":{"line":214,"column":39},"end":{"line":218,"column":5}},"line":214},"19":{"name":"(anonymous_19)","decl":{"start":{"line":220,"column":35},"end":{"line":220,"column":36}},"loc":{"start":{"line":220,"column":41},"end":{"line":226,"column":5}},"line":220},"20":{"name":"(anonymous_20)","decl":{"start":{"line":228,"column":32},"end":{"line":228,"column":33}},"loc":{"start":{"line":228,"column":38},"end":{"line":241,"column":5}},"line":228},"21":{"name":"(anonymous_21)","decl":{"start":{"line":230,"column":29},"end":{"line":230,"column":30}},"loc":{"start":{"line":231,"column":10},"end":{"line":236,"column":12}},"line":231},"22":{"name":"(anonymous_22)","decl":{"start":{"line":243,"column":26},"end":{"line":243,"column":27}},"loc":{"start":{"line":243,"column":32},"end":{"line":249,"column":5}},"line":243},"23":{"name":"(anonymous_23)","decl":{"start":{"line":286,"column":27},"end":{"line":286,"column":28}},"loc":{"start":{"line":286,"column":33},"end":{"line":286,"column":58}},"line":286}},"branchMap":{"0":{"loc":{"start":{"line":54,"column":6},"end":{"line":56,"column":7}},"type":"if","locations":[{"start":{"line":54,"column":6},"end":{"line":56,"column":7}},{"start":{"line":54,"column":6},"end":{"line":56,"column":7}}],"line":54},"1":{"loc":{"start":{"line":60,"column":6},"end":{"line":62,"column":7}},"type":"if","locations":[{"start":{"line":60,"column":6},"end":{"line":62,"column":7}},{"start":{"line":60,"column":6},"end":{"line":62,"column":7}}],"line":60},"2":{"loc":{"start":{"line":76,"column":6},"end":{"line":79,"column":7}},"type":"if","locations":[{"start":{"line":76,"column":6},"end":{"line":79,"column":7}},{"start":{"line":76,"column":6},"end":{"line":79,"column":7}}],"line":76},"3":{"loc":{"start":{"line":76,"column":10},"end":{"line":76,"column":43}},"type":"binary-expr","locations":[{"start":{"line":76,"column":10},"end":{"line":76,"column":21}},{"start":{"line":76,"column":25},"end":{"line":76,"column":43}}],"line":76},"4":{"loc":{"start":{"line":131,"column":6},"end":{"line":140,"column":7}},"type":"if","locations":[{"start":{"line":131,"column":6},"end":{"line":140,"column":7}},{"start":{"line":131,"column":6},"end":{"line":140,"column":7}}],"line":131},"5":{"loc":{"start":{"line":160,"column":8},"end":{"line":162,"column":9}},"type":"if","locations":[{"start":{"line":160,"column":8},"end":{"line":162,"column":9}},{"start":{"line":160,"column":8},"end":{"line":162,"column":9}}],"line":160},"6":{"loc":{"start":{"line":160,"column":12},"end":{"line":160,"column":45}},"type":"binary-expr","locations":[{"start":{"line":160,"column":12},"end":{"line":160,"column":20}},{"start":{"line":160,"column":24},"end":{"line":160,"column":45}}],"line":160},"7":{"loc":{"start":{"line":171,"column":6},"end":{"line":171,"column":31}},"type":"if","locations":[{"start":{"line":171,"column":6},"end":{"line":171,"column":31}},{"start":{"line":171,"column":6},"end":{"line":171,"column":31}}],"line":171},"8":{"loc":{"start":{"line":178,"column":6},"end":{"line":178,"column":31}},"type":"if","locations":[{"start":{"line":178,"column":6},"end":{"line":178,"column":31}},{"start":{"line":178,"column":6},"end":{"line":178,"column":31}}],"line":178},"9":{"loc":{"start":{"line":192,"column":24},"end":{"line":192,"column":57}},"type":"binary-expr","locations":[{"start":{"line":192,"column":24},"end":{"line":192,"column":47}},{"start":{"line":192,"column":51},"end":{"line":192,"column":57}}],"line":192},"10":{"loc":{"start":{"line":194,"column":8},"end":{"line":196,"column":9}},"type":"if","locations":[{"start":{"line":194,"column":8},"end":{"line":196,"column":9}},{"start":{"line":194,"column":8},"end":{"line":196,"column":9}}],"line":194},"11":{"loc":{"start":{"line":194,"column":12},"end":{"line":194,"column":45}},"type":"binary-expr","locations":[{"start":{"line":194,"column":12},"end":{"line":194,"column":20}},{"start":{"line":194,"column":24},"end":{"line":194,"column":45}}],"line":194},"12":{"loc":{"start":{"line":208,"column":6},"end":{"line":210,"column":7}},"type":"if","locations":[{"start":{"line":208,"column":6},"end":{"line":210,"column":7}},{"start":{"line":208,"column":6},"end":{"line":210,"column":7}}],"line":208},"13":{"loc":{"start":{"line":215,"column":6},"end":{"line":215,"column":68}},"type":"if","locations":[{"start":{"line":215,"column":6},"end":{"line":215,"column":68}},{"start":{"line":215,"column":6},"end":{"line":215,"column":68}}],"line":215},"14":{"loc":{"start":{"line":221,"column":6},"end":{"line":223,"column":7}},"type":"if","locations":[{"start":{"line":221,"column":6},"end":{"line":223,"column":7}},{"start":{"line":221,"column":6},"end":{"line":223,"column":7}}],"line":221},"15":{"loc":{"start":{"line":229,"column":6},"end":{"line":238,"column":7}},"type":"if","locations":[{"start":{"line":229,"column":6},"end":{"line":238,"column":7}},{"start":{"line":229,"column":6},"end":{"line":238,"column":7}}],"line":229},"16":{"loc":{"start":{"line":244,"column":6},"end":{"line":246,"column":7}},"type":"if","locations":[{"start":{"line":244,"column":6},"end":{"line":246,"column":7}},{"start":{"line":244,"column":6},"end":{"line":246,"column":7}}],"line":244},"17":{"loc":{"start":{"line":244,"column":10},"end":{"line":244,"column":58}},"type":"binary-expr","locations":[{"start":{"line":244,"column":10},"end":{"line":244,"column":32}},{"start":{"line":244,"column":36},"end":{"line":244,"column":58}}],"line":244},"18":{"loc":{"start":{"line":260,"column":11},"end":{"line":303,"column":11}},"type":"cond-expr","locations":[{"start":{"line":261,"column":12},"end":{"line":292,"column":15}},{"start":{"line":294,"column":12},"end":{"line":302,"column":41}}],"line":260},"19":{"loc":{"start":{"line":260,"column":11},"end":{"line":260,"column":32}},"type":"binary-expr","locations":[{"start":{"line":260,"column":11},"end":{"line":260,"column":16}},{"start":{"line":260,"column":20},"end":{"line":260,"column":32}}],"line":260},"20":{"loc":{"start":{"line":285,"column":28},"end":{"line":285,"column":66}},"type":"binary-expr","locations":[{"start":{"line":285,"column":28},"end":{"line":285,"column":40}},{"start":{"line":285,"column":44},"end":{"line":285,"column":66}}],"line":285},"21":{"loc":{"start":{"line":338,"column":51},"end":{"line":338,"column":69}},"type":"binary-expr","locations":[{"start":{"line":338,"column":51},"end":{"line":338,"column":63}},{"start":{"line":338,"column":67},"end":{"line":338,"column":69}}],"line":338}},"s":{"0":1,"1":66,"2":66,"3":65,"4":65,"5":65,"6":65,"7":65,"8":65,"9":65,"10":65,"11":65,"12":65,"13":65,"14":65,"15":65,"16":2,"17":65,"18":11,"19":0,"20":11,"21":11,"22":11,"23":65,"24":14,"25":1,"26":1,"27":14,"28":14,"29":65,"30":65,"31":11,"32":65,"33":2,"34":65,"35":3,"36":0,"37":0,"38":0,"39":0,"40":0,"41":0,"42":3,"43":3,"44":3,"45":65,"46":6,"47":6,"48":6,"49":4,"50":2,"51":2,"52":2,"53":2,"54":6,"55":65,"56":6,"57":0,"58":6,"59":6,"60":65,"61":4,"62":0,"63":4,"64":4,"65":4,"66":2,"67":2,"68":2,"69":2,"70":2,"71":4,"72":65,"73":3,"74":3,"75":3,"76":65,"77":19,"78":4,"79":15,"80":65,"81":28,"82":7,"83":21,"84":65,"85":37,"86":4,"87":33,"88":65,"89":37,"90":33,"91":24,"92":4,"93":65,"94":0,"95":0,"96":0,"97":65,"98":3},"f":{"0":66,"1":65,"2":11,"3":11,"4":14,"5":14,"6":11,"7":2,"8":3,"9":0,"10":0,"11":3,"12":6,"13":6,"14":4,"15":3,"16":3,"17":19,"18":28,"19":37,"20":37,"21":24,"22":0,"23":3},"b":{"0":[2,63],"1":[0,11],"2":[1,13],"3":[14,1],"4":[0,3],"5":[2,0],"6":[2,2],"7":[0,6],"8":[0,4],"9":[2,0],"10":[2,0],"11":[2,2],"12":[4,15],"13":[7,21],"14":[4,33],"15":[33,4],"16":[0,0],"17":[0,0],"18":[28,37],"19":[65,65],"20":[28,20],"21":[65,53]},"_coverageSchema":"1a1c01bbd47fc00a2c39e90264f33305004495a9","hash":"6deda8bfac19de92e42b42972c674ab2114cf16c"}
,"C:\\dev\\portal-Consignado\\src\\pages\\SimulateLoan\\components\\CardSimulateLoan\\CardSimulateLoan.tsx": {"path":"C:\\dev\\portal-Consignado\\src\\pages\\SimulateLoan\\components\\CardSimulateLoan\\CardSimulateLoan.tsx","statementMap":{"0":{"start":{"line":11,"column":29},"end":{"line":71,"column":1}},"1":{"start":{"line":17,"column":6},"end":{"line":17,"column":31}},"2":{"start":{"line":19,"column":45},"end":{"line":19,"column":62}},"3":{"start":{"line":21,"column":29},"end":{"line":28,"column":3}},"4":{"start":{"line":23,"column":6},"end":{"line":23,"column":51}},"5":{"start":{"line":24,"column":6},"end":{"line":24,"column":49}},"6":{"start":{"line":30,"column":23},"end":{"line":43,"column":39}},"7":{"start":{"line":31,"column":36},"end":{"line":37,"column":5}},"8":{"start":{"line":39,"column":4},"end":{"line":39,"column":29}},"9":{"start":{"line":40,"column":4},"end":{"line":40,"column":23}},"10":{"start":{"line":45,"column":2},"end":{"line":70,"column":4}}},"fnMap":{"0":{"name":"(anonymous_0)","decl":{"start":{"line":11,"column":29},"end":{"line":11,"column":30}},"loc":{"start":{"line":11,"column":35},"end":{"line":71,"column":1}},"line":11},"1":{"name":"(anonymous_1)","decl":{"start":{"line":22,"column":4},"end":{"line":22,"column":5}},"loc":{"start":{"line":22,"column":51},"end":{"line":25,"column":5}},"line":22},"2":{"name":"(anonymous_2)","decl":{"start":{"line":30,"column":35},"end":{"line":30,"column":36}},"loc":{"start":{"line":30,"column":47},"end":{"line":43,"column":3}},"line":30}},"branchMap":{},"s":{"0":1,"1":65,"2":65,"3":65,"4":1,"5":1,"6":65,"7":1,"8":1,"9":1,"10":65},"f":{"0":65,"1":1,"2":1},"b":{},"_coverageSchema":"1a1c01bbd47fc00a2c39e90264f33305004495a9","hash":"9d587c4fbeafeb52d4487a1836470d491453e9aa"}
,"C:\\dev\\portal-Consignado\\src\\pages\\SimulateLoan\\components\\CardSimulateLoan\\index.tsx": {"path":"C:\\dev\\portal-Consignado\\src\\pages\\SimulateLoan\\components\\CardSimulateLoan\\index.tsx","statementMap":{},"fnMap":{},"branchMap":{},"s":{},"f":{},"b":{},"_coverageSchema":"1a1c01bbd47fc00a2c39e90264f33305004495a9","hash":"323c7273e48902753491174085524c714ffcf32b"}
,"C:\\dev\\portal-Consignado\\src\\pages\\SimulateLoan\\components\\InstallmentCard\\InstallmentCard.tsx": {"path":"C:\\dev\\portal-Consignado\\src\\pages\\SimulateLoan\\components\\InstallmentCard\\InstallmentCard.tsx","statementMap":{"0":{"start":{"line":7,"column":56},"end":{"line":38,"column":1}},"1":{"start":{"line":12,"column":2},"end":{"line":37,"column":21}},"2":{"start":{"line":30,"column":21},"end":{"line":30,"column":38}}},"fnMap":{"0":{"name":"(anonymous_0)","decl":{"start":{"line":7,"column":56},"end":{"line":7,"column":57}},"loc":{"start":{"line":12,"column":2},"end":{"line":37,"column":21}},"line":12},"1":{"name":"(anonymous_1)","decl":{"start":{"line":30,"column":15},"end":{"line":30,"column":16}},"loc":{"start":{"line":30,"column":21},"end":{"line":30,"column":38}},"line":30}},"branchMap":{"0":{"loc":{"start":{"line":35,"column":7},"end":{"line":35,"column":71}},"type":"cond-expr","locations":[{"start":{"line":35,"column":20},"end":{"line":35,"column":46}},{"start":{"line":35,"column":49},"end":{"line":35,"column":71}}],"line":35}},"s":{"0":1,"1":24,"2":3},"f":{"0":24,"1":3},"b":{"0":[7,17]},"_coverageSchema":"1a1c01bbd47fc00a2c39e90264f33305004495a9","hash":"07d135f0a676b05eab7006bb35195c224fb3118f"}
,"C:\\dev\\portal-Consignado\\src\\pages\\SimulateLoan\\components\\LoanDetails\\LoanDetails.tsx": {"path":"C:\\dev\\portal-Consignado\\src\\pages\\SimulateLoan\\components\\LoanDetails\\LoanDetails.tsx","statementMap":{"0":{"start":{"line":5,"column":30},"end":{"line":21,"column":1}},"1":{"start":{"line":6,"column":2},"end":{"line":20,"column":34}}},"fnMap":{"0":{"name":"(anonymous_0)","decl":{"start":{"line":5,"column":30},"end":{"line":5,"column":31}},"loc":{"start":{"line":6,"column":2},"end":{"line":20,"column":34}},"line":6}},"branchMap":{},"s":{"0":1,"1":102},"f":{"0":102},"b":{},"_coverageSchema":"1a1c01bbd47fc00a2c39e90264f33305004495a9","hash":"2789e1dc1e11117beac0b5aa3f1087d17b0e955b"}
,"C:\\dev\\portal-Consignado\\src\\pages\\SimulateLoan\\components\\LoanDetails\\index.tsx": {"path":"C:\\dev\\portal-Consignado\\src\\pages\\SimulateLoan\\components\\LoanDetails\\index.tsx","statementMap":{},"fnMap":{},"branchMap":{},"s":{},"f":{},"b":{},"_coverageSchema":"1a1c01bbd47fc00a2c39e90264f33305004495a9","hash":"aa1a96cc000f8407316483f189de71bba97efc3c"}
,"C:\\dev\\portal-Consignado\\src\\utils\\document.ts": {"path":"C:\\dev\\portal-Consignado\\src\\utils\\document.ts","statementMap":{"0":{"start":{"line":4,"column":4},"end":{"line":4,"column":36}}},"fnMap":{"0":{"name":"(anonymous_0)","decl":{"start":{"line":3,"column":2},"end":{"line":3,"column":3}},"loc":{"start":{"line":3,"column":32},"end":{"line":5,"column":3}},"line":3}},"branchMap":{"0":{"loc":{"start":{"line":3,"column":20},"end":{"line":3,"column":30}},"type":"default-arg","locations":[{"start":{"line":3,"column":28},"end":{"line":3,"column":30}}],"line":3}},"s":{"0":76},"f":{"0":76},"b":{"0":[0]},"_coverageSchema":"1a1c01bbd47fc00a2c39e90264f33305004495a9","hash":"c286a857f6130aaf2c755b979f9fc365cd3f4835"}
,"C:\\dev\\portal-Consignado\\src\\utils\\formatDate.ts": {"path":"C:\\dev\\portal-Consignado\\src\\utils\\formatDate.ts","statementMap":{"0":{"start":{"line":2,"column":2},"end":{"line":2,"column":25}},"1":{"start":{"line":2,"column":13},"end":{"line":2,"column":25}},"2":{"start":{"line":4,"column":2},"end":{"line":6,"column":4}}},"fnMap":{"0":{"name":"formatDate","decl":{"start":{"line":1,"column":16},"end":{"line":1,"column":26}},"loc":{"start":{"line":1,"column":73},"end":{"line":7,"column":1}},"line":1}},"branchMap":{"0":{"loc":{"start":{"line":2,"column":2},"end":{"line":2,"column":25}},"type":"if","locations":[{"start":{"line":2,"column":2},"end":{"line":2,"column":25}},{"start":{"line":2,"column":2},"end":{"line":2,"column":25}}],"line":2}},"s":{"0":67,"1":23,"2":44},"f":{"0":67},"b":{"0":[23,44]},"_coverageSchema":"1a1c01bbd47fc00a2c39e90264f33305004495a9","hash":"c2f4f3e0e400f6d82465cd2d8a8674712d70269d"}
,"C:\\dev\\portal-Consignado\\src\\utils\\formatValue.ts": {"path":"C:\\dev\\portal-Consignado\\src\\utils\\formatValue.ts","statementMap":{"0":{"start":{"line":2,"column":20},"end":{"line":5,"column":4}},"1":{"start":{"line":7,"column":2},"end":{"line":7,"column":33}}},"fnMap":{"0":{"name":"formatValue","decl":{"start":{"line":1,"column":16},"end":{"line":1,"column":27}},"loc":{"start":{"line":1,"column":47},"end":{"line":8,"column":1}},"line":1}},"branchMap":{"0":{"loc":{"start":{"line":1,"column":28},"end":{"line":1,"column":37}},"type":"default-arg","locations":[{"start":{"line":1,"column":36},"end":{"line":1,"column":37}}],"line":1}},"s":{"0":223,"1":223},"f":{"0":223},"b":{"0":[15]},"_coverageSchema":"1a1c01bbd47fc00a2c39e90264f33305004495a9","hash":"0cf8950f9cf73cbbb5c2f8ed0c17497d5a800d5b"}
,"C:\\dev\\portal-Consignado\\src\\utils\\generateRandom.ts": {"path":"C:\\dev\\portal-Consignado\\src\\utils\\generateRandom.ts","statementMap":{"0":{"start":{"line":2,"column":21},"end":{"line":2,"column":27}},"1":{"start":{"line":4,"column":16},"end":{"line":4,"column":34}},"2":{"start":{"line":6,"column":2},"end":{"line":6,"column":39}}},"fnMap":{"0":{"name":"generateRandom","decl":{"start":{"line":1,"column":16},"end":{"line":1,"column":30}},"loc":{"start":{"line":1,"column":38},"end":{"line":7,"column":1}},"line":1}},"branchMap":{},"s":{"0":2,"1":2,"2":2},"f":{"0":2},"b":{},"_coverageSchema":"1a1c01bbd47fc00a2c39e90264f33305004495a9","hash":"85b9ce9465cee9dd341cd2a36883afb64682a801"}
,"C:\\dev\\portal-Consignado\\src\\utils\\getVersion.ts": {"path":"C:\\dev\\portal-Consignado\\src\\utils\\getVersion.ts","statementMap":{},"fnMap":{},"branchMap":{},"s":{},"f":{},"b":{},"_coverageSchema":"1a1c01bbd47fc00a2c39e90264f33305004495a9","hash":"1adff6888d95462200b664149bb8509dc94995c3"}
,"C:\\dev\\portal-Consignado\\src\\utils\\routing.ts": {"path":"C:\\dev\\portal-Consignado\\src\\utils\\routing.ts","statementMap":{"0":{"start":{"line":2,"column":17},"end":{"line":2,"column":20}},"1":{"start":{"line":4,"column":24},"end":{"line":4,"column":35}},"2":{"start":{"line":6,"column":27},"end":{"line":6,"column":47}},"3":{"start":{"line":8,"column":26},"end":{"line":8,"column":43}},"4":{"start":{"line":10,"column":22},"end":{"line":10,"column":36}},"5":{"start":{"line":12,"column":25},"end":{"line":12,"column":42}},"6":{"start":{"line":14,"column":25},"end":{"line":14,"column":37}},"7":{"start":{"line":16,"column":32},"end":{"line":16,"column":52}},"8":{"start":{"line":18,"column":27},"end":{"line":18,"column":43}},"9":{"start":{"line":20,"column":21},"end":{"line":20,"column":33}},"10":{"start":{"line":22,"column":33},"end":{"line":22,"column":49}},"11":{"start":{"line":24,"column":15},"end":{"line":24,"column":21}},"12":{"start":{"line":26,"column":19},"end":{"line":26,"column":33}}},"fnMap":{},"branchMap":{},"s":{"0":13,"1":13,"2":13,"3":13,"4":13,"5":13,"6":13,"7":13,"8":13,"9":13,"10":13,"11":13,"12":13},"f":{},"b":{},"_coverageSchema":"1a1c01bbd47fc00a2c39e90264f33305004495a9","hash":"45bf904354c45aff751af08bab701cdf78f903c4"}
,"C:\\dev\\portal-Consignado\\src\\utils\\storage.ts": {"path":"C:\\dev\\portal-Consignado\\src\\utils\\storage.ts","statementMap":{"0":{"start":{"line":1,"column":32},"end":{"line":1,"column":51}},"1":{"start":{"line":3,"column":27},"end":{"line":3,"column":37}},"2":{"start":{"line":5,"column":31},"end":{"line":5,"column":49}},"3":{"start":{"line":7,"column":38},"end":{"line":7,"column":59}},"4":{"start":{"line":9,"column":32},"end":{"line":9,"column":47}},"5":{"start":{"line":11,"column":32},"end":{"line":11,"column":51}},"6":{"start":{"line":13,"column":33},"end":{"line":19,"column":1}},"7":{"start":{"line":21,"column":28},"end":{"line":25,"column":1}},"8":{"start":{"line":22,"column":2},"end":{"line":24,"column":5}},"9":{"start":{"line":23,"column":4},"end":{"line":23,"column":34}}},"fnMap":{"0":{"name":"(anonymous_0)","decl":{"start":{"line":21,"column":28},"end":{"line":21,"column":29}},"loc":{"start":{"line":21,"column":34},"end":{"line":25,"column":1}},"line":21},"1":{"name":"(anonymous_1)","decl":{"start":{"line":22,"column":35},"end":{"line":22,"column":36}},"loc":{"start":{"line":22,"column":43},"end":{"line":24,"column":3}},"line":22}},"branchMap":{},"s":{"0":16,"1":16,"2":16,"3":16,"4":16,"5":16,"6":16,"7":16,"8":2,"9":10},"f":{"0":2,"1":10},"b":{},"_coverageSchema":"1a1c01bbd47fc00a2c39e90264f33305004495a9","hash":"d44870ef77228efae070f76a7f06c5f0004cdbf3"}
}
