{"C:\\dev\\portal-Consignado\\src\\components\\AcceptCookies\\AcceptCookies.tsx": {"path":"C:\\dev\\portal-Consignado\\src\\components\\AcceptCookies\\AcceptCookies.tsx","statementMap":{"0":{"start":{"line":13,"column":32},"end":{"line":42,"column":1}},"1":{"start":{"line":14,"column":48},"end":{"line":18,"column":4}},"2":{"start":{"line":15,"column":21},"end":{"line":15,"column":59}},"3":{"start":{"line":17,"column":4},"end":{"line":17,"column":22}},"4":{"start":{"line":20,"column":27},"end":{"line":23,"column":3}},"5":{"start":{"line":21,"column":4},"end":{"line":21,"column":51}},"6":{"start":{"line":22,"column":4},"end":{"line":22,"column":29}},"7":{"start":{"line":25,"column":2},"end":{"line":41,"column":8}}},"fnMap":{"0":{"name":"(anonymous_0)","decl":{"start":{"line":13,"column":32},"end":{"line":13,"column":33}},"loc":{"start":{"line":13,"column":38},"end":{"line":42,"column":1}},"line":13},"1":{"name":"(anonymous_1)","decl":{"start":{"line":14,"column":66},"end":{"line":14,"column":67}},"loc":{"start":{"line":14,"column":72},"end":{"line":18,"column":3}},"line":14},"2":{"name":"(anonymous_2)","decl":{"start":{"line":20,"column":27},"end":{"line":20,"column":28}},"loc":{"start":{"line":20,"column":33},"end":{"line":23,"column":3}},"line":20}},"branchMap":{"0":{"loc":{"start":{"line":25,"column":9},"end":{"line":41,"column":7}},"type":"cond-expr","locations":[{"start":{"line":26,"column":6},"end":{"line":26,"column":10}},{"start":{"line":27,"column":6},"end":{"line":41,"column":7}}],"line":25}},"s":{"0":0,"1":0,"2":0,"3":0,"4":0,"5":0,"6":0,"7":0},"f":{"0":0,"1":0,"2":0},"b":{"0":[0,0]}}
,"C:\\dev\\portal-Consignado\\src\\components\\Autocomplete\\Autocomplete.tsx": {"path":"C:\\dev\\portal-Consignado\\src\\components\\Autocomplete\\Autocomplete.tsx","statementMap":{"0":{"start":{"line":12,"column":50},"end":{"line":90,"column":1}},"1":{"start":{"line":22,"column":35},"end":{"line":25,"column":6}},"2":{"start":{"line":27,"column":40},"end":{"line":27,"column":74}},"3":{"start":{"line":29,"column":26},"end":{"line":33,"column":6}},"4":{"start":{"line":31,"column":41},"end":{"line":31,"column":52}},"5":{"start":{"line":35,"column":25},"end":{"line":39,"column":5}},"6":{"start":{"line":36,"column":6},"end":{"line":38,"column":12}},"7":{"start":{"line":41,"column":25},"end":{"line":46,"column":5}},"8":{"start":{"line":43,"column":8},"end":{"line":43,"column":47}},"9":{"start":{"line":48,"column":4},"end":{"line":53,"column":31}},"10":{"start":{"line":49,"column":26},"end":{"line":49,"column":78}},"11":{"start":{"line":49,"column":49},"end":{"line":49,"column":77}},"12":{"start":{"line":51,"column":6},"end":{"line":52,"column":36}},"13":{"start":{"line":51,"column":23},"end":{"line":51,"column":50}},"14":{"start":{"line":52,"column":11},"end":{"line":52,"column":36}},"15":{"start":{"line":55,"column":4},"end":{"line":88,"column":6}},"16":{"start":{"line":63,"column":50},"end":{"line":63,"column":61}},"17":{"start":{"line":71,"column":12},"end":{"line":84,"column":14}},"18":{"start":{"line":77,"column":29},"end":{"line":77,"column":30}}},"fnMap":{"0":{"name":"(anonymous_0)","decl":{"start":{"line":13,"column":2},"end":{"line":13,"column":3}},"loc":{"start":{"line":21,"column":8},"end":{"line":89,"column":3}},"line":21},"1":{"name":"(anonymous_1)","decl":{"start":{"line":31,"column":17},"end":{"line":31,"column":18}},"loc":{"start":{"line":31,"column":41},"end":{"line":31,"column":52}},"line":31},"2":{"name":"(anonymous_2)","decl":{"start":{"line":35,"column":25},"end":{"line":35,"column":26}},"loc":{"start":{"line":36,"column":6},"end":{"line":38,"column":12}},"line":36},"3":{"name":"(anonymous_3)","decl":{"start":{"line":42,"column":6},"end":{"line":42,"column":7}},"loc":{"start":{"line":42,"column":47},"end":{"line":44,"column":7}},"line":42},"4":{"name":"(anonymous_4)","decl":{"start":{"line":48,"column":14},"end":{"line":48,"column":15}},"loc":{"start":{"line":48,"column":20},"end":{"line":53,"column":5}},"line":48},"5":{"name":"(anonymous_5)","decl":{"start":{"line":49,"column":39},"end":{"line":49,"column":40}},"loc":{"start":{"line":49,"column":49},"end":{"line":49,"column":77}},"line":49},"6":{"name":"(anonymous_6)","decl":{"start":{"line":63,"column":26},"end":{"line":63,"column":27}},"loc":{"start":{"line":63,"column":50},"end":{"line":63,"column":61}},"line":63},"7":{"name":"(anonymous_7)","decl":{"start":{"line":70,"column":23},"end":{"line":70,"column":24}},"loc":{"start":{"line":71,"column":12},"end":{"line":84,"column":14}},"line":71},"8":{"name":"(anonymous_8)","decl":{"start":{"line":77,"column":24},"end":{"line":77,"column":25}},"loc":{"start":{"line":77,"column":29},"end":{"line":77,"column":30}},"line":77}},"branchMap":{"0":{"loc":{"start":{"line":51,"column":6},"end":{"line":52,"column":36}},"type":"if","locations":[{"start":{"line":51,"column":6},"end":{"line":52,"column":36}},{"start":{"line":51,"column":6},"end":{"line":52,"column":36}}],"line":51},"1":{"loc":{"start":{"line":57,"column":31},"end":{"line":57,"column":59}},"type":"binary-expr","locations":[{"start":{"line":57,"column":31},"end":{"line":57,"column":43}},{"start":{"line":57,"column":47},"end":{"line":57,"column":59}}],"line":57},"2":{"loc":{"start":{"line":66,"column":17},"end":{"line":66,"column":43}},"type":"binary-expr","locations":[{"start":{"line":66,"column":17},"end":{"line":66,"column":27}},{"start":{"line":66,"column":31},"end":{"line":66,"column":43}}],"line":66},"3":{"loc":{"start":{"line":75,"column":21},"end":{"line":75,"column":49}},"type":"binary-expr","locations":[{"start":{"line":75,"column":21},"end":{"line":75,"column":33}},{"start":{"line":75,"column":37},"end":{"line":75,"column":49}}],"line":75},"4":{"loc":{"start":{"line":76,"column":26},"end":{"line":76,"column":63}},"type":"cond-expr","locations":[{"start":{"line":76,"column":41},"end":{"line":76,"column":51}},{"start":{"line":76,"column":54},"end":{"line":76,"column":63}}],"line":76}},"s":{"0":2,"1":248,"2":248,"3":248,"4":16,"5":248,"6":16,"7":248,"8":4,"9":248,"10":24,"11":14,"12":24,"13":4,"14":20,"15":248,"16":524,"17":252,"18":4},"f":{"0":248,"1":16,"2":16,"3":4,"4":24,"5":14,"6":524,"7":252,"8":4},"b":{"0":[4,20],"1":[248,53],"2":[248,185],"3":[252,56],"4":[67,185]},"_coverageSchema":"1a1c01bbd47fc00a2c39e90264f33305004495a9","hash":"00c374a91b6da67e27e90344674dbcbfd58fd34f"}
,"C:\\dev\\portal-Consignado\\src\\components\\Autocomplete\\index.tsx": {"path":"C:\\dev\\portal-Consignado\\src\\components\\Autocomplete\\index.tsx","statementMap":{},"fnMap":{},"branchMap":{},"s":{},"f":{},"b":{},"_coverageSchema":"1a1c01bbd47fc00a2c39e90264f33305004495a9","hash":"65e635c2d89be4844ad0c5df80da8a8e28f36f2b"}
,"C:\\dev\\portal-Consignado\\src\\components\\Buttons\\Button\\Button.tsx": {"path":"C:\\dev\\portal-Consignado\\src\\components\\Buttons\\Button\\Button.tsx","statementMap":{"0":{"start":{"line":6,"column":15},"end":{"line":22,"column":1}},"1":{"start":{"line":8,"column":34},"end":{"line":8,"column":39}},"2":{"start":{"line":10,"column":4},"end":{"line":20,"column":6}},"3":{"start":{"line":24,"column":0},"end":{"line":24,"column":30}}},"fnMap":{"0":{"name":"(anonymous_0)","decl":{"start":{"line":7,"column":45},"end":{"line":7,"column":46}},"loc":{"start":{"line":7,"column":61},"end":{"line":21,"column":3}},"line":7}},"branchMap":{},"s":{"0":15,"1":1381,"2":1381,"3":15},"f":{"0":1381},"b":{},"_coverageSchema":"1a1c01bbd47fc00a2c39e90264f33305004495a9","hash":"f9528143ac28d944315d482f9e9f01f72497addf"}
,"C:\\dev\\portal-Consignado\\src\\components\\Buttons\\Button\\index.tsx": {"path":"C:\\dev\\portal-Consignado\\src\\components\\Buttons\\Button\\index.tsx","statementMap":{},"fnMap":{},"branchMap":{},"s":{},"f":{},"b":{},"_coverageSchema":"1a1c01bbd47fc00a2c39e90264f33305004495a9","hash":"14c789c36ce3dc3b31b2724713e216d41d861bc6"}
,"C:\\dev\\portal-Consignado\\src\\components\\Buttons\\SubmitButton\\SubmitButton.tsx": {"path":"C:\\dev\\portal-Consignado\\src\\components\\Buttons\\SubmitButton\\SubmitButton.tsx","statementMap":{"0":{"start":{"line":7,"column":21},"end":{"line":30,"column":1}},"1":{"start":{"line":10,"column":26},"end":{"line":10,"column":44}},"2":{"start":{"line":11,"column":25},"end":{"line":14,"column":7}},"3":{"start":{"line":12,"column":14},"end":{"line":12,"column":34}},"4":{"start":{"line":16,"column":6},"end":{"line":27,"column":8}}},"fnMap":{"0":{"name":"(anonymous_0)","decl":{"start":{"line":9,"column":4},"end":{"line":9,"column":5}},"loc":{"start":{"line":9,"column":46},"end":{"line":28,"column":5}},"line":9},"1":{"name":"(anonymous_1)","decl":{"start":{"line":12,"column":8},"end":{"line":12,"column":9}},"loc":{"start":{"line":12,"column":14},"end":{"line":12,"column":34}},"line":12}},"branchMap":{"0":{"loc":{"start":{"line":12,"column":14},"end":{"line":12,"column":34}},"type":"binary-expr","locations":[{"start":{"line":12,"column":14},"end":{"line":12,"column":22}},{"start":{"line":12,"column":26},"end":{"line":12,"column":34}}],"line":12}},"s":{"0":1,"1":81,"2":81,"3":22,"4":81},"f":{"0":81,"1":22},"b":{"0":[22,14]},"_coverageSchema":"1a1c01bbd47fc00a2c39e90264f33305004495a9","hash":"c880a556eb8112f3f79c0270b3741954d7a60877"}
,"C:\\dev\\portal-Consignado\\src\\components\\Buttons\\SubmitButton\\index.tsx": {"path":"C:\\dev\\portal-Consignado\\src\\components\\Buttons\\SubmitButton\\index.tsx","statementMap":{},"fnMap":{},"branchMap":{},"s":{},"f":{},"b":{},"_coverageSchema":"1a1c01bbd47fc00a2c39e90264f33305004495a9","hash":"8a0b29b1b4a3eab8e82c5bee0c30ef0131e5a2f2"}
,"C:\\dev\\portal-Consignado\\src\\components\\Card\\Card.tsx": {"path":"C:\\dev\\portal-Consignado\\src\\components\\Card\\Card.tsx","statementMap":{"0":{"start":{"line":5,"column":17},"end":{"line":9,"column":2}},"1":{"start":{"line":6,"column":23},"end":{"line":6,"column":28}},"2":{"start":{"line":8,"column":2},"end":{"line":8,"column":57}}},"fnMap":{"0":{"name":"(anonymous_0)","decl":{"start":{"line":5,"column":22},"end":{"line":5,"column":23}},"loc":{"start":{"line":5,"column":31},"end":{"line":9,"column":1}},"line":5}},"branchMap":{},"s":{"0":1,"1":1,"2":1},"f":{"0":1},"b":{},"_coverageSchema":"1a1c01bbd47fc00a2c39e90264f33305004495a9","hash":"e1672f721c036ef2c6bc5d07f1c918ce0a014b02"}
,"C:\\dev\\portal-Consignado\\src\\components\\Card\\index.tsx": {"path":"C:\\dev\\portal-Consignado\\src\\components\\Card\\index.tsx","statementMap":{},"fnMap":{},"branchMap":{},"s":{},"f":{},"b":{},"_coverageSchema":"1a1c01bbd47fc00a2c39e90264f33305004495a9","hash":"44fbaaefa1742105bc821899cbafb96b97da02c8"}
,"C:\\dev\\portal-Consignado\\src\\components\\CardWithCloseIcon\\CardWithCloseIcon.tsx": {"path":"C:\\dev\\portal-Consignado\\src\\components\\CardWithCloseIcon\\CardWithCloseIcon.tsx","statementMap":{"0":{"start":{"line":7,"column":60},"end":{"line":17,"column":1}},"1":{"start":{"line":11,"column":2},"end":{"line":16,"column":21}}},"fnMap":{"0":{"name":"(anonymous_0)","decl":{"start":{"line":7,"column":60},"end":{"line":7,"column":61}},"loc":{"start":{"line":11,"column":2},"end":{"line":16,"column":21}},"line":11}},"branchMap":{},"s":{"0":0,"1":0},"f":{"0":0},"b":{}}
,"C:\\dev\\portal-Consignado\\src\\components\\CardWithCloseIcon\\index.tsx": {"path":"C:\\dev\\portal-Consignado\\src\\components\\CardWithCloseIcon\\index.tsx","statementMap":{},"fnMap":{},"branchMap":{},"s":{},"f":{},"b":{}}
,"C:\\dev\\portal-Consignado\\src\\components\\DatePicker\\DatePicker.tsx": {"path":"C:\\dev\\portal-Consignado\\src\\components\\DatePicker\\DatePicker.tsx","statementMap":{"0":{"start":{"line":9,"column":19},"end":{"line":66,"column":1}},"1":{"start":{"line":11,"column":35},"end":{"line":14,"column":6}},"2":{"start":{"line":16,"column":19},"end":{"line":32,"column":53}},"3":{"start":{"line":17,"column":6},"end":{"line":22,"column":7}},"4":{"start":{"line":18,"column":8},"end":{"line":21,"column":10}},"5":{"start":{"line":24,"column":6},"end":{"line":29,"column":7}},"6":{"start":{"line":25,"column":8},"end":{"line":28,"column":10}},"7":{"start":{"line":31,"column":6},"end":{"line":31,"column":16}},"8":{"start":{"line":34,"column":4},"end":{"line":64,"column":6}},"9":{"start":{"line":37,"column":21},"end":{"line":37,"column":24}},"10":{"start":{"line":40,"column":29},"end":{"line":40,"column":60}},"11":{"start":{"line":50,"column":12},"end":{"line":60,"column":14}}},"fnMap":{"0":{"name":"(anonymous_0)","decl":{"start":{"line":10,"column":2},"end":{"line":10,"column":3}},"loc":{"start":{"line":10,"column":46},"end":{"line":65,"column":3}},"line":10},"1":{"name":"(anonymous_1)","decl":{"start":{"line":16,"column":27},"end":{"line":16,"column":28}},"loc":{"start":{"line":16,"column":33},"end":{"line":32,"column":5}},"line":16},"2":{"name":"(anonymous_2)","decl":{"start":{"line":37,"column":15},"end":{"line":37,"column":16}},"loc":{"start":{"line":37,"column":21},"end":{"line":37,"column":24}},"line":37},"3":{"name":"(anonymous_3)","decl":{"start":{"line":40,"column":20},"end":{"line":40,"column":21}},"loc":{"start":{"line":40,"column":29},"end":{"line":40,"column":60}},"line":40},"4":{"name":"(anonymous_4)","decl":{"start":{"line":49,"column":23},"end":{"line":49,"column":24}},"loc":{"start":{"line":50,"column":12},"end":{"line":60,"column":14}},"line":50}},"branchMap":{"0":{"loc":{"start":{"line":10,"column":12},"end":{"line":10,"column":25}},"type":"default-arg","locations":[{"start":{"line":10,"column":19},"end":{"line":10,"column":25}}],"line":10},"1":{"loc":{"start":{"line":17,"column":6},"end":{"line":22,"column":7}},"type":"if","locations":[{"start":{"line":17,"column":6},"end":{"line":22,"column":7}},{"start":{"line":17,"column":6},"end":{"line":22,"column":7}}],"line":17},"2":{"loc":{"start":{"line":24,"column":6},"end":{"line":29,"column":7}},"type":"if","locations":[{"start":{"line":24,"column":6},"end":{"line":29,"column":7}},{"start":{"line":24,"column":6},"end":{"line":29,"column":7}}],"line":24},"3":{"loc":{"start":{"line":24,"column":10},"end":{"line":24,"column":36}},"type":"binary-expr","locations":[{"start":{"line":24,"column":10},"end":{"line":24,"column":20}},{"start":{"line":24,"column":24},"end":{"line":24,"column":36}}],"line":24},"4":{"loc":{"start":{"line":39,"column":17},"end":{"line":39,"column":36}},"type":"binary-expr","locations":[{"start":{"line":39,"column":17},"end":{"line":39,"column":28}},{"start":{"line":39,"column":32},"end":{"line":39,"column":36}}],"line":39}},"s":{"0":2,"1":156,"2":156,"3":36,"4":0,"5":36,"6":11,"7":25,"8":156,"9":312,"10":0,"11":156},"f":{"0":156,"1":36,"2":312,"3":0,"4":156},"b":{"0":[0],"1":[0,36],"2":[11,25],"3":[36,16],"4":[156,68]},"_coverageSchema":"1a1c01bbd47fc00a2c39e90264f33305004495a9","hash":"066390e6df491d676ca462df3f385da5228dab69"}
,"C:\\dev\\portal-Consignado\\src\\components\\Error500\\Error500.tsx": {"path":"C:\\dev\\portal-Consignado\\src\\components\\Error500\\Error500.tsx","statementMap":{"0":{"start":{"line":5,"column":27},"end":{"line":10,"column":1}},"1":{"start":{"line":6,"column":2},"end":{"line":9,"column":21}}},"fnMap":{"0":{"name":"(anonymous_0)","decl":{"start":{"line":5,"column":27},"end":{"line":5,"column":28}},"loc":{"start":{"line":6,"column":2},"end":{"line":9,"column":21}},"line":6}},"branchMap":{},"s":{"0":0,"1":0},"f":{"0":0},"b":{}}
,"C:\\dev\\portal-Consignado\\src\\components\\Error500\\index.tsx": {"path":"C:\\dev\\portal-Consignado\\src\\components\\Error500\\index.tsx","statementMap":{},"fnMap":{},"branchMap":{},"s":{},"f":{},"b":{}}
,"C:\\dev\\portal-Consignado\\src\\components\\Formik\\Formik.tsx": {"path":"C:\\dev\\portal-Consignado\\src\\components\\Formik\\Formik.tsx","statementMap":{"0":{"start":{"line":18,"column":47},"end":{"line":18,"column":52}},"1":{"start":{"line":20,"column":18},"end":{"line":20,"column":58}},"2":{"start":{"line":22,"column":2},"end":{"line":26,"column":9}},"3":{"start":{"line":23,"column":4},"end":{"line":25,"column":5}},"4":{"start":{"line":24,"column":6},"end":{"line":24,"column":37}},"5":{"start":{"line":28,"column":2},"end":{"line":34,"column":4}}},"fnMap":{"0":{"name":"Formik","decl":{"start":{"line":17,"column":16},"end":{"line":17,"column":22}},"loc":{"start":{"line":17,"column":53},"end":{"line":35,"column":1}},"line":17},"1":{"name":"(anonymous_1)","decl":{"start":{"line":22,"column":12},"end":{"line":22,"column":13}},"loc":{"start":{"line":22,"column":18},"end":{"line":26,"column":3}},"line":22}},"branchMap":{"0":{"loc":{"start":{"line":18,"column":10},"end":{"line":18,"column":23}},"type":"default-arg","locations":[{"start":{"line":18,"column":17},"end":{"line":18,"column":23}}],"line":18},"1":{"loc":{"start":{"line":23,"column":4},"end":{"line":25,"column":5}},"type":"if","locations":[{"start":{"line":23,"column":4},"end":{"line":25,"column":5}},{"start":{"line":23,"column":4},"end":{"line":25,"column":5}}],"line":23}},"s":{"0":796,"1":795,"2":795,"3":105,"4":95,"5":795},"f":{"0":796,"1":105},"b":{"0":[159],"1":[95,10]},"_coverageSchema":"1a1c01bbd47fc00a2c39e90264f33305004495a9","hash":"d47aac2baeecb171eaa97f2a5339fa1de83fd1ba"}
,"C:\\dev\\portal-Consignado\\src\\components\\Formik\\index.tsx": {"path":"C:\\dev\\portal-Consignado\\src\\components\\Formik\\index.tsx","statementMap":{},"fnMap":{},"branchMap":{},"s":{},"f":{},"b":{},"_coverageSchema":"1a1c01bbd47fc00a2c39e90264f33305004495a9","hash":"8a02928d7ae099e5f46c256315e106265348bb40"}
,"C:\\dev\\portal-Consignado\\src\\components\\Inputs\\Input\\Input.tsx": {"path":"C:\\dev\\portal-Consignado\\src\\components\\Inputs\\Input\\Input.tsx","statementMap":{"0":{"start":{"line":10,"column":14},"end":{"line":127,"column":1}},"1":{"start":{"line":27,"column":8},"end":{"line":27,"column":13}},"2":{"start":{"line":29,"column":35},"end":{"line":35,"column":6}},"3":{"start":{"line":37,"column":23},"end":{"line":49,"column":5}},"4":{"start":{"line":39,"column":8},"end":{"line":39,"column":28}},"5":{"start":{"line":40,"column":8},"end":{"line":42,"column":9}},"6":{"start":{"line":41,"column":10},"end":{"line":41,"column":24}},"7":{"start":{"line":44,"column":8},"end":{"line":46,"column":9}},"8":{"start":{"line":45,"column":10},"end":{"line":45,"column":53}},"9":{"start":{"line":51,"column":19},"end":{"line":67,"column":53}},"10":{"start":{"line":52,"column":6},"end":{"line":57,"column":7}},"11":{"start":{"line":53,"column":8},"end":{"line":56,"column":10}},"12":{"start":{"line":59,"column":6},"end":{"line":64,"column":7}},"13":{"start":{"line":60,"column":8},"end":{"line":63,"column":10}},"14":{"start":{"line":66,"column":6},"end":{"line":66,"column":16}},"15":{"start":{"line":69,"column":4},"end":{"line":125,"column":6}},"16":{"start":{"line":104,"column":14},"end":{"line":120,"column":16}}},"fnMap":{"0":{"name":"(anonymous_0)","decl":{"start":{"line":11,"column":43},"end":{"line":11,"column":44}},"loc":{"start":{"line":11,"column":59},"end":{"line":126,"column":3}},"line":11},"1":{"name":"(anonymous_1)","decl":{"start":{"line":38,"column":6},"end":{"line":38,"column":7}},"loc":{"start":{"line":38,"column":75},"end":{"line":47,"column":7}},"line":38},"2":{"name":"(anonymous_2)","decl":{"start":{"line":51,"column":27},"end":{"line":51,"column":28}},"loc":{"start":{"line":51,"column":33},"end":{"line":67,"column":5}},"line":51},"3":{"name":"(anonymous_3)","decl":{"start":{"line":103,"column":13},"end":{"line":103,"column":14}},"loc":{"start":{"line":104,"column":14},"end":{"line":120,"column":16}},"line":104}},"branchMap":{"0":{"loc":{"start":{"line":18,"column":6},"end":{"line":18,"column":15}},"type":"default-arg","locations":[{"start":{"line":18,"column":13},"end":{"line":18,"column":15}}],"line":18},"1":{"loc":{"start":{"line":40,"column":8},"end":{"line":42,"column":9}},"type":"if","locations":[{"start":{"line":40,"column":8},"end":{"line":42,"column":9}},{"start":{"line":40,"column":8},"end":{"line":42,"column":9}}],"line":40},"2":{"loc":{"start":{"line":44,"column":8},"end":{"line":46,"column":9}},"type":"if","locations":[{"start":{"line":44,"column":8},"end":{"line":46,"column":9}},{"start":{"line":44,"column":8},"end":{"line":46,"column":9}}],"line":44},"3":{"loc":{"start":{"line":52,"column":6},"end":{"line":57,"column":7}},"type":"if","locations":[{"start":{"line":52,"column":6},"end":{"line":57,"column":7}},{"start":{"line":52,"column":6},"end":{"line":57,"column":7}}],"line":52},"4":{"loc":{"start":{"line":59,"column":6},"end":{"line":64,"column":7}},"type":"if","locations":[{"start":{"line":59,"column":6},"end":{"line":64,"column":7}},{"start":{"line":59,"column":6},"end":{"line":64,"column":7}}],"line":59},"5":{"loc":{"start":{"line":59,"column":10},"end":{"line":59,"column":36}},"type":"binary-expr","locations":[{"start":{"line":59,"column":10},"end":{"line":59,"column":20}},{"start":{"line":59,"column":24},"end":{"line":59,"column":36}}],"line":59},"6":{"loc":{"start":{"line":72,"column":9},"end":{"line":123,"column":9}},"type":"cond-expr","locations":[{"start":{"line":73,"column":10},"end":{"line":90,"column":12}},{"start":{"line":92,"column":10},"end":{"line":122,"column":22}}],"line":72}},"s":{"0":11,"1":4481,"2":4480,"3":4480,"4":11,"5":11,"6":0,"7":11,"8":9,"9":4480,"10":640,"11":0,"12":640,"13":124,"14":516,"15":4480,"16":4480},"f":{"0":4481,"1":11,"2":640,"3":4480},"b":{"0":[3758],"1":[0,11],"2":[9,2],"3":[0,640],"4":[124,516],"5":[640,183],"6":[0,4480]},"_coverageSchema":"1a1c01bbd47fc00a2c39e90264f33305004495a9","hash":"27b4710dc9e3f93ce166c2389e30936d30dc40ab"}
,"C:\\dev\\portal-Consignado\\src\\components\\Inputs\\Input\\index.tsx": {"path":"C:\\dev\\portal-Consignado\\src\\components\\Inputs\\Input\\index.tsx","statementMap":{},"fnMap":{},"branchMap":{},"s":{},"f":{},"b":{},"_coverageSchema":"1a1c01bbd47fc00a2c39e90264f33305004495a9","hash":"da2ceeee50f966375e539bd026b2ebdc209f6185"}
,"C:\\dev\\portal-Consignado\\src\\components\\Interceptors\\Interceptors.tsx": {"path":"C:\\dev\\portal-Consignado\\src\\components\\Interceptors\\Interceptors.tsx","statementMap":{"0":{"start":{"line":4,"column":31},"end":{"line":8,"column":1}},"1":{"start":{"line":5,"column":2},"end":{"line":5,"column":20}},"2":{"start":{"line":7,"column":2},"end":{"line":7,"column":14}}},"fnMap":{"0":{"name":"(anonymous_0)","decl":{"start":{"line":4,"column":31},"end":{"line":4,"column":32}},"loc":{"start":{"line":4,"column":37},"end":{"line":8,"column":1}},"line":4}},"branchMap":{},"s":{"0":0,"1":0,"2":0},"f":{"0":0},"b":{}}
,"C:\\dev\\portal-Consignado\\src\\components\\Layout\\Layout.tsx": {"path":"C:\\dev\\portal-Consignado\\src\\components\\Layout\\Layout.tsx","statementMap":{"0":{"start":{"line":23,"column":38},"end":{"line":175,"column":1}},"1":{"start":{"line":24,"column":18},"end":{"line":24,"column":30}},"2":{"start":{"line":25,"column":34},"end":{"line":25,"column":49}},"3":{"start":{"line":26,"column":61},"end":{"line":26,"column":78}},"4":{"start":{"line":28,"column":27},"end":{"line":28,"column":37}},"5":{"start":{"line":29,"column":39},"end":{"line":29,"column":48}},"6":{"start":{"line":31,"column":30},"end":{"line":35,"column":3}},"7":{"start":{"line":32,"column":4},"end":{"line":32,"column":19}},"8":{"start":{"line":33,"column":4},"end":{"line":33,"column":14}},"9":{"start":{"line":34,"column":4},"end":{"line":34,"column":36}},"10":{"start":{"line":37,"column":21},"end":{"line":39,"column":3}},"11":{"start":{"line":38,"column":4},"end":{"line":38,"column":33}},"12":{"start":{"line":38,"column":25},"end":{"line":38,"column":31}},"13":{"start":{"line":41,"column":28},"end":{"line":44,"column":3}},"14":{"start":{"line":42,"column":4},"end":{"line":42,"column":23}},"15":{"start":{"line":43,"column":4},"end":{"line":43,"column":13}},"16":{"start":{"line":46,"column":2},"end":{"line":174,"column":4}},"17":{"start":{"line":164,"column":29},"end":{"line":164,"column":37}}},"fnMap":{"0":{"name":"(anonymous_0)","decl":{"start":{"line":23,"column":38},"end":{"line":23,"column":39}},"loc":{"start":{"line":23,"column":73},"end":{"line":175,"column":1}},"line":23},"1":{"name":"(anonymous_1)","decl":{"start":{"line":31,"column":30},"end":{"line":31,"column":31}},"loc":{"start":{"line":31,"column":36},"end":{"line":35,"column":3}},"line":31},"2":{"name":"(anonymous_2)","decl":{"start":{"line":37,"column":21},"end":{"line":37,"column":22}},"loc":{"start":{"line":37,"column":27},"end":{"line":39,"column":3}},"line":37},"3":{"name":"(anonymous_3)","decl":{"start":{"line":38,"column":16},"end":{"line":38,"column":17}},"loc":{"start":{"line":38,"column":25},"end":{"line":38,"column":31}},"line":38},"4":{"name":"(anonymous_4)","decl":{"start":{"line":41,"column":28},"end":{"line":41,"column":29}},"loc":{"start":{"line":41,"column":34},"end":{"line":44,"column":3}},"line":41},"5":{"name":"(anonymous_5)","decl":{"start":{"line":164,"column":23},"end":{"line":164,"column":24}},"loc":{"start":{"line":164,"column":29},"end":{"line":164,"column":37}},"line":164}},"branchMap":{"0":{"loc":{"start":{"line":54,"column":11},"end":{"line":84,"column":11}},"type":"binary-expr","locations":[{"start":{"line":54,"column":11},"end":{"line":54,"column":26}},{"start":{"line":55,"column":12},"end":{"line":83,"column":15}}],"line":54},"1":{"loc":{"start":{"line":86,"column":11},"end":{"line":94,"column":11}},"type":"cond-expr","locations":[{"start":{"line":87,"column":12},"end":{"line":89,"column":19}},{"start":{"line":91,"column":12},"end":{"line":93,"column":32}}],"line":86},"2":{"loc":{"start":{"line":172,"column":7},"end":{"line":172,"column":42}},"type":"binary-expr","locations":[{"start":{"line":172,"column":7},"end":{"line":172,"column":22}},{"start":{"line":172,"column":26},"end":{"line":172,"column":42}}],"line":172}},"s":{"0":4,"1":137,"2":137,"3":137,"4":137,"5":137,"6":137,"7":0,"8":0,"9":0,"10":137,"11":0,"12":0,"13":137,"14":0,"15":0,"16":137,"17":0},"f":{"0":137,"1":0,"2":0,"3":0,"4":0,"5":0},"b":{"0":[137,0],"1":[137,0],"2":[137,0]},"_coverageSchema":"1a1c01bbd47fc00a2c39e90264f33305004495a9","hash":"3e694e4c1f701d2342d7c8ef90752f42f411df42"}
,"C:\\dev\\portal-Consignado\\src\\components\\Layout\\LeftMenu\\LeftMenu.tsx": {"path":"C:\\dev\\portal-Consignado\\src\\components\\Layout\\LeftMenu\\LeftMenu.tsx","statementMap":{"0":{"start":{"line":9,"column":36},"end":{"line":50,"column":1}},"1":{"start":{"line":10,"column":48},"end":{"line":10,"column":53}},"2":{"start":{"line":11,"column":23},"end":{"line":11,"column":36}},"3":{"start":{"line":13,"column":23},"end":{"line":16,"column":3}},"4":{"start":{"line":14,"column":4},"end":{"line":14,"column":21}},"5":{"start":{"line":15,"column":4},"end":{"line":15,"column":18}},"6":{"start":{"line":18,"column":2},"end":{"line":49,"column":4}}},"fnMap":{"0":{"name":"(anonymous_0)","decl":{"start":{"line":9,"column":36},"end":{"line":9,"column":37}},"loc":{"start":{"line":9,"column":45},"end":{"line":50,"column":1}},"line":9},"1":{"name":"(anonymous_1)","decl":{"start":{"line":13,"column":23},"end":{"line":13,"column":24}},"loc":{"start":{"line":13,"column":29},"end":{"line":16,"column":3}},"line":13}},"branchMap":{},"s":{"0":4,"1":142,"2":138,"3":138,"4":0,"5":0,"6":138},"f":{"0":142,"1":0},"b":{},"_coverageSchema":"1a1c01bbd47fc00a2c39e90264f33305004495a9","hash":"4419c19ba85fce2002d56130e243f0dffdb75e92"}
,"C:\\dev\\portal-Consignado\\src\\components\\Layout\\LeftMenu\\index.tsx": {"path":"C:\\dev\\portal-Consignado\\src\\components\\Layout\\LeftMenu\\index.tsx","statementMap":{},"fnMap":{},"branchMap":{},"s":{},"f":{},"b":{},"_coverageSchema":"1a1c01bbd47fc00a2c39e90264f33305004495a9","hash":"0226acc5dd934e16f472a434799d9a2574f06a86"}
,"C:\\dev\\portal-Consignado\\src\\components\\Modal\\Modal.tsx": {"path":"C:\\dev\\portal-Consignado\\src\\components\\Modal\\Modal.tsx","statementMap":{"0":{"start":{"line":7,"column":36},"end":{"line":28,"column":10}},"1":{"start":{"line":14,"column":2},"end":{"line":28,"column":10}},"2":{"start":{"line":20,"column":26},"end":{"line":20,"column":53}}},"fnMap":{"0":{"name":"(anonymous_0)","decl":{"start":{"line":7,"column":36},"end":{"line":7,"column":37}},"loc":{"start":{"line":14,"column":2},"end":{"line":28,"column":10}},"line":14},"1":{"name":"(anonymous_1)","decl":{"start":{"line":20,"column":21},"end":{"line":20,"column":22}},"loc":{"start":{"line":20,"column":26},"end":{"line":20,"column":53}},"line":20}},"branchMap":{"0":{"loc":{"start":{"line":10,"column":2},"end":{"line":10,"column":22}},"type":"default-arg","locations":[{"start":{"line":10,"column":18},"end":{"line":10,"column":22}}],"line":10},"1":{"loc":{"start":{"line":14,"column":2},"end":{"line":28,"column":10}},"type":"cond-expr","locations":[{"start":{"line":15,"column":4},"end":{"line":27,"column":19}},{"start":{"line":28,"column":6},"end":{"line":28,"column":10}}],"line":14},"2":{"loc":{"start":{"line":17,"column":9},"end":{"line":24,"column":9}},"type":"binary-expr","locations":[{"start":{"line":17,"column":9},"end":{"line":17,"column":22}},{"start":{"line":17,"column":26},"end":{"line":17,"column":33}},{"start":{"line":18,"column":10},"end":{"line":23,"column":31}}],"line":17}},"s":{"0":7,"1":519,"2":0},"f":{"0":519,"1":0},"b":{"0":[519],"1":[17,502],"2":[17,17,16]},"_coverageSchema":"1a1c01bbd47fc00a2c39e90264f33305004495a9","hash":"3d43c3cb81170dc98f84478abfb2d3bf148255b5"}
,"C:\\dev\\portal-Consignado\\src\\components\\ModalMessage\\ModalMessage.tsx": {"path":"C:\\dev\\portal-Consignado\\src\\components\\ModalMessage\\ModalMessage.tsx","statementMap":{"0":{"start":{"line":8,"column":50},"end":{"line":23,"column":1}},"1":{"start":{"line":16,"column":2},"end":{"line":22,"column":10}}},"fnMap":{"0":{"name":"(anonymous_0)","decl":{"start":{"line":8,"column":50},"end":{"line":8,"column":51}},"loc":{"start":{"line":16,"column":2},"end":{"line":22,"column":10}},"line":16}},"branchMap":{"0":{"loc":{"start":{"line":12,"column":2},"end":{"line":12,"column":17}},"type":"default-arg","locations":[{"start":{"line":12,"column":10},"end":{"line":12,"column":17}}],"line":12},"1":{"loc":{"start":{"line":13,"column":2},"end":{"line":13,"column":18}},"type":"default-arg","locations":[{"start":{"line":13,"column":11},"end":{"line":13,"column":18}}],"line":13},"2":{"loc":{"start":{"line":19,"column":7},"end":{"line":19,"column":52}},"type":"binary-expr","locations":[{"start":{"line":19,"column":7},"end":{"line":19,"column":12}},{"start":{"line":19,"column":16},"end":{"line":19,"column":52}}],"line":19},"3":{"loc":{"start":{"line":20,"column":7},"end":{"line":20,"column":48}},"type":"binary-expr","locations":[{"start":{"line":20,"column":7},"end":{"line":20,"column":11}},{"start":{"line":20,"column":15},"end":{"line":20,"column":48}}],"line":20}},"s":{"0":5,"1":293},"f":{"0":293},"b":{"0":[135],"1":[292],"2":[293,0],"3":[293,267]},"_coverageSchema":"1a1c01bbd47fc00a2c39e90264f33305004495a9","hash":"617955f9121708c58a312349c597d878ce65beec"}
,"C:\\dev\\portal-Consignado\\src\\components\\ModalMessage\\index.tsx": {"path":"C:\\dev\\portal-Consignado\\src\\components\\ModalMessage\\index.tsx","statementMap":{},"fnMap":{},"branchMap":{},"s":{},"f":{},"b":{},"_coverageSchema":"1a1c01bbd47fc00a2c39e90264f33305004495a9","hash":"a854b9fc2d5a304e61880a747bed30cdc8d26685"}
,"C:\\dev\\portal-Consignado\\src\\components\\NoDataTable\\NoDataTable.tsx": {"path":"C:\\dev\\portal-Consignado\\src\\components\\NoDataTable\\NoDataTable.tsx","statementMap":{"0":{"start":{"line":5,"column":30},"end":{"line":9,"column":1}},"1":{"start":{"line":6,"column":2},"end":{"line":8,"column":18}}},"fnMap":{"0":{"name":"(anonymous_0)","decl":{"start":{"line":5,"column":30},"end":{"line":5,"column":31}},"loc":{"start":{"line":6,"column":2},"end":{"line":8,"column":18}},"line":6}},"branchMap":{"0":{"loc":{"start":{"line":7,"column":5},"end":{"line":7,"column":41}},"type":"binary-expr","locations":[{"start":{"line":7,"column":5},"end":{"line":7,"column":13}},{"start":{"line":7,"column":17},"end":{"line":7,"column":41}}],"line":7}},"s":{"0":2,"1":6},"f":{"0":6},"b":{"0":[6,0]},"_coverageSchema":"1a1c01bbd47fc00a2c39e90264f33305004495a9","hash":"56e6e837909721179bce1da3b0ca7c5e34b0d685"}
,"C:\\dev\\portal-Consignado\\src\\components\\NoDataTable\\index.tsx": {"path":"C:\\dev\\portal-Consignado\\src\\components\\NoDataTable\\index.tsx","statementMap":{},"fnMap":{},"branchMap":{},"s":{},"f":{},"b":{},"_coverageSchema":"1a1c01bbd47fc00a2c39e90264f33305004495a9","hash":"2628be8a57dbe16a2b8764f2148f3d19f8736c42"}
,"C:\\dev\\portal-Consignado\\src\\components\\PasswordRules\\PasswordRules.tsx": {"path":"C:\\dev\\portal-Consignado\\src\\components\\PasswordRules\\PasswordRules.tsx","statementMap":{"0":{"start":{"line":6,"column":52},"end":{"line":16,"column":1}},"1":{"start":{"line":7,"column":2},"end":{"line":15,"column":21}}},"fnMap":{"0":{"name":"(anonymous_0)","decl":{"start":{"line":6,"column":52},"end":{"line":6,"column":53}},"loc":{"start":{"line":7,"column":2},"end":{"line":15,"column":21}},"line":7}},"branchMap":{},"s":{"0":4,"1":111},"f":{"0":111},"b":{},"_coverageSchema":"1a1c01bbd47fc00a2c39e90264f33305004495a9","hash":"a6619913321e6bf096f04f95d858d1e788293d9a"}
,"C:\\dev\\portal-Consignado\\src\\components\\RouteAccess\\RouteAccess.tsx": {"path":"C:\\dev\\portal-Consignado\\src\\components\\RouteAccess\\RouteAccess.tsx","statementMap":{"0":{"start":{"line":11,"column":42},"end":{"line":41,"column":2}},"1":{"start":{"line":12,"column":38},"end":{"line":12,"column":43}},"2":{"start":{"line":13,"column":48},"end":{"line":13,"column":57}},"3":{"start":{"line":14,"column":18},"end":{"line":14,"column":31}},"4":{"start":{"line":16,"column":2},"end":{"line":23,"column":25}},"5":{"start":{"line":17,"column":4},"end":{"line":19,"column":5}},"6":{"start":{"line":18,"column":6},"end":{"line":18,"column":29}},"7":{"start":{"line":20,"column":4},"end":{"line":22,"column":6}},"8":{"start":{"line":21,"column":6},"end":{"line":21,"column":30}},"9":{"start":{"line":25,"column":25},"end":{"line":31,"column":38}},"10":{"start":{"line":26,"column":4},"end":{"line":26,"column":79}},"11":{"start":{"line":26,"column":54},"end":{"line":26,"column":79}},"12":{"start":{"line":27,"column":4},"end":{"line":28,"column":36}},"13":{"start":{"line":28,"column":6},"end":{"line":28,"column":36}},"14":{"start":{"line":30,"column":4},"end":{"line":30,"column":16}},"15":{"start":{"line":33,"column":2},"end":{"line":33,"column":62}},"16":{"start":{"line":33,"column":22},"end":{"line":33,"column":62}},"17":{"start":{"line":35,"column":2},"end":{"line":40,"column":4}}},"fnMap":{"0":{"name":"(anonymous_0)","decl":{"start":{"line":11,"column":47},"end":{"line":11,"column":48}},"loc":{"start":{"line":11,"column":56},"end":{"line":41,"column":1}},"line":11},"1":{"name":"(anonymous_1)","decl":{"start":{"line":16,"column":12},"end":{"line":16,"column":13}},"loc":{"start":{"line":16,"column":18},"end":{"line":23,"column":3}},"line":16},"2":{"name":"(anonymous_2)","decl":{"start":{"line":20,"column":11},"end":{"line":20,"column":12}},"loc":{"start":{"line":20,"column":17},"end":{"line":22,"column":5}},"line":20},"3":{"name":"(anonymous_3)","decl":{"start":{"line":25,"column":33},"end":{"line":25,"column":34}},"loc":{"start":{"line":25,"column":39},"end":{"line":31,"column":3}},"line":25}},"branchMap":{"0":{"loc":{"start":{"line":17,"column":4},"end":{"line":19,"column":5}},"type":"if","locations":[{"start":{"line":17,"column":4},"end":{"line":19,"column":5}},{"start":{"line":17,"column":4},"end":{"line":19,"column":5}}],"line":17},"1":{"loc":{"start":{"line":26,"column":4},"end":{"line":26,"column":79}},"type":"if","locations":[{"start":{"line":26,"column":4},"end":{"line":26,"column":79}},{"start":{"line":26,"column":4},"end":{"line":26,"column":79}}],"line":26},"2":{"loc":{"start":{"line":26,"column":8},"end":{"line":26,"column":52}},"type":"binary-expr","locations":[{"start":{"line":26,"column":8},"end":{"line":26,"column":32}},{"start":{"line":26,"column":36},"end":{"line":26,"column":52}}],"line":26},"3":{"loc":{"start":{"line":27,"column":4},"end":{"line":28,"column":36}},"type":"if","locations":[{"start":{"line":27,"column":4},"end":{"line":28,"column":36}},{"start":{"line":27,"column":4},"end":{"line":28,"column":36}}],"line":27},"4":{"loc":{"start":{"line":27,"column":8},"end":{"line":27,"column":52}},"type":"binary-expr","locations":[{"start":{"line":27,"column":8},"end":{"line":27,"column":33}},{"start":{"line":27,"column":37},"end":{"line":27,"column":52}}],"line":27},"5":{"loc":{"start":{"line":33,"column":2},"end":{"line":33,"column":62}},"type":"if","locations":[{"start":{"line":33,"column":2},"end":{"line":33,"column":62}},{"start":{"line":33,"column":2},"end":{"line":33,"column":62}}],"line":33},"6":{"loc":{"start":{"line":38,"column":7},"end":{"line":38,"column":42}},"type":"binary-expr","locations":[{"start":{"line":38,"column":7},"end":{"line":38,"column":22}},{"start":{"line":38,"column":26},"end":{"line":38,"column":42}}],"line":38}},"s":{"0":0,"1":0,"2":0,"3":0,"4":0,"5":0,"6":0,"7":0,"8":0,"9":0,"10":0,"11":0,"12":0,"13":0,"14":0,"15":0,"16":0,"17":0},"f":{"0":0,"1":0,"2":0,"3":0},"b":{"0":[0,0],"1":[0,0],"2":[0,0],"3":[0,0],"4":[0,0],"5":[0,0],"6":[0,0]}}
,"C:\\dev\\portal-Consignado\\src\\components\\RouteAccess\\index.tsx": {"path":"C:\\dev\\portal-Consignado\\src\\components\\RouteAccess\\index.tsx","statementMap":{},"fnMap":{},"branchMap":{},"s":{},"f":{},"b":{}}
,"C:\\dev\\portal-Consignado\\src\\components\\Select\\Select.tsx": {"path":"C:\\dev\\portal-Consignado\\src\\components\\Select\\Select.tsx","statementMap":{"0":{"start":{"line":8,"column":32},"end":{"line":61,"column":1}},"1":{"start":{"line":10,"column":21},"end":{"line":10,"column":33}},"2":{"start":{"line":11,"column":35},"end":{"line":11,"column":68}},"3":{"start":{"line":13,"column":23},"end":{"line":21,"column":5}},"4":{"start":{"line":15,"column":8},"end":{"line":19,"column":10}},"5":{"start":{"line":16,"column":10},"end":{"line":18,"column":21}},"6":{"start":{"line":23,"column":25},"end":{"line":31,"column":5}},"7":{"start":{"line":25,"column":8},"end":{"line":25,"column":45}},"8":{"start":{"line":26,"column":8},"end":{"line":26,"column":30}},"9":{"start":{"line":28,"column":8},"end":{"line":28,"column":38}},"10":{"start":{"line":28,"column":22},"end":{"line":28,"column":38}},"11":{"start":{"line":33,"column":4},"end":{"line":59,"column":6}}},"fnMap":{"0":{"name":"(anonymous_0)","decl":{"start":{"line":9,"column":2},"end":{"line":9,"column":3}},"loc":{"start":{"line":9,"column":58},"end":{"line":60,"column":3}},"line":9},"1":{"name":"(anonymous_1)","decl":{"start":{"line":14,"column":6},"end":{"line":14,"column":7}},"loc":{"start":{"line":15,"column":8},"end":{"line":19,"column":10}},"line":15},"2":{"name":"(anonymous_2)","decl":{"start":{"line":15,"column":20},"end":{"line":15,"column":21}},"loc":{"start":{"line":16,"column":10},"end":{"line":18,"column":21}},"line":16},"3":{"name":"(anonymous_3)","decl":{"start":{"line":24,"column":6},"end":{"line":24,"column":7}},"loc":{"start":{"line":24,"column":15},"end":{"line":29,"column":7}},"line":24}},"branchMap":{"0":{"loc":{"start":{"line":28,"column":8},"end":{"line":28,"column":38}},"type":"if","locations":[{"start":{"line":28,"column":8},"end":{"line":28,"column":38}},{"start":{"line":28,"column":8},"end":{"line":28,"column":38}}],"line":28},"1":{"loc":{"start":{"line":35,"column":31},"end":{"line":35,"column":59}},"type":"binary-expr","locations":[{"start":{"line":35,"column":31},"end":{"line":35,"column":43}},{"start":{"line":35,"column":47},"end":{"line":35,"column":59}}],"line":35},"2":{"loc":{"start":{"line":53,"column":17},"end":{"line":53,"column":45}},"type":"binary-expr","locations":[{"start":{"line":53,"column":17},"end":{"line":53,"column":29}},{"start":{"line":53,"column":33},"end":{"line":53,"column":45}}],"line":53},"3":{"loc":{"start":{"line":54,"column":22},"end":{"line":54,"column":59}},"type":"cond-expr","locations":[{"start":{"line":54,"column":37},"end":{"line":54,"column":47}},{"start":{"line":54,"column":50},"end":{"line":54,"column":59}}],"line":54}},"s":{"0":2,"1":236,"2":236,"3":236,"4":10,"5":270,"6":236,"7":0,"8":0,"9":0,"10":0,"11":236},"f":{"0":236,"1":10,"2":270,"3":0},"b":{"0":[0,0],"1":[236,0],"2":[236,0],"3":[67,169]},"_coverageSchema":"1a1c01bbd47fc00a2c39e90264f33305004495a9","hash":"02feb31d999faff42db59bdf67828960732406c6"}
,"C:\\dev\\portal-Consignado\\src\\components\\Select\\index.tsx": {"path":"C:\\dev\\portal-Consignado\\src\\components\\Select\\index.tsx","statementMap":{},"fnMap":{},"branchMap":{},"s":{},"f":{},"b":{}}
,"C:\\dev\\portal-Consignado\\src\\components\\SessionExpired\\SessionExpired.tsx": {"path":"C:\\dev\\portal-Consignado\\src\\components\\SessionExpired\\SessionExpired.tsx","statementMap":{"0":{"start":{"line":9,"column":33},"end":{"line":32,"column":1}},"1":{"start":{"line":10,"column":27},"end":{"line":13,"column":3}},"2":{"start":{"line":11,"column":4},"end":{"line":11,"column":19}},"3":{"start":{"line":12,"column":4},"end":{"line":12,"column":31}},"4":{"start":{"line":15,"column":2},"end":{"line":31,"column":4}}},"fnMap":{"0":{"name":"(anonymous_0)","decl":{"start":{"line":9,"column":33},"end":{"line":9,"column":34}},"loc":{"start":{"line":9,"column":39},"end":{"line":32,"column":1}},"line":9},"1":{"name":"(anonymous_1)","decl":{"start":{"line":10,"column":27},"end":{"line":10,"column":28}},"loc":{"start":{"line":10,"column":33},"end":{"line":13,"column":3}},"line":10}},"branchMap":{},"s":{"0":4,"1":0,"2":0,"3":0,"4":0},"f":{"0":0,"1":0},"b":{},"_coverageSchema":"1a1c01bbd47fc00a2c39e90264f33305004495a9","hash":"4ddcde79b8d1a75118c482ad3890531560bd6f19"}
,"C:\\dev\\portal-Consignado\\src\\components\\SessionExpired\\index.tsx": {"path":"C:\\dev\\portal-Consignado\\src\\components\\SessionExpired\\index.tsx","statementMap":{},"fnMap":{},"branchMap":{},"s":{},"f":{},"b":{},"_coverageSchema":"1a1c01bbd47fc00a2c39e90264f33305004495a9","hash":"a3beabab02323bbc7bf45d7efe38a9c6bc069444"}
,"C:\\dev\\portal-Consignado\\src\\components\\SessionModal\\SessionModal.tsx": {"path":"C:\\dev\\portal-Consignado\\src\\components\\SessionModal\\SessionModal.tsx","statementMap":{"0":{"start":{"line":9,"column":24},"end":{"line":9,"column":30}},"1":{"start":{"line":11,"column":31},"end":{"line":30,"column":1}},"2":{"start":{"line":12,"column":26},"end":{"line":12,"column":38}},"3":{"start":{"line":13,"column":31},"end":{"line":13,"column":40}},"4":{"start":{"line":14,"column":15},"end":{"line":17,"column":3}},"5":{"start":{"line":15,"column":10},"end":{"line":15,"column":49}},"6":{"start":{"line":19,"column":19},"end":{"line":27,"column":3}},"7":{"start":{"line":20,"column":4},"end":{"line":24,"column":5}},"8":{"start":{"line":21,"column":6},"end":{"line":21,"column":25}},"9":{"start":{"line":23,"column":6},"end":{"line":23,"column":32}},"10":{"start":{"line":26,"column":4},"end":{"line":26,"column":16}},"11":{"start":{"line":29,"column":2},"end":{"line":29,"column":55}}},"fnMap":{"0":{"name":"(anonymous_0)","decl":{"start":{"line":11,"column":31},"end":{"line":11,"column":32}},"loc":{"start":{"line":11,"column":37},"end":{"line":30,"column":1}},"line":11},"1":{"name":"(anonymous_1)","decl":{"start":{"line":15,"column":4},"end":{"line":15,"column":5}},"loc":{"start":{"line":15,"column":10},"end":{"line":15,"column":49}},"line":15},"2":{"name":"(anonymous_2)","decl":{"start":{"line":19,"column":19},"end":{"line":19,"column":20}},"loc":{"start":{"line":19,"column":38},"end":{"line":27,"column":3}},"line":19}},"branchMap":{"0":{"loc":{"start":{"line":20,"column":4},"end":{"line":24,"column":5}},"type":"if","locations":[{"start":{"line":20,"column":4},"end":{"line":24,"column":5}},{"start":{"line":20,"column":4},"end":{"line":24,"column":5}}],"line":20}},"s":{"0":4,"1":4,"2":0,"3":0,"4":0,"5":0,"6":0,"7":0,"8":0,"9":0,"10":0,"11":0},"f":{"0":0,"1":0,"2":0},"b":{"0":[0,0]},"_coverageSchema":"1a1c01bbd47fc00a2c39e90264f33305004495a9","hash":"4056a140f62633122fb79a5006c7b0b035690ddb"}
,"C:\\dev\\portal-Consignado\\src\\components\\Slider\\Slider.tsx": {"path":"C:\\dev\\portal-Consignado\\src\\components\\Slider\\Slider.tsx","statementMap":{"0":{"start":{"line":8,"column":41},"end":{"line":28,"column":2}},"1":{"start":{"line":9,"column":22},"end":{"line":9,"column":27}},"2":{"start":{"line":16,"column":35},"end":{"line":16,"column":60}},"3":{"start":{"line":17,"column":4},"end":{"line":22,"column":6}},"4":{"start":{"line":25,"column":2},"end":{"line":27,"column":4}}},"fnMap":{"0":{"name":"(anonymous_0)","decl":{"start":{"line":8,"column":46},"end":{"line":8,"column":47}},"loc":{"start":{"line":8,"column":55},"end":{"line":28,"column":1}},"line":8},"1":{"name":"SliderThumbComponent","decl":{"start":{"line":13,"column":11},"end":{"line":13,"column":31}},"loc":{"start":{"line":15,"column":4},"end":{"line":23,"column":3}},"line":15}},"branchMap":{},"s":{"0":0,"1":0,"2":0,"3":0,"4":0},"f":{"0":0,"1":0},"b":{}}
,"C:\\dev\\portal-Consignado\\src\\components\\Slider\\index.tsx": {"path":"C:\\dev\\portal-Consignado\\src\\components\\Slider\\index.tsx","statementMap":{},"fnMap":{},"branchMap":{},"s":{},"f":{},"b":{}}
,"C:\\dev\\portal-Consignado\\src\\components\\Table\\Table.tsx": {"path":"C:\\dev\\portal-Consignado\\src\\components\\Table\\Table.tsx","statementMap":{"0":{"start":{"line":10,"column":36},"end":{"line":46,"column":1}},"1":{"start":{"line":24,"column":20},"end":{"line":24,"column":31}},"2":{"start":{"line":26,"column":4},"end":{"line":44,"column":6}}},"fnMap":{"0":{"name":"(anonymous_0)","decl":{"start":{"line":11,"column":2},"end":{"line":11,"column":3}},"loc":{"start":{"line":23,"column":8},"end":{"line":45,"column":3}},"line":23}},"branchMap":{"0":{"loc":{"start":{"line":14,"column":4},"end":{"line":14,"column":31}},"type":"default-arg","locations":[{"start":{"line":14,"column":27},"end":{"line":14,"column":31}}],"line":14},"1":{"loc":{"start":{"line":15,"column":4},"end":{"line":15,"column":21}},"type":"default-arg","locations":[{"start":{"line":15,"column":17},"end":{"line":15,"column":21}}],"line":15},"2":{"loc":{"start":{"line":16,"column":4},"end":{"line":16,"column":21}},"type":"default-arg","locations":[{"start":{"line":16,"column":19},"end":{"line":16,"column":21}}],"line":16},"3":{"loc":{"start":{"line":17,"column":4},"end":{"line":17,"column":18}},"type":"default-arg","locations":[{"start":{"line":17,"column":16},"end":{"line":17,"column":18}}],"line":17},"4":{"loc":{"start":{"line":18,"column":4},"end":{"line":18,"column":21}},"type":"default-arg","locations":[{"start":{"line":18,"column":17},"end":{"line":18,"column":21}}],"line":18},"5":{"loc":{"start":{"line":19,"column":4},"end":{"line":19,"column":34}},"type":"default-arg","locations":[{"start":{"line":19,"column":30},"end":{"line":19,"column":34}}],"line":19},"6":{"loc":{"start":{"line":39,"column":27},"end":{"line":39,"column":48}},"type":"binary-expr","locations":[{"start":{"line":39,"column":27},"end":{"line":39,"column":33}},{"start":{"line":39,"column":37},"end":{"line":39,"column":48}}],"line":39}},"s":{"0":2,"1":20,"2":20},"f":{"0":20},"b":{"0":[20],"1":[20],"2":[20],"3":[0],"4":[20],"5":[20],"6":[20,0]},"_coverageSchema":"1a1c01bbd47fc00a2c39e90264f33305004495a9","hash":"2e1d0b9618af2265320783984b365a066c9a4e15"}
,"C:\\dev\\portal-Consignado\\src\\components\\Tooltip\\Tooltip.tsx": {"path":"C:\\dev\\portal-Consignado\\src\\components\\Tooltip\\Tooltip.tsx","statementMap":{"0":{"start":{"line":8,"column":34},"end":{"line":26,"column":1}},"1":{"start":{"line":9,"column":29},"end":{"line":9,"column":34}},"2":{"start":{"line":11,"column":18},"end":{"line":11,"column":29}},"3":{"start":{"line":13,"column":2},"end":{"line":25,"column":4}}},"fnMap":{"0":{"name":"(anonymous_0)","decl":{"start":{"line":8,"column":34},"end":{"line":8,"column":35}},"loc":{"start":{"line":8,"column":43},"end":{"line":26,"column":1}},"line":8}},"branchMap":{},"s":{"0":1,"1":8,"2":8,"3":8},"f":{"0":8},"b":{},"_coverageSchema":"1a1c01bbd47fc00a2c39e90264f33305004495a9","hash":"37407715ad69e99826e5d0065cf4cf772c17c9d8"}
,"C:\\dev\\portal-Consignado\\src\\components\\Tooltip\\index.tsx": {"path":"C:\\dev\\portal-Consignado\\src\\components\\Tooltip\\index.tsx","statementMap":{},"fnMap":{},"branchMap":{},"s":{},"f":{},"b":{},"_coverageSchema":"1a1c01bbd47fc00a2c39e90264f33305004495a9","hash":"b0d4705de8bdf927f076d987ae9e25ee83062b50"}
,"C:\\dev\\portal-Consignado\\src\\hooks\\useInterceptors.tsx": {"path":"C:\\dev\\portal-Consignado\\src\\hooks\\useInterceptors.tsx","statementMap":{"0":{"start":{"line":12,"column":24},"end":{"line":104,"column":1}},"1":{"start":{"line":13,"column":32},"end":{"line":13,"column":43}},"2":{"start":{"line":14,"column":28},"end":{"line":14,"column":40}},"3":{"start":{"line":15,"column":27},"end":{"line":15,"column":36}},"4":{"start":{"line":17,"column":14},"end":{"line":17,"column":77}},"5":{"start":{"line":17,"column":32},"end":{"line":17,"column":62}},"6":{"start":{"line":17,"column":52},"end":{"line":17,"column":61}},"7":{"start":{"line":18,"column":14},"end":{"line":18,"column":77}},"8":{"start":{"line":18,"column":32},"end":{"line":18,"column":62}},"9":{"start":{"line":18,"column":52},"end":{"line":18,"column":61}},"10":{"start":{"line":20,"column":23},"end":{"line":84,"column":3}},"11":{"start":{"line":21,"column":11},"end":{"line":82,"column":5}},"12":{"start":{"line":23,"column":8},"end":{"line":23,"column":14}},"13":{"start":{"line":25,"column":28},"end":{"line":25,"column":35}},"14":{"start":{"line":27,"column":8},"end":{"line":47,"column":9}},"15":{"start":{"line":28,"column":10},"end":{"line":46,"column":11}},"16":{"start":{"line":29,"column":12},"end":{"line":29,"column":38}},"17":{"start":{"line":33,"column":16},"end":{"line":38,"column":13}},"18":{"start":{"line":40,"column":12},"end":{"line":40,"column":37}},"19":{"start":{"line":42,"column":12},"end":{"line":42,"column":67}},"20":{"start":{"line":43,"column":12},"end":{"line":43,"column":44}},"21":{"start":{"line":45,"column":12},"end":{"line":45,"column":44}},"22":{"start":{"line":49,"column":8},"end":{"line":49,"column":34}},"23":{"start":{"line":50,"column":8},"end":{"line":50,"column":23}},"24":{"start":{"line":53,"column":8},"end":{"line":53,"column":14}},"25":{"start":{"line":55,"column":8},"end":{"line":55,"column":24}},"26":{"start":{"line":58,"column":8},"end":{"line":58,"column":14}},"27":{"start":{"line":65,"column":8},"end":{"line":72,"column":9}},"28":{"start":{"line":69,"column":10},"end":{"line":69,"column":53}},"29":{"start":{"line":71,"column":10},"end":{"line":71,"column":39}},"30":{"start":{"line":74,"column":8},"end":{"line":78,"column":9}},"31":{"start":{"line":75,"column":10},"end":{"line":75,"column":47}},"32":{"start":{"line":77,"column":10},"end":{"line":77,"column":39}},"33":{"start":{"line":80,"column":8},"end":{"line":80,"column":37}},"34":{"start":{"line":86,"column":2},"end":{"line":101,"column":21}},"35":{"start":{"line":87,"column":27},"end":{"line":90,"column":5}},"36":{"start":{"line":92,"column":27},"end":{"line":95,"column":5}},"37":{"start":{"line":97,"column":4},"end":{"line":100,"column":6}},"38":{"start":{"line":98,"column":6},"end":{"line":98,"column":53}},"39":{"start":{"line":99,"column":6},"end":{"line":99,"column":54}},"40":{"start":{"line":103,"column":2},"end":{"line":103,"column":23}}},"fnMap":{"0":{"name":"(anonymous_0)","decl":{"start":{"line":12,"column":24},"end":{"line":12,"column":25}},"loc":{"start":{"line":12,"column":41},"end":{"line":104,"column":1}},"line":12},"1":{"name":"(anonymous_1)","decl":{"start":{"line":17,"column":26},"end":{"line":17,"column":27}},"loc":{"start":{"line":17,"column":32},"end":{"line":17,"column":62}},"line":17},"2":{"name":"(anonymous_2)","decl":{"start":{"line":17,"column":43},"end":{"line":17,"column":44}},"loc":{"start":{"line":17,"column":52},"end":{"line":17,"column":61}},"line":17},"3":{"name":"(anonymous_3)","decl":{"start":{"line":18,"column":26},"end":{"line":18,"column":27}},"loc":{"start":{"line":18,"column":32},"end":{"line":18,"column":62}},"line":18},"4":{"name":"(anonymous_4)","decl":{"start":{"line":18,"column":43},"end":{"line":18,"column":44}},"loc":{"start":{"line":18,"column":52},"end":{"line":18,"column":61}},"line":18},"5":{"name":"(anonymous_5)","decl":{"start":{"line":21,"column":4},"end":{"line":21,"column":5}},"loc":{"start":{"line":21,"column":11},"end":{"line":82,"column":5}},"line":21},"6":{"name":"(anonymous_6)","decl":{"start":{"line":22,"column":15},"end":{"line":22,"column":16}},"loc":{"start":{"line":22,"column":54},"end":{"line":51,"column":7}},"line":22},"7":{"name":"(anonymous_7)","decl":{"start":{"line":52,"column":16},"end":{"line":52,"column":17}},"loc":{"start":{"line":52,"column":45},"end":{"line":56,"column":7}},"line":52},"8":{"name":"(anonymous_8)","decl":{"start":{"line":57,"column":13},"end":{"line":57,"column":14}},"loc":{"start":{"line":57,"column":36},"end":{"line":81,"column":7}},"line":57},"9":{"name":"(anonymous_9)","decl":{"start":{"line":86,"column":12},"end":{"line":86,"column":13}},"loc":{"start":{"line":86,"column":18},"end":{"line":101,"column":3}},"line":86},"10":{"name":"(anonymous_10)","decl":{"start":{"line":97,"column":11},"end":{"line":97,"column":12}},"loc":{"start":{"line":97,"column":17},"end":{"line":100,"column":5}},"line":97}},"branchMap":{"0":{"loc":{"start":{"line":27,"column":8},"end":{"line":47,"column":9}},"type":"if","locations":[{"start":{"line":27,"column":8},"end":{"line":47,"column":9}},{"start":{"line":27,"column":8},"end":{"line":47,"column":9}}],"line":27},"1":{"loc":{"start":{"line":65,"column":8},"end":{"line":72,"column":9}},"type":"if","locations":[{"start":{"line":65,"column":8},"end":{"line":72,"column":9}},{"start":{"line":65,"column":8},"end":{"line":72,"column":9}}],"line":65},"2":{"loc":{"start":{"line":66,"column":10},"end":{"line":67,"column":79}},"type":"binary-expr","locations":[{"start":{"line":66,"column":10},"end":{"line":66,"column":38}},{"start":{"line":67,"column":10},"end":{"line":67,"column":79}}],"line":66},"3":{"loc":{"start":{"line":74,"column":8},"end":{"line":78,"column":9}},"type":"if","locations":[{"start":{"line":74,"column":8},"end":{"line":78,"column":9}},{"start":{"line":74,"column":8},"end":{"line":78,"column":9}}],"line":74}},"s":{"0":0,"1":0,"2":0,"3":0,"4":0,"5":0,"6":0,"7":0,"8":0,"9":0,"10":0,"11":0,"12":0,"13":0,"14":0,"15":0,"16":0,"17":0,"18":0,"19":0,"20":0,"21":0,"22":0,"23":0,"24":0,"25":0,"26":0,"27":0,"28":0,"29":0,"30":0,"31":0,"32":0,"33":0,"34":0,"35":0,"36":0,"37":0,"38":0,"39":0,"40":0},"f":{"0":0,"1":0,"2":0,"3":0,"4":0,"5":0,"6":0,"7":0,"8":0,"9":0,"10":0},"b":{"0":[0,0],"1":[0,0],"2":[0,0],"3":[0,0]}}
,"C:\\dev\\portal-Consignado\\src\\hooks\\useViaCEP.tsx": {"path":"C:\\dev\\portal-Consignado\\src\\hooks\\useViaCEP.tsx","statementMap":{"0":{"start":{"line":22,"column":18},"end":{"line":77,"column":1}},"1":{"start":{"line":23,"column":32},"end":{"line":29,"column":4}},"2":{"start":{"line":30,"column":34},"end":{"line":30,"column":49}},"3":{"start":{"line":31,"column":32},"end":{"line":31,"column":47}},"4":{"start":{"line":32,"column":34},"end":{"line":32,"column":49}},"5":{"start":{"line":35,"column":4},"end":{"line":35,"column":19}},"6":{"start":{"line":36,"column":4},"end":{"line":36,"column":23}},"7":{"start":{"line":37,"column":4},"end":{"line":37,"column":22}},"8":{"start":{"line":38,"column":4},"end":{"line":38,"column":23}},"9":{"start":{"line":42,"column":4},"end":{"line":48,"column":7}},"10":{"start":{"line":52,"column":4},"end":{"line":52,"column":18}},"11":{"start":{"line":54,"column":4},"end":{"line":54,"column":62}},"12":{"start":{"line":54,"column":55},"end":{"line":54,"column":62}},"13":{"start":{"line":56,"column":4},"end":{"line":56,"column":22}},"14":{"start":{"line":58,"column":4},"end":{"line":67,"column":41}},"15":{"start":{"line":61,"column":8},"end":{"line":64,"column":32}},"16":{"start":{"line":62,"column":10},"end":{"line":62,"column":28}},"17":{"start":{"line":63,"column":10},"end":{"line":63,"column":25}},"18":{"start":{"line":64,"column":15},"end":{"line":64,"column":32}},"19":{"start":{"line":66,"column":19},"end":{"line":66,"column":35}},"20":{"start":{"line":67,"column":21},"end":{"line":67,"column":39}},"21":{"start":{"line":70,"column":2},"end":{"line":76,"column":4}}},"fnMap":{"0":{"name":"(anonymous_0)","decl":{"start":{"line":22,"column":18},"end":{"line":22,"column":19}},"loc":{"start":{"line":22,"column":35},"end":{"line":77,"column":1}},"line":22},"1":{"name":"resetStates","decl":{"start":{"line":34,"column":11},"end":{"line":34,"column":22}},"loc":{"start":{"line":34,"column":25},"end":{"line":39,"column":3}},"line":34},"2":{"name":"resetAddress","decl":{"start":{"line":41,"column":11},"end":{"line":41,"column":23}},"loc":{"start":{"line":41,"column":26},"end":{"line":49,"column":3}},"line":41},"3":{"name":"fetchCEP","decl":{"start":{"line":51,"column":11},"end":{"line":51,"column":19}},"loc":{"start":{"line":51,"column":51},"end":{"line":68,"column":3}},"line":51},"4":{"name":"(anonymous_4)","decl":{"start":{"line":60,"column":12},"end":{"line":60,"column":13}},"loc":{"start":{"line":60,"column":26},"end":{"line":65,"column":7}},"line":60},"5":{"name":"(anonymous_5)","decl":{"start":{"line":66,"column":13},"end":{"line":66,"column":14}},"loc":{"start":{"line":66,"column":19},"end":{"line":66,"column":35}},"line":66},"6":{"name":"(anonymous_6)","decl":{"start":{"line":67,"column":15},"end":{"line":67,"column":16}},"loc":{"start":{"line":67,"column":21},"end":{"line":67,"column":39}},"line":67}},"branchMap":{"0":{"loc":{"start":{"line":54,"column":4},"end":{"line":54,"column":62}},"type":"if","locations":[{"start":{"line":54,"column":4},"end":{"line":54,"column":62}},{"start":{"line":54,"column":4},"end":{"line":54,"column":62}}],"line":54},"1":{"loc":{"start":{"line":54,"column":8},"end":{"line":54,"column":53}},"type":"binary-expr","locations":[{"start":{"line":54,"column":8},"end":{"line":54,"column":12}},{"start":{"line":54,"column":16},"end":{"line":54,"column":53}}],"line":54},"2":{"loc":{"start":{"line":61,"column":8},"end":{"line":64,"column":32}},"type":"if","locations":[{"start":{"line":61,"column":8},"end":{"line":64,"column":32}},{"start":{"line":61,"column":8},"end":{"line":64,"column":32}}],"line":61}},"s":{"0":2,"1":127,"2":127,"3":127,"4":127,"5":13,"6":13,"7":13,"8":13,"9":13,"10":13,"11":13,"12":10,"13":3,"14":3,"15":3,"16":0,"17":0,"18":3,"19":0,"20":3,"21":127},"f":{"0":127,"1":13,"2":13,"3":13,"4":3,"5":0,"6":3},"b":{"0":[10,3],"1":[13,3],"2":[0,3]},"_coverageSchema":"1a1c01bbd47fc00a2c39e90264f33305004495a9","hash":"07814db0b742d6b05acc1b2e937f30fed903c4f2"}
,"C:\\dev\\portal-Consignado\\src\\pages\\Accompaniment\\index.tsx": {"path":"C:\\dev\\portal-Consignado\\src\\pages\\Accompaniment\\index.tsx","statementMap":{"0":{"start":{"line":33,"column":14},"end":{"line":40,"column":1}},"1":{"start":{"line":51,"column":22},"end":{"line":63,"column":1}},"2":{"start":{"line":52,"column":43},"end":{"line":52,"column":48}},"3":{"start":{"line":54,"column":2},"end":{"line":62,"column":4}},"4":{"start":{"line":65,"column":32},"end":{"line":241,"column":1}},"5":{"start":{"line":66,"column":38},"end":{"line":66,"column":49}},"6":{"start":{"line":67,"column":26},"end":{"line":67,"column":37}},"7":{"start":{"line":68,"column":34},"end":{"line":68,"column":48}},"8":{"start":{"line":69,"column":18},"end":{"line":69,"column":30}},"9":{"start":{"line":70,"column":28},"end":{"line":70,"column":45}},"10":{"start":{"line":71,"column":20},"end":{"line":71,"column":41}},"11":{"start":{"line":73,"column":22},"end":{"line":87,"column":3}},"12":{"start":{"line":74,"column":11},"end":{"line":85,"column":5}},"13":{"start":{"line":89,"column":33},"end":{"line":108,"column":28}},"14":{"start":{"line":90,"column":4},"end":{"line":107,"column":57}},"15":{"start":{"line":92,"column":8},"end":{"line":92,"column":23}},"16":{"start":{"line":94,"column":8},"end":{"line":104,"column":9}},"17":{"start":{"line":98,"column":10},"end":{"line":98,"column":61}},"18":{"start":{"line":99,"column":10},"end":{"line":99,"column":42}},"19":{"start":{"line":101,"column":10},"end":{"line":101,"column":29}},"20":{"start":{"line":103,"column":10},"end":{"line":103,"column":47}},"21":{"start":{"line":106,"column":21},"end":{"line":106,"column":39}},"22":{"start":{"line":107,"column":19},"end":{"line":107,"column":55}},"23":{"start":{"line":110,"column":27},"end":{"line":129,"column":3}},"24":{"start":{"line":111,"column":11},"end":{"line":126,"column":5}},"25":{"start":{"line":130,"column":21},"end":{"line":146,"column":3}},"26":{"start":{"line":131,"column":11},"end":{"line":144,"column":5}},"27":{"start":{"line":148,"column":18},"end":{"line":154,"column":3}},"28":{"start":{"line":149,"column":4},"end":{"line":151,"column":5}},"29":{"start":{"line":150,"column":6},"end":{"line":150,"column":30}},"30":{"start":{"line":153,"column":4},"end":{"line":153,"column":30}},"31":{"start":{"line":156,"column":22},"end":{"line":180,"column":3}},"32":{"start":{"line":157,"column":19},"end":{"line":160,"column":5}},"33":{"start":{"line":162,"column":4},"end":{"line":179,"column":5}},"34":{"start":{"line":163,"column":6},"end":{"line":164,"column":68}},"35":{"start":{"line":164,"column":8},"end":{"line":164,"column":68}},"36":{"start":{"line":166,"column":6},"end":{"line":167,"column":68}},"37":{"start":{"line":167,"column":8},"end":{"line":167,"column":68}},"38":{"start":{"line":169,"column":6},"end":{"line":170,"column":48}},"39":{"start":{"line":170,"column":8},"end":{"line":170,"column":48}},"40":{"start":{"line":172,"column":6},"end":{"line":173,"column":48}},"41":{"start":{"line":173,"column":8},"end":{"line":173,"column":48}},"42":{"start":{"line":175,"column":6},"end":{"line":176,"column":48}},"43":{"start":{"line":176,"column":8},"end":{"line":176,"column":48}},"44":{"start":{"line":178,"column":6},"end":{"line":178,"column":35}},"45":{"start":{"line":182,"column":19},"end":{"line":188,"column":3}},"46":{"start":{"line":183,"column":4},"end":{"line":185,"column":5}},"47":{"start":{"line":184,"column":6},"end":{"line":184,"column":39}},"48":{"start":{"line":187,"column":4},"end":{"line":187,"column":17}},"49":{"start":{"line":190,"column":22},"end":{"line":226,"column":22}},"50":{"start":{"line":191,"column":4},"end":{"line":197,"column":5}},"51":{"start":{"line":192,"column":6},"end":{"line":196,"column":8}},"52":{"start":{"line":198,"column":4},"end":{"line":225,"column":6}},"53":{"start":{"line":208,"column":16},"end":{"line":215,"column":23}},"54":{"start":{"line":228,"column":2},"end":{"line":230,"column":31}},"55":{"start":{"line":229,"column":4},"end":{"line":229,"column":29}},"56":{"start":{"line":232,"column":2},"end":{"line":240,"column":4}}},"fnMap":{"0":{"name":"(anonymous_0)","decl":{"start":{"line":51,"column":22},"end":{"line":51,"column":23}},"loc":{"start":{"line":51,"column":48},"end":{"line":63,"column":1}},"line":51},"1":{"name":"(anonymous_1)","decl":{"start":{"line":65,"column":32},"end":{"line":65,"column":33}},"loc":{"start":{"line":65,"column":38},"end":{"line":241,"column":1}},"line":65},"2":{"name":"(anonymous_2)","decl":{"start":{"line":74,"column":4},"end":{"line":74,"column":5}},"loc":{"start":{"line":74,"column":11},"end":{"line":85,"column":5}},"line":74},"3":{"name":"(anonymous_3)","decl":{"start":{"line":89,"column":45},"end":{"line":89,"column":46}},"loc":{"start":{"line":89,"column":51},"end":{"line":108,"column":3}},"line":89},"4":{"name":"(anonymous_4)","decl":{"start":{"line":91,"column":12},"end":{"line":91,"column":13}},"loc":{"start":{"line":91,"column":36},"end":{"line":105,"column":7}},"line":91},"5":{"name":"(anonymous_5)","decl":{"start":{"line":106,"column":15},"end":{"line":106,"column":16}},"loc":{"start":{"line":106,"column":21},"end":{"line":106,"column":39}},"line":106},"6":{"name":"(anonymous_6)","decl":{"start":{"line":107,"column":13},"end":{"line":107,"column":14}},"loc":{"start":{"line":107,"column":19},"end":{"line":107,"column":55}},"line":107},"7":{"name":"(anonymous_7)","decl":{"start":{"line":111,"column":4},"end":{"line":111,"column":5}},"loc":{"start":{"line":111,"column":11},"end":{"line":126,"column":5}},"line":111},"8":{"name":"(anonymous_8)","decl":{"start":{"line":131,"column":4},"end":{"line":131,"column":5}},"loc":{"start":{"line":131,"column":11},"end":{"line":144,"column":5}},"line":131},"9":{"name":"(anonymous_9)","decl":{"start":{"line":148,"column":18},"end":{"line":148,"column":19}},"loc":{"start":{"line":148,"column":37},"end":{"line":154,"column":3}},"line":148},"10":{"name":"(anonymous_10)","decl":{"start":{"line":156,"column":22},"end":{"line":156,"column":23}},"loc":{"start":{"line":156,"column":56},"end":{"line":180,"column":3}},"line":156},"11":{"name":"(anonymous_11)","decl":{"start":{"line":182,"column":19},"end":{"line":182,"column":20}},"loc":{"start":{"line":182,"column":53},"end":{"line":188,"column":3}},"line":182},"12":{"name":"(anonymous_12)","decl":{"start":{"line":190,"column":30},"end":{"line":190,"column":31}},"loc":{"start":{"line":190,"column":36},"end":{"line":226,"column":3}},"line":190},"13":{"name":"(anonymous_13)","decl":{"start":{"line":207,"column":25},"end":{"line":207,"column":26}},"loc":{"start":{"line":208,"column":16},"end":{"line":215,"column":23}},"line":208},"14":{"name":"(anonymous_14)","decl":{"start":{"line":228,"column":12},"end":{"line":228,"column":13}},"loc":{"start":{"line":228,"column":18},"end":{"line":230,"column":3}},"line":228}},"branchMap":{"0":{"loc":{"start":{"line":56,"column":7},"end":{"line":60,"column":7}},"type":"cond-expr","locations":[{"start":{"line":57,"column":8},"end":{"line":57,"column":56}},{"start":{"line":59,"column":8},"end":{"line":59,"column":48}}],"line":56},"1":{"loc":{"start":{"line":56,"column":7},"end":{"line":56,"column":26}},"type":"binary-expr","locations":[{"start":{"line":56,"column":7},"end":{"line":56,"column":16}},{"start":{"line":56,"column":20},"end":{"line":56,"column":26}}],"line":56},"2":{"loc":{"start":{"line":94,"column":8},"end":{"line":104,"column":9}},"type":"if","locations":[{"start":{"line":94,"column":8},"end":{"line":104,"column":9}},{"start":{"line":94,"column":8},"end":{"line":104,"column":9}}],"line":94},"3":{"loc":{"start":{"line":95,"column":10},"end":{"line":96,"column":72}},"type":"binary-expr","locations":[{"start":{"line":95,"column":10},"end":{"line":95,"column":37}},{"start":{"line":96,"column":10},"end":{"line":96,"column":72}}],"line":95},"4":{"loc":{"start":{"line":149,"column":4},"end":{"line":151,"column":5}},"type":"if","locations":[{"start":{"line":149,"column":4},"end":{"line":151,"column":5}},{"start":{"line":149,"column":4},"end":{"line":151,"column":5}}],"line":149},"5":{"loc":{"start":{"line":162,"column":4},"end":{"line":179,"column":5}},"type":"if","locations":[{"start":{"line":162,"column":4},"end":{"line":179,"column":5}},{"start":{"line":162,"column":4},"end":{"line":179,"column":5}}],"line":162},"6":{"loc":{"start":{"line":163,"column":6},"end":{"line":164,"column":68}},"type":"if","locations":[{"start":{"line":163,"column":6},"end":{"line":164,"column":68}},{"start":{"line":163,"column":6},"end":{"line":164,"column":68}}],"line":163},"7":{"loc":{"start":{"line":166,"column":6},"end":{"line":167,"column":68}},"type":"if","locations":[{"start":{"line":166,"column":6},"end":{"line":167,"column":68}},{"start":{"line":166,"column":6},"end":{"line":167,"column":68}}],"line":166},"8":{"loc":{"start":{"line":169,"column":6},"end":{"line":170,"column":48}},"type":"if","locations":[{"start":{"line":169,"column":6},"end":{"line":170,"column":48}},{"start":{"line":169,"column":6},"end":{"line":170,"column":48}}],"line":169},"9":{"loc":{"start":{"line":172,"column":6},"end":{"line":173,"column":48}},"type":"if","locations":[{"start":{"line":172,"column":6},"end":{"line":173,"column":48}},{"start":{"line":172,"column":6},"end":{"line":173,"column":48}}],"line":172},"10":{"loc":{"start":{"line":175,"column":6},"end":{"line":176,"column":48}},"type":"if","locations":[{"start":{"line":175,"column":6},"end":{"line":176,"column":48}},{"start":{"line":175,"column":6},"end":{"line":176,"column":48}}],"line":175},"11":{"loc":{"start":{"line":178,"column":13},"end":{"line":178,"column":34}},"type":"binary-expr","locations":[{"start":{"line":178,"column":13},"end":{"line":178,"column":25}},{"start":{"line":178,"column":29},"end":{"line":178,"column":34}}],"line":178},"12":{"loc":{"start":{"line":183,"column":4},"end":{"line":185,"column":5}},"type":"if","locations":[{"start":{"line":183,"column":4},"end":{"line":185,"column":5}},{"start":{"line":183,"column":4},"end":{"line":185,"column":5}}],"line":183},"13":{"loc":{"start":{"line":191,"column":4},"end":{"line":197,"column":5}},"type":"if","locations":[{"start":{"line":191,"column":4},"end":{"line":197,"column":5}},{"start":{"line":191,"column":4},"end":{"line":197,"column":5}}],"line":191},"14":{"loc":{"start":{"line":200,"column":9},"end":{"line":221,"column":9}},"type":"cond-expr","locations":[{"start":{"line":201,"column":10},"end":{"line":218,"column":31}},{"start":{"line":220,"column":10},"end":{"line":220,"column":60}}],"line":200},"15":{"loc":{"start":{"line":200,"column":9},"end":{"line":200,"column":29}},"type":"binary-expr","locations":[{"start":{"line":200,"column":9},"end":{"line":200,"column":14}},{"start":{"line":200,"column":18},"end":{"line":200,"column":29}}],"line":200}},"s":{"0":0,"1":0,"2":0,"3":0,"4":0,"5":0,"6":0,"7":0,"8":0,"9":0,"10":0,"11":0,"12":0,"13":0,"14":0,"15":0,"16":0,"17":0,"18":0,"19":0,"20":0,"21":0,"22":0,"23":0,"24":0,"25":0,"26":0,"27":0,"28":0,"29":0,"30":0,"31":0,"32":0,"33":0,"34":0,"35":0,"36":0,"37":0,"38":0,"39":0,"40":0,"41":0,"42":0,"43":0,"44":0,"45":0,"46":0,"47":0,"48":0,"49":0,"50":0,"51":0,"52":0,"53":0,"54":0,"55":0,"56":0},"f":{"0":0,"1":0,"2":0,"3":0,"4":0,"5":0,"6":0,"7":0,"8":0,"9":0,"10":0,"11":0,"12":0,"13":0,"14":0},"b":{"0":[0,0],"1":[0,0],"2":[0,0],"3":[0,0],"4":[0,0],"5":[0,0],"6":[0,0],"7":[0,0],"8":[0,0],"9":[0,0],"10":[0,0],"11":[0,0],"12":[0,0],"13":[0,0],"14":[0,0],"15":[0,0]}}
,"C:\\dev\\portal-Consignado\\src\\pages\\Accompaniment\\CardMobile\\CardMobile.tsx": {"path":"C:\\dev\\portal-Consignado\\src\\pages\\Accompaniment\\CardMobile\\CardMobile.tsx","statementMap":{"0":{"start":{"line":16,"column":21},"end":{"line":16,"column":22}},"1":{"start":{"line":18,"column":14},"end":{"line":25,"column":1}},"2":{"start":{"line":27,"column":40},"end":{"line":221,"column":1}},"3":{"start":{"line":28,"column":31},"end":{"line":28,"column":36}},"4":{"start":{"line":29,"column":34},"end":{"line":29,"column":49}},"5":{"start":{"line":30,"column":46},"end":{"line":30,"column":57}},"6":{"start":{"line":31,"column":14},"end":{"line":31,"column":31}},"7":{"start":{"line":33,"column":21},"end":{"line":33,"column":49}},"8":{"start":{"line":33,"column":27},"end":{"line":33,"column":49}},"9":{"start":{"line":35,"column":22},"end":{"line":48,"column":3}},"10":{"start":{"line":36,"column":11},"end":{"line":46,"column":5}},"11":{"start":{"line":50,"column":22},"end":{"line":63,"column":3}},"12":{"start":{"line":51,"column":11},"end":{"line":61,"column":5}},"13":{"start":{"line":65,"column":20},"end":{"line":79,"column":3}},"14":{"start":{"line":66,"column":11},"end":{"line":77,"column":5}},"15":{"start":{"line":81,"column":32},"end":{"line":95,"column":3}},"16":{"start":{"line":82,"column":11},"end":{"line":93,"column":5}},"17":{"start":{"line":97,"column":22},"end":{"line":121,"column":3}},"18":{"start":{"line":98,"column":19},"end":{"line":101,"column":5}},"19":{"start":{"line":103,"column":4},"end":{"line":120,"column":5}},"20":{"start":{"line":104,"column":6},"end":{"line":105,"column":68}},"21":{"start":{"line":105,"column":8},"end":{"line":105,"column":68}},"22":{"start":{"line":107,"column":6},"end":{"line":108,"column":68}},"23":{"start":{"line":108,"column":8},"end":{"line":108,"column":68}},"24":{"start":{"line":110,"column":6},"end":{"line":111,"column":48}},"25":{"start":{"line":111,"column":8},"end":{"line":111,"column":48}},"26":{"start":{"line":113,"column":6},"end":{"line":114,"column":48}},"27":{"start":{"line":114,"column":8},"end":{"line":114,"column":48}},"28":{"start":{"line":116,"column":6},"end":{"line":117,"column":48}},"29":{"start":{"line":117,"column":8},"end":{"line":117,"column":48}},"30":{"start":{"line":119,"column":6},"end":{"line":119,"column":35}},"31":{"start":{"line":123,"column":19},"end":{"line":129,"column":3}},"32":{"start":{"line":124,"column":4},"end":{"line":126,"column":5}},"33":{"start":{"line":125,"column":6},"end":{"line":125,"column":39}},"34":{"start":{"line":128,"column":4},"end":{"line":128,"column":17}},"35":{"start":{"line":131,"column":18},"end":{"line":137,"column":3}},"36":{"start":{"line":132,"column":4},"end":{"line":134,"column":5}},"37":{"start":{"line":133,"column":6},"end":{"line":133,"column":29}},"38":{"start":{"line":136,"column":4},"end":{"line":136,"column":29}},"39":{"start":{"line":139,"column":29},"end":{"line":145,"column":3}},"40":{"start":{"line":140,"column":4},"end":{"line":142,"column":5}},"41":{"start":{"line":141,"column":6},"end":{"line":141,"column":41}},"42":{"start":{"line":144,"column":4},"end":{"line":144,"column":41}},"43":{"start":{"line":147,"column":2},"end":{"line":150,"column":17}},"44":{"start":{"line":148,"column":22},"end":{"line":148,"column":46}},"45":{"start":{"line":149,"column":4},"end":{"line":149,"column":33}},"46":{"start":{"line":152,"column":27},"end":{"line":157,"column":3}},"47":{"start":{"line":153,"column":4},"end":{"line":155,"column":5}},"48":{"start":{"line":154,"column":6},"end":{"line":154,"column":20}},"49":{"start":{"line":156,"column":4},"end":{"line":156,"column":14}},"50":{"start":{"line":159,"column":32},"end":{"line":164,"column":3}},"51":{"start":{"line":160,"column":4},"end":{"line":162,"column":5}},"52":{"start":{"line":161,"column":6},"end":{"line":161,"column":41}},"53":{"start":{"line":163,"column":4},"end":{"line":163,"column":41}},"54":{"start":{"line":166,"column":26},"end":{"line":185,"column":3}},"55":{"start":{"line":167,"column":4},"end":{"line":176,"column":5}},"56":{"start":{"line":168,"column":6},"end":{"line":175,"column":8}},"57":{"start":{"line":177,"column":4},"end":{"line":184,"column":6}},"58":{"start":{"line":187,"column":2},"end":{"line":220,"column":4}},"59":{"start":{"line":206,"column":14},"end":{"line":213,"column":17}}},"fnMap":{"0":{"name":"(anonymous_0)","decl":{"start":{"line":27,"column":40},"end":{"line":27,"column":41}},"loc":{"start":{"line":27,"column":49},"end":{"line":221,"column":1}},"line":27},"1":{"name":"(anonymous_1)","decl":{"start":{"line":33,"column":21},"end":{"line":33,"column":22}},"loc":{"start":{"line":33,"column":27},"end":{"line":33,"column":49}},"line":33},"2":{"name":"(anonymous_2)","decl":{"start":{"line":36,"column":4},"end":{"line":36,"column":5}},"loc":{"start":{"line":36,"column":11},"end":{"line":46,"column":5}},"line":36},"3":{"name":"(anonymous_3)","decl":{"start":{"line":51,"column":4},"end":{"line":51,"column":5}},"loc":{"start":{"line":51,"column":11},"end":{"line":61,"column":5}},"line":51},"4":{"name":"(anonymous_4)","decl":{"start":{"line":66,"column":4},"end":{"line":66,"column":5}},"loc":{"start":{"line":66,"column":11},"end":{"line":77,"column":5}},"line":66},"5":{"name":"(anonymous_5)","decl":{"start":{"line":82,"column":4},"end":{"line":82,"column":5}},"loc":{"start":{"line":82,"column":11},"end":{"line":93,"column":5}},"line":82},"6":{"name":"(anonymous_6)","decl":{"start":{"line":97,"column":22},"end":{"line":97,"column":23}},"loc":{"start":{"line":97,"column":56},"end":{"line":121,"column":3}},"line":97},"7":{"name":"(anonymous_7)","decl":{"start":{"line":123,"column":19},"end":{"line":123,"column":20}},"loc":{"start":{"line":123,"column":53},"end":{"line":129,"column":3}},"line":123},"8":{"name":"(anonymous_8)","decl":{"start":{"line":131,"column":18},"end":{"line":131,"column":19}},"loc":{"start":{"line":131,"column":37},"end":{"line":137,"column":3}},"line":131},"9":{"name":"(anonymous_9)","decl":{"start":{"line":139,"column":29},"end":{"line":139,"column":30}},"loc":{"start":{"line":139,"column":48},"end":{"line":145,"column":3}},"line":139},"10":{"name":"(anonymous_10)","decl":{"start":{"line":147,"column":12},"end":{"line":147,"column":13}},"loc":{"start":{"line":147,"column":18},"end":{"line":150,"column":3}},"line":147},"11":{"name":"(anonymous_11)","decl":{"start":{"line":152,"column":27},"end":{"line":152,"column":28}},"loc":{"start":{"line":152,"column":33},"end":{"line":157,"column":3}},"line":152},"12":{"name":"(anonymous_12)","decl":{"start":{"line":159,"column":32},"end":{"line":159,"column":33}},"loc":{"start":{"line":159,"column":38},"end":{"line":164,"column":3}},"line":159},"13":{"name":"(anonymous_13)","decl":{"start":{"line":166,"column":26},"end":{"line":166,"column":27}},"loc":{"start":{"line":166,"column":45},"end":{"line":185,"column":3}},"line":166},"14":{"name":"(anonymous_14)","decl":{"start":{"line":205,"column":23},"end":{"line":205,"column":24}},"loc":{"start":{"line":206,"column":14},"end":{"line":213,"column":17}},"line":206}},"branchMap":{"0":{"loc":{"start":{"line":103,"column":4},"end":{"line":120,"column":5}},"type":"if","locations":[{"start":{"line":103,"column":4},"end":{"line":120,"column":5}},{"start":{"line":103,"column":4},"end":{"line":120,"column":5}}],"line":103},"1":{"loc":{"start":{"line":104,"column":6},"end":{"line":105,"column":68}},"type":"if","locations":[{"start":{"line":104,"column":6},"end":{"line":105,"column":68}},{"start":{"line":104,"column":6},"end":{"line":105,"column":68}}],"line":104},"2":{"loc":{"start":{"line":107,"column":6},"end":{"line":108,"column":68}},"type":"if","locations":[{"start":{"line":107,"column":6},"end":{"line":108,"column":68}},{"start":{"line":107,"column":6},"end":{"line":108,"column":68}}],"line":107},"3":{"loc":{"start":{"line":110,"column":6},"end":{"line":111,"column":48}},"type":"if","locations":[{"start":{"line":110,"column":6},"end":{"line":111,"column":48}},{"start":{"line":110,"column":6},"end":{"line":111,"column":48}}],"line":110},"4":{"loc":{"start":{"line":113,"column":6},"end":{"line":114,"column":48}},"type":"if","locations":[{"start":{"line":113,"column":6},"end":{"line":114,"column":48}},{"start":{"line":113,"column":6},"end":{"line":114,"column":48}}],"line":113},"5":{"loc":{"start":{"line":116,"column":6},"end":{"line":117,"column":48}},"type":"if","locations":[{"start":{"line":116,"column":6},"end":{"line":117,"column":48}},{"start":{"line":116,"column":6},"end":{"line":117,"column":48}}],"line":116},"6":{"loc":{"start":{"line":119,"column":13},"end":{"line":119,"column":34}},"type":"binary-expr","locations":[{"start":{"line":119,"column":13},"end":{"line":119,"column":25}},{"start":{"line":119,"column":29},"end":{"line":119,"column":34}}],"line":119},"7":{"loc":{"start":{"line":124,"column":4},"end":{"line":126,"column":5}},"type":"if","locations":[{"start":{"line":124,"column":4},"end":{"line":126,"column":5}},{"start":{"line":124,"column":4},"end":{"line":126,"column":5}}],"line":124},"8":{"loc":{"start":{"line":132,"column":4},"end":{"line":134,"column":5}},"type":"if","locations":[{"start":{"line":132,"column":4},"end":{"line":134,"column":5}},{"start":{"line":132,"column":4},"end":{"line":134,"column":5}}],"line":132},"9":{"loc":{"start":{"line":140,"column":4},"end":{"line":142,"column":5}},"type":"if","locations":[{"start":{"line":140,"column":4},"end":{"line":142,"column":5}},{"start":{"line":140,"column":4},"end":{"line":142,"column":5}}],"line":140},"10":{"loc":{"start":{"line":153,"column":4},"end":{"line":155,"column":5}},"type":"if","locations":[{"start":{"line":153,"column":4},"end":{"line":155,"column":5}},{"start":{"line":153,"column":4},"end":{"line":155,"column":5}}],"line":153},"11":{"loc":{"start":{"line":160,"column":4},"end":{"line":162,"column":5}},"type":"if","locations":[{"start":{"line":160,"column":4},"end":{"line":162,"column":5}},{"start":{"line"
[...]
ne":39,"column":3}},"loc":{"start":{"line":39,"column":8},"end":{"line":369,"column":3}},"line":39},"1":{"name":"(anonymous_1)","decl":{"start":{"line":54,"column":14},"end":{"line":54,"column":15}},"loc":{"start":{"line":54,"column":20},"end":{"line":58,"column":5}},"line":54},"2":{"name":"(anonymous_2)","decl":{"start":{"line":60,"column":14},"end":{"line":60,"column":15}},"loc":{"start":{"line":60,"column":20},"end":{"line":74,"column":5}},"line":60},"3":{"name":"(anonymous_3)","decl":{"start":{"line":65,"column":53},"end":{"line":65,"column":54}},"loc":{"start":{"line":65,"column":62},"end":{"line":72,"column":7}},"line":65},"4":{"name":"(anonymous_4)","decl":{"start":{"line":76,"column":14},"end":{"line":76,"column":15}},"loc":{"start":{"line":76,"column":20},"end":{"line":85,"column":5}},"line":76},"5":{"name":"(anonymous_5)","decl":{"start":{"line":81,"column":13},"end":{"line":81,"column":14}},"loc":{"start":{"line":81,"column":19},"end":{"line":83,"column":7}},"line":81},"6":{"name":"(anonymous_6)","decl":{"start":{"line":90,"column":6},"end":{"line":90,"column":7}},"loc":{"start":{"line":90,"column":12},"end":{"line":123,"column":7}},"line":90},"7":{"name":"(anonymous_7)","decl":{"start":{"line":127,"column":30},"end":{"line":127,"column":31}},"loc":{"start":{"line":127,"column":36},"end":{"line":129,"column":5}},"line":127},"8":{"name":"(anonymous_8)","decl":{"start":{"line":131,"column":39},"end":{"line":131,"column":40}},"loc":{"start":{"line":131,"column":74},"end":{"line":142,"column":5}},"line":131},"9":{"name":"(anonymous_9)","decl":{"start":{"line":134,"column":40},"end":{"line":134,"column":41}},"loc":{"start":{"line":134,"column":45},"end":{"line":134,"column":65}},"line":134},"10":{"name":"(anonymous_10)","decl":{"start":{"line":137,"column":38},"end":{"line":137,"column":39}},"loc":{"start":{"line":137,"column":46},"end":{"line":137,"column":67}},"line":137},"11":{"name":"(anonymous_11)","decl":{"start":{"line":140,"column":38},"end":{"line":140,"column":39}},"loc":{"start":{"line":140,"column":46},"end":{"line":140,"column":70}},"line":140},"12":{"name":"(anonymous_12)","decl":{"start":{"line":144,"column":25},"end":{"line":144,"column":26}},"loc":{"start":{"line":144,"column":37},"end":{"line":169,"column":5}},"line":144},"13":{"name":"(anonymous_13)","decl":{"start":{"line":171,"column":31},"end":{"line":171,"column":32}},"loc":{"start":{"line":171,"column":43},"end":{"line":194,"column":5}},"line":171},"14":{"name":"(anonymous_14)","decl":{"start":{"line":196,"column":31},"end":{"line":196,"column":32}},"loc":{"start":{"line":196,"column":53},"end":{"line":199,"column":5}},"line":196},"15":{"name":"(anonymous_15)","decl":{"start":{"line":197,"column":36},"end":{"line":197,"column":37}},"loc":{"start":{"line":197,"column":44},"end":{"line":197,"column":58}},"line":197},"16":{"name":"(anonymous_16)","decl":{"start":{"line":201,"column":39},"end":{"line":201,"column":40}},"loc":{"start":{"line":201,"column":45},"end":{"line":206,"column":5}},"line":201},"17":{"name":"(anonymous_17)","decl":{"start":{"line":208,"column":33},"end":{"line":208,"column":34}},"loc":{"start":{"line":208,"column":39},"end":{"line":212,"column":5}},"line":208},"18":{"name":"(anonymous_18)","decl":{"start":{"line":214,"column":35},"end":{"line":214,"column":36}},"loc":{"start":{"line":214,"column":41},"end":{"line":220,"column":5}},"line":214},"19":{"name":"(anonymous_19)","decl":{"start":{"line":222,"column":32},"end":{"line":222,"column":33}},"loc":{"start":{"line":222,"column":38},"end":{"line":234,"column":5}},"line":222},"20":{"name":"(anonymous_20)","decl":{"start":{"line":224,"column":29},"end":{"line":224,"column":30}},"loc":{"start":{"line":225,"column":10},"end":{"line":229,"column":12}},"line":225},"21":{"name":"(anonymous_21)","decl":{"start":{"line":236,"column":26},"end":{"line":236,"column":27}},"loc":{"start":{"line":236,"column":32},"end":{"line":242,"column":5}},"line":236}},"branchMap":{"0":{"loc":{"start":{"line":55,"column":6},"end":{"line":57,"column":7}},"type":"if","locations":[{"start":{"line":55,"column":6},"end":{"line":57,"column":7}},{"start":{"line":55,"column":6},"end":{"line":57,"column":7}}],"line":55},"1":{"loc":{"start":{"line":61,"column":6},"end":{"line":63,"column":7}},"type":"if","locations":[{"start":{"line":61,"column":6},"end":{"line":63,"column":7}},{"start":{"line":61,"column":6},"end":{"line":63,"column":7}}],"line":61},"2":{"loc":{"start":{"line":77,"column":6},"end":{"line":80,"column":7}},"type":"if","locations":[{"start":{"line":77,"column":6},"end":{"line":80,"column":7}},{"start":{"line":77,"column":6},"end":{"line":80,"column":7}}],"line":77},"3":{"loc":{"start":{"line":77,"column":10},"end":{"line":77,"column":43}},"type":"binary-expr","locations":[{"start":{"line":77,"column":10},"end":{"line":77,"column":21}},{"start":{"line":77,"column":25},"end":{"line":77,"column":43}}],"line":77},"4":{"loc":{"start":{"line":132,"column":6},"end":{"line":141,"column":7}},"type":"if","locations":[{"start":{"line":132,"column":6},"end":{"line":141,"column":7}},{"start":{"line":132,"column":6},"end":{"line":141,"column":7}}],"line":132},"5":{"loc":{"start":{"line":145,"column":6},"end":{"line":145,"column":31}},"type":"if","locations":[{"start":{"line":145,"column":6},"end":{"line":145,"column":31}},{"start":{"line":145,"column":6},"end":{"line":145,"column":31}}],"line":145},"6":{"loc":{"start":{"line":163,"column":8},"end":{"line":165,"column":9}},"type":"if","locations":[{"start":{"line":163,"column":8},"end":{"line":165,"column":9}},{"start":{"line":163,"column":8},"end":{"line":165,"column":9}}],"line":163},"7":{"loc":{"start":{"line":163,"column":12},"end":{"line":163,"column":45}},"type":"binary-expr","locations":[{"start":{"line":163,"column":12},"end":{"line":163,"column":20}},{"start":{"line":163,"column":24},"end":{"line":163,"column":45}}],"line":163},"8":{"loc":{"start":{"line":172,"column":6},"end":{"line":172,"column":31}},"type":"if","locations":[{"start":{"line":172,"column":6},"end":{"line":172,"column":31}},{"start":{"line":172,"column":6},"end":{"line":172,"column":31}}],"line":172},"9":{"loc":{"start":{"line":186,"column":24},"end":{"line":186,"column":57}},"type":"binary-expr","locations":[{"start":{"line":186,"column":24},"end":{"line":186,"column":47}},{"start":{"line":186,"column":51},"end":{"line":186,"column":57}}],"line":186},"10":{"loc":{"start":{"line":188,"column":8},"end":{"line":190,"column":9}},"type":"if","locations":[{"start":{"line":188,"column":8},"end":{"line":190,"column":9}},{"start":{"line":188,"column":8},"end":{"line":190,"column":9}}],"line":188},"11":{"loc":{"start":{"line":188,"column":12},"end":{"line":188,"column":45}},"type":"binary-expr","locations":[{"start":{"line":188,"column":12},"end":{"line":188,"column":20}},{"start":{"line":188,"column":24},"end":{"line":188,"column":45}}],"line":188},"12":{"loc":{"start":{"line":202,"column":6},"end":{"line":204,"column":7}},"type":"if","locations":[{"start":{"line":202,"column":6},"end":{"line":204,"column":7}},{"start":{"line":202,"column":6},"end":{"line":204,"column":7}}],"line":202},"13":{"loc":{"start":{"line":209,"column":6},"end":{"line":209,"column":68}},"type":"if","locations":[{"start":{"line":209,"column":6},"end":{"line":209,"column":68}},{"start":{"line":209,"column":6},"end":{"line":209,"column":68}}],"line":209},"14":{"loc":{"start":{"line":215,"column":6},"end":{"line":217,"column":7}},"type":"if","locations":[{"start":{"line":215,"column":6},"end":{"line":217,"column":7}},{"start":{"line":215,"column":6},"end":{"line":217,"column":7}}],"line":215},"15":{"loc":{"start":{"line":223,"column":6},"end":{"line":231,"column":7}},"type":"if","locations":[{"start":{"line":223,"column":6},"end":{"line":231,"column":7}},{"start":{"line":223,"column":6},"end":{"line":231,"column":7}}],"line":223},"16":{"loc":{"start":{"line":237,"column":6},"end":{"line":239,"column":7}},"type":"if","locations":[{"start":{"line":237,"column":6},"end":{"line":239,"column":7}},{"start":{"line":237,"column":6},"end":{"line":239,"column":7}}],"line":237},"17":{"loc":{"start":{"line":237,"column":10},"end":{"line":237,"column":58}},"type":"binary-expr","locations":[{"start":{"line":237,"column":10},"end":{"line":237,"column":32}},{"start":{"line":237,"column":36},"end":{"line":237,"column":58}}],"line":237},"18":{"loc":{"start":{"line":253,"column":11},"end":{"line":289,"column":11}},"type":"cond-expr","locations":[{"start":{"line":254,"column":12},"end":{"line":278,"column":15}},{"start":{"line":280,"column":12},"end":{"line":288,"column":41}}],"line":253},"19":{"loc":{"start":{"line":253,"column":11},"end":{"line":253,"column":32}},"type":"binary-expr","locations":[{"start":{"line":253,"column":11},"end":{"line":253,"column":16}},{"start":{"line":253,"column":20},"end":{"line":253,"column":32}}],"line":253},"20":{"loc":{"start":{"line":273,"column":28},"end":{"line":273,"column":66}},"type":"binary-expr","locations":[{"start":{"line":273,"column":28},"end":{"line":273,"column":40}},{"start":{"line":273,"column":44},"end":{"line":273,"column":66}}],"line":273},"21":{"loc":{"start":{"line":323,"column":51},"end":{"line":323,"column":69}},"type":"binary-expr","locations":[{"start":{"line":323,"column":51},"end":{"line":323,"column":63}},{"start":{"line":323,"column":67},"end":{"line":323,"column":69}}],"line":323}},"s":{"0":0,"1":0,"2":0,"3":0,"4":0,"5":0,"6":0,"7":0,"8":0,"9":0,"10":0,"11":0,"12":0,"13":0,"14":0,"15":0,"16":0,"17":0,"18":0,"19":0,"20":0,"21":0,"22":0,"23":0,"24":0,"25":0,"26":0,"27":0,"28":0,"29":0,"30":0,"31":0,"32":0,"33":0,"34":0,"35":0,"36":0,"37":0,"38":0,"39":0,"40":0,"41":0,"42":0,"43":0,"44":0,"45":0,"46":0,"47":0,"48":0,"49":0,"50":0,"51":0,"52":0,"53":0,"54":0,"55":0,"56":0,"57":0,"58":0,"59":0,"60":0,"61":0,"62":0,"63":0,"64":0,"65":0,"66":0,"67":0,"68":0,"69":0,"70":0,"71":0,"72":0,"73":0,"74":0,"75":0,"76":0,"77":0,"78":0,"79":0,"80":0,"81":0,"82":0,"83":0,"84":0,"85":0,"86":0,"87":0,"88":0,"89":0,"90":0,"91":0,"92":0,"93":0,"94":0},"f":{"0":0,"1":0,"2":0,"3":0,"4":0,"5":0,"6":0,"7":0,"8":0,"9":0,"10":0,"11":0,"12":0,"13":0,"14":0,"15":0,"16":0,"17":0,"18":0,"19":0,"20":0,"21":0},"b":{"0":[0,0],"1":[0,0],"2":[0,0],"3":[0,0],"4":[0,0],"5":[0,0],"6":[0,0],"7":[0,0],"8":[0,0],"9":[0,0],"10":[0,0],"11":[0,0],"12":[0,0],"13":[0,0],"14":[0,0],"15":[0,0],"16":[0,0],"17":[0,0],"18":[0,0],"19":[0,0],"20":[0,0],"21":[0,0]}}
,"C:\\dev\\portal-Consignado\\src\\pages\\SimulateLoan\\components\\CardSimulateLoan\\CardSimulateLoan.tsx": {"path":"C:\\dev\\portal-Consignado\\src\\pages\\SimulateLoan\\components\\CardSimulateLoan\\CardSimulateLoan.tsx","statementMap":{"0":{"start":{"line":11,"column":29},"end":{"line":71,"column":1}},"1":{"start":{"line":17,"column":6},"end":{"line":17,"column":31}},"2":{"start":{"line":19,"column":45},"end":{"line":19,"column":62}},"3":{"start":{"line":21,"column":29},"end":{"line":28,"column":3}},"4":{"start":{"line":23,"column":6},"end":{"line":23,"column":51}},"5":{"start":{"line":24,"column":6},"end":{"line":24,"column":49}},"6":{"start":{"line":30,"column":23},"end":{"line":43,"column":39}},"7":{"start":{"line":31,"column":36},"end":{"line":37,"column":5}},"8":{"start":{"line":39,"column":4},"end":{"line":39,"column":29}},"9":{"start":{"line":40,"column":4},"end":{"line":40,"column":23}},"10":{"start":{"line":45,"column":2},"end":{"line":70,"column":4}}},"fnMap":{"0":{"name":"(anonymous_0)","decl":{"start":{"line":11,"column":29},"end":{"line":11,"column":30}},"loc":{"start":{"line":11,"column":35},"end":{"line":71,"column":1}},"line":11},"1":{"name":"(anonymous_1)","decl":{"start":{"line":22,"column":4},"end":{"line":22,"column":5}},"loc":{"start":{"line":22,"column":51},"end":{"line":25,"column":5}},"line":22},"2":{"name":"(anonymous_2)","decl":{"start":{"line":30,"column":35},"end":{"line":30,"column":36}},"loc":{"start":{"line":30,"column":47},"end":{"line":43,"column":3}},"line":30}},"branchMap":{},"s":{"0":0,"1":0,"2":0,"3":0,"4":0,"5":0,"6":0,"7":0,"8":0,"9":0,"10":0},"f":{"0":0,"1":0,"2":0},"b":{}}
,"C:\\dev\\portal-Consignado\\src\\pages\\SimulateLoan\\components\\CardSimulateLoan\\index.tsx": {"path":"C:\\dev\\portal-Consignado\\src\\pages\\SimulateLoan\\components\\CardSimulateLoan\\index.tsx","statementMap":{},"fnMap":{},"branchMap":{},"s":{},"f":{},"b":{}}
,"C:\\dev\\portal-Consignado\\src\\pages\\SimulateLoan\\components\\InstallmentCard\\InstallmentCard.tsx": {"path":"C:\\dev\\portal-Consignado\\src\\pages\\SimulateLoan\\components\\InstallmentCard\\InstallmentCard.tsx","statementMap":{"0":{"start":{"line":7,"column":56},"end":{"line":31,"column":1}},"1":{"start":{"line":11,"column":2},"end":{"line":30,"column":21}},"2":{"start":{"line":27,"column":41},"end":{"line":27,"column":58}}},"fnMap":{"0":{"name":"(anonymous_0)","decl":{"start":{"line":7,"column":56},"end":{"line":7,"column":57}},"loc":{"start":{"line":11,"column":2},"end":{"line":30,"column":21}},"line":11},"1":{"name":"(anonymous_1)","decl":{"start":{"line":27,"column":35},"end":{"line":27,"column":36}},"loc":{"start":{"line":27,"column":41},"end":{"line":27,"column":58}},"line":27}},"branchMap":{},"s":{"0":0,"1":0,"2":0},"f":{"0":0,"1":0},"b":{}}
,"C:\\dev\\portal-Consignado\\src\\pages\\SimulateLoan\\components\\LoanDetails\\LoanDetails.tsx": {"path":"C:\\dev\\portal-Consignado\\src\\pages\\SimulateLoan\\components\\LoanDetails\\LoanDetails.tsx","statementMap":{"0":{"start":{"line":5,"column":30},"end":{"line":21,"column":1}},"1":{"start":{"line":6,"column":2},"end":{"line":20,"column":34}}},"fnMap":{"0":{"name":"(anonymous_0)","decl":{"start":{"line":5,"column":30},"end":{"line":5,"column":31}},"loc":{"start":{"line":6,"column":2},"end":{"line":20,"column":34}},"line":6}},"branchMap":{},"s":{"0":0,"1":0},"f":{"0":0},"b":{}}
,"C:\\dev\\portal-Consignado\\src\\pages\\SimulateLoan\\components\\LoanDetails\\index.tsx": {"path":"C:\\dev\\portal-Consignado\\src\\pages\\SimulateLoan\\components\\LoanDetails\\index.tsx","statementMap":{},"fnMap":{},"branchMap":{},"s":{},"f":{},"b":{}}
,"C:\\dev\\portal-Consignado\\src\\utils\\document.ts": {"path":"C:\\dev\\portal-Consignado\\src\\utils\\document.ts","statementMap":{"0":{"start":{"line":4,"column":4},"end":{"line":4,"column":36}}},"fnMap":{"0":{"name":"(anonymous_0)","decl":{"start":{"line":3,"column":2},"end":{"line":3,"column":3}},"loc":{"start":{"line":3,"column":35},"end":{"line":5,"column":3}},"line":3}},"branchMap":{},"s":{"0":69},"f":{"0":69},"b":{},"_coverageSchema":"1a1c01bbd47fc00a2c39e90264f33305004495a9","hash":"3abd0a956496766f42878c0f0f50a6e7bc1135e3"}
,"C:\\dev\\portal-Consignado\\src\\utils\\formatDate.ts": {"path":"C:\\dev\\portal-Consignado\\src\\utils\\formatDate.ts","statementMap":{"0":{"start":{"line":2,"column":2},"end":{"line":2,"column":25}},"1":{"start":{"line":2,"column":13},"end":{"line":2,"column":25}},"2":{"start":{"line":4,"column":2},"end":{"line":6,"column":4}}},"fnMap":{"0":{"name":"formatDate","decl":{"start":{"line":1,"column":16},"end":{"line":1,"column":26}},"loc":{"start":{"line":1,"column":73},"end":{"line":7,"column":1}},"line":1}},"branchMap":{"0":{"loc":{"start":{"line":2,"column":2},"end":{"line":2,"column":25}},"type":"if","locations":[{"start":{"line":2,"column":2},"end":{"line":2,"column":25}},{"start":{"line":2,"column":2},"end":{"line":2,"column":25}}],"line":2}},"s":{"0":27,"1":11,"2":16},"f":{"0":27},"b":{"0":[11,16]},"_coverageSchema":"1a1c01bbd47fc00a2c39e90264f33305004495a9","hash":"c2f4f3e0e400f6d82465cd2d8a8674712d70269d"}
,"C:\\dev\\portal-Consignado\\src\\utils\\formatValue.ts": {"path":"C:\\dev\\portal-Consignado\\src\\utils\\formatValue.ts","statementMap":{"0":{"start":{"line":2,"column":20},"end":{"line":5,"column":4}},"1":{"start":{"line":7,"column":2},"end":{"line":7,"column":33}}},"fnMap":{"0":{"name":"formatValue","decl":{"start":{"line":1,"column":16},"end":{"line":1,"column":27}},"loc":{"start":{"line":1,"column":47},"end":{"line":8,"column":1}},"line":1}},"branchMap":{"0":{"loc":{"start":{"line":1,"column":28},"end":{"line":1,"column":37}},"type":"default-arg","locations":[{"start":{"line":1,"column":36},"end":{"line":1,"column":37}}],"line":1}},"s":{"0":72,"1":72},"f":{"0":72},"b":{"0":[15]},"_coverageSchema":"1a1c01bbd47fc00a2c39e90264f33305004495a9","hash":"0cf8950f9cf73cbbb5c2f8ed0c17497d5a800d5b"}
,"C:\\dev\\portal-Consignado\\src\\utils\\generateRandom.ts": {"path":"C:\\dev\\portal-Consignado\\src\\utils\\generateRandom.ts","statementMap":{"0":{"start":{"line":2,"column":21},"end":{"line":2,"column":27}},"1":{"start":{"line":4,"column":16},"end":{"line":4,"column":34}},"2":{"start":{"line":6,"column":2},"end":{"line":6,"column":39}}},"fnMap":{"0":{"name":"generateRandom","decl":{"start":{"line":1,"column":16},"end":{"line":1,"column":30}},"loc":{"start":{"line":1,"column":38},"end":{"line":7,"column":1}},"line":1}},"branchMap":{},"s":{"0":2,"1":2,"2":2},"f":{"0":2},"b":{},"_coverageSchema":"1a1c01bbd47fc00a2c39e90264f33305004495a9","hash":"85b9ce9465cee9dd341cd2a36883afb64682a801"}
,"C:\\dev\\portal-Consignado\\src\\utils\\getVersion.ts": {"path":"C:\\dev\\portal-Consignado\\src\\utils\\getVersion.ts","statementMap":{},"fnMap":{},"branchMap":{},"s":{},"f":{},"b":{},"_coverageSchema":"1a1c01bbd47fc00a2c39e90264f33305004495a9","hash":"1adff6888d95462200b664149bb8509dc94995c3"}
,"C:\\dev\\portal-Consignado\\src\\utils\\routing.ts": {"path":"C:\\dev\\portal-Consignado\\src\\utils\\routing.ts","statementMap":{"0":{"start":{"line":2,"column":17},"end":{"line":2,"column":20}},"1":{"start":{"line":4,"column":24},"end":{"line":4,"column":35}},"2":{"start":{"line":6,"column":27},"end":{"line":6,"column":47}},"3":{"start":{"line":8,"column":26},"end":{"line":8,"column":43}},"4":{"start":{"line":10,"column":22},"end":{"line":10,"column":36}},"5":{"start":{"line":12,"column":25},"end":{"line":12,"column":42}},"6":{"start":{"line":14,"column":25},"end":{"line":14,"column":37}},"7":{"start":{"line":16,"column":32},"end":{"line":16,"column":52}},"8":{"start":{"line":18,"column":27},"end":{"line":18,"column":43}},"9":{"start":{"line":20,"column":21},"end":{"line":20,"column":33}},"10":{"start":{"line":22,"column":33},"end":{"line":22,"column":49}},"11":{"start":{"line":24,"column":15},"end":{"line":24,"column":21}},"12":{"start":{"line":26,"column":19},"end":{"line":26,"column":33}}},"fnMap":{},"branchMap":{},"s":{"0":7,"1":7,"2":7,"3":7,"4":7,"5":7,"6":7,"7":7,"8":7,"9":7,"10":7,"11":7,"12":7},"f":{},"b":{},"_coverageSchema":"1a1c01bbd47fc00a2c39e90264f33305004495a9","hash":"45bf904354c45aff751af08bab701cdf78f903c4"}
,"C:\\dev\\portal-Consignado\\src\\utils\\storage.ts": {"path":"C:\\dev\\portal-Consignado\\src\\utils\\storage.ts","statementMap":{"0":{"start":{"line":1,"column":32},"end":{"line":1,"column":51}},"1":{"start":{"line":3,"column":27},"end":{"line":3,"column":37}},"2":{"start":{"line":5,"column":31},"end":{"line":5,"column":49}},"3":{"start":{"line":7,"column":38},"end":{"line":7,"column":59}},"4":{"start":{"line":9,"column":32},"end":{"line":9,"column":47}},"5":{"start":{"line":11,"column":32},"end":{"line":11,"column":51}},"6":{"start":{"line":13,"column":33},"end":{"line":19,"column":1}},"7":{"start":{"line":21,"column":28},"end":{"line":25,"column":1}},"8":{"start":{"line":22,"column":2},"end":{"line":24,"column":5}},"9":{"start":{"line":23,"column":4},"end":{"line":23,"column":34}}},"fnMap":{"0":{"name":"(anonymous_0)","decl":{"start":{"line":21,"column":28},"end":{"line":21,"column":29}},"loc":{"start":{"line":21,"column":34},"end":{"line":25,"column":1}},"line":21},"1":{"name":"(anonymous_1)","decl":{"start":{"line":22,"column":35},"end":{"line":22,"column":36}},"loc":{"start":{"line":22,"column":43},"end":{"line":24,"column":3}},"line":22}},"branchMap":{},"s":{"0":7,"1":7,"2":7,"3":7,"4":7,"5":7,"6":7,"7":7,"8":0,"9":0},"f":{"0":0,"1":0},"b":{},"_coverageSchema":"1a1c01bbd47fc00a2c39e90264f33305004495a9","hash":"d44870ef77228efae070f76a7f06c5f0004cdbf3"}
}
