TN:
SF:src\components\AcceptCookies\AcceptCookies.tsx
FN:13,(anonymous_0)
FN:14,(anonymous_1)
FN:20,(anonymous_2)
FNF:3
FNH:0
FNDA:0,(anonymous_0)
FNDA:0,(anonymous_1)
FNDA:0,(anonymous_2)
DA:13,0
DA:14,0
DA:15,0
DA:17,0
DA:20,0
DA:21,0
DA:22,0
DA:25,0
LF:8
LH:0
BRDA:25,0,0,0
BRDA:25,0,1,0
BRF:2
BRH:0
end_of_record
TN:
SF:src\components\Autocomplete\Autocomplete.tsx
FN:13,(anonymous_0)
FN:31,(anonymous_1)
FN:35,(anonymous_2)
FN:42,(anonymous_3)
FN:48,(anonymous_4)
FN:49,(anonymous_5)
FN:63,(anonymous_6)
FN:70,(anonymous_7)
FN:77,(anonymous_8)
FNF:9
FNH:9
FNDA:248,(anonymous_0)
FNDA:16,(anonymous_1)
FNDA:16,(anonymous_2)
FNDA:4,(anonymous_3)
FNDA:24,(anonymous_4)
FNDA:14,(anonymous_5)
FNDA:524,(anonymous_6)
FNDA:252,(anonymous_7)
FNDA:4,(anonymous_8)
DA:12,2
DA:22,248
DA:27,248
DA:29,248
DA:31,16
DA:35,248
DA:36,16
DA:41,248
DA:43,4
DA:48,248
DA:49,24
DA:51,24
DA:52,20
DA:55,248
DA:63,524
DA:71,252
DA:77,4
LF:17
LH:17
BRDA:51,0,0,4
BRDA:51,0,1,20
BRDA:57,1,0,248
BRDA:57,1,1,53
BRDA:66,2,0,248
BRDA:66,2,1,185
BRDA:75,3,0,252
BRDA:75,3,1,56
BRDA:76,4,0,67
BRDA:76,4,1,185
BRF:10
BRH:10
end_of_record
TN:
SF:src\components\Autocomplete\index.tsx
FNF:0
FNH:0
LF:0
LH:0
BRF:0
BRH:0
end_of_record
TN:
SF:src\components\Buttons\Button\Button.tsx
FN:7,(anonymous_0)
FNF:1
FNH:1
FNDA:1472,(anonymous_0)
DA:6,17
DA:8,1472
DA:10,1472
DA:24,17
LF:4
LH:4
BRF:0
BRH:0
end_of_record
TN:
SF:src\components\Buttons\Button\index.tsx
FNF:0
FNH:0
LF:0
LH:0
BRF:0
BRH:0
end_of_record
TN:
SF:src\components\Buttons\SubmitButton\SubmitButton.tsx
FN:9,(anonymous_0)
FN:12,(anonymous_1)
FNF:2
FNH:2
FNDA:81,(anonymous_0)
FNDA:22,(anonymous_1)
DA:7,1
DA:10,81
DA:11,81
DA:12,22
DA:16,81
LF:5
LH:5
BRDA:12,0,0,22
BRDA:12,0,1,14
BRF:2
BRH:2
end_of_record
TN:
SF:src\components\Buttons\SubmitButton\index.tsx
FNF:0
FNH:0
LF:0
LH:0
BRF:0
BRH:0
end_of_record
TN:
SF:src\components\Card\Card.tsx
FN:5,(anonymous_0)
FNF:1
FNH:1
FNDA:1,(anonymous_0)
DA:5,1
DA:6,1
DA:8,1
LF:3
LH:3
BRF:0
BRH:0
end_of_record
TN:
SF:src\components\Card\index.tsx
FNF:0
FNH:0
LF:0
LH:0
BRF:0
BRH:0
end_of_record
TN:
SF:src\components\CardWithCloseIcon\CardWithCloseIcon.tsx
FN:7,(anonymous_0)
FNF:1
FNH:1
FNDA:11,(anonymous_0)
DA:7,2
DA:11,11
LF:2
LH:2
BRF:0
BRH:0
end_of_record
TN:
SF:src\components\CardWithCloseIcon\index.tsx
FNF:0
FNH:0
LF:0
LH:0
BRF:0
BRH:0
end_of_record
TN:
SF:src\components\DatePicker\DatePicker.tsx
FN:10,(anonymous_0)
FN:16,(anonymous_1)
FN:37,(anonymous_2)
FN:40,(anonymous_3)
FN:49,(anonymous_4)
FNF:5
FNH:4
FNDA:156,(anonymous_0)
FNDA:36,(anonymous_1)
FNDA:312,(anonymous_2)
FNDA:0,(anonymous_3)
FNDA:156,(anonymous_4)
DA:9,2
DA:11,156
DA:16,156
DA:17,36
DA:18,0
DA:24,36
DA:25,11
DA:31,25
DA:34,156
DA:37,312
DA:40,0
DA:50,156
LF:12
LH:10
BRDA:10,0,0,0
BRDA:17,1,0,0
BRDA:17,1,1,36
BRDA:24,2,0,11
BRDA:24,2,1,25
BRDA:24,3,0,36
BRDA:24,3,1,16
BRDA:39,4,0,156
BRDA:39,4,1,68
BRF:9
BRH:7
end_of_record
TN:
SF:src\components\Error500\Error500.tsx
FN:5,(anonymous_0)
FNF:1
FNH:1
FNDA:10,(anonymous_0)
DA:5,2
DA:6,10
LF:2
LH:2
BRF:0
BRH:0
end_of_record
TN:
SF:src\components\Error500\index.tsx
FNF:0
FNH:0
LF:0
LH:0
BRF:0
BRH:0
end_of_record
TN:
SF:src\components\Formik\Formik.tsx
FN:17,Formik
FN:22,(anonymous_1)
FNF:2
FNH:2
FNDA:796,Formik
FNDA:105,(anonymous_1)
DA:18,796
DA:20,795
DA:22,795
DA:23,105
DA:24,95
DA:28,795
LF:6
LH:6
BRDA:18,0,0,159
BRDA:23,1,0,95
BRDA:23,1,1,10
BRF:3
BRH:3
end_of_record
TN:
SF:src\components\Formik\index.tsx
FNF:0
FNH:0
LF:0
LH:0
BRF:0
BRH:0
end_of_record
TN:
SF:src\components\Inputs\Input\Input.tsx
FN:11,(anonymous_0)
FN:38,(anonymous_1)
FN:51,(anonymous_2)
FN:103,(anonymous_3)
FNF:4
FNH:4
FNDA:4477,(anonymous_0)
FNDA:11,(anonymous_1)
FNDA:640,(anonymous_2)
FNDA:4476,(anonymous_3)
DA:10,11
DA:27,4477
DA:29,4476
DA:37,4476
DA:39,11
DA:40,11
DA:41,0
DA:44,11
DA:45,9
DA:51,4476
DA:52,640
DA:53,0
DA:59,640
DA:60,124
DA:66,516
DA:69,4476
DA:104,4476
LF:17
LH:15
BRDA:18,0,0,3754
BRDA:40,1,0,0
BRDA:40,1,1,11
BRDA:44,2,0,9
BRDA:44,2,1,2
BRDA:52,3,0,0
BRDA:52,3,1,640
BRDA:59,4,0,124
BRDA:59,4,1,516
BRDA:59,5,0,640
BRDA:59,5,1,183
BRDA:72,6,0,0
BRDA:72,6,1,4476
BRF:13
BRH:10
end_of_record
TN:
SF:src\components\Inputs\Input\index.tsx
FNF:0
FNH:0
LF:0
LH:0
BRF:0
BRH:0
end_of_record
TN:
SF:src\components\Interceptors\Interceptors.tsx
FN:4,(anonymous_0)
FNF:1
FNH:1
FNDA:28,(anonymous_0)
DA:4,2
DA:5,28
DA:7,28
LF:3
LH:3
BRF:0
BRH:0
end_of_record
TN:
SF:src\components\Layout\Layout.tsx
FN:23,(anonymous_0)
FN:31,(anonymous_1)
FN:37,(anonymous_2)
FN:38,(anonymous_3)
FN:41,(anonymous_4)
FN:164,(anonymous_5)
FNF:6
FNH:1
FNDA:213,(anonymous_0)
FNDA:0,(anonymous_1)
FNDA:0,(anonymous_2)
FNDA:0,(anonymous_3)
FNDA:0,(anonymous_4)
FNDA:0,(anonymous_5)
DA:23,6
DA:24,213
DA:25,213
DA:26,213
DA:28,213
DA:29,213
DA:31,213
DA:32,0
DA:33,0
DA:34,0
DA:37,213
DA:38,0
DA:41,213
DA:42,0
DA:43,0
DA:46,213
DA:164,0
LF:17
LH:10
BRDA:54,0,0,213
BRDA:54,0,1,0
BRDA:86,1,0,213
BRDA:86,1,1,0
BRDA:172,2,0,213
BRDA:172,2,1,0
BRF:6
BRH:3
end_of_record
TN:
SF:src\components\Layout\LeftMenu\LeftMenu.tsx
FN:9,(anonymous_0)
FN:13,(anonymous_1)
FNF:2
FNH:1
FNDA:220,(anonymous_0)
FNDA:0,(anonymous_1)
DA:9,6
DA:10,220
DA:11,214
DA:13,214
DA:14,0
DA:15,0
DA:18,214
LF:7
LH:5
BRF:0
BRH:0
end_of_record
TN:
SF:src\components\Layout\LeftMenu\index.tsx
FNF:0
FNH:0
LF:0
LH:0
BRF:0
BRH:0
end_of_record
TN:
SF:src\components\Modal\Modal.tsx
FN:7,(anonymous_0)
FN:20,(anonymous_1)
FNF:2
FNH:1
FNDA:834,(anonymous_0)
FNDA:0,(anonymous_1)
DA:7,12
DA:14,834
DA:20,0
LF:3
LH:2
BRDA:10,0,0,834
BRDA:14,1,0,62
BRDA:14,1,1,772
BRDA:17,2,0,62
BRDA:17,2,1,62
BRDA:17,2,2,54
BRF:6
BRH:6
end_of_record
TN:
SF:src\components\ModalMessage\ModalMessage.tsx
FN:8,(anonymous_0)
FNF:1
FNH:1
FNDA:321,(anonymous_0)
DA:8,7
DA:16,321
LF:2
LH:2
BRDA:12,0,0,146
BRDA:13,1,0,303
BRDA:19,2,0,321
BRDA:19,2,1,0
BRDA:20,3,0,321
BRDA:20,3,1,278
BRF:6
BRH:5
end_of_record
TN:
SF:src\components\ModalMessage\index.tsx
FNF:0
FNH:0
LF:0
LH:0
BRF:0
BRH:0
end_of_record
TN:
SF:src\components\NoDataTable\NoDataTable.tsx
FN:5,(anonymous_0)
FNF:1
FNH:1
FNDA:10,(anonymous_0)
DA:5,3
DA:6,10
LF:2
LH:2
BRDA:7,0,0,10
BRDA:7,0,1,4
BRF:2
BRH:2
end_of_record
TN:
SF:src\components\NoDataTable\index.tsx
FNF:0
FNH:0
LF:0
LH:0
BRF:0
BRH:0
end_of_record
TN:
SF:src\components\PasswordRules\PasswordRules.tsx
FN:6,(anonymous_0)
FNF:1
FNH:1
FNDA:111,(anonymous_0)
DA:6,4
DA:7,111
LF:2
LH:2
BRF:0
BRH:0
end_of_record
TN:
SF:src\components\RouteAccess\RouteAccess.tsx
FN:11,(anonymous_0)
FN:16,(anonymous_1)
FN:20,(anonymous_2)
FN:25,(anonymous_3)
FNF:4
FNH:0
FNDA:0,(anonymous_0)
FNDA:0,(anonymous_1)
FNDA:0,(anonymous_2)
FNDA:0,(anonymous_3)
DA:11,0
DA:12,0
DA:13,0
DA:14,0
DA:16,0
DA:17,0
DA:18,0
DA:20,0
DA:21,0
DA:25,0
DA:26,0
DA:27,0
DA:28,0
DA:30,0
DA:33,0
DA:35,0
LF:16
LH:0
BRDA:17,0,0,0
BRDA:17,0,1,0
BRDA:26,1,0,0
BRDA:26,1,1,0
BRDA:26,2,0,0
BRDA:26,2,1,0
BRDA:27,3,0,0
BRDA:27,3,1,0
BRDA:27,4,0,0
BRDA:27,4,1,0
BRDA:33,5,0,0
BRDA:33,5,1,0
BRDA:38,6,0,0
BRDA:38,6,1,0
BRF:14
BRH:0
end_of_record
TN:
SF:src\components\RouteAccess\index.tsx
FNF:0
FNH:0
LF:0
LH:0
BRF:0
BRH:0
end_of_record
TN:
SF:src\components\Select\Select.tsx
FN:9,(anonymous_0)
FN:14,(anonymous_1)
FN:15,(anonymous_2)
FN:24,(anonymous_3)
FNF:4
FNH:3
FNDA:236,(anonymous_0)
FNDA:10,(anonymous_1)
FNDA:270,(anonymous_2)
FNDA:0,(anonymous_3)
DA:8,2
DA:10,236
DA:11,236
DA:13,236
DA:15,10
DA:16,270
DA:23,236
DA:25,0
DA:26,0
DA:28,0
DA:33,236
LF:11
LH:8
BRDA:28,0,0,0
BRDA:28,0,1,0
BRDA:35,1,0,236
BRDA:35,1,1,0
BRDA:53,2,0,236
BRDA:53,2,1,0
BRDA:54,3,0,67
BRDA:54,3,1,169
BRF:8
BRH:4
end_of_record
TN:
SF:src\components\Select\index.tsx
FNF:0
FNH:0
LF:0
LH:0
BRF:0
BRH:0
end_of_record
TN:
SF:src\components\SessionExpired\SessionExpired.tsx
FN:9,(anonymous_0)
FN:10,(anonymous_1)
FNF:2
FNH:2
FNDA:5,(anonymous_0)
FNDA:1,(anonymous_1)
DA:9,9
DA:10,5
DA:11,1
DA:12,1
DA:15,5
LF:5
LH:5
BRF:0
BRH:0
end_of_record
TN:
SF:src\components\SessionExpired\index.tsx
FNF:0
FNH:0
LF:0
LH:0
BRF:0
BRH:0
end_of_record
TN:
SF:src\components\SessionModal\SessionModal.tsx
FN:11,(anonymous_0)
FN:15,(anonymous_1)
FN:19,(anonymous_2)
FNF:3
FNH:3
FNDA:3,(anonymous_0)
FNDA:3,(anonymous_1)
FNDA:6,(anonymous_2)
DA:9,7
DA:11,7
DA:12,3
DA:13,3
DA:14,3
DA:15,3
DA:19,3
DA:20,6
DA:21,4
DA:23,4
DA:26,2
DA:29,3
LF:12
LH:12
BRDA:20,0,0,4
BRDA:20,0,1,2
BRF:2
BRH:2
end_of_record
TN:
SF:src\components\Slider\Slider.tsx
FN:8,(anonymous_0)
FN:13,SliderThumbComponent
FNF:2
FNH:2
FNDA:11,(anonymous_0)
FNDA:12,SliderThumbComponent
DA:8,1
DA:9,11
DA:16,12
DA:17,12
DA:25,11
LF:5
LH:5
BRF:0
BRH:0
end_of_record
TN:
SF:src\components\Slider\index.tsx
FNF:0
FNH:0
LF:0
LH:0
BRF:0
BRH:0
end_of_record
TN:
SF:src\components\Table\Table.tsx
FN:11,(anonymous_0)
FNF:1
FNH:1
FNDA:48,(anonymous_0)
DA:10,3
DA:24,48
DA:26,48
LF:3
LH:3
BRDA:14,0,0,48
BRDA:15,1,0,48
BRDA:16,2,0,48
BRDA:17,3,0,28
BRDA:18,4,0,48
BRDA:19,5,0,48
BRDA:39,6,0,48
BRDA:39,6,1,28
BRF:8
BRH:8
end_of_record
TN:
SF:src\components\Tooltip\Tooltip.tsx
FN:8,(anonymous_0)
FNF:1
FNH:1
FNDA:8,(anonymous_0)
DA:8,1
DA:9,8
DA:11,8
DA:13,8
LF:4
LH:4
BRF:0
BRH:0
end_of_record
TN:
SF:src\components\Tooltip\index.tsx
FNF:0
FNH:0
LF:0
LH:0
BRF:0
BRH:0
end_of_record
TN:
SF:src\hooks\appInsights.ts
FNF:0
FNH:0
DA:5,8
DA:6,8
DA:7,8
DA:16,8
LF:4
LH:4
BRDA:9,0,0,8
BRDA:9,0,1,8
BRF:2
BRH:2
end_of_record
TN:
SF:src\hooks\props.ts
FNF:0
FNH:0
LF:0
LH:0
BRF:0
BRH:0
end_of_record
TN:
SF:src\hooks\useInterceptors.tsx
FN:12,(anonymous_0)
FN:17,(anonymous_1)
FN:17,(anonymous_2)
FN:18,(anonymous_3)
FN:18,(anonymous_4)
FN:21,(anonymous_5)
FN:22,(anonymous_6)
FN:49,(anonymous_7)
FN:54,(anonymous_8)
FN:84,(anonymous_9)
FN:95,(anonymous_10)
FNF:11
FNH:11
FNDA:28,(anonymous_0)
FNDA:12,(anonymous_1)
FNDA:12,(anonymous_2)
FNDA:12,(anonymous_3)
FNDA:12,(anonymous_4)
FNDA:4,(anonymous_5)
FNDA:12,(anonymous_6)
FNDA:1,(anonymous_7)
FNDA:11,(anonymous_8)
FNDA:4,(anonymous_9)
FNDA:4,(anonymous_10)
DA:12,2
DA:13,28
DA:14,28
DA:15,28
DA:17,28
DA:18,28
DA:20,28
DA:21,4
DA:23,12
DA:25,12
DA:27,12
DA:28,1
DA:29,1
DA:33,1
DA:37,1
DA:39,1
DA:40,1
DA:42,0
DA:46,11
DA:47,11
DA:50,1
DA:52,1
DA:55,11
DA:62,11
DA:67,1
DA:69,1
DA:72,10
DA:73,10
DA:75,10
DA:78,0
DA:84,28
DA:85,4
DA:90,4
DA:95,4
DA:96,4
DA:97,4
DA:101,28
LF:37
LH:35
BRDA:27,0,0,1
BRDA:27,0,1,11
BRDA:62,1,0,1
BRDA:62,1,1,10
BRDA:63,2,0,11
BRDA:63,2,1,1
BRDA:72,3,0,10
BRDA:72,3,1,0
BRDA:72,4,0,10
BRDA:72,4,1,10
BRF:10
BRH:9
end_of_record
TN:
SF:src\hooks\useModal.ts
FN:8,(anonymous_0)
FN:11,toggle
FN:12,(anonymous_2)
FNF:3
FNH:3
FNDA:813,(anonymous_0)
FNDA:24,toggle
FNDA:24,(anonymous_2)
DA:8,9
DA:9,813
DA:12,24
DA:15,813
LF:4
LH:4
BRF:0
BRH:0
end_of_record
TN:
SF:src\hooks\useViaCEP.tsx
FN:22,(anonymous_0)
FN:34,resetStates
FN:41,resetAddress
FN:51,fetchCEP
FN:60,(anonymous_4)
FN:66,(anonymous_5)
FN:67,(anonymous_6)
FNF:7
FNH:6
FNDA:129,(anonymous_0)
FNDA:14,resetStates
FNDA:14,resetAddress
FNDA:14,fetchCEP
FNDA:3,(anonymous_4)
FNDA:0,(anonymous_5)
FNDA:3,(anonymous_6)
DA:22,3
DA:23,129
DA:30,129
DA:31,129
DA:32,129
DA:35,14
DA:36,14
DA:37,14
DA:38,14
DA:42,14
DA:52,14
DA:54,14
DA:56,4
DA:58,4
DA:61,3
DA:62,0
DA:63,0
DA:64,3
DA:66,0
DA:67,3
DA:70,129
LF:21
LH:18
BRDA:54,0,0,10
BRDA:54,0,1,4
BRDA:54,1,0,14
BRDA:54,1,1,4
BRDA:61,2,0,0
BRDA:61,2,1,3
BRF:6
BRH:5
end_of_record
TN:
SF:src\hooks\useWindowDimensions.ts
FN:3,useWindowDimensions
FN:6,(anonymous_1)
FN:20,(anonymous_2)
FN:24,(anonymous_3)
FN:28,(anonymous_4)
FN:31,(anonymous_5)
FNF:6
FNH:4
FNDA:117,useWindowDimensions
FNDA:116,(anonymous_1)
FNDA:0,(anonymous_2)
FNDA:28,(anonymous_3)
FNDA:28,(anonymous_4)
FNDA:0,(anonymous_5)
DA:4,117
DA:6,117
DA:7,116
DA:8,116
DA:10,116
DA:16,116
DA:20,116
DA:21,0
DA:24,116
DA:25,28
DA:26,28
DA:28,28
DA:31,0
DA:34,116
LF:14
LH:12
BRDA:7,0,0,116
BRDA:7,0,1,0
BRDA:8,1,0,116
BRDA:8,1,1,0
BRDA:25,2,0,28
BRDA:25,2,1,0
BRF:6
BRH:3
end_of_record
TN:
SF:src\hooks\auth\index.tsx
FN:29,(anonymous_0)
FN:44,(anonymous_1)
FN:50,(anonymous_2)
FN:77,(anonymous_3)
FN:83,(anonymous_4)
FN:87,(anonymous_5)
FN:91,(anonymous_6)
FN:96,(anonymous_7)
FN:118,useAuth
FNF:9
FNH:5
FNDA:66,(anonymous_0)
FNDA:48,(anonymous_1)
FNDA:3,(anonymous_2)
FNDA:0,(anonymous_3)
FNDA:0,(anonymous_4)
FNDA:0,(anonymous_5)
FNDA:0,(anonymous_6)
FNDA:49,(anonymous_7)
FNDA:265,useAuth
DA:26,12
DA:27,12
DA:29,12
DA:30,66
DA:31,60
DA:32,60
DA:33,60
DA:35,60
DA:40,60
DA:44,60
DA:45,48
DA:49,60
DA:51,3
DA:52,3
DA:54,3
DA:56,3
DA:60,1
DA:61,1
DA:62,1
DA:64,1
DA:66,2
DA:67,2
DA:68,2
DA:69,2
DA:70,2
DA:71,2
DA:77,60
DA:78,0
DA:79,0
DA:80,0
DA:83,60
DA:84,0
DA:87,60
DA:88,0
DA:91,60
DA:92,0
DA:93,0
DA:96,60
DA:98,60
DA:119,265
DA:121,265
DA:122,0
DA:125,265
LF:43
LH:35
BRDA:37,0,0,60
BRDA:37,0,1,60
BRDA:40,1,0,1
BRDA:40,1,1,59
BRDA:88,2,0,0
BRDA:88,2,1,0
BRDA:121,3,0,0
BRDA:121,3,1,265
BRDA:121,4,0,265
BRDA:121,4,1,265
BRF:10
BRH:7
end_of_record
TN:
SF:src\hooks\headerMobile\index.tsx
FN:9,(anonymous_0)
FN:14,(anonymous_1)
FN:15,(anonymous_2)
FN:25,useHeaderMobile
FNF:4
FNH:4
FNDA:49,(anonymous_0)
FNDA:1,(anonymous_1)
FNDA:1,(anonymous_2)
FNDA:215,useHeaderMobile
DA:5,7
DA:7,7
DA:9,7
DA:10,49
DA:12,43
DA:14,43
DA:15,1
DA:18,43
DA:26,215
DA:28,215
DA:29,0
DA:34,215
LF:12
LH:11
BRDA:28,0,0,0
BRDA:28,0,1,215
BRDA:28,1,0,215
BRDA:28,1,1,215
BRF:4
BRH:3
end_of_record
TN:
SF:src\hooks\session\index.tsx
FN:7,(anonymous_0)
FN:8,(anonymous_1)
FN:16,(anonymous_2)
FN:28,useSession
FNF:4
FNH:4
FNDA:43,(anonymous_0)
FNDA:42,(anonymous_1)
FNDA:1,(anonymous_2)
FNDA:33,useSession
DA:5,10
DA:7,10
DA:8,43
DA:9,42
DA:11,42
DA:13,42
DA:16,43
DA:17,1
DA:18,1
DA:21,43
DA:29,33
DA:31,33
DA:32,0
DA:35,33
LF:14
LH:13
BRDA:11,0,0,0
BRDA:11,0,1,42
BRDA:31,1,0,0
BRDA:31,1,1,33
BRF:4
BRH:2
end_of_record
TN:
SF:src\hooks\simulate\index.tsx
FN:15,(anonymous_0)
FN:29,(anonymous_1)
FN:69,(anonymous_2)
FN:89,useSimulateLoan
FNF:4
FNH:4
FNDA:23,(anonymous_0)
FNDA:2,(anonymous_1)
FNDA:1,(anonymous_2)
FNDA:153,useSimulateLoan
DA:11,2
DA:13,2
DA:15,2
DA:16,23
DA:17,23
DA:18,23
DA:20,23
DA:21,23
DA:22,23
DA:23,23
DA:29,23
DA:30,2
DA:31,2
DA:39,2
DA:44,0
DA:46,0
DA:52,0
DA:54,2
DA:56,2
DA:57,2
DA:58,2
DA:59,2
DA:60,2
DA:69,23
DA:70,1
DA:73,23
DA:90,153
DA:92,153
DA:93,0
DA:98,153
LF:30
LH:26
BRDA:92,0,0,0
BRDA:92,0,1,153
BRDA:92,1,0,153
BRDA:92,1,1,153
BRF:4
BRH:3
end_of_record
TN:
SF:src\hooks\simulateRealtime\index.tsx
FN:20,(anonymous_0)
FN:33,(anonymous_1)
FN:41,(anonymous_2)
FN:48,(anonymous_3)
FN:56,(anonymous_4)
FN:71,(anonymous_5)
FN:76,(anonymous_6)
FN:99,useSimulateLoanRealTime
FNF:8
FNH:8
FNDA:6,(anonymous_0)
FNDA:4,(anonymous_1)
FNDA:4,(anonymous_2)
FNDA:4,(anonymous_3)
FNDA:1,(anonymous_4)
FNDA:1,(anonymous_5)
FNDA:1,(anonymous_6)
FNDA:158,useSimulateLoanRealTime
DA:16,3
DA:18,3
DA:20,3
DA:21,6
DA:22,6
DA:23,6
DA:27,6
DA:32,6
DA:34,4
DA:36,4
DA:38,4
DA:41,6
DA:42,4
DA:44,4
DA:46,3
DA:48,6
DA:49,4
DA:51,4
DA:53,4
DA:56,6
DA:57,1
DA:58,1
DA:61,0
DA:63,0
DA:64,0
DA:67,0
DA:71,6
DA:72,1
DA:73,1
DA:76,6
DA:77,1
DA:78,1
DA:79,1
DA:82,6
DA:100,158
DA:102,158
DA:103,0
DA:108,158
LF:38
LH:33
BRDA:23,0,0,0
BRDA:23,0,1,6
BRDA:36,1,0,0
BRDA:36,1,1,4
BRDA:44,2,0,1
BRDA:44,2,1,3
BRDA:51,3,0,0
BRDA:51,3,1,4
BRDA:58,4,0,1
BRDA:58,4,1,0
BRDA:102,5,0,0
BRDA:102,5,1,158
BRDA:102,6,0,158
BRDA:102,6,1,158
BRF:14
BRH:9
end_of_record
TN:
SF:src\pages\Accompaniment\index.tsx
FN:51,(anonymous_0)
FN:65,(anonymous_1)
FN:74,(anonymous_2)
FN:89,(anonymous_3)
FN:91,(anonymous_4)
FN:106,(anonymous_5)
FN:107,(anonymous_6)
FN:111,(anonymous_7)
FN:131,(anonymous_8)
FN:148,(anonymous_9)
FN:156,(anonymous_10)
FN:182,(anonymous_11)
FN:190,(anonymous_12)
FN:207,(anonymous_13)
FN:228,(anonymous_14)
FNF:15
FNH:0
FNDA:0,(anonymous_0)
FNDA:0,(anonymous_1)
FNDA:0,(anonymous_2)
FNDA:0,(anonymous_3)
FNDA:0,(anonymous_4)
FNDA:0,(anonymous_5)
FNDA:0,(anonymous_6)
FNDA:0,(anonymous_7)
FNDA:0,(anonymous_8)
FNDA:0,(anonymous_9)
FNDA:0,(anonymous_10)
FNDA:0,(anonymous_11)
FNDA:0,(anonymous_12)
FNDA:0,(anonymous_13)
FNDA:0,(anonymous_14)
DA:33,0
DA:51,0
DA:52,0
DA:54,0
DA:65,0
DA:66,0
DA:67,0
DA:68,0
DA:69,0
DA:70,0
DA:71,0
DA:73,0
DA:74,0
DA:89,0
DA:90,0
DA:92,0
DA:94,0
DA:98,0
DA:99,0
DA:101,0
DA:103,0
DA:106,0
DA:107,0
DA:110,0
DA:111,0
DA:130,0
DA:131,0
DA:148,0
DA:149,0
DA:150,0
DA:153,0
DA:156,0
DA:157,0
DA:162,0
DA:163,0
DA:164,0
DA:166,0
DA:167,0
DA:169,0
DA:170,0
DA:172,0
DA:173,0
DA:175,0
DA:176,0
DA:178,0
DA:182,0
DA:183,0
DA:184,0
DA:187,0
DA:190,0
DA:191,0
DA:192,0
DA:198,0
DA:208,0
DA:228,0
DA:229,0
DA:232,0
LF:57
LH:0
BRDA:56,0,0,0
BRDA:56,0,1,0
BRDA:56,1,0,0
BRDA:56,1,1,0
BRDA:94,2,0,0
BRDA:94,2,1,0
BRDA:95,3,0,0
BRDA:95,3,1,0
BRDA:149,4,0,0
BRDA:149,4,1,0
BRDA:162,5,0,0
BRDA:162,5,1,0
BRDA:163,6,0,0
BRDA:163,6,1,0
BRDA:166,7,0,0
BRDA:166,7,1,0
BRDA:169,8,0,0
BRDA:169,8,1,0
BRDA:172,9,0,0
BRDA:172,9,1,0
BRDA:175,10,0,0
BRDA:175,10,1,0
BRDA:178,11,0,0
BRDA:178,11,1,0
BRDA:183,12,0,0
BRDA:183,12,1,0
BRDA:191,13,0,0
BRDA:191,13,1,0
BRDA:200,14,0,0
BRDA:200,14,1,0
BRDA:200,15,0,0
BRDA:200,15,1,0
BRF:32
BRH:0
end_of_record
TN:
SF:src\pages\Accompaniment\CardMobile\CardMobile.tsx
FN:27,(anonymous_0)
FN:33,(anonymous_1)
FN:36,(anonymous_2)
FN:51,(anonymous_3)
FN:66,(anonymous_4)
FN:82,(anonymous_5)
FN:97,(anonymous_6)
FN:123,(anonymous_7)
FN:131,(anonymous_8)
FN:139,(anonymous_9)
FN:147,(anonymous_10)
FN:152,(anonymous_11)
FN:159,(anonymous_12)
FN:166,(anonymous_13)
FN:205,(anonymous_14)
FNF:15
FNH:0
FNDA:0,(anonymous_0)
FNDA:0,(anonymous_1)
FNDA:0,(anonymous_2)
FNDA:0,(anonymous_3)
FNDA:0,(anonymous_4)
FNDA:0,(anonymous_5)
FNDA:0,(anonymous_6)
FNDA:0,(anonymous_7)
FNDA:0,(anonymous_8)
FNDA:0,(anonymous_9)
FNDA:0,(anonymous_10)
FNDA:0,(anonymous_11)
FNDA:0,(anonymous_12)
FNDA:0,(anonymous_13)
FNDA:0,(anonymous_14)
DA:16,0
DA:18,0
DA:27,0
DA:28,0
DA:29,0
DA:30,0
DA:31,0
DA:33,0
DA:35,0
DA:36,0
DA:50,0
DA:51,0
DA:65,0
DA:66,0
DA:81,0
DA:82,0
DA:97,0
DA:98,0
DA:103,0
DA:104,0
DA:105,0
DA:107,0
DA:108,0
DA:110,0
DA:111,0
DA:113,0
DA:114,0
DA:116,0
DA:117,0
DA:119,0
DA:123,0
DA:124,0
DA:125,0
DA:128,0
DA:131,0
DA:132,0
DA:133,0
DA:136,0
DA:139,0
DA:140,0
DA:141,0
DA:144,0
DA:147,0
DA:148,0
DA:149,0
DA:152,0
DA:153,0
DA:154,0
DA:156,0
DA:159,0
DA:160,0
DA:161,0
DA:163,0
DA:166,0
DA:167,0
DA:168,0
DA:177,0
DA:187,0
DA:206,0
LF:59
LH:0
BRDA:103,0,0,0
BRDA:103,0,1,0
BRDA:104,1,0,0
BRDA:104,1,1,0
BRDA:107,2,0,0
BRDA:107,2,1,0
BRDA:110,3,0,0
BRDA:110,3,1,0
BRDA:113,4,0,0
BRDA:113,4,1,0
BRDA:116,5,0,0
BRDA:116,5,1,0
BRDA:119,6,0,0
BRDA:119,6,1,0
BRDA:124,7,0,0
BRDA:124,7,1,0
BRDA:132,8,0,0
BRDA:132,8,1,0
BRDA:140,9,0,0
BRDA:140,9,1,0
BRDA:153,10,0,0
BRDA:153,10,1,0
BRDA:160,11,0,0
BRDA:160,11,1,0
BRDA:167,12,0,0
BRDA:167,12,1,0
BRF:26
BRH:0
end_of_record
TN:
SF:src\pages\Accompaniment\CardMobile\index.tsx
FNF:0
FNH:0
LF:0
LH:0
BRF:0
BRH:0
end_of_record
TN:
SF:src\pages\Accompaniment\components\ApprovedLoan\ApprovedLoan.tsx
FN:36,(anonymous_0)
FN:64,(anonymous_1)
FN:66,(anonymous_2)
FN:87,(anonymous_3)
FN:94,(anonymous_4)
FN:99,(anonymous_5)
FN:107,(anonymous_6)
FN:114,(anonymous_7)
FN:118,(anonymous_8)
FN:124,(anonymous_9)
FN:127,(anonymous_10)
FN:132,(anonymous_11)
FN:134,(anonymous_12)
FN:139,(anonymous_13)
FN:141,(anonymous_14)
FN:150,(anonymous_15)
FN:170,(anonymous_16)
FN:171,(anonymous_17)
FN:173,(anonymous_18)
FN:181,(anonymous_19)
FN:186,(anonymous_20)
FN:221,(anonymous_21)
FN:226,(anonymous_22)
FN:232,(anonymous_23)
FN:253,(anonymous_24)
FN:258,(anonymous_25)
FN:264,(anonymous_26)
FN:301,(anonymous_27)
FN:313,(anonymous_28)
FN:316,(anonymous_29)
FN:319,(anonymous_30)
FN:322,(anonymous_31)
FN:327,(anonymous_32)
FN:329,(anonymous_33)
FN:612,(anonymous_34)
FNF:35
FNH:0
FNDA:0,(anonymous_0)
FNDA:0,(anonymous_1)
FNDA:0,(anonymous_2)
FNDA:0,(anonymous_3)
FNDA:0,(anonymous_4)
FNDA:0,(anonymous_5)
FNDA:0,(anonymous_6)
FNDA:0,(anonymous_7)
FNDA:0,(anonymous_8)
FNDA:0,(anonymous_9)
FNDA:0,(anonymous_10)
FNDA:0,(anonymous_11)
FNDA:0,(anonymous_12)
FNDA:0,(anonymous_13)
FNDA:0,(anonymous_14)
FNDA:0,(anonymous_15)
FNDA:0,(anonymous_16)
FNDA:0,(anonymous_17)
FNDA:0,(anonymous_18)
FNDA:0,(anonymous_19)
FNDA:0,(anonymous_20)
FNDA:0,(anonymous_21)
FNDA:0,(anonymous_22)
FNDA:0,(anonymous_23)
FNDA:0,(anonymous_24)
FNDA:0,(anonymous_25)
FNDA:0,(anonymous_26)
FNDA:0,(anonymous_27)
FNDA:0,(anonymous_28)
FNDA:0,(anonymous_29)
FNDA:0,(anonymous_30)
FNDA:0,(anonymous_31)
FNDA:0,(anonymous_32)
FNDA:0,(anonymous_33)
FNDA:0,(anonymous_34)
DA:36,0
DA:37,0
DA:39,0
DA:40,0
DA:41,0
DA:42,0
DA:44,0
DA:45,0
DA:46,0
DA:47,0
DA:48,0
DA:49,0
DA:50,0
DA:51,0
DA:52,0
DA:53,0
DA:54,0
DA:55,0
DA:59,0
DA:60,0
DA:62,0
DA:64,0
DA:65,0
DA:67,0
DA:87,0
DA:88,0
DA:89,0
DA:94,0
DA:95,0
DA:96,0
DA:99,0
DA:100,0
DA:104,0
DA:107,0
DA:112,0
DA:114,0
DA:115,0
DA:118,0
DA:119,0
DA:121,0
DA:124,0
DA:125,0
DA:127,0
DA:128,0
DA:129,0
DA:132,0
DA:133,0
DA:135,0
DA:139,0
DA:140,0
DA:141,0
DA:150,0
DA:151,0
DA:167,0
DA:170,0
DA:171,0
DA:172,0
DA:173,0
DA:181,0
DA:182,0
DA:186,0
DA:187,0
DA:188,0
DA:190,0
DA:207,0
DA:209,0
DA:211,0
DA:213,0
DA:214,0
DA:215,0
DA:217,0
DA:221,0
DA:222,0
DA:223,0
DA:226,0
DA:227,0
DA:229,0
DA:232,0
DA:233,0
DA:234,0
DA:236,0
DA:241,0
DA:242,0
DA:244,0
DA:245,0
DA:246,0
DA:247,0
DA:249,0
DA:253,0
DA:254,0
DA:255,0
DA:258,0
DA:259,0
DA:260,0
DA:263,0
DA:264,0
DA:301,0
DA:302,0
DA:313,0
DA:314,0
DA:316,0
DA:317,0
DA:319,0
DA:320,0
DA:322,0
DA:323,0
DA:327,0
DA:329,0
DA:330,0
DA:334,0
DA:612,0
LF:111
LH:0
BRDA:88,0,0,0
BRDA:88,0,1,0
BRDA:119,1,0,0
BRDA:119,1,1,0
BRDA:125,2,0,0
BRDA:125,2,1,0
BRDA:128,3,0,0
BRDA:128,3,1,0
BRDA:227,4,0,0
BRDA:227,4,1,0
BRDA:227,5,0,0
BRDA:227,5,1,0
BRDA:302,6,0,0
BRDA:302,6,1,0
BRDA:302,7,0,0
BRDA:302,7,1,0
BRDA:314,8,0,0
BRDA:314,8,1,0
BRDA:317,9,0,0
BRDA:317,9,1,0
BRDA:317,9,2,0
BRDA:320,10,0,0
BRDA:320,10,1,0
BRDA:323,11,0,0
BRDA:323,11,1,0
BRDA:327,12,0,0
BRDA:327,12,1,0
BRDA:330,13,0,0
BRDA:330,13,1,0
BRDA:330,14,0,0
BRDA:330,14,1,0
BRF:31
BRH:0
end_of_record
TN:
SF:src\pages\Accompaniment\components\ApprovedLoan\index.tsx
FNF:0
FNH:0
LF:0
LH:0
BRF:0
BRH:0
end_of_record
TN:
SF:src\pages\Accompaniment\components\ApprovedLoan\components\InstallmentCard\InstallmentCard.tsx
FN:6,(anonymous_0)
FNF:1
FNH:0
FNDA:0,(anonymous_0)
DA:6,0
DA:7,0
LF:2
LH:0
BRF:0
BRH:0
end_of_record
TN:
SF:src\pages\Accompaniment\components\AwaitingSubmissionOfDocumentation\AwaitingSubmissionOfDocumentation.tsx
FN:7,(anonymous_0)
FNF:1
FNH:0
FNDA:0,(anonymous_0)
DA:7,0
DA:8,0
LF:2
LH:0
BRF:0
BRH:0
end_of_record
TN:
SF:src\pages\Accompaniment\components\ContractSigning\ContractSigning.tsx
FN:7,(anonymous_0)
FNF:1
FNH:0
FNDA:0,(anonymous_0)
DA:7,0
DA:8,0
LF:2
LH:0
BRF:0
BRH:0
end_of_record
TN:
SF:src\pages\Accompaniment\components\DocumentationSent\DocumentationSent.tsx
FN:7,(anonymous_0)
FNF:1
FNH:0
FNDA:0,(anonymous_0)
DA:7,0
DA:8,0
LF:2
LH:0
BRF:0
BRH:0
end_of_record
TN:
SF:src\pages\Accompaniment\components\ReleasedCredit\ReleasedCredit.tsx
FN:10,(anonymous_0)
FNF:1
FNH:0
FNDA:0,(anonymous_0)
DA:10,0
DA:11,0
LF:2
LH:0
BRDA:19,0,0,0
BRDA:19,0,1,0
BRDA:28,1,0,0
BRDA:28,1,1,0
BRDA:30,2,0,0
BRDA:30,2,1,0
BRDA:33,3,0,0
BRDA:33,3,1,0
BRDA:33,4,0,0
BRDA:33,4,1,0
BRF:10
BRH:0
end_of_record
TN:
SF:src\pages\Accompaniment\components\ReprovidedLoan\ReprovidedLoan.tsx
FN:8,(anonymous_0)
FN:24,(anonymous_1)
FNF:2
FNH:0
FNDA:0,(anonymous_0)
FNDA:0,(anonymous_1)
DA:8,0
DA:9,0
DA:11,0
DA:24,0
LF:4
LH:0
BRF:0
BRH:0
end_of_record
TN:
SF:src\pages\Accompaniment\components\ReprovidedLoan\index.tsx
FNF:0
FNH:0
LF:0
LH:0
BRF:0
BRH:0
end_of_record
TN:
SF:src\pages\Accompaniment\components\RequestUnderAnalysis\RequestUnderAnalysis.tsx
FN:7,(anonymous_0)
FNF:1
FNH:0
FNDA:0,(anonymous_0)
DA:7,0
DA:8,0
LF:2
LH:0
BRF:0
BRH:0
end_of_record
TN:
SF:src\pages\Accompaniment\components\RequestUnderAnalysis\index.tsx
FNF:0
FNH:0
LF:0
LH:0
BRF:0
BRH:0
end_of_record
TN:
SF:src\pages\AccountConfirmation\index.tsx
FN:20,(anonymous_0)
FN:31,(anonymous_1)
FN:49,(anonymous_2)
FN:53,(anonymous_3)
FNF:4
FNH:3
FNDA:12,(anonymous_0)
FNDA:2,(anonymous_1)
FNDA:0,(anonymous_2)
FNDA:3,(anonymous_3)
DA:20,1
DA:21,12
DA:22,11
DA:23,11
DA:25,11
DA:26,11
DA:28,11
DA:29,11
DA:31,11
DA:32,2
DA:34,2
DA:35,2
DA:36,2
DA:38,1
DA:40,1
DA:42,1
DA:43,1
DA:45,2
DA:49,11
DA:50,0
DA:53,11
DA:54,3
DA:57,11
LF:23
LH:22
BRDA:32,0,0,0
BRDA:32,0,1,2
BRDA:42,1,0,1
BRDA:42,1,1,0
BRDA:54,2,0,1
BRDA:54,2,1,2
BRDA:73,3,0,5
BRDA:73,3,1,6
BRF:8
BRH:6
end_of_record
TN:
SF:src\pages\ChangePassword\index.tsx
FN:27,(anonymous_0)
FN:37,(anonymous_1)
FN:37,(anonymous_2)
FN:42,(anonymous_3)
FN:47,(anonymous_4)
FN:51,(anonymous_5)
FN:56,(anonymous_6)
FNF:7
FNH:4
FNDA:16,(anonymous_0)
FNDA:0,(anonymous_1)
FNDA:0,(anonymous_2)
FNDA:8,(anonymous_3)
FNDA:8,(anonymous_4)
FNDA:0,(anonymous_5)
FNDA:2,(anonymous_6)
DA:27,1
DA:28,16
DA:30,15
DA:31,15
DA:32,15
DA:33,15
DA:34,15
DA:36,15
DA:37,0
DA:41,15
DA:42,8
DA:46,15
DA:47,8
DA:51,15
DA:52,0
DA:53,0
DA:56,15
DA:57,2
DA:58,2
DA:59,2
DA:60,2
DA:61,1
DA:63,1
DA:65,1
DA:66,1
DA:68,2
DA:72,15
LF:27
LH:24
BRDA:42,0,0,0
BRDA:42,0,1,8
BRDA:47,1,0,0
BRDA:47,1,1,8
BRDA:65,2,0,1
BRDA:65,2,1,1
BRDA:150,3,0,5
BRDA:150,3,1,10
BRF:8
BRH:6
end_of_record
TN:
SF:src\pages\ContractInstallments\index.tsx
FN:32,(anonymous_0)
FN:42,(anonymous_1)
FN:48,(anonymous_2)
FN:58,(anonymous_3)
FN:91,(anonymous_4)
FN:99,(anonymous_5)
FN:103,(anonymous_6)
FN:108,(anonymous_7)
FN:117,(anonymous_8)
FN:127,(anonymous_9)
FN:137,(anonymous_10)
FN:139,(anonymous_11)
FN:142,(anonymous_12)
FN:159,(anonymous_13)
FN:170,(anonymous_14)
FN:173,(anonymous_15)
FN:177,(anonymous_16)
FN:186,(anonymous_17)
FN:189,(anonymous_18)
FN:277,(anonymous_19)
FN:277,(anonymous_20)
FNF:21
FNH:17
FNDA:23,(anonymous_0)
FNDA:5,(anonymous_1)
FNDA:30,(anonymous_2)
FNDA:6,(anonymous_3)
FNDA:0,(anonymous_4)
FNDA:0,(anonymous_5)
FNDA:22,(anonymous_6)
FNDA:22,(anonymous_7)
FNDA:22,(anonymous_8)
FNDA:176,(anonymous_9)
FNDA:22,(anonymous_10)
FNDA:14,(anonymous_11)
FNDA:22,(anonymous_12)
FNDA:6,(anonymous_13)
FNDA:6,(anonymous_14)
FNDA:5,(anonymous_15)
FNDA:5,(anonymous_16)
FNDA:1,(anonymous_17)
FNDA:6,(anonymous_18)
FNDA:0,(anonymous_19)
FNDA:0,(anonymous_20)
DA:32,1
DA:33,23
DA:35,23
DA:36,22
DA:37,22
DA:38,22
DA:39,22
DA:40,22
DA:42,22
DA:43,5
DA:45,5
DA:48,22
DA:49,30
DA:50,30
DA:52,30
DA:57,22
DA:58,6
DA:92,0
DA:99,22
DA:100,0
DA:103,22
DA:104,22
DA:108,22
DA:109,22
DA:110,15
DA:112,15
DA:114,7
DA:117,22
DA:118,22
DA:120,15
DA:122,15
DA:124,0
DA:127,22
DA:130,176
DA:132,48
DA:134,46
DA:137,22
DA:139,22
DA:140,14
DA:142,22
DA:143,22
DA:160,6
DA:170,22
DA:171,6
DA:172,6
DA:174,5
DA:176,5
DA:177,5
DA:187,1
DA:189,6
DA:192,22
DA:277,0
LF:52
LH:48
BRDA:43,0,0,0
BRDA:43,0,1,5
BRDA:104,1,0,15
BRDA:104,1,1,7
BRDA:104,2,0,22
BRDA:104,2,1,15
BRDA:109,3,0,15
BRDA:109,3,1,7
BRDA:109,4,0,22
BRDA:109,4,1,15
BRDA:118,5,0,7
BRDA:118,5,1,15
BRDA:122,6,0,15
BRDA:122,6,1,0
BRDA:130,7,0,128
BRDA:130,7,1,48
BRDA:132,8,0,2
BRDA:132,8,1,46
BRDA:137,9,0,0
BRDA:137,9,1,22
BRDA:140,10,0,14
BRDA:140,10,1,10
BRDA:143,11,0,8
BRDA:143,11,1,14
BRDA:143,12,0,22
BRDA:143,12,1,22
BRDA:171,13,0,6
BRDA:171,13,1,0
BRF:28
BRH:24
end_of_record
TN:
SF:src\pages\ContractInstallments\components\InstallmentsCard\InstallmentsCard.tsx
FN:6,(anonymous_0)
FNF:1
FNH:1
FNDA:6,(anonymous_0)
DA:6,1
DA:10,6
LF:2
LH:2
BRF:0
BRH:0
end_of_record
TN:
SF:src\pages\ContractInstallments\components\InstallmentsCard\index.tsx
FNF:0
FNH:0
LF:0
LH:0
BRF:0
BRH:0
end_of_record
TN:
SF:src\pages\Contracts\index.tsx
FN:25,(anonymous_0)
FN:33,(anonymous_1)
FN:40,(anonymous_2)
FN:90,(anonymous_3)
FN:104,(anonymous_4)
FN:107,(anonymous_5)
FN:119,(anonymous_6)
FN:123,(anonymous_7)
FN:125,(anonymous_8)
FN:127,(anonymous_9)
FN:137,(anonymous_10)
FN:140,(anonymous_11)
FN:144,(anonymous_12)
FN:153,(anonymous_13)
FN:158,(anonymous_14)
FN:207,(anonymous_15)
FNF:16
FNH:15
FNDA:28,(anonymous_0)
FNDA:2,(anonymous_1)
FNDA:27,(anonymous_2)
FNDA:8,(anonymous_3)
FNDA:8,(anonymous_4)
FNDA:1,(anonymous_5)
FNDA:1,(anonymous_6)
FNDA:9,(anonymous_7)
FNDA:9,(anonymous_8)
FNDA:10,(anonymous_9)
FNDA:9,(anonymous_10)
FNDA:6,(anonymous_11)
FNDA:0,(anonymous_12)
FNDA:9,(anonymous_13)
FNDA:9,(anonymous_14)
FNDA:12,(anonymous_15)
DA:25,1
DA:26,28
DA:27,28
DA:28,27
DA:29,27
DA:30,27
DA:32,27
DA:34,2
DA:39,27
DA:40,27
DA:91,8
DA:105,8
DA:107,1
DA:119,27
DA:120,1
DA:123,27
DA:124,9
DA:126,9
DA:127,10
DA:137,9
DA:140,27
DA:141,6
DA:144,27
DA:146,0
DA:149,0
DA:150,0
DA:153,27
DA:154,9
DA:158,9
DA:159,9
DA:163,27
DA:208,12
LF:32
LH:29
BRDA:125,0,0,4
BRDA:130,1,0,10
BRDA:130,1,1,10
BRDA:149,2,0,0
BRDA:149,2,1,0
BRDA:193,3,0,12
BRDA:193,3,1,15
BRDA:193,4,0,27
BRDA:193,4,1,27
BRDA:215,5,0,15
BRDA:215,5,1,10
BRDA:217,6,0,15
BRDA:217,6,1,9
BRDA:217,6,2,2
BRF:14
BRH:12
end_of_record
TN:
SF:src\pages\Contracts\components\ContractCard\ContractCard.tsx
FN:8,(anonymous_0)
FN:42,(anonymous_1)
FNF:2
FNH:2
FNDA:12,(anonymous_0)
FNDA:1,(anonymous_1)
DA:8,1
DA:9,12
DA:42,1
LF:3
LH:3
BRF:0
BRH:0
end_of_record
TN:
SF:src\pages\FAQ\index.tsx
FN:13,(anonymous_0)
FN:17,(anonymous_1)
FN:17,(anonymous_2)
FN:35,(anonymous_3)
FNF:4
FNH:0
FNDA:0,(anonymous_0)
FNDA:0,(anonymous_1)
FNDA:0,(anonymous_2)
FNDA:0,(anonymous_3)
DA:13,0
DA:14,0
DA:17,0
DA:18,0
DA:21,0
DA:36,0
LF:6
LH:0
BRDA:18,0,0,0
BRDA:18,0,1,0
BRDA:43,1,0,0
BRDA:43,1,1,0
BRF:4
BRH:0
end_of_record
TN:
SF:src\pages\ForgotPassword\index.tsx
FN:30,(anonymous_0)
FN:38,(anonymous_1)
FN:55,(anonymous_2)
FN:59,(anonymous_3)
FN:64,(anonymous_4)
FN:73,(anonymous_5)
FNF:6
FNH:0
FNDA:0,(anonymous_0)
FNDA:0,(anonymous_1)
FNDA:0,(anonymous_2)
FNDA:0,(anonymous_3)
FNDA:0,(anonymous_4)
FNDA:0,(anonymous_5)
DA:30,0
DA:31,0
DA:32,0
DA:33,0
DA:34,0
DA:35,0
DA:36,0
DA:38,0
DA:39,0
DA:40,0
DA:42,0
DA:44,0
DA:46,0
DA:48,0
DA:49,0
DA:51,0
DA:55,0
DA:56,0
DA:59,0
DA:60,0
DA:61,0
DA:64,0
DA:65,0
DA:68,0
DA:73,0
LF:25
LH:0
BRDA:38,0,0,0
BRDA:44,1,0,0
BRDA:44,1,1,0
BRDA:48,2,0,0
BRDA:48,2,1,0
BRDA:56,3,0,0
BRDA:56,3,1,0
BRDA:101,4,0,0
BRDA:101,4,1,0
BRDA:130,5,0,0
BRDA:130,5,1,0
BRF:11
BRH:0
end_of_record
TN:
SF:src\pages\LoggedArea\index.tsx
FN:20,(anonymous_0)
FN:25,(anonymous_1)
FN:30,(anonymous_2)
FN:32,(anonymous_3)
FNF:4
FNH:0
FNDA:0,(anonymous_0)
FNDA:0,(anonymous_1)
FNDA:0,(anonymous_2)
FNDA:0,(anonymous_3)
DA:19,0
DA:21,0
DA:22,0
DA:23,0
DA:25,0
DA:26,0
DA:30,0
DA:31,0
DA:32,0
DA:33,0
DA:38,0
LF:11
LH:0
BRDA:31,0,0,0
BRDA:31,0,1,0
BRDA:31,1,0,0
BRDA:31,1,1,0
BRF:4
BRH:0
end_of_record
TN:
SF:src\pages\LoggedArea\components\CardMarginAvailable\CardMarginAvailable.tsx
FN:12,(anonymous_0)
FN:15,(anonymous_1)
FNF:2
FNH:0
FNDA:0,(anonymous_0)
FNDA:0,(anonymous_1)
DA:12,0
DA:13,0
DA:15,0
DA:16,0
DA:17,0
DA:19,0
DA:22,0
LF:7
LH:0
BRDA:16,0,0,0
BRDA:16,0,1,0
BRDA:27,1,0,0
BRDA:27,1,1,0
BRF:4
BRH:0
end_of_record
TN:
SF:src\pages\LoggedArea\components\CardMarginAvailable\index.tsx
FNF:0
FNH:0
LF:0
LH:0
BRF:0
BRH:0
end_of_record
TN:
SF:src\pages\LoggedArea\components\CardSimulateLoan\CardSimulateLoan.tsx
FN:14,(anonymous_0)
FN:23,(anonymous_1)
FN:29,(anonymous_2)
FN:45,(anonymous_3)
FN:50,(anonymous_4)
FN:55,(anonymous_5)
FN:59,(anonymous_6)
FNF:7
FNH:0
FNDA:0,(anonymous_0)
FNDA:0,(anonymous_1)
FNDA:0,(anonymous_2)
FNDA:0,(anonymous_3)
FNDA:0,(anonymous_4)
FNDA:0,(anonymous_5)
FNDA:0,(anonymous_6)
DA:12,0
DA:14,0
DA:15,0
DA:16,0
DA:18,0
DA:22,0
DA:24,0
DA:29,0
DA:30,0
DA:38,0
DA:39,0
DA:40,0
DA:44,0
DA:45,0
DA:49,0
DA:50,0
DA:54,0
DA:55,0
DA:59,0
DA:60,0
DA:63,0
LF:21
LH:0
BRDA:19,0,0,0
BRDA:19,0,1,0
BRDA:50,1,0,0
BRDA:50,1,1,0
BRDA:55,2,0,0
BRDA:55,2,1,0
BRDA:60,3,0,0
BRDA:60,3,1,0
BRDA:90,4,0,0
BRDA:90,4,1,0
BRDA:93,5,0,0
BRDA:93,5,1,0
BRF:12
BRH:0
end_of_record
TN:
SF:src\pages\LoggedArea\components\CardSimulateLoan\index.tsx
FNF:0
FNH:0
LF:0
LH:0
BRF:0
BRH:0
end_of_record
TN:
SF:src\pages\LoggedArea\components\CreditUnderAnalysis\CreditUnderAnalysis.tsx
FN:11,(anonymous_0)
FN:16,(anonymous_1)
FN:49,(anonymous_2)
FN:61,(anonymous_3)
FN:62,(anonymous_4)
FN:71,(anonymous_5)
FNF:6
FNH:0
FNDA:0,(anonymous_0)
FNDA:0,(anonymous_1)
FNDA:0,(anonymous_2)
FNDA:0,(anonymous_3)
FNDA:0,(anonymous_4)
FNDA:0,(anonymous_5)
DA:11,0
DA:12,0
DA:13,0
DA:15,0
DA:16,0
DA:49,0
DA:50,0
DA:51,0
DA:55,0
DA:57,0
DA:61,0
DA:62,0
DA:63,0
DA:67,0
DA:71,0
LF:15
LH:0
BRDA:51,0,0,0
BRDA:51,0,1,0
BRDA:67,1,0,0
BRDA:67,1,1,0
BRDA:67,2,0,0
BRDA:67,2,1,0
BRDA:67,2,2,0
BRDA:67,2,3,0
BRDA:73,3,0,0
BRDA:73,3,1,0
BRF:10
BRH:0
end_of_record
TN:
SF:src\pages\LoggedArea\components\ModalSimulateLoan\ModalSimulateLoan.tsx
FN:7,(anonymous_0)
FNF:1
FNH:1
FNDA:17,(anonymous_0)
DA:7,1
DA:8,17
DA:9,17
DA:11,17
LF:4
LH:4
BRF:0
BRH:0
end_of_record
TN:
SF:src\pages\LoggedArea\components\ModalSimulateLoan\index.tsx
FNF:0
FNH:0
LF:0
LH:0
BRF:0
BRH:0
end_of_record
TN:
SF:src\pages\LoggedArea\components\ModalSimulateLoan\context\index.tsx
FN:13,(anonymous_0)
FN:18,(anonymous_1)
FN:19,(anonymous_2)
FN:29,(anonymous_3)
FNF:4
FNH:4
FNDA:19,(anonymous_0)
FNDA:1,(anonymous_1)
FNDA:1,(anonymous_2)
FNDA:82,(anonymous_3)
DA:11,1
DA:13,1
DA:14,19
DA:16,17
DA:18,17
DA:19,1
DA:22,17
DA:29,82
LF:8
LH:8
BRF:0
BRH:0
end_of_record
TN:
SF:src\pages\Login\index.tsx
FN:19,(anonymous_0)
FNF:1
FNH:1
FNDA:1,(anonymous_0)
DA:17,1
DA:20,1
LF:2
LH:2
BRF:0
BRH:0
end_of_record
TN:
SF:src\pages\Login\components\Form\Form.tsx
FN:17,(anonymous_0)
FN:37,(anonymous_1)
FN:37,(anonymous_2)
FN:42,(anonymous_3)
FN:47,(anonymous_4)
FN:51,(anonymous_5)
FN:60,(anonymous_6)
FN:71,(anonymous_7)
FN:73,(anonymous_8)
FN:78,(anonymous_9)
FNF:10
FNH:8
FNDA:1,(anonymous_0)
FNDA:0,(anonymous_1)
FNDA:0,(anonymous_2)
FNDA:1,(anonymous_3)
FNDA:1,(anonymous_4)
FNDA:1,(anonymous_5)
FNDA:1,(anonymous_6)
FNDA:1,(anonymous_7)
FNDA:1,(anonymous_8)
FNDA:1,(anonymous_9)
DA:17,1
DA:18,1
DA:19,1
DA:27,1
DA:28,1
DA:29,1
DA:31,1
DA:36,1
DA:37,0
DA:41,1
DA:42,1
DA:46,1
DA:47,1
DA:51,1
DA:52,1
DA:54,0
DA:56,0
DA:59,1
DA:61,1
DA:63,1
DA:65,0
DA:66,0
DA:71,1
DA:72,1
DA:73,1
DA:74,1
DA:78,1
DA:79,1
DA:82,1
LF:29
LH:24
BRDA:42,0,0,0
BRDA:42,0,1,1
BRDA:47,1,0,0
BRDA:47,1,1,1
BRDA:52,2,0,1
BRDA:52,2,1,0
BRDA:63,3,0,1
BRDA:63,3,1,0
BRDA:72,4,0,0
BRDA:72,4,1,1
BRDA:72,5,0,1
BRDA:72,5,1,0
BRDA:79,6,0,0
BRDA:79,6,1,1
BRF:14
BRH:7
end_of_record
TN:
SF:src\pages\Login\components\Form\index.tsx
FNF:0
FNH:0
LF:0
LH:0
BRF:0
BRH:0
end_of_record
TN:
SF:src\pages\Login\components\ModalLogin\ModalLogin.tsx
FN:10,(anonymous_0)
FNF:1
FNH:1
FNDA:1,(anonymous_0)
DA:10,1
DA:11,1
DA:12,1
DA:14,1
LF:4
LH:4
BRF:0
BRH:0
end_of_record
TN:
SF:src\pages\Login\components\ModalLogin\index.tsx
FNF:0
FNH:0
LF:0
LH:0
BRF:0
BRH:0
end_of_record
TN:
SF:src\pages\Login\components\ModalLogin\context\index.tsx
FN:13,(anonymous_0)
FN:18,(anonymous_1)
FN:19,(anonymous_2)
FN:29,(anonymous_3)
FNF:4
FNH:2
FNDA:1,(anonymous_0)
FNDA:0,(anonymous_1)
FNDA:0,(anonymous_2)
FNDA:2,(anonymous_3)
DA:11,1
DA:13,1
DA:14,1
DA:16,1
DA:18,1
DA:19,0
DA:22,1
DA:29,2
LF:8
LH:7
BRF:0
BRH:0
end_of_record
TN:
SF:src\pages\Privacy\index.tsx
FN:18,(anonymous_0)
FNF:1
FNH:0
FNDA:0,(anonymous_0)
DA:18,0
DA:19,0
LF:2
LH:0
BRF:0
BRH:0
end_of_record
TN:
SF:src\pages\Privacy\Components\Table1\Table1.tsx
FN:4,(anonymous_0)
FNF:1
FNH:0
FNDA:0,(anonymous_0)
DA:4,0
DA:5,0
LF:2
LH:0
BRF:0
BRH:0
end_of_record
TN:
SF:src\pages\Privacy\Components\Table1\index.tsx
FNF:0
FNH:0
LF:0
LH:0
BRF:0
BRH:0
end_of_record
TN:
SF:src\pages\Privacy\Components\Table2\Table2.tsx
FN:5,(anonymous_0)
FNF:1
FNH:0
FNDA:0,(anonymous_0)
DA:5,0
DA:6,0
LF:2
LH:0
BRF:0
BRH:0
end_of_record
TN:
SF:src\pages\Privacy\Components\Table2\index.tsx
FNF:0
FNH:0
LF:0
LH:0
BRF:0
BRH:0
end_of_record
TN:
SF:src\pages\Privacy\Components\TopicI\TopicI.tsx
FN:5,(anonymous_0)
FNF:1
FNH:0
FNDA:0,(anonymous_0)
DA:5,0
DA:6,0
LF:2
LH:0
BRF:0
BRH:0
end_of_record
TN:
SF:src\pages\Privacy\Components\TopicI\index.tsx
FNF:0
FNH:0
LF:0
LH:0
BRF:0
BRH:0
end_of_record
TN:
SF:src\pages\Privacy\Components\TopicII\TopicII.tsx
FN:5,(anonymous_0)
FNF:1
FNH:0
FNDA:0,(anonymous_0)
DA:5,0
DA:6,0
LF:2
LH:0
BRF:0
BRH:0
end_of_record
TN:
SF:src\pages\Privacy\Components\TopicII\index.tsx
FNF:0
FNH:0
LF:0
LH:0
BRF:0
BRH:0
end_of_record
TN:
SF:src\pages\Privacy\Components\TopicIII\TopicIII.tsx
FN:7,(anonymous_0)
FNF:1
FNH:0
FNDA:0,(anonymous_0)
DA:7,0
DA:8,0
LF:2
LH:0
BRF:0
BRH:0
end_of_record
TN:
SF:src\pages\Privacy\Components\TopicIII\index.tsx
FNF:0
FNH:0
LF:0
LH:0
BRF:0
BRH:0
end_of_record
TN:
SF:src\pages\Privacy\Components\TopicIV\TopicIV.tsx
FN:5,(anonymous_0)
FNF:1
FNH:0
FNDA:0,(anonymous_0)
DA:5,0
DA:6,0
LF:2
LH:0
BRF:0
BRH:0
end_of_record
TN:
SF:src\pages\Privacy\Components\TopicIV\index.tsx
FNF:0
FNH:0
LF:0
LH:0
BRF:0
BRH:0
end_of_record
TN:
SF:src\pages\Privacy\Components\TopicIX\TopicIX.tsx
FN:5,(anonymous_0)
FNF:1
FNH:0
FNDA:0,(anonymous_0)
DA:5,0
DA:6,0
LF:2
LH:0
BRF:0
BRH:0
end_of_record
TN:
SF:src\pages\Privacy\Components\TopicIX\index.tsx
FNF:0
FNH:0
LF:0
LH:0
BRF:0
BRH:0
end_of_record
TN:
SF:src\pages\Privacy\Components\TopicV\TopicV.tsx
FN:5,(anonymous_0)
FNF:1
FNH:0
FNDA:0,(anonymous_0)
DA:5,0
DA:6,0
LF:2
LH:0
BRF:0
BRH:0
end_of_record
TN:
SF:src\pages\Privacy\Components\TopicV\index.tsx
FNF:0
FNH:0
LF:0
LH:0
BRF:0
BRH:0
end_of_record
TN:
SF:src\pages\Privacy\Components\TopicVI\TopicVI.tsx
FN:5,(anonymous_0)
FNF:1
FNH:0
FNDA:0,(anonymous_0)
DA:5,0
DA:6,0
LF:2
LH:0
BRF:0
BRH:0
end_of_record
TN:
SF:src\pages\Privacy\Components\TopicVI\index.tsx
FNF:0
FNH:0
LF:0
LH:0
BRF:0
BRH:0
end_of_record
TN:
SF:src\pages\Privacy\Components\TopicVII\TopicVII.tsx
FN:5,(anonymous_0)
FNF:1
FNH:0
FNDA:0,(anonymous_0)
DA:5,0
DA:6,0
LF:2
LH:0
BRF:0
BRH:0
end_of_record
TN:
SF:src\pages\Privacy\Components\TopicVII\index.tsx
FNF:0
FNH:0
LF:0
LH:0
BRF:0
BRH:0
end_of_record
TN:
SF:src\pages\Privacy\Components\TopicVIII\TopicVIII.tsx
FN:5,(anonymous_0)
FNF:1
FNH:0
FNDA:0,(anonymous_0)
DA:5,0
DA:6,0
LF:2
LH:0
BRF:0
BRH:0
end_of_record
TN:
SF:src\pages\Privacy\Components\TopicVIII\index.tsx
FNF:0
FNH:0
LF:0
LH:0
BRF:0
BRH:0
end_of_record
TN:
SF:src\pages\Registration\index.tsx
FN:33,(anonymous_0)
FN:46,(anonymous_1)
FN:47,(anonymous_2)
FN:50,(anonymous_3)
FN:51,(anonymous_4)
FN:54,(anonymous_5)
FN:55,(anonymous_6)
FN:59,(anonymous_7)
FN:64,(anonymous_8)
FN:80,(anonymous_9)
FN:102,(anonymous_10)
FN:107,(anonymous_11)
FN:112,(anonymous_12)
FN:116,(anonymous_13)
FNF:14
FNH:11
FNDA:74,(anonymous_0)
FNDA:0,(anonymous_1)
FNDA:0,(anonymous_2)
FNDA:26,(anonymous_3)
FNDA:26,(anonymous_4)
FNDA:26,(anonymous_5)
FNDA:26,(anonymous_6)
FNDA:4,(anonymous_7)
FNDA:4,(anonymous_8)
FNDA:3,(anonymous_9)
FNDA:1,(anonymous_10)
FNDA:2,(anonymous_11)
FNDA:0,(anonymous_12)
FNDA:1,(anonymous_13)
DA:31,1
DA:33,1
DA:34,74
DA:35,73
DA:36,73
DA:37,73
DA:38,73
DA:39,73
DA:40,73
DA:42,73
DA:43,73
DA:44,73
DA:46,73
DA:47,0
DA:50,73
DA:51,26
DA:54,73
DA:55,26
DA:56,26
DA:59,73
DA:60,4
DA:61,4
DA:64,73
DA:65,4
DA:66,4
DA:71,3
DA:73,1
DA:75,1
DA:76,1
DA:80,73
DA:81,3
DA:82,3
DA:84,3
DA:92,2
DA:94,1
DA:95,1
DA:96,1
DA:98,3
DA:102,73
DA:103,1
DA:104,1
DA:107,73
DA:108,2
DA:109,2
DA:112,73
DA:113,0
DA:116,73
DA:117,1
DA:118,1
DA:121,73
LF:50
LH:48
BRDA:47,0,0,0
BRDA:47,0,1,0
BRDA:51,1,0,26
BRDA:51,1,1,0
BRDA:67,2,0,4
BRDA:67,2,1,0
BRDA:103,3,0,0
BRDA:103,3,1,1
BRDA:108,4,0,0
BRDA:108,4,1,2
BRF:10
BRH:4
end_of_record
TN:
SF:src\pages\Registration\components\BankDataConfirmation\BankDataConfirmation.tsx
FN:17,(anonymous_0)
FN:27,(anonymous_1)
FN:36,(anonymous_2)
FN:63,(anonymous_3)
FNF:4
FNH:4
FNDA:84,(anonymous_0)
FNDA:4,(anonymous_1)
FNDA:2,(anonymous_2)
FNDA:5,(anonymous_3)
DA:17,2
DA:24,84
DA:25,84
DA:27,84
DA:28,4
DA:29,1
DA:30,1
DA:33,3
DA:36,84
DA:37,2
DA:38,0
DA:39,0
DA:42,2
DA:45,84
DA:63,5
LF:15
LH:13
BRDA:28,0,0,1
BRDA:28,0,1,3
BRDA:37,1,0,0
BRDA:37,1,1,2
BRDA:93,2,0,13
BRDA:93,2,1,71
BRF:6
BRH:5
end_of_record
TN:
SF:src\pages\Registration\components\BankDataForm\BankDataForm.tsx
FN:21,(anonymous_0)
FN:48,(anonymous_1)
FN:54,(anonymous_2)
FN:67,(anonymous_3)
FN:68,(anonymous_4)
FN:70,(anonymous_5)
FN:78,(anonymous_6)
FN:83,(anonymous_7)
FNF:8
FNH:8
FNDA:127,(anonymous_0)
FNDA:3,(anonymous_1)
FNDA:4,(anonymous_2)
FNDA:10,(anonymous_3)
FNDA:10,(anonymous_4)
FNDA:10,(anonymous_5)
FNDA:13,(anonymous_6)
FNDA:26,(anonymous_7)
DA:21,2
DA:27,127
DA:28,127
DA:29,127
DA:30,127
DA:31,127
DA:48,127
DA:49,3
DA:51,3
DA:54,127
DA:55,4
DA:57,4
DA:67,127
DA:68,10
DA:69,10
DA:70,10
DA:78,127
DA:79,13
DA:83,127
DA:84,26
DA:90,127
LF:21
LH:21
BRDA:59,0,0,3
BRDA:59,0,1,1
BRDA:68,1,0,0
BRDA:138,2,0,0
BRDA:138,2,1,127
BRDA:150,3,0,127
BRDA:150,3,1,25
BRDA:150,3,2,25
BRDA:178,4,0,127
BRDA:178,4,1,25
BRDA:178,4,2,25
BRDA:308,5,0,37
BRDA:308,5,1,90
BRF:13
BRH:11
end_of_record
TN:
SF:src\pages\Registration\components\BirthDateForm\BirthDateForm.tsx
FN:12,(anonymous_0)
FNF:1
FNH:1
FNDA:79,(anonymous_0)
DA:12,2
DA:13,79
LF:2
LH:2
BRF:0
BRH:0
end_of_record
TN:
SF:src\pages\Registration\components\CNPJForm\CNPJForm.tsx
FN:12,(anonymous_0)
FNF:1
FNH:1
FNDA:79,(anonymous_0)
DA:12,2
DA:13,79
LF:2
LH:2
BRF:0
BRH:0
end_of_record
TN:
SF:src\pages\Registration\components\CPFForm\CPFForm.tsx
FN:12,(anonymous_0)
FNF:1
FNH:1
FNDA:79,(anonymous_0)
DA:12,2
DA:13,79
LF:2
LH:2
BRF:0
BRH:0
end_of_record
TN:
SF:src\pages\Registration\components\CompleteNameForm\CompleteNameForm.tsx
FN:12,(anonymous_0)
FNF:1
FNH:1
FNDA:77,(anonymous_0)
DA:12,2
DA:13,77
LF:2
LH:2
BRF:0
BRH:0
end_of_record
TN:
SF:src\pages\Registration\components\ContinueButton\ContinueButton.tsx
FN:8,(anonymous_0)
FN:13,(anonymous_1)
FNF:2
FNH:2
FNDA:1088,(anonymous_0)
FNDA:179,(anonymous_1)
DA:8,8
DA:12,1088
DA:13,1088
DA:15,1088
LF:4
LH:4
BRDA:13,0,0,179
BRDA:13,0,1,106
BRF:2
BRH:2
end_of_record
TN:
SF:src\pages\Registration\components\EmailForm\EmailForm.tsx
FN:12,(anonymous_0)
FNF:1
FNH:1
FNDA:80,(anonymous_0)
DA:12,2
DA:13,80
LF:2
LH:2
BRF:0
BRH:0
end_of_record
TN:
SF:src\pages\Registration\components\PasswordForm\PasswordForm.tsx
FN:12,(anonymous_0)
FNF:1
FNH:1
FNDA:80,(anonymous_0)
DA:12,2
DA:13,80
LF:2
LH:2
BRF:0
BRH:0
end_of_record
TN:
SF:src\pages\Registration\components\PhoneNumberForm\PhoneNumberForm.tsx
FN:12,(anonymous_0)
FNF:1
FNH:1
FNDA:78,(anonymous_0)
DA:12,2
DA:13,78
LF:2
LH:2
BRF:0
BRH:0
end_of_record
TN:
SF:src\pages\Registration\components\StepSmallTitle\StepSmallTitle.tsx
FN:5,(anonymous_0)
FNF:1
FNH:1
FNDA:473,(anonymous_0)
DA:5,7
DA:6,473
LF:2
LH:2
BRF:0
BRH:0
end_of_record
TN:
SF:src\pages\Registration\components\StepTile\StepTitle.tsx
FN:5,(anonymous_0)
FNF:1
FNH:1
FNDA:79,(anonymous_0)
DA:5,2
DA:6,79
LF:2
LH:2
BRF:0
BRH:0
end_of_record
TN:
SF:src\pages\Registration\components\StepTile\index.tsx
FNF:0
FNH:0
LF:0
LH:0
BRF:0
BRH:0
end_of_record
TN:
SF:src\pages\ResetPassword\index.tsx
FN:31,(anonymous_0)
FN:43,(anonymous_1)
FN:63,(anonymous_2)
FNF:3
FNH:2
FNDA:16,(anonymous_0)
FNDA:3,(anonymous_1)
FNDA:0,(anonymous_2)
DA:31,1
DA:32,16
DA:34,16
DA:35,16
DA:37,16
DA:38,16
DA:39,16
DA:40,16
DA:41,16
DA:43,16
DA:44,3
DA:45,1
DA:46,1
DA:49,2
DA:50,2
DA:52,2
DA:53,1
DA:55,1
DA:56,1
DA:57,1
DA:59,2
DA:63,16
DA:64,0
DA:65,0
DA:68,16
LF:25
LH:23
BRDA:44,0,0,1
BRDA:44,0,1,2
BRDA:56,1,0,1
BRDA:56,1,1,1
BRDA:113,2,0,5
BRDA:113,2,1,11
BRF:6
BRH:6
end_of_record
TN:
SF:src\pages\SimulateLoan\index.tsx
FN:38,(anonymous_0)
FN:53,(anonymous_1)
FN:59,(anonymous_2)
FN:64,(anonymous_3)
FN:75,(anonymous_4)
FN:80,(anonymous_5)
FN:89,(anonymous_6)
FN:126,(anonymous_7)
FN:130,(anonymous_8)
FN:133,(anonymous_9)
FN:136,(anonymous_10)
FN:139,(anonymous_11)
FN:143,(anonymous_12)
FN:168,(anonymous_13)
FN:177,(anonymous_14)
FN:202,(anonymous_15)
FN:203,(anonymous_16)
FN:207,(anonymous_17)
FN:214,(anonymous_18)
FN:220,(anonymous_19)
FN:228,(anonymous_20)
FN:230,(anonymous_21)
FN:243,(anonymous_22)
FN:286,(anonymous_23)
FNF:24
FNH:21
FNDA:66,(anonymous_0)
FNDA:65,(anonymous_1)
FNDA:11,(anonymous_2)
FNDA:11,(anonymous_3)
FNDA:14,(anonymous_4)
FNDA:14,(anonymous_5)
FNDA:11,(anonymous_6)
FNDA:2,(anonymous_7)
FNDA:3,(anonymous_8)
FNDA:0,(anonymous_9)
FNDA:0,(anonymous_10)
FNDA:3,(anonymous_11)
FNDA:6,(anonymous_12)
FNDA:6,(anonymous_13)
FNDA:4,(anonymous_14)
FNDA:3,(anonymous_15)
FNDA:3,(anonymous_16)
FNDA:19,(anonymous_17)
FNDA:28,(anonymous_18)
FNDA:37,(anonymous_19)
FNDA:37,(anonymous_20)
FNDA:24,(anonymous_21)
FNDA:0,(anonymous_22)
FNDA:3,(anonymous_23)
DA:37,1
DA:39,66
DA:40,66
DA:41,65
DA:42,65
DA:43,65
DA:44,65
DA:45,65
DA:46,65
DA:47,65
DA:48,65
DA:49,65
DA:50,65
DA:51,65
DA:53,65
DA:54,65
DA:55,2
DA:59,65
DA:60,11
DA:61,0
DA:64,11
DA:72,11
DA:75,65
DA:76,14
DA:77,1
DA:78,1
DA:80,14
DA:81,14
DA:86,65
DA:88,65
DA:89,11
DA:126,65
DA:127,2
DA:130,65
DA:131,3
DA:132,0
DA:133,0
DA:135,0
DA:136,0
DA:138,3
DA:139,3
DA:143,65
DA:144,6
DA:145,6
DA:147,6
DA:153,4
DA:155,2
DA:156,2
DA:160,2
DA:161,2
DA:164,6
DA:168,65
DA:171,6
DA:173,6
DA:174,6
DA:177,65
DA:178,4
DA:180,4
DA:181,4
DA:183,4
DA:189,2
DA:191,2
DA:192,2
DA:194,2
DA:195,2
DA:198,4
DA:202,65
DA:203,3
DA:204,3
DA:207,65
DA:208,19
DA:209,4
DA:211,15
DA:214,65
DA:215,28
DA:217,21
DA:220,65
DA:221,37
DA:222,4
DA:225,33
DA:228,65
DA:229,37
DA:230,33
DA:231,24
DA:240,4
DA:243,65
DA:244,0
DA:245,0
DA:248,0
DA:251,65
DA:286,3
LF:91
LH:83
BRDA:54,0,0,2
BRDA:54,0,1,63
BRDA:60,1,0,0
BRDA:60,1,1,11
BRDA:76,2,0,1
BRDA:76,2,1,13
BRDA:76,3,0,14
BRDA:76,3,1,1
BRDA:131,4,0,0
BRDA:131,4,1,3
BRDA:160,5,0,2
BRDA:160,5,1,0
BRDA:160,6,0,2
BRDA:160,6,1,2
BRDA:171,7,0,0
BRDA:171,7,1,6
BRDA:178,8,0,0
BRDA:178,8,1,4
BRDA:192,9,0,2
BRDA:192,9,1,0
BRDA:194,10,0,2
BRDA:194,10,1,0
BRDA:194,11,0,2
BRDA:194,11,1,2
BRDA:208,12,0,4
BRDA:208,12,1,15
BRDA:215,13,0,7
BRDA:215,13,1,21
BRDA:221,14,0,4
BRDA:221,14,1,33
BRDA:229,15,0,33
BRDA:229,15,1,4
BRDA:244,16,0,0
BRDA:244,16,1,0
BRDA:244,17,0,0
BRDA:244,17,1,0
BRDA:260,18,0,28
BRDA:260,18,1,37
BRDA:260,19,0,65
BRDA:260,19,1,65
BRDA:285,20,0,28
BRDA:285,20,1,20
BRDA:338,21,0,65
BRDA:338,21,1,53
BRF:44
BRH:33
end_of_record
TN:
SF:src\pages\SimulateLoan\components\CardSimulateLoan\CardSimulateLoan.tsx
FN:11,(anonymous_0)
FN:22,(anonymous_1)
FN:30,(anonymous_2)
FNF:3
FNH:3
FNDA:65,(anonymous_0)
FNDA:1,(anonymous_1)
FNDA:1,(anonymous_2)
DA:11,1
DA:17,65
DA:19,65
DA:21,65
DA:23,1
DA:24,1
DA:30,65
DA:31,1
DA:39,1
DA:40,1
DA:45,65
LF:11
LH:11
BRF:0
BRH:0
end_of_record
TN:
SF:src\pages\SimulateLoan\components\CardSimulateLoan\index.tsx
FNF:0
FNH:0
LF:0
LH:0
BRF:0
BRH:0
end_of_record
TN:
SF:src\pages\SimulateLoan\components\InstallmentCard\InstallmentCard.tsx
FN:7,(anonymous_0)
FN:30,(anonymous_1)
FNF:2
FNH:2
FNDA:24,(anonymous_0)
FNDA:3,(anonymous_1)
DA:7,1
DA:12,24
DA:30,3
LF:3
LH:3
BRDA:35,0,0,7
BRDA:35,0,1,17
BRF:2
BRH:2
end_of_record
TN:
SF:src\pages\SimulateLoan\components\LoanDetails\LoanDetails.tsx
FN:5,(anonymous_0)
FNF:1
FNH:1
FNDA:102,(anonymous_0)
DA:5,1
DA:6,102
LF:2
LH:2
BRF:0
BRH:0
end_of_record
TN:
SF:src\pages\SimulateLoan\components\LoanDetails\index.tsx
FNF:0
FNH:0
LF:0
LH:0
BRF:0
BRH:0
end_of_record
TN:
SF:src\utils\document.ts
FN:3,(anonymous_0)
FNF:1
FNH:1
FNDA:71,(anonymous_0)
DA:4,71
LF:1
LH:1
BRF:0
BRH:0
end_of_record
TN:
SF:src\utils\formatDate.ts
FN:1,formatDate
FNF:1
FNH:1
FNDA:27,formatDate
DA:2,27
DA:4,16
LF:2
LH:2
BRDA:2,0,0,11
BRDA:2,0,1,16
BRF:2
BRH:2
end_of_record
TN:
SF:src\utils\formatValue.ts
FN:1,formatValue
FNF:1
FNH:1
FNDA:148,formatValue
DA:2,148
DA:7,148
LF:2
LH:2
BRDA:1,0,0,15
BRF:1
BRH:1
end_of_record
TN:
SF:src\utils\generateRandom.ts
FN:1,generateRandom
FNF:1
FNH:1
FNDA:2,generateRandom
DA:2,2
DA:4,2
DA:6,2
LF:3
LH:3
BRF:0
BRH:0
end_of_record
TN:
SF:src\utils\getVersion.ts
FNF:0
FNH:0
LF:0
LH:0
BRF:0
BRH:0
end_of_record
TN:
SF:src\utils\routing.ts
FNF:0
FNH:0
DA:2,9
DA:4,9
DA:6,9
DA:8,9
DA:10,9
DA:12,9
DA:14,9
DA:16,9
DA:18,9
DA:20,9
DA:22,9
DA:24,9
DA:26,9
LF:13
LH:13
BRF:0
BRH:0
end_of_record
TN:
SF:src\utils\storage.ts
FN:21,(anonymous_0)
FN:22,(anonymous_1)
FNF:2
FNH:2
FNDA:1,(anonymous_0)
FNDA:5,(anonymous_1)
DA:1,13
DA:3,13
DA:5,13
DA:7,13
DA:9,13
DA:11,13
DA:13,13
DA:21,13
DA:22,1
DA:23,5
LF:10
LH:10
BRF:0
BRH:0
end_of_record
