TN:
SF:src\components\AcceptCookies\AcceptCookies.tsx
FN:13,(anonymous_0)
FN:14,(anonymous_1)
FN:20,(anonymous_2)
FNF:3
FNH:0
FNDA:0,(anonymous_0)
FNDA:0,(anonymous_1)
FNDA:0,(anonymous_2)
DA:13,0
DA:14,0
DA:15,0
DA:17,0
DA:20,0
DA:21,0
DA:22,0
DA:25,0
LF:8
LH:0
BRDA:25,0,0,0
BRDA:25,0,1,0
BRF:2
BRH:0
end_of_record
TN:
SF:src\components\Autocomplete\Autocomplete.tsx
FN:13,(anonymous_0)
FN:23,(anonymous_1)
FN:27,(anonymous_2)
FN:34,(anonymous_3)
FN:40,(anonymous_4)
FN:41,(anonymous_5)
FN:55,(anonymous_6)
FN:60,(anonymous_7)
FN:67,(anonymous_8)
FNF:9
FNH:4
FNDA:17,(anonymous_0)
FNDA:0,(anonymous_1)
FNDA:0,(anonymous_2)
FNDA:0,(anonymous_3)
FNDA:3,(anonymous_4)
FNDA:0,(anonymous_5)
FNDA:34,(anonymous_6)
FNDA:17,(anonymous_7)
FNDA:0,(anonymous_8)
DA:12,1
DA:14,17
DA:19,17
DA:21,17
DA:23,0
DA:27,17
DA:28,0
DA:33,17
DA:35,0
DA:40,17
DA:41,3
DA:43,3
DA:44,3
DA:47,17
DA:55,34
DA:61,17
DA:67,0
LF:17
LH:13
BRDA:43,0,0,0
BRDA:43,0,1,3
BRDA:49,1,0,17
BRDA:49,1,1,4
BRDA:58,2,0,17
BRDA:58,2,1,17
BRDA:65,3,0,17
BRDA:65,3,1,4
BRDA:66,4,0,8
BRDA:66,4,1,9
BRF:10
BRH:9
end_of_record
TN:
SF:src\components\Autocomplete\index.tsx
FNF:0
FNH:0
LF:0
LH:0
BRF:0
BRH:0
end_of_record
TN:
SF:src\components\Buttons\Button\Button.tsx
FN:7,(anonymous_0)
FNF:1
FNH:1
FNDA:303,(anonymous_0)
DA:6,11
DA:8,303
DA:10,303
DA:24,11
LF:4
LH:4
BRF:0
BRH:0
end_of_record
TN:
SF:src\components\Buttons\Button\index.tsx
FNF:0
FNH:0
LF:0
LH:0
BRF:0
BRH:0
end_of_record
TN:
SF:src\components\Buttons\SubmitButton\SubmitButton.tsx
FN:9,(anonymous_0)
FN:12,(anonymous_1)
FNF:2
FNH:2
FNDA:81,(anonymous_0)
FNDA:22,(anonymous_1)
DA:7,1
DA:10,81
DA:11,81
DA:12,22
DA:16,81
LF:5
LH:5
BRDA:12,0,0,22
BRDA:12,0,1,14
BRF:2
BRH:2
end_of_record
TN:
SF:src\components\Buttons\SubmitButton\index.tsx
FNF:0
FNH:0
LF:0
LH:0
BRF:0
BRH:0
end_of_record
TN:
SF:src\components\Card\Card.tsx
FN:5,(anonymous_0)
FNF:1
FNH:1
FNDA:1,(anonymous_0)
DA:5,1
DA:6,1
DA:8,1
LF:3
LH:3
BRF:0
BRH:0
end_of_record
TN:
SF:src\components\Card\index.tsx
FNF:0
FNH:0
LF:0
LH:0
BRF:0
BRH:0
end_of_record
TN:
SF:src\components\CardWithCloseIcon\CardWithCloseIcon.tsx
FN:7,(anonymous_0)
FNF:1
FNH:0
FNDA:0,(anonymous_0)
DA:7,0
DA:11,0
LF:2
LH:0
BRF:0
BRH:0
end_of_record
TN:
SF:src\components\CardWithCloseIcon\index.tsx
FNF:0
FNH:0
LF:0
LH:0
BRF:0
BRH:0
end_of_record
TN:
SF:src\components\DatePicker\DatePicker.tsx
FN:10,(anonymous_0)
FN:16,(anonymous_1)
FN:34,(anonymous_2)
FN:45,(anonymous_3)
FN:48,(anonymous_4)
FN:57,(anonymous_5)
FNF:6
FNH:5
FNDA:10,(anonymous_0)
FNDA:5,(anonymous_1)
FNDA:2,(anonymous_2)
FNDA:20,(anonymous_3)
FNDA:0,(anonymous_4)
FNDA:10,(anonymous_5)
DA:9,1
DA:11,10
DA:16,10
DA:17,5
DA:18,0
DA:24,5
DA:25,1
DA:31,4
DA:34,10
DA:35,2
DA:39,2
DA:42,10
DA:45,20
DA:48,0
DA:58,10
LF:15
LH:13
BRDA:10,0,0,0
BRDA:17,1,0,0
BRDA:17,1,1,5
BRDA:24,2,0,1
BRDA:24,2,1,4
BRDA:24,3,0,5
BRDA:24,3,1,2
BRDA:39,4,0,2
BRDA:39,4,1,0
BRDA:47,5,0,10
BRDA:47,5,1,10
BRF:11
BRH:8
end_of_record
TN:
SF:src\components\Error500\Error500.tsx
FN:5,(anonymous_0)
FNF:1
FNH:0
FNDA:0,(anonymous_0)
DA:5,0
DA:6,0
LF:2
LH:0
BRF:0
BRH:0
end_of_record
TN:
SF:src\components\Error500\index.tsx
FNF:0
FNH:0
LF:0
LH:0
BRF:0
BRH:0
end_of_record
TN:
SF:src\components\Formik\Formik.tsx
FN:12,Formik
FN:17,(anonymous_1)
FNF:2
FNH:2
FNDA:78,Formik
FNDA:55,(anonymous_1)
DA:13,78
DA:15,78
DA:17,78
DA:18,55
DA:19,52
DA:23,78
LF:6
LH:6
BRDA:18,0,0,52
BRDA:18,0,1,3
BRF:2
BRH:2
end_of_record
TN:
SF:src\components\Formik\index.tsx
FNF:0
FNH:0
LF:0
LH:0
BRF:0
BRH:0
end_of_record
TN:
SF:src\components\Inputs\Input\Input.tsx
FN:11,(anonymous_0)
FN:38,(anonymous_1)
FN:51,(anonymous_2)
FN:103,(anonymous_3)
FNF:4
FNH:4
FNDA:870,(anonymous_0)
FNDA:7,(anonymous_1)
FNDA:299,(anonymous_2)
FNDA:870,(anonymous_3)
DA:10,9
DA:27,870
DA:29,870
DA:37,870
DA:39,7
DA:40,7
DA:41,0
DA:44,7
DA:45,5
DA:51,870
DA:52,299
DA:53,0
DA:59,299
DA:60,74
DA:66,225
DA:69,870
DA:104,870
LF:17
LH:15
BRDA:18,0,0,751
BRDA:40,1,0,0
BRDA:40,1,1,7
BRDA:44,2,0,5
BRDA:44,2,1,2
BRDA:52,3,0,0
BRDA:52,3,1,299
BRDA:59,4,0,74
BRDA:59,4,1,225
BRDA:59,5,0,299
BRDA:59,5,1,88
BRDA:72,6,0,0
BRDA:72,6,1,870
BRF:13
BRH:10
end_of_record
TN:
SF:src\components\Inputs\Input\index.tsx
FNF:0
FNH:0
LF:0
LH:0
BRF:0
BRH:0
end_of_record
TN:
SF:src\components\Interceptors\Interceptors.tsx
FN:4,(anonymous_0)
FNF:1
FNH:0
FNDA:0,(anonymous_0)
DA:4,0
DA:5,0
DA:7,0
LF:3
LH:0
BRF:0
BRH:0
end_of_record
TN:
SF:src\components\Layout\Layout.tsx
FN:23,(anonymous_0)
FN:31,(anonymous_1)
FN:37,(anonymous_2)
FN:38,(anonymous_3)
FN:41,(anonymous_4)
FN:164,(anonymous_5)
FNF:6
FNH:1
FNDA:15,(anonymous_0)
FNDA:0,(anonymous_1)
FNDA:0,(anonymous_2)
FNDA:0,(anonymous_3)
FNDA:0,(anonymous_4)
FNDA:0,(anonymous_5)
DA:23,1
DA:24,15
DA:25,15
DA:26,15
DA:28,15
DA:29,15
DA:31,15
DA:32,0
DA:33,0
DA:34,0
DA:37,15
DA:38,0
DA:41,15
DA:42,0
DA:43,0
DA:46,15
DA:164,0
LF:17
LH:10
BRDA:54,0,0,15
BRDA:54,0,1,0
BRDA:86,1,0,15
BRDA:86,1,1,0
BRDA:172,2,0,15
BRDA:172,2,1,0
BRF:6
BRH:3
end_of_record
TN:
SF:src\components\Layout\LeftMenu\LeftMenu.tsx
FN:9,(anonymous_0)
FN:13,(anonymous_1)
FNF:2
FNH:1
FNDA:16,(anonymous_0)
FNDA:0,(anonymous_1)
DA:9,1
DA:10,16
DA:11,15
DA:13,15
DA:14,0
DA:15,0
DA:18,15
LF:7
LH:5
BRF:0
BRH:0
end_of_record
TN:
SF:src\components\Layout\LeftMenu\index.tsx
FNF:0
FNH:0
LF:0
LH:0
BRF:0
BRH:0
end_of_record
TN:
SF:src\components\Modal\Modal.tsx
FN:7,(anonymous_0)
FN:20,(anonymous_1)
FNF:2
FNH:1
FNDA:100,(anonymous_0)
FNDA:0,(anonymous_1)
DA:7,4
DA:14,100
DA:20,0
LF:3
LH:2
BRDA:10,0,0,100
BRDA:14,1,0,10
BRDA:14,1,1,90
BRDA:17,2,0,10
BRDA:17,2,1,10
BRDA:17,2,2,10
BRF:6
BRH:6
end_of_record
TN:
SF:src\components\ModalMessage\ModalMessage.tsx
FN:8,(anonymous_0)
FNF:1
FNH:1
FNDA:69,(anonymous_0)
DA:8,4
DA:16,69
LF:2
LH:2
BRDA:12,0,0,62
BRDA:13,1,0,68
BRDA:19,2,0,69
BRDA:19,2,1,0
BRDA:20,3,0,69
BRDA:20,3,1,43
BRF:6
BRH:5
end_of_record
TN:
SF:src\components\ModalMessage\index.tsx
FNF:0
FNH:0
LF:0
LH:0
BRF:0
BRH:0
end_of_record
TN:
SF:src\components\NoDataTable\NoDataTable.tsx
FN:5,(anonymous_0)
FNF:1
FNH:0
FNDA:0,(anonymous_0)
DA:5,0
DA:6,0
LF:2
LH:0
BRDA:6,0,0,0
BRDA:6,0,1,0
BRF:2
BRH:0
end_of_record
TN:
SF:src\components\NoDataTable\index.tsx
FNF:0
FNH:0
LF:0
LH:0
BRF:0
BRH:0
end_of_record
TN:
SF:src\components\PasswordRules\PasswordRules.tsx
FN:6,(anonymous_0)
FNF:1
FNH:1
FNDA:38,(anonymous_0)
DA:6,3
DA:7,38
LF:2
LH:2
BRF:0
BRH:0
end_of_record
TN:
SF:src\components\RouteAccess\RouteAccess.tsx
FN:11,(anonymous_0)
FN:16,(anonymous_1)
FN:20,(anonymous_2)
FN:25,(anonymous_3)
FNF:4
FNH:0
FNDA:0,(anonymous_0)
FNDA:0,(anonymous_1)
FNDA:0,(anonymous_2)
FNDA:0,(anonymous_3)
DA:11,0
DA:12,0
DA:13,0
DA:14,0
DA:16,0
DA:17,0
DA:18,0
DA:20,0
DA:21,0
DA:25,0
DA:26,0
DA:27,0
DA:28,0
DA:30,0
DA:33,0
DA:35,0
LF:16
LH:0
BRDA:17,0,0,0
BRDA:17,0,1,0
BRDA:26,1,0,0
BRDA:26,1,1,0
BRDA:26,2,0,0
BRDA:26,2,1,0
BRDA:27,3,0,0
BRDA:27,3,1,0
BRDA:27,4,0,0
BRDA:27,4,1,0
BRDA:33,5,0,0
BRDA:33,5,1,0
BRDA:38,6,0,0
BRDA:38,6,1,0
BRF:14
BRH:0
end_of_record
TN:
SF:src\components\RouteAccess\index.tsx
FNF:0
FNH:0
LF:0
LH:0
BRF:0
BRH:0
end_of_record
TN:
SF:src\components\Select\Select.tsx
FN:9,(anonymous_0)
FN:14,(anonymous_1)
FN:15,(anonymous_2)
FN:24,(anonymous_3)
FNF:4
FNH:3
FNDA:17,(anonymous_0)
FNDA:3,(anonymous_1)
FNDA:81,(anonymous_2)
FNDA:0,(anonymous_3)
DA:8,1
DA:10,17
DA:11,17
DA:13,17
DA:15,3
DA:16,81
DA:23,17
DA:25,0
DA:26,0
DA:28,0
DA:33,17
LF:11
LH:8
BRDA:28,0,0,0
BRDA:28,0,1,0
BRDA:35,1,0,17
BRDA:35,1,1,0
BRDA:53,2,0,17
BRDA:53,2,1,0
BRDA:54,3,0,8
BRDA:54,3,1,9
BRF:8
BRH:4
end_of_record
TN:
SF:src\components\Select\index.tsx
FNF:0
FNH:0
LF:0
LH:0
BRF:0
BRH:0
end_of_record
TN:
SF:src\components\SessionExpired\SessionExpired.tsx
FN:9,(anonymous_0)
FN:10,(anonymous_1)
FNF:2
FNH:0
FNDA:0,(anonymous_0)
FNDA:0,(anonymous_1)
DA:9,1
DA:10,0
DA:11,0
DA:12,0
DA:15,0
LF:5
LH:1
BRF:0
BRH:0
end_of_record
TN:
SF:src\components\SessionExpired\index.tsx
FNF:0
FNH:0
LF:0
LH:0
BRF:0
BRH:0
end_of_record
TN:
SF:src\components\SessionModal\SessionModal.tsx
FN:11,(anonymous_0)
FN:15,(anonymous_1)
FN:19,(anonymous_2)
FNF:3
FNH:0
FNDA:0,(anonymous_0)
FNDA:0,(anonymous_1)
FNDA:0,(anonymous_2)
DA:9,1
DA:11,1
DA:12,0
DA:13,0
DA:14,0
DA:15,0
DA:19,0
DA:20,0
DA:21,0
DA:23,0
DA:26,0
DA:29,0
LF:12
LH:2
BRDA:20,0,0,0
BRDA:20,0,1,0
BRF:2
BRH:0
end_of_record
TN:
SF:src\components\Slider\Slider.tsx
FN:8,(anonymous_0)
FN:13,SliderThumbComponent
FNF:2
FNH:0
FNDA:0,(anonymous_0)
FNDA:0,SliderThumbComponent
DA:8,0
DA:9,0
DA:16,0
DA:17,0
DA:25,0
LF:5
LH:0
BRF:0
BRH:0
end_of_record
TN:
SF:src\components\Slider\index.tsx
FNF:0
FNH:0
LF:0
LH:0
BRF:0
BRH:0
end_of_record
TN:
SF:src\components\Table\Table.tsx
FN:11,(anonymous_0)
FNF:1
FNH:0
FNDA:0,(anonymous_0)
DA:10,0
DA:24,0
DA:26,0
LF:3
LH:0
BRDA:14,0,0,0
BRDA:15,1,0,0
BRDA:16,2,0,0
BRDA:17,3,0,0
BRDA:18,4,0,0
BRDA:19,5,0,0
BRDA:39,6,0,0
BRDA:39,6,1,0
BRF:8
BRH:0
end_of_record
TN:
SF:src\components\Tooltip\Tooltip.tsx
FN:8,(anonymous_0)
FNF:1
FNH:0
FNDA:0,(anonymous_0)
DA:8,0
DA:9,0
DA:11,0
DA:13,0
LF:4
LH:0
BRF:0
BRH:0
end_of_record
TN:
SF:src\components\Tooltip\index.tsx
FNF:0
FNH:0
LF:0
LH:0
BRF:0
BRH:0
end_of_record
TN:
SF:src\hooks\useInterceptors.tsx
FN:12,(anonymous_0)
FN:17,(anonymous_1)
FN:17,(anonymous_2)
FN:18,(anonymous_3)
FN:18,(anonymous_4)
FN:21,(anonymous_5)
FN:22,(anonymous_6)
FN:52,(anonymous_7)
FN:57,(anonymous_8)
FN:86,(anonymous_9)
FN:97,(anonymous_10)
FNF:11
FNH:0
FNDA:0,(anonymous_0)
FNDA:0,(anonymous_1)
FNDA:0,(anonymous_2)
FNDA:0,(anonymous_3)
FNDA:0,(anonymous_4)
FNDA:0,(anonymous_5)
FNDA:0,(anonymous_6)
FNDA:0,(anonymous_7)
FNDA:0,(anonymous_8)
FNDA:0,(anonymous_9)
FNDA:0,(anonymous_10)
DA:12,0
DA:13,0
DA:14,0
DA:15,0
DA:17,0
DA:18,0
DA:20,0
DA:21,0
DA:23,0
DA:25,0
DA:27,0
DA:28,0
DA:29,0
DA:33,0
DA:40,0
DA:42,0
DA:43,0
DA:45,0
DA:49,0
DA:50,0
DA:53,0
DA:55,0
DA:58,0
DA:65,0
DA:69,0
DA:71,0
DA:74,0
DA:75,0
DA:77,0
DA:80,0
DA:86,0
DA:87,0
DA:92,0
DA:97,0
DA:98,0
DA:99,0
DA:103,0
LF:37
LH:0
BRDA:27,0,0,0
BRDA:27,0,1,0
BRDA:65,1,0,0
BRDA:65,1,1,0
BRDA:66,2,0,0
BRDA:66,2,1,0
BRDA:74,3,0,0
BRDA:74,3,1,0
BRF:8
BRH:0
end_of_record
TN:
SF:src\hooks\useViaCEP.tsx
FN:22,(anonymous_0)
FN:34,resetStates
FN:41,resetAddress
FN:51,fetchCEP
FN:60,(anonymous_4)
FN:66,(anonymous_5)
FN:67,(anonymous_6)
FNF:7
FNH:4
FNDA:9,(anonymous_0)
FNDA:3,resetStates
FNDA:3,resetAddress
FNDA:3,fetchCEP
FNDA:0,(anonymous_4)
FNDA:0,(anonymous_5)
FNDA:0,(anonymous_6)
DA:22,1
DA:23,9
DA:30,9
DA:31,9
DA:32,9
DA:35,3
DA:36,3
DA:37,3
DA:38,3
DA:42,3
DA:52,3
DA:54,3
DA:56,0
DA:58,0
DA:61,0
DA:62,0
DA:63,0
DA:64,0
DA:66,0
DA:67,0
DA:70,9
LF:21
LH:13
BRDA:54,0,0,3
BRDA:54,0,1,0
BRDA:54,1,0,3
BRDA:54,1,1,0
BRDA:61,2,0,0
BRDA:61,2,1,0
BRF:6
BRH:2
end_of_record
TN:
SF:src\pages\Accompaniment\index.tsx
FN:51,(anonymous_0)
FN:65,(anonymous_1)
FN:74,(anonymous_2)
FN:89,(anonymous_3)
FN:91,(anonymous_4)
FN:106,(anonymous_5)
FN:107,(anonymous_6)
FN:111,(anonymous_7)
FN:131,(anonymous_8)
FN:148,(anonymous_9)
FN:156,(anonymous_10)
FN:182,(anonymous_11)
FN:190,(anonymous_12)
FN:207,(anonymous_13)
FN:228,(anonymous_14)
FNF:15
FNH:0
FNDA:0,(anonymous_0)
FNDA:0,(anonymous_1)
FNDA:0,(anonymous_2)
FNDA:0,(anonymous_3)
FNDA:0,(anonymous_4)
FNDA:0,(anonymous_5)
FNDA:0,(anonymous_6)
FNDA:0,(anonymous_7)
FNDA:0,(anonymous_8)
FNDA:0,(anonymous_9)
FNDA:0,(anonymous_10)
FNDA:0,(anonymous_11)
FNDA:0,(anonymous_12)
FNDA:0,(anonymous_13)
FNDA:0,(anonymous_14)
DA:33,0
DA:51,0
DA:52,0
DA:54,0
DA:65,0
DA:66,0
DA:67,0
DA:68,0
DA:69,0
DA:70,0
DA:71,0
DA:73,0
DA:74,0
DA:89,0
DA:90,0
DA:92,0
DA:94,0
DA:98,0
DA:99,0
DA:101,0
DA:103,0
DA:106,0
DA:107,0
DA:110,0
DA:111,0
DA:130,0
DA:131,0
DA:148,0
DA:149,0
DA:150,0
DA:153,0
DA:156,0
DA:157,0
DA:162,0
DA:163,0
DA:164,0
DA:166,0
DA:167,0
DA:169,0
DA:170,0
DA:172,0
DA:173,0
DA:175,0
DA:176,0
DA:178,0
DA:182,0
DA:183,0
DA:184,0
DA:187,0
DA:190,0
DA:191,0
DA:192,0
DA:198,0
DA:208,0
DA:228,0
DA:229,0
DA:232,0
LF:57
LH:0
BRDA:56,0,0,0
BRDA:56,0,1,0
BRDA:56,1,0,0
BRDA:56,1,1,0
BRDA:94,2,0,0
BRDA:94,2,1,0
BRDA:95,3,0,0
BRDA:95,3,1,0
BRDA:149,4,0,0
BRDA:149,4,1,0
BRDA:162,5,0,0
BRDA:162,5,1,0
BRDA:163,6,0,0
BRDA:163,6,1,0
BRDA:166,7,0,0
BRDA:166,7,1,0
BRDA:169,8,0,0
BRDA:169,8,1,0
BRDA:172,9,0,0
BRDA:172,9,1,0
BRDA:175,10,0,0
BRDA:175,10,1,0
BRDA:178,11,0,0
BRDA:178,11,1,0
BRDA:183,12,0,0
BRDA:183,12,1,0
BRDA:191,13,0,0
BRDA:191,13,1,0
BRDA:200,14,0,0
BRDA:200,14,1,0
BRDA:200,15,0,0
BRDA:200,15,1,0
BRF:32
BRH:0
end_of_record
TN:
SF:src\pages\Accompaniment\CardMobile\CardMobile.tsx
FN:27,(anonymous_0)
FN:33,(anonymous_1)
FN:36,(anonymous_2)
FN:51,(anonymous_3)
FN:66,(anonymous_4)
FN:82,(anonymous_5)
FN:97,(anonymous_6)
FN:123,(anonymous_7)
FN:131,(anonymous_8)
FN:139,(anonymous_9)
FN:147,(anonymous_10)
FN:152,(anonymous_11)
FN:159,(anonymous_12)
FN:166,(anonymous_13)
FN:205,(anonymous_14)
FNF:15
FNH:0
FNDA:0,(anonymous_0)
FNDA:0,(anonymous_1)
FNDA:0,(anonymous_2)
FNDA:0,(anonymous_3)
FNDA:0,(anonymous_4)
FNDA:0,(anonymous_5)
FNDA:0,(anonymous_6)
FNDA:0,(anonymous_7)
FNDA:0,(anonymous_8)
FNDA:0,(anonymous_9)
FNDA:0,(anonymous_10)
FNDA:0,(anonymous_11)
FNDA:0,(anonymous_12)
FNDA:0,(anonymous_13)
FNDA:0,(anonymous_14)
DA:16,0
DA:18,0
DA:27,0
DA:28,0
DA:29,0
DA:30,0
DA:31,0
DA:33,0
DA:35,0
DA:36,0
DA:50,0
DA:51,0
DA:65,0
DA:66,0
DA:81,0
DA:82,0
DA:97,0
DA:98,0
DA:103,0
DA:104,0
DA:105,0
DA:107,0
DA:108,0
DA:110,0
DA:111,0
DA:113,0
DA:114,0
DA:116,0
DA:117,0
DA:119,0
DA:123,0
DA:124,0
DA:125,0
DA:128,0
DA:131,0
DA:132,0
DA:133,0
DA:136,0
DA:139,0
DA:140,0
DA:141,0
DA:144,0
DA:147,0
DA:148,0
DA:149,0
DA:152,0
DA:153,0
DA:154,0
DA:156,0
DA:159,0
DA:160,0
DA:161,0
DA:163,0
DA:166,0
DA:167,0
DA:168,0
DA:177,0
DA:187,0
DA:206,0
LF:59
LH:0
BRDA:103,0,0,0
BRDA:103,0,1,0
BRDA:104,1,0,0
BRDA:104,1,1,0
BRDA:107,2,0,0
BRDA:107,2,1,0
BRDA:110,3,0,0
BRDA:110,3,1,0
BRDA:113,4,0,0
BRDA:113,4,1,0
BRDA:116,5,0,0
BRDA:116,5,1,0
BRDA:119,6,0,0
BRDA:119,6,1,0
BRDA:124,7,0,0
BRDA:124,7,1,0
BRDA:132,8,0,0
BRDA:132,8,1,0
BRDA:140,9,0,0
BRDA:140,9,1,0
BRDA:153,10,0,0
BRDA:153,10,1,0
BRDA:160,11,0,0
BRDA:160,11,1,0
BRDA:167,12,0,0
BRDA:167,12,1,0
BRF:26
BRH:0
end_of_record
TN:
SF:src\pages\Accompaniment\CardMobile\index.tsx
FNF:0
FNH:0
LF:0
LH:0
BRF:0
BRH:0
end_of_record
TN:
SF:src\pages\Accompaniment\components\ApprovedLoan\ApprovedLoan.tsx
FN:36,(anonymous_0)
FN:64,(anonymous_1)
FN:66,(anonymous_2)
FN:87,(anonymous_3)
FN:94,(anonymous_4)
FN:99,(anonymous_5)
FN:107,(anonymous_6)
FN:114,(anonymous_7)
FN:118,(anonymous_8)
FN:124,(anonymous_9)
FN:127,(anonymous_10)
FN:132,(anonymous_11)
FN:134,(anonymous_12)
FN:139,(anonymous_13)
FN:141,(anonymous_14)
FN:150,(anonymous_15)
FN:170,(anonymous_16)
FN:171,(anonymous_17)
FN:173,(anonymous_18)
FN:181,(anonymous_19)
FN:186,(anonymous_20)
FN:221,(anonymous_21)
FN:226,(anonymous_22)
FN:232,(anonymous_23)
FN:253,(anonymous_24)
FN:258,(anonymous_25)
FN:264,(anonymous_26)
FN:301,(anonymous_27)
FN:313,(anonymous_28)
FN:316,(anonymous_29)
FN:319,(anonymous_30)
FN:322,(anonymous_31)
FN:327,(anonymous_32)
FN:329,(anonymous_33)
FN:612,(anonymous_34)
FNF:35
FNH:0
FNDA:0,(anonymous_0)
FNDA:0,(anonymous_1)
FNDA:0,(anonymous_2)
FNDA:0,(anonymous_3)
FNDA:0,(anonymous_4)
FNDA:0,(anonymous_5)
FNDA:0,(anonymous_6)
FNDA:0,(anonymous_7)
FNDA:0,(anonymous_8)
FNDA:0,(anonymous_9)
FNDA:0,(anonymous_10)
FNDA:0,(anonymous_11)
FNDA:0,(anonymous_12)
FNDA:0,(anonymous_13)
FNDA:0,(anonymous_14)
FNDA:0,(anonymous_15)
FNDA:0,(anonymous_16)
FNDA:0,(anonymous_17)
FNDA:0,(anonymous_18)
FNDA:0,(anonymous_19)
FNDA:0,(anonymous_20)
FNDA:0,(anonymous_21)
FNDA:0,(anonymous_22)
FNDA:0,(anonymous_23)
FNDA:0,(anonymous_24)
FNDA:0,(anonymous_25)
FNDA:0,(anonymous_26)
FNDA:0,(anonymous_27)
FNDA:0,(anonymous_28)
FNDA:0,(anonymous_29)
FNDA:0,(anonymous_30)
FNDA:0,(anonymous_31)
FNDA:0,(anonymous_32)
FNDA:0,(anonymous_33)
FNDA:0,(anonymous_34)
DA:36,0
DA:37,0
DA:39,0
DA:40,0
DA:41,0
DA:42,0
DA:44,0
DA:45,0
DA:46,0
DA:47,0
DA:48,0
DA:49,0
DA:50,0
DA:51,0
DA:52,0
DA:53,0
DA:54,0
DA:55,0
DA:59,0
DA:60,0
DA:62,0
DA:64,0
DA:65,0
DA:67,0
DA:87,0
DA:88,0
DA:89,0
DA:94,0
DA:95,0
DA:96,0
DA:99,0
DA:100,0
DA:104,0
DA:107,0
DA:112,0
DA:114,0
DA:115,0
DA:118,0
DA:119,0
DA:121,0
DA:124,0
DA:125,0
DA:127,0
DA:128,0
DA:129,0
DA:132,0
DA:133,0
DA:135,0
DA:139,0
DA:140,0
DA:141,0
DA:150,0
DA:151,0
DA:167,0
DA:170,0
DA:171,0
DA:172,0
DA:173,0
DA:181,0
DA:182,0
DA:186,0
DA:187,0
DA:188,0
DA:190,0
DA:207,0
DA:209,0
DA:211,0
DA:213,0
DA:214,0
DA:215,0
DA:217,0
DA:221,0
DA:222,0
DA:223,0
DA:226,0
DA:227,0
DA:229,0
DA:232,0
DA:233,0
DA:234,0
DA:236,0
DA:241,0
DA:242,0
DA:244,0
DA:245,0
DA:246,0
DA:247,0
DA:249,0
DA:253,0
DA:254,0
DA:255,0
DA:258,0
DA:259,0
DA:260,0
DA:263,0
DA:264,0
DA:301,0
DA:302,0
DA:313,0
DA:314,0
DA:316,0
DA:317,0
DA:319,0
DA:320,0
DA:322,0
DA:323,0
DA:327,0
DA:329,0
DA:330,0
DA:334,0
DA:612,0
LF:111
LH:0
BRDA:88,0,0,0
BRDA:88,0,1,0
BRDA:119,1,0,0
BRDA:119,1,1,0
BRDA:125,2,0,0
BRDA:125,2,1,0
BRDA:128,3,0,0
BRDA:128,3,1,0
BRDA:227,4,0,0
BRDA:227,4,1,0
BRDA:227,5,0,0
BRDA:227,5,1,0
BRDA:302,6,0,0
BRDA:302,6,1,0
BRDA:302,7,0,0
BRDA:302,7,1,0
BRDA:314,8,0,0
BRDA:314,8,1,0
BRDA:317,9,0,0
BRDA:317,9,1,0
BRDA:317,9,2,0
BRDA:320,10,0,0
BRDA:320,10,1,0
BRDA:323,11,0,0
BRDA:323,11,1,0
BRDA:327,12,0,0
BRDA:327,12,1,0
BRDA:330,13,0,0
BRDA:330,13,1,0
BRDA:330,14,0,0
BRDA:330,14,1,0
BRF:31
BRH:0
end_of_record
TN:
SF:src\pages\Accompaniment\components\ApprovedLoan\index.tsx
FNF:0
FNH:0
LF:0
LH:0
BRF:0
BRH:0
end_of_record
TN:
SF:src\pages\Accompaniment\components\ApprovedLoan\components\InstallmentCard\InstallmentCard.tsx
FN:6,(anonymous_0)
FNF:1
FNH:0
FNDA:0,(anonymous_0)
DA:6,0
DA:7,0
LF:2
LH:0
BRF:0
BRH:0
end_of_record
TN:
SF:src\pages\Accompaniment\components\AwaitingSubmissionOfDocumentation\AwaitingSubmissionOfDocumentation.tsx
FN:7,(anonymous_0)
FNF:1
FNH:0
FNDA:0,(anonymous_0)
DA:7,0
DA:8,0
LF:2
LH:0
BRF:0
BRH:0
end_of_record
TN:
SF:src\pages\Accompaniment\components\ContractSigning\ContractSigning.tsx
FN:7,(anonymous_0)
FNF:1
FNH:0
FNDA:0,(anonymous_0)
DA:7,0
DA:8,0
LF:2
LH:0
BRF:0
BRH:0
end_of_record
TN:
SF:src\pages\Accompaniment\components\DocumentationSent\DocumentationSent.tsx
FN:7,(anonymous_0)
FNF:1
FNH:0
FNDA:0,(anonymous_0)
DA:7,0
DA:8,0
LF:2
LH:0
BRF:0
BRH:0
end_of_record
TN:
SF:src\pages\Accompaniment\components\ReleasedCredit\ReleasedCredit.tsx
FN:10,(anonymous_0)
FNF:1
FNH:0
FNDA:0,(anonymous_0)
DA:10,0
DA:11,0
LF:2
LH:0
BRDA:19,0,0,0
BRDA:19,0,1,0
BRDA:28,1,0,0
BRDA:28,1,1,0
BRDA:30,2,0,0
BRDA:30,2,1,0
BRDA:33,3,0,0
BRDA:33,3,1,0
BRDA:33,4,0,0
BRDA:33,4,1,0
BRF:10
BRH:0
end_of_record
TN:
SF:src\pages\Accompaniment\components\ReprovidedLoan\ReprovidedLoan.tsx
FN:8,(anonymous_0)
FN:24,(anonymous_1)
FNF:2
FNH:0
FNDA:0,(anonymous_0)
FNDA:0,(anonymous_1)
DA:8,0
DA:9,0
DA:11,0
DA:24,0
LF:4
LH:0
BRF:0
BRH:0
end_of_record
TN:
SF:src\pages\Accompaniment\components\ReprovidedLoan\index.tsx
FNF:0
FNH:0
LF:0
LH:0
BRF:0
BRH:0
end_of_record
TN:
SF:src\pages\Accompaniment\components\RequestUnderAnalysis\RequestUnderAnalysis.tsx
FN:7,(anonymous_0)
FNF:1
FNH:0
FNDA:0,(anonymous_0)
DA:7,0
DA:8,0
LF:2
LH:0
BRF:0
BRH:0
end_of_record
TN:
SF:src\pages\Accompaniment\components\RequestUnderAnalysis\index.tsx
FNF:0
FNH:0
LF:0
LH:0
BRF:0
BRH:0
end_of_record
TN:
SF:src\pages\AccountConfirmation\index.tsx
FN:20,(anonymous_0)
FN:31,(anonymous_1)
FN:49,(anonymous_2)
FN:53,(anonymous_3)
FNF:4
FNH:0
FNDA:0,(anonymous_0)
FNDA:0,(anonymous_1)
FNDA:0,(anonymous_2)
FNDA:0,(anonymous_3)
DA:20,0
DA:21,0
DA:22,0
DA:23,0
DA:25,0
DA:26,0
DA:28,0
DA:29,0
DA:31,0
DA:32,0
DA:34,0
DA:35,0
DA:36,0
DA:38,0
DA:40,0
DA:42,0
DA:43,0
DA:45,0
DA:49,0
DA:50,0
DA:53,0
DA:54,0
DA:57,0
LF:23
LH:0
BRDA:32,0,0,0
BRDA:32,0,1,0
BRDA:42,1,0,0
BRDA:42,1,1,0
BRDA:54,2,0,0
BRDA:54,2,1,0
BRDA:72,3,0,0
BRDA:72,3,1,0
BRF:8
BRH:0
end_of_record
TN:
SF:src\pages\ChangePassword\index.tsx
FN:27,(anonymous_0)
FN:37,(anonymous_1)
FN:37,(anonymous_2)
FN:42,(anonymous_3)
FN:47,(anonymous_4)
FN:51,(anonymous_5)
FN:56,(anonymous_6)
FNF:7
FNH:4
FNDA:16,(anonymous_0)
FNDA:0,(anonymous_1)
FNDA:0,(anonymous_2)
FNDA:8,(anonymous_3)
FNDA:8,(anonymous_4)
FNDA:0,(anonymous_5)
FNDA:2,(anonymous_6)
DA:27,1
DA:28,16
DA:30,15
DA:31,15
DA:32,15
DA:33,15
DA:34,15
DA:36,15
DA:37,0
DA:41,15
DA:42,8
DA:46,15
DA:47,8
DA:51,15
DA:52,0
DA:53,0
DA:56,15
DA:57,2
DA:58,2
DA:59,2
DA:60,2
DA:61,1
DA:63,1
DA:65,1
DA:66,1
DA:68,2
DA:72,15
LF:27
LH:24
BRDA:42,0,0,0
BRDA:42,0,1,8
BRDA:47,1,0,0
BRDA:47,1,1,8
BRDA:65,2,0,1
BRDA:65,2,1,1
BRDA:150,3,0,5
BRDA:150,3,1,10
BRF:8
BRH:6
end_of_record
TN:
SF:src\pages\ContractInstallments\index.tsx
FN:31,(anonymous_0)
FN:40,(anonymous_1)
FN:46,(anonymous_2)
FN:56,(anonymous_3)
FN:89,(anonymous_4)
FN:97,(anonymous_5)
FN:101,(anonymous_6)
FN:106,(anonymous_7)
FN:115,(anonymous_8)
FN:125,(anonymous_9)
FN:135,(anonymous_10)
FN:137,(anonymous_11)
FN:140,(anonymous_12)
FN:157,(anonymous_13)
FN:167,(anonymous_14)
FN:170,(anonymous_15)
FN:174,(anonymous_16)
FN:183,(anonymous_17)
FN:271,(anonymous_18)
FN:271,(anonymous_19)
FNF:20
FNH:0
FNDA:0,(anonymous_0)
FNDA:0,(anonymous_1)
FNDA:0,(anonymous_2)
FNDA:0,(anonymous_3)
FNDA:0,(anonymous_4)
FNDA:0,(anonymous_5)
FNDA:0,(anonymous_6)
FNDA:0,(anonymous_7)
FNDA:0,(anonymous_8)
FNDA:0,(anonymous_9)
FNDA:0,(anonymous_10)
FNDA:0,(anonymous_11)
FNDA:0,(anonymous_12)
FNDA:0,(anonymous_13)
FNDA:0,(anonymous_14)
FNDA:0,(anonymous_15)
FNDA:0,(anonymous_16)
FNDA:0,(anonymous_17)
FNDA:0,(anonymous_18)
FNDA:0,(anonymous_19)
DA:31,0
DA:32,0
DA:34,0
DA:35,0
DA:36,0
DA:37,0
DA:38,0
DA:40,0
DA:41,0
DA:43,0
DA:46,0
DA:47,0
DA:48,0
DA:50,0
DA:55,0
DA:56,0
DA:90,0
DA:97,0
DA:98,0
DA:101,0
DA:102,0
DA:106,0
DA:107,0
DA:108,0
DA:110,0
DA:112,0
DA:115,0
DA:116,0
DA:118,0
DA:120,0
DA:122,0
DA:125,0
DA:128,0
DA:130,0
DA:132,0
DA:135,0
DA:137,0
DA:138,0
DA:140,0
DA:141,0
DA:158,0
DA:167,0
DA:168,0
DA:169,0
DA:171,0
DA:173,0
DA:174,0
DA:183,0
DA:186,0
DA:271,0
LF:50
LH:0
BRDA:41,0,0,0
BRDA:41,0,1,0
BRDA:102,1,0,0
BRDA:102,1,1,0
BRDA:102,2,0,0
BRDA:102,2,1,0
BRDA:107,3,0,0
BRDA:107,3,1,0
BRDA:107,4,0,0
BRDA:107,4,1,0
BRDA:116,5,0,0
BRDA:116,5,1,0
BRDA:120,6,0,0
BRDA:120,6,1,0
BRDA:128,7,0,0
BRDA:128,7,1,0
BRDA:130,8,0,0
BRDA:130,8,1,0
BRDA:135,9,0,0
BRDA:135,9,1,0
BRDA:138,10,0,0
BRDA:138,10,1,0
BRDA:141,11,0,0
BRDA:141,11,1,0
BRDA:141,12,0,0
BRDA:141,12,1,0
BRDA:168,13,0,0
BRDA:168,13,1,0
BRF:28
BRH:0
end_of_record
TN:
SF:src\pages\ContractInstallments\components\InstallmentsCard\InstallmentsCard.tsx
FN:6,(anonymous_0)
FNF:1
FNH:0
FNDA:0,(anonymous_0)
DA:6,0
DA:10,0
LF:2
LH:0
BRF:0
BRH:0
end_of_record
TN:
SF:src\pages\ContractInstallments\components\InstallmentsCard\index.tsx
FNF:0
FNH:0
LF:0
LH:0
BRF:0
BRH:0
end_of_record
TN:
SF:src\pages\Contracts\index.tsx
FN:25,(anonymous_0)
FN:33,(anonymous_1)
FN:40,(anonymous_2)
FN:90,(anonymous_3)
FN:103,(anonymous_4)
FN:106,(anonymous_5)
FN:116,(anonymous_6)
FN:120,(anonymous_7)
FN:122,(anonymous_8)
FN:124,(anonymous_9)
FN:134,(anonymous_10)
FN:137,(anonymous_11)
FN:141,(anonymous_12)
FN:150,(anonymous_13)
FN:155,(anonymous_14)
FN:195,(anonymous_15)
FNF:16
FNH:0
FNDA:0,(anonymous_0)
FNDA:0,(anonymous_1)
FNDA:0,(anonymous_2)
FNDA:0,(anonymous_3)
FNDA:0,(anonymous_4)
FNDA:0,(anonymous_5)
FNDA:0,(anonymous_6)
FNDA:0,(anonymous_7)
FNDA:0,(anonymous_8)
FNDA:0,(anonymous_9)
FNDA:0,(anonymous_10)
FNDA:0,(anonymous_11)
FNDA:0,(anonymous_12)
FNDA:0,(anonymous_13)
FNDA:0,(anonymous_14)
FNDA:0,(anonymous_15)
DA:25,0
DA:26,0
DA:27,0
DA:28,0
DA:29,0
DA:30,0
DA:32,0
DA:34,0
DA:39,0
DA:40,0
DA:91,0
DA:104,0
DA:106,0
DA:116,0
DA:117,0
DA:120,0
DA:121,0
DA:123,0
DA:124,0
DA:134,0
DA:137,0
DA:138,0
DA:141,0
DA:143,0
DA:146,0
DA:147,0
DA:150,0
DA:151,0
DA:155,0
DA:156,0
DA:160,0
DA:196,0
LF:32
LH:0
BRDA:122,0,0,0
BRDA:127,1,0,0
BRDA:127,1,1,0
BRDA:146,2,0,0
BRDA:146,2,1,0
BRDA:185,3,0,0
BRDA:185,3,1,0
BRDA:185,4,0,0
BRDA:185,4,1,0
BRDA:203,5,0,0
BRDA:203,5,1,0
BRDA:205,6,0,0
BRDA:205,6,1,0
BRDA:205,6,2,0
BRF:14
BRH:0
end_of_record
TN:
SF:src\pages\Contracts\components\ContractCard\ContractCard.tsx
FN:8,(anonymous_0)
FN:41,(anonymous_1)
FNF:2
FNH:0
FNDA:0,(anonymous_0)
FNDA:0,(anonymous_1)
DA:8,0
DA:9,0
DA:41,0
LF:3
LH:0
BRF:0
BRH:0
end_of_record
TN:
SF:src\pages\FAQ\index.tsx
FN:13,(anonymous_0)
FN:17,(anonymous_1)
FN:17,(anonymous_2)
FN:35,(anonymous_3)
FNF:4
FNH:0
FNDA:0,(anonymous_0)
FNDA:0,(anonymous_1)
FNDA:0,(anonymous_2)
FNDA:0,(anonymous_3)
DA:13,0
DA:14,0
DA:17,0
DA:18,0
DA:21,0
DA:36,0
LF:6
LH:0
BRDA:18,0,0,0
BRDA:18,0,1,0
BRDA:43,1,0,0
BRDA:43,1,1,0
BRF:4
BRH:0
end_of_record
TN:
SF:src\pages\ForgotPassword\index.tsx
FN:30,(anonymous_0)
FN:38,(anonymous_1)
FN:55,(anonymous_2)
FN:59,(anonymous_3)
FN:64,(anonymous_4)
FN:73,(anonymous_5)
FNF:6
FNH:0
FNDA:0,(anonymous_0)
FNDA:0,(anonymous_1)
FNDA:0,(anonymous_2)
FNDA:0,(anonymous_3)
FNDA:0,(anonymous_4)
FNDA:0,(anonymous_5)
DA:30,0
DA:31,0
DA:32,0
DA:33,0
DA:34,0
DA:35,0
DA:36,0
DA:38,0
DA:39,0
DA:40,0
DA:42,0
DA:44,0
DA:46,0
DA:48,0
DA:49,0
DA:51,0
DA:55,0
DA:56,0
DA:59,0
DA:60,0
DA:61,0
DA:64,0
DA:65,0
DA:68,0
DA:73,0
LF:25
LH:0
BRDA:38,0,0,0
BRDA:44,1,0,0
BRDA:44,1,1,0
BRDA:48,2,0,0
BRDA:48,2,1,0
BRDA:56,3,0,0
BRDA:56,3,1,0
BRDA:101,4,0,0
BRDA:101,4,1,0
BRDA:130,5,0,0
BRDA:130,5,1,0
BRF:11
BRH:0
end_of_record
TN:
SF:src\pages\LoggedArea\index.tsx
FN:20,(anonymous_0)
FN:25,(anonymous_1)
FN:30,(anonymous_2)
FN:32,(anonymous_3)
FNF:4
FNH:0
FNDA:0,(anonymous_0)
FNDA:0,(anonymous_1)
FNDA:0,(anonymous_2)
FNDA:0,(anonymous_3)
DA:19,0
DA:21,0
DA:22,0
DA:23,0
DA:25,0
DA:26,0
DA:30,0
DA:31,0
DA:32,0
DA:33,0
DA:38,0
LF:11
LH:0
BRDA:31,0,0,0
BRDA:31,0,1,0
BRDA:31,1,0,0
BRDA:31,1,1,0
BRF:4
BRH:0
end_of_record
TN:
SF:src\pages\LoggedArea\components\CardMarginAvailable\CardMarginAvailable.tsx
FN:12,(anonymous_0)
FN:15,(anonymous_1)
FNF:2
FNH:0
FNDA:0,(anonymous_0)
FNDA:0,(anonymous_1)
DA:12,0
DA:13,0
DA:15,0
DA:16,0
DA:17,0
DA:19,0
DA:22,0
LF:7
LH:0
BRDA:16,0,0,0
BRDA:16,0,1,0
BRDA:27,1,0,0
BRDA:27,1,1,0
BRF:4
BRH:0
end_of_record
TN:
SF:src\pages\LoggedArea\components\CardMarginAvailable\index.tsx
FNF:0
FNH:0
LF:0
LH:0
BRF:0
BRH:0
end_of_record
TN:
SF:src\pages\LoggedArea\components\CardSimulateLoan\CardSimulateLoan.tsx
FN:14,(anonymous_0)
FN:23,(anonymous_1)
FN:29,(anonymous_2)
FN:45,(anonymous_3)
FN:50,(anonymous_4)
FN:55,(anonymous_5)
FN:59,(anonymous_6)
FNF:7
FNH:0
FNDA:0,(anonymous_0)
FNDA:0,(anonymous_1)
FNDA:0,(anonymous_2)
FNDA:0,(anonymous_3)
FNDA:0,(anonymous_4)
FNDA:0,(anonymous_5)
FNDA:0,(anonymous_6)
DA:12,0
DA:14,0
DA:15,0
DA:16,0
DA:18,0
DA:22,0
DA:24,0
DA:29,0
DA:30,0
DA:38,0
DA:39,0
DA:40,0
DA:44,0
DA:45,0
DA:49,0
DA:50,0
DA:54,0
DA:55,0
DA:59,0
DA:60,0
DA:63,0
LF:21
LH:0
BRDA:19,0,0,0
BRDA:19,0,1,0
BRDA:50,1,0,0
BRDA:50,1,1,0
BRDA:55,2,0,0
BRDA:55,2,1,0
BRDA:60,3,0,0
BRDA:60,3,1,0
BRDA:90,4,0,0
BRDA:90,4,1,0
BRDA:93,5,0,0
BRDA:93,5,1,0
BRF:12
BRH:0
end_of_record
TN:
SF:src\pages\LoggedArea\components\CardSimulateLoan\index.tsx
FNF:0
FNH:0
LF:0
LH:0
BRF:0
BRH:0
end_of_record
TN:
SF:src\pages\LoggedArea\components\CreditUnderAnalysis\CreditUnderAnalysis.tsx
FN:11,(anonymous_0)
FN:16,(anonymous_1)
FN:49,(anonymous_2)
FN:61,(anonymous_3)
FN:62,(anonymous_4)
FN:71,(anonymous_5)
FNF:6
FNH:0
FNDA:0,(anonymous_0)
FNDA:0,(anonymous_1)
FNDA:0,(anonymous_2)
FNDA:0,(anonymous_3)
FNDA:0,(anonymous_4)
FNDA:0,(anonymous_5)
DA:11,0
DA:12,0
DA:13,0
DA:15,0
DA:16,0
DA:49,0
DA:50,0
DA:51,0
DA:55,0
DA:57,0
DA:61,0
DA:62,0
DA:63,0
DA:67,0
DA:71,0
LF:15
LH:0
BRDA:51,0,0,0
BRDA:51,0,1,0
BRDA:67,1,0,0
BRDA:67,1,1,0
BRDA:67,2,0,0
BRDA:67,2,1,0
BRDA:67,2,2,0
BRDA:67,2,3,0
BRDA:73,3,0,0
BRDA:73,3,1,0
BRF:10
BRH:0
end_of_record
TN:
SF:src\pages\LoggedArea\components\ModalSimulateLoan\ModalSimulateLoan.tsx
FN:7,(anonymous_0)
FNF:1
FNH:0
FNDA:0,(anonymous_0)
DA:7,0
DA:8,0
DA:9,0
DA:11,0
LF:4
LH:0
BRF:0
BRH:0
end_of_record
TN:
SF:src\pages\LoggedArea\components\ModalSimulateLoan\index.tsx
FNF:0
FNH:0
LF:0
LH:0
BRF:0
BRH:0
end_of_record
TN:
SF:src\pages\LoggedArea\components\ModalSimulateLoan\context\index.tsx
FN:13,(anonymous_0)
FN:18,(anonymous_1)
FN:19,(anonymous_2)
FN:29,(anonymous_3)
FNF:4
FNH:0
FNDA:0,(anonymous_0)
FNDA:0,(anonymous_1)
FNDA:0,(anonymous_2)
FNDA:0,(anonymous_3)
DA:11,0
DA:13,0
DA:14,0
DA:16,0
DA:18,0
DA:19,0
DA:22,0
DA:29,0
LF:8
LH:0
BRF:0
BRH:0
end_of_record
TN:
SF:src\pages\Login\index.tsx
FN:19,(anonymous_0)
FNF:1
FNH:1
FNDA:1,(anonymous_0)
DA:17,1
DA:20,1
LF:2
LH:2
BRF:0
BRH:0
end_of_record
TN:
SF:src\pages\Login\components\Form\Form.tsx
FN:17,(anonymous_0)
FN:37,(anonymous_1)
FN:37,(anonymous_2)
FN:42,(anonymous_3)
FN:47,(anonymous_4)
FN:51,(anonymous_5)
FN:60,(anonymous_6)
FN:71,(anonymous_7)
FN:73,(anonymous_8)
FN:78,(anonymous_9)
FNF:10
FNH:6
FNDA:1,(anonymous_0)
FNDA:0,(anonymous_1)
FNDA:0,(anonymous_2)
FNDA:1,(anonymous_3)
FNDA:1,(anonymous_4)
FNDA:0,(anonymous_5)
FNDA:0,(anonymous_6)
FNDA:1,(anonymous_7)
FNDA:1,(anonymous_8)
FNDA:1,(anonymous_9)
DA:17,1
DA:18,1
DA:19,1
DA:27,1
DA:28,1
DA:29,1
DA:31,1
DA:36,1
DA:37,0
DA:41,1
DA:42,1
DA:46,1
DA:47,1
DA:51,1
DA:52,0
DA:54,0
DA:56,0
DA:59,1
DA:61,0
DA:63,0
DA:65,0
DA:66,0
DA:71,1
DA:72,1
DA:73,1
DA:74,1
DA:78,1
DA:79,1
DA:82,1
LF:29
LH:21
BRDA:42,0,0,0
BRDA:42,0,1,1
BRDA:47,1,0,0
BRDA:47,1,1,1
BRDA:52,2,0,0
BRDA:52,2,1,0
BRDA:63,3,0,0
BRDA:63,3,1,0
BRDA:72,4,0,0
BRDA:72,4,1,1
BRDA:72,5,0,1
BRDA:72,5,1,0
BRDA:79,6,0,0
BRDA:79,6,1,1
BRF:14
BRH:5
end_of_record
TN:
SF:src\pages\Login\components\Form\index.tsx
FNF:0
FNH:0
LF:0
LH:0
BRF:0
BRH:0
end_of_record
TN:
SF:src\pages\Login\components\ModalLogin\ModalLogin.tsx
FN:10,(anonymous_0)
FNF:1
FNH:1
FNDA:1,(anonymous_0)
DA:10,1
DA:11,1
DA:12,1
DA:14,1
LF:4
LH:4
BRF:0
BRH:0
end_of_record
TN:
SF:src\pages\Login\components\ModalLogin\index.tsx
FNF:0
FNH:0
LF:0
LH:0
BRF:0
BRH:0
end_of_record
TN:
SF:src\pages\Login\components\ModalLogin\context\index.tsx
FN:13,(anonymous_0)
FN:18,(anonymous_1)
FN:19,(anonymous_2)
FN:29,(anonymous_3)
FNF:4
FNH:2
FNDA:1,(anonymous_0)
FNDA:0,(anonymous_1)
FNDA:0,(anonymous_2)
FNDA:2,(anonymous_3)
DA:11,1
DA:13,1
DA:14,1
DA:16,1
DA:18,1
DA:19,0
DA:22,1
DA:29,2
LF:8
LH:7
BRF:0
BRH:0
end_of_record
TN:
SF:src\pages\Privacy\index.tsx
FN:18,(anonymous_0)
FNF:1
FNH:0
FNDA:0,(anonymous_0)
DA:18,0
DA:19,0
LF:2
LH:0
BRF:0
BRH:0
end_of_record
TN:
SF:src\pages\Privacy\Components\Table1\Table1.tsx
FN:4,(anonymous_0)
FNF:1
FNH:0
FNDA:0,(anonymous_0)
DA:4,0
DA:5,0
LF:2
LH:0
BRF:0
BRH:0
end_of_record
TN:
SF:src\pages\Privacy\Components\Table1\index.tsx
FNF:0
FNH:0
LF:0
LH:0
BRF:0
BRH:0
end_of_record
TN:
SF:src\pages\Privacy\Components\Table2\Table2.tsx
FN:5,(anonymous_0)
FNF:1
FNH:0
FNDA:0,(anonymous_0)
DA:5,0
DA:6,0
LF:2
LH:0
BRF:0
BRH:0
end_of_record
TN:
SF:src\pages\Privacy\Components\Table2\index.tsx
FNF:0
FNH:0
LF:0
LH:0
BRF:0
BRH:0
end_of_record
TN:
SF:src\pages\Privacy\Components\TopicI\TopicI.tsx
FN:5,(anonymous_0)
FNF:1
FNH:0
FNDA:0,(anonymous_0)
DA:5,0
DA:6,0
LF:2
LH:0
BRF:0
BRH:0
end_of_record
TN:
SF:src\pages\Privacy\Components\TopicI\index.tsx
FNF:0
FNH:0
LF:0
LH:0
BRF:0
BRH:0
end_of_record
TN:
SF:src\pages\Privacy\Components\TopicII\TopicII.tsx
FN:5,(anonymous_0)
FNF:1
FNH:0
FNDA:0,(anonymous_0)
DA:5,0
DA:6,0
LF:2
LH:0
BRF:0
BRH:0
end_of_record
TN:
SF:src\pages\Privacy\Components\TopicII\index.tsx
FNF:0
FNH:0
LF:0
LH:0
BRF:0
BRH:0
end_of_record
TN:
SF:src\pages\Privacy\Components\TopicIII\TopicIII.tsx
FN:7,(anonymous_0)
FNF:1
FNH:0
FNDA:0,(anonymous_0)
DA:7,0
DA:8,0
LF:2
LH:0
BRF:0
BRH:0
end_of_record
TN:
SF:src\pages\Privacy\Components\TopicIII\index.tsx
FNF:0
FNH:0
LF:0
LH:0
BRF:0
BRH:0
end_of_record
TN:
SF:src\pages\Privacy\Components\TopicIV\TopicIV.tsx
FN:5,(anonymous_0)
FNF:1
FNH:0
FNDA:0,(anonymous_0)
DA:5,0
DA:6,0
LF:2
LH:0
BRF:0
BRH:0
end_of_record
TN:
SF:src\pages\Privacy\Components\TopicIV\index.tsx
FNF:0
FNH:0
LF:0
LH:0
BRF:0
BRH:0
end_of_record
TN:
SF:src\pages\Privacy\Components\TopicIX\TopicIX.tsx
FN:5,(anonymous_0)
FNF:1
FNH:0
FNDA:0,(anonymous_0)
DA:5,0
DA:6,0
LF:2
LH:0
BRF:0
BRH:0
end_of_record
TN:
SF:src\pages\Privacy\Components\TopicIX\index.tsx
FNF:0
FNH:0
LF:0
LH:0
BRF:0
BRH:0
end_of_record
TN:
SF:src\pages\Privacy\Components\TopicV\TopicV.tsx
FN:5,(anonymous_0)
FNF:1
FNH:0
FNDA:0,(anonymous_0)
DA:5,0
DA:6,0
LF:2
LH:0
BRF:0
BRH:0
end_of_record
TN:
SF:src\pages\Privacy\Components\TopicV\index.tsx
FNF:0
FNH:0
LF:0
LH:0
BRF:0
BRH:0
end_of_record
TN:
SF:src\pages\Privacy\Components\TopicVI\TopicVI.tsx
FN:5,(anonymous_0)
FNF:1
FNH:0
FNDA:0,(anonymous_0)
DA:5,0
DA:6,0
LF:2
LH:0
BRF:0
BRH:0
end_of_record
TN:
SF:src\pages\Privacy\Components\TopicVI\index.tsx
FNF:0
FNH:0
LF:0
LH:0
BRF:0
BRH:0
end_of_record
TN:
SF:src\pages\Privacy\Components\TopicVII\TopicVII.tsx
FN:5,(anonymous_0)
FNF:1
FNH:0
FNDA:0,(anonymous_0)
DA:5,0
DA:6,0
LF:2
LH:0
BRF:0
BRH:0
end_of_record
TN:
SF:src\pages\Privacy\Components\TopicVII\index.tsx
FNF:0
FNH:0
LF:0
LH:0
BRF:0
BRH:0
end_of_record
TN:
SF:src\pages\Privacy\Components\TopicVIII\TopicVIII.tsx
FN:5,(anonymous_0)
FNF:1
FNH:0
FNDA:0,(anonymous_0)
DA:5,0
DA:6,0
LF:2
LH:0
BRF:0
BRH:0
end_of_record
TN:
SF:src\pages\Privacy\Components\TopicVIII\index.tsx
FNF:0
FNH:0
LF:0
LH:0
BRF:0
BRH:0
end_of_record
TN:
SF:src\pages\Registration\index.tsx
FN:32,(anonymous_0)
FN:44,(anonymous_1)
FN:45,(anonymous_2)
FN:48,(anonymous_3)
FN:49,(anonymous_4)
FN:52,(anonymous_5)
FN:53,(anonymous_6)
FN:57,(anonymous_7)
FN:73,(anonymous_8)
FN:94,(anonymous_9)
FN:99,(anonymous_10)
FN:104,(anonymous_11)
FN:108,(anonymous_12)
FNF:13
FNH:0
FNDA:0,(anonymous_0)
FNDA:0,(anonymous_1)
FNDA:0,(anonymous_2)
FNDA:0,(anonymous_3)
FNDA:0,(anonymous_4)
FNDA:0,(anonymous_5)
FNDA:0,(anonymous_6)
FNDA:0,(anonymous_7)
FNDA:0,(anonymous_8)
FNDA:0,(anonymous_9)
FNDA:0,(anonymous_10)
FNDA:0,(anonymous_11)
FNDA:0,(anonymous_12)
DA:30,0
DA:32,0
DA:33,0
DA:34,0
DA:35,0
DA:36,0
DA:37,0
DA:38,0
DA:40,0
DA:41,0
DA:42,0
DA:44,0
DA:45,0
DA:48,0
DA:49,0
DA:52,0
DA:53,0
DA:54,0
DA:57,0
DA:58,0
DA:59,0
DA:64,0
DA:66,0
DA:68,0
DA:69,0
DA:73,0
DA:74,0
DA:75,0
DA:77,0
DA:84,0
DA:86,0
DA:87,0
DA:88,0
DA:90,0
DA:94,0
DA:95,0
DA:96,0
DA:99,0
DA:100,0
DA:101,0
DA:104,0
DA:105,0
DA:108,0
DA:109,0
DA:110,0
DA:113,0
LF:46
LH:0
BRDA:45,0,0,0
BRDA:45,0,1,0
BRDA:49,1,0,0
BRDA:49,1,1,0
BRDA:60,2,0,0
BRDA:60,2,1,0
BRDA:95,3,0,0
BRDA:95,3,1,0
BRDA:100,4,0,0
BRDA:100,4,1,0
BRF:10
BRH:0
end_of_record
TN:
SF:src\pages\Registration\components\BankDataConfirmation\BankDataConfirmation.tsx
FN:17,(anonymous_0)
FN:27,(anonymous_1)
FN:54,(anonymous_2)
FN:80,(anonymous_3)
FNF:4
FNH:3
FNDA:6,(anonymous_0)
FNDA:2,(anonymous_1)
FNDA:1,(anonymous_2)
FNDA:0,(anonymous_3)
DA:17,1
DA:24,6
DA:25,6
DA:27,6
DA:28,2
DA:29,1
DA:30,1
DA:33,1
DA:36,6
DA:54,1
DA:80,0
LF:11
LH:10
BRDA:28,0,0,1
BRDA:28,0,1,1
BRDA:80,1,0,0
BRDA:80,1,1,0
BRDA:84,2,0,6
BRDA:84,2,1,0
BRF:6
BRH:3
end_of_record
TN:
SF:src\pages\Registration\components\BankDataForm\BankDataForm.tsx
FN:21,(anonymous_0)
FN:48,(anonymous_1)
FN:54,(anonymous_2)
FN:67,(anonymous_3)
FN:68,(anonymous_4)
FN:70,(anonymous_5)
FN:78,(anonymous_6)
FN:83,(anonymous_7)
FNF:8
FNH:4
FNDA:9,(anonymous_0)
FNDA:0,(anonymous_1)
FNDA:0,(anonymous_2)
FNDA:3,(anonymous_3)
FNDA:0,(anonymous_4)
FNDA:0,(anonymous_5)
FNDA:3,(anonymous_6)
FNDA:6,(anonymous_7)
DA:21,1
DA:27,9
DA:28,9
DA:29,9
DA:30,9
DA:31,9
DA:48,9
DA:49,0
DA:51,0
DA:54,9
DA:55,0
DA:57,0
DA:67,9
DA:68,3
DA:69,0
DA:70,0
DA:78,9
DA:79,3
DA:83,9
DA:84,6
DA:90,9
LF:21
LH:15
BRDA:59,0,0,0
BRDA:59,0,1,0
BRDA:68,1,0,0
BRDA:130,2,0,0
BRDA:130,2,1,9
BRDA:138,3,0,9
BRDA:138,3,1,0
BRDA:138,3,2,0
BRDA:158,4,0,9
BRDA:158,4,1,0
BRDA:158,4,2,0
BRDA:256,5,0,9
BRDA:256,5,1,0
BRF:13
BRH:4
end_of_record
TN:
SF:src\pages\Registration\components\BirthDateForm\BirthDateForm.tsx
FN:12,(anonymous_0)
FNF:1
FNH:1
FNDA:2,(anonymous_0)
DA:12,1
DA:13,2
LF:2
LH:2
BRF:0
BRH:0
end_of_record
TN:
SF:src\pages\Registration\components\CPFForm\CPFForm.tsx
FN:12,(anonymous_0)
FNF:1
FNH:1
FNDA:6,(anonymous_0)
DA:12,1
DA:13,6
LF:2
LH:2
BRF:0
BRH:0
end_of_record
TN:
SF:src\pages\Registration\components\CompleteNameForm\CompleteNameForm.tsx
FN:12,(anonymous_0)
FNF:1
FNH:1
FNDA:4,(anonymous_0)
DA:12,1
DA:13,4
LF:2
LH:2
BRF:0
BRH:0
end_of_record
TN:
SF:src\pages\Registration\components\ContinueButton\ContinueButton.tsx
FN:8,(anonymous_0)
FN:13,(anonymous_1)
FNF:2
FNH:2
FNDA:247,(anonymous_0)
FNDA:68,(anonymous_1)
DA:8,6
DA:12,247
DA:13,247
DA:15,247
LF:4
LH:4
BRDA:13,0,0,68
BRDA:13,0,1,37
BRF:2
BRH:2
end_of_record
TN:
SF:src\pages\Registration\components\EmailForm\EmailForm.tsx
FN:12,(anonymous_0)
FNF:1
FNH:1
FNDA:7,(anonymous_0)
DA:12,1
DA:13,7
LF:2
LH:2
BRF:0
BRH:0
end_of_record
TN:
SF:src\pages\Registration\components\PasswordForm\PasswordForm.tsx
FN:12,(anonymous_0)
FNF:1
FNH:1
FNDA:7,(anonymous_0)
DA:12,1
DA:13,7
LF:2
LH:2
BRF:0
BRH:0
end_of_record
TN:
SF:src\pages\Registration\components\PhoneNumberForm\PhoneNumberForm.tsx
FN:12,(anonymous_0)
FNF:1
FNH:1
FNDA:5,(anonymous_0)
DA:12,1
DA:13,5
LF:2
LH:2
BRF:0
BRH:0
end_of_record
TN:
SF:src\pages\Registration\components\StepSmallTitle\StepSmallTitle.tsx
FN:5,(anonymous_0)
FNF:1
FNH:1
FNDA:25,(anonymous_0)
DA:5,5
DA:6,25
LF:2
LH:2
BRF:0
BRH:0
end_of_record
TN:
SF:src\pages\Registration\components\StepTile\StepTitle.tsx
FN:5,(anonymous_0)
FNF:1
FNH:1
FNDA:6,(anonymous_0)
DA:5,1
DA:6,6
LF:2
LH:2
BRF:0
BRH:0
end_of_record
TN:
SF:src\pages\Registration\components\StepTile\index.tsx
FNF:0
FNH:0
LF:0
LH:0
BRF:0
BRH:0
end_of_record
TN:
SF:src\pages\ResetPassword\index.tsx
FN:31,(anonymous_0)
FN:43,(anonymous_1)
FN:63,(anonymous_2)
FNF:3
FNH:2
FNDA:16,(anonymous_0)
FNDA:3,(anonymous_1)
FNDA:0,(anonymous_2)
DA:31,1
DA:32,16
DA:34,16
DA:35,16
DA:37,16
DA:38,16
DA:39,16
DA:40,16
DA:41,16
DA:43,16
DA:44,3
DA:45,1
DA:46,1
DA:49,2
DA:50,2
DA:52,2
DA:53,1
DA:55,1
DA:56,1
DA:57,1
DA:59,2
DA:63,16
DA:64,0
DA:65,0
DA:68,16
LF:25
LH:23
BRDA:44,0,0,1
BRDA:44,0,1,2
BRDA:56,1,0,1
BRDA:56,1,1,1
BRDA:113,2,0,5
BRDA:113,2,1,11
BRF:6
BRH:6
end_of_record
TN:
SF:src\pages\SimulateLoan\index.tsx
FN:39,(anonymous_0)
FN:53,(anonymous_1)
FN:59,(anonymous_2)
FN:64,(anonymous_3)
FN:75,(anonymous_4)
FN:80,(anonymous_5)
FN:89,(anonymous_6)
FN:126,(anonymous_7)
FN:130,(anonymous_8)
FN:133,(anonymous_9)
FN:136,(anonymous_10)
FN:139,(anonymous_11)
FN:143,(anonymous_12)
FN:147,(anonymous_13)
FN:172,(anonymous_14)
FN:173,(anonymous_15)
FN:177,(anonymous_16)
FN:184,(anonymous_17)
FN:192,(anonymous_18)
FN:194,(anonymous_19)
FN:206,(anonymous_20)
FNF:21
FNH:0
FNDA:0,(anonymous_0)
FNDA:0,(anonymous_1)
FNDA:0,(anonymous_2)
FNDA:0,(anonymous_3)
FNDA:0,(anonymous_4)
FNDA:0,(anonymous_5)
FNDA:0,(anonymous_6)
FNDA:0,(anonymous_7)
FNDA:0,(anonymous_8)
FNDA:0,(anonymous_9)
FNDA:0,(anonymous_10)
FNDA:0,(anonymous_11)
FNDA:0,(anonymous_12)
FNDA:0,(anonymous_13)
FNDA:0,(anonymous_14)
FNDA:0,(anonymous_15)
FNDA:0,(anonymous_16)
FNDA:0,(anonymous_17)
FNDA:0,(anonymous_18)
FNDA:0,(anonymous_19)
FNDA:0,(anonymous_20)
DA:38,0
DA:40,0
DA:41,0
DA:42,0
DA:43,0
DA:44,0
DA:45,0
DA:46,0
DA:47,0
DA:48,0
DA:49,0
DA:50,0
DA:51,0
DA:53,0
DA:54,0
DA:55,0
DA:59,0
DA:60,0
DA:61,0
DA:64,0
DA:72,0
DA:75,0
DA:76,0
DA:77,0
DA:78,0
DA:80,0
DA:81,0
DA:86,0
DA:88,0
DA:89,0
DA:126,0
DA:127,0
DA:130,0
DA:131,0
DA:132,0
DA:133,0
DA:135,0
DA:136,0
DA:138,0
DA:139,0
DA:143,0
DA:144,0
DA:147,0
DA:148,0
DA:150,0
DA:151,0
DA:153,0
DA:159,0
DA:161,0
DA:162,0
DA:164,0
DA:165,0
DA:168,0
DA:172,0
DA:173,0
DA:174,0
DA:177,0
DA:178,0
DA:179,0
DA:181,0
DA:184,0
DA:185,0
DA:186,0
DA:189,0
DA:192,0
DA:193,0
DA:194,0
DA:195,0
DA:203,0
DA:206,0
DA:207,0
DA:208,0
DA:211,0
DA:214,0
LF:74
LH:0
BRDA:54,0,0,0
BRDA:54,0,1,0
BRDA:60,1,0,0
BRDA:60,1,1,0
BRDA:76,2,0,0
BRDA:76,2,1,0
BRDA:76,3,0,0
BRDA:76,3,1,0
BRDA:131,4,0,0
BRDA:131,4,1,0
BRDA:148,5,0,0
BRDA:148,5,1,0
BRDA:162,6,0,0
BRDA:162,6,1,0
BRDA:164,7,0,0
BRDA:164,7,1,0
BRDA:164,8,0,0
BRDA:164,8,1,0
BRDA:178,9,0,0
BRDA:178,9,1,0
BRDA:185,10,0,0
BRDA:185,10,1,0
BRDA:193,11,0,0
BRDA:193,11,1,0
BRDA:207,12,0,0
BRDA:207,12,1,0
BRDA:207,13,0,0
BRDA:207,13,1,0
BRDA:223,14,0,0
BRDA:223,14,1,0
BRDA:223,15,0,0
BRDA:223,15,1,0
BRDA:293,16,0,0
BRDA:293,16,1,0
BRF:34
BRH:0
end_of_record
TN:
SF:src\pages\SimulateLoan\components\CardSimulateLoan\CardSimulateLoan.tsx
FN:11,(anonymous_0)
FN:22,(anonymous_1)
FN:30,(anonymous_2)
FNF:3
FNH:0
FNDA:0,(anonymous_0)
FNDA:0,(anonymous_1)
FNDA:0,(anonymous_2)
DA:11,0
DA:17,0
DA:19,0
DA:21,0
DA:23,0
DA:24,0
DA:30,0
DA:31,0
DA:39,0
DA:40,0
DA:45,0
LF:11
LH:0
BRF:0
BRH:0
end_of_record
TN:
SF:src\pages\SimulateLoan\components\CardSimulateLoan\index.tsx
FNF:0
FNH:0
LF:0
LH:0
BRF:0
BRH:0
end_of_record
TN:
SF:src\pages\SimulateLoan\components\InstallmentCard\InstallmentCard.tsx
FN:7,(anonymous_0)
FN:27,(anonymous_1)
FNF:2
FNH:0
FNDA:0,(anonymous_0)
FNDA:0,(anonymous_1)
DA:7,0
DA:11,0
DA:27,0
LF:3
LH:0
BRF:0
BRH:0
end_of_record
TN:
SF:src\pages\SimulateLoan\components\LoanDetails\LoanDetails.tsx
FN:5,(anonymous_0)
FNF:1
FNH:0
FNDA:0,(anonymous_0)
DA:5,0
DA:6,0
LF:2
LH:0
BRF:0
BRH:0
end_of_record
TN:
SF:src\pages\SimulateLoan\components\LoanDetails\index.tsx
FNF:0
FNH:0
LF:0
LH:0
BRF:0
BRH:0
end_of_record
TN:
SF:src\utils\document.ts
FN:3,(anonymous_0)
FNF:1
FNH:1
FNDA:11,(anonymous_0)
DA:4,11
LF:1
LH:1
BRF:0
BRH:0
end_of_record
TN:
SF:src\utils\formatDate.ts
FN:1,formatDate
FNF:1
FNH:1
FNDA:2,formatDate
DA:2,2
DA:4,1
LF:2
LH:2
BRDA:2,0,0,1
BRDA:2,0,1,1
BRF:2
BRH:2
end_of_record
TN:
SF:src\utils\formatValue.ts
FN:1,formatValue
FNF:1
FNH:1
FNDA:3,formatValue
DA:2,3
DA:7,3
LF:2
LH:2
BRDA:1,0,0,1
BRF:1
BRH:1
end_of_record
TN:
SF:src\utils\generateRandom.ts
FN:1,generateRandom
FNF:1
FNH:0
FNDA:0,generateRandom
DA:2,0
DA:4,0
DA:6,0
LF:3
LH:0
BRF:0
BRH:0
end_of_record
TN:
SF:src\utils\getVersion.ts
FNF:0
FNH:0
LF:0
LH:0
BRF:0
BRH:0
end_of_record
TN:
SF:src\utils\routing.ts
FNF:0
FNH:0
DA:2,3
DA:4,3
DA:6,3
DA:8,3
DA:10,3
DA:12,3
DA:14,3
DA:16,3
DA:18,3
DA:20,3
DA:22,3
DA:24,3
DA:26,3
LF:13
LH:13
BRF:0
BRH:0
end_of_record
TN:
SF:src\utils\storage.ts
FN:21,(anonymous_0)
FN:22,(anonymous_1)
FNF:2
FNH:0
FNDA:0,(anonymous_0)
FNDA:0,(anonymous_1)
DA:1,2
DA:3,2
DA:5,2
DA:7,2
DA:9,2
DA:11,2
DA:13,2
DA:21,2
DA:22,0
DA:23,0
LF:10
LH:8
BRF:0
BRH:0
end_of_record
